<?xml version="1.0" encoding="utf-8"?>
<gpx version="1.1" creator="GPSD 3.4~dev - http://catb.org/gpsd"
        xmlns:xsi="http://www.w3.org/2001/XMLSchema-instance"
        xmlns="http://www.topografix.com/GPX/1/1"
        xsi:schemaLocation="http://www.topografix.com/GPX/1/1
        http://www.topografix.com/GPX/1/1/gpx.xsd">
 <metadata>
  <time>2011-12-20T20:36:05.000Z</time>
 </metadata>
 <trk>
  <src>GPSD 3.4~dev</src>
  <trkseg>
   <trkpt lat="-34.919167" lon="-56.167385">
    <ele>22.500000</ele>
    <time>2011-12-20T20:36:05.844Z</time>
    <src>GPSD tag="RMC"</src>
    <fix>3d</fix>
   </trkpt>
   <trkpt lat="-34.919165" lon="-56.167385">
    <ele>22.700000</ele>
    <time>2011-12-20T20:36:06.844Z</time>
    <src>GPSD tag="RMC"</src>
    <fix>3d</fix>
   </trkpt>
   <trkpt lat="-34.919163" lon="-56.167383">
    <ele>22.900000</ele>
    <time>2011-12-20T20:36:07.844Z</time>
    <src>GPSD tag="RMC"</src>
    <fix>3d</fix>
    <sat>11</sat>
    <hdop>0.8</hdop>
    <vdop>1.1</vdop>
    <pdop>1.3</pdop>
   </trkpt>
   <trkpt lat="-34.919163" lon="-56.167382">
    <ele>23.100000</ele>
    <time>2011-12-20T20:36:08.844Z</time>
    <src>GPSD tag="RMC"</src>
    <fix>3d</fix>
    <sat>11</sat>
    <hdop>0.8</hdop>
    <vdop>1.1</vdop>
    <pdop>1.3</pdop>
   </trkpt>
   <trkpt lat="-34.919163" lon="-56.167380">
    <ele>23.300000</ele>
    <time>2011-12-20T20:36:09.844Z</time>
    <src>GPSD tag="RMC"</src>
    <fix>3d</fix>
    <sat>11</sat>
    <hdop>0.8</hdop>
    <vdop>1.1</vdop>
    <pdop>1.3</pdop>
   </trkpt>
   <trkpt lat="-34.919165" lon="-56.167377">
    <ele>23.500000</ele>
    <time>2011-12-20T20:36:10.844Z</time>
    <src>GPSD tag="RMC"</src>
    <fix>3d</fix>
    <sat>11</sat>
    <hdop>0.8</hdop>
    <vdop>1.1</vdop>
    <pdop>1.3</pdop>
   </trkpt>
   <trkpt lat="-34.919167" lon="-56.167373">
    <ele>23.800000</ele>
    <time>2011-12-20T20:36:11.844Z</time>
    <src>GPSD tag="RMC"</src>
    <fix>3d</fix>
    <sat>11</sat>
    <hdop>0.8</hdop>
    <vdop>1.1</vdop>
    <pdop>1.3</pdop>
   </trkpt>
   <trkpt lat="-34.919168" lon="-56.167370">
    <ele>24.000000</ele>
    <time>2011-12-20T20:36:12.844Z</time>
    <src>GPSD tag="RMC"</src>
    <fix>3d</fix>
    <sat>11</sat>
    <hdop>0.8</hdop>
    <vdop>1.1</vdop>
    <pdop>1.3</pdop>
   </trkpt>
   <trkpt lat="-34.919170" lon="-56.167367">
    <ele>24.200000</ele>
    <time>2011-12-20T20:36:13.844Z</time>
    <src>GPSD tag="RMC"</src>
    <fix>3d</fix>
    <sat>11</sat>
    <hdop>0.8</hdop>
    <vdop>1.1</vdop>
    <pdop>1.3</pdop>
   </trkpt>
   <trkpt lat="-34.919172" lon="-56.167363">
    <ele>24.400000</ele>
    <time>2011-12-20T20:36:14.844Z</time>
    <src>GPSD tag="RMC"</src>
    <fix>3d</fix>
    <sat>11</sat>
    <hdop>0.8</hdop>
    <vdop>1.1</vdop>
    <pdop>1.3</pdop>
   </trkpt>
   <trkpt lat="-34.919173" lon="-56.167360">
    <ele>24.800000</ele>
    <time>2011-12-20T20:36:15.844Z</time>
    <src>GPSD tag="RMC"</src>
    <fix>3d</fix>
    <sat>11</sat>
    <hdop>0.8</hdop>
    <vdop>1.1</vdop>
    <pdop>1.3</pdop>
   </trkpt>
   <trkpt lat="-34.919177" lon="-56.167355">
    <ele>25.200000</ele>
    <time>2011-12-20T20:36:16.844Z</time>
    <src>GPSD tag="RMC"</src>
    <fix>3d</fix>
    <sat>11</sat>
    <hdop>0.8</hdop>
    <vdop>1.1</vdop>
    <pdop>1.3</pdop>
   </trkpt>
   <trkpt lat="-34.919178" lon="-56.167353">
    <ele>25.400000</ele>
    <time>2011-12-20T20:36:17.844Z</time>
    <src>GPSD tag="RMC"</src>
    <fix>3d</fix>
    <sat>11</sat>
    <hdop>0.8</hdop>
    <vdop>1.1</vdop>
    <pdop>1.3</pdop>
   </trkpt>
   <trkpt lat="-34.919178" lon="-56.167348">
    <ele>25.700000</ele>
    <time>2011-12-20T20:36:18.844Z</time>
    <src>GPSD tag="RMC"</src>
    <fix>3d</fix>
    <sat>11</sat>
    <hdop>0.8</hdop>
    <vdop>1.1</vdop>
    <pdop>1.3</pdop>
   </trkpt>
   <trkpt lat="-34.919178" lon="-56.167345">
    <ele>25.800000</ele>
    <time>2011-12-20T20:36:19.844Z</time>
    <src>GPSD tag="RMC"</src>
    <fix>3d</fix>
    <sat>11</sat>
    <hdop>0.8</hdop>
    <vdop>1.1</vdop>
    <pdop>1.3</pdop>
   </trkpt>
   <trkpt lat="-34.919180" lon="-56.167342">
    <ele>26.000000</ele>
    <time>2011-12-20T20:36:20.844Z</time>
    <src>GPSD tag="RMC"</src>
    <fix>3d</fix>
    <sat>11</sat>
    <hdop>0.8</hdop>
    <vdop>1.1</vdop>
    <pdop>1.3</pdop>
   </trkpt>
   <trkpt lat="-34.919182" lon="-56.167340">
    <ele>26.100000</ele>
    <time>2011-12-20T20:36:21.844Z</time>
    <src>GPSD tag="RMC"</src>
    <fix>3d</fix>
    <sat>11</sat>
    <hdop>0.8</hdop>
    <vdop>1.1</vdop>
    <pdop>1.3</pdop>
   </trkpt>
   <trkpt lat="-34.919182" lon="-56.167338">
    <ele>26.200000</ele>
    <time>2011-12-20T20:36:22.844Z</time>
    <src>GPSD tag="RMC"</src>
    <fix>3d</fix>
    <sat>11</sat>
    <hdop>0.8</hdop>
    <vdop>1.1</vdop>
    <pdop>1.3</pdop>
   </trkpt>
   <trkpt lat="-34.919182" lon="-56.167338">
    <ele>26.200000</ele>
    <time>2011-12-20T20:36:23.844Z</time>
    <src>GPSD tag="RMC"</src>
    <fix>3d</fix>
    <sat>11</sat>
    <hdop>0.8</hdop>
    <vdop>1.1</vdop>
    <pdop>1.3</pdop>
   </trkpt>
   <trkpt lat="-34.919183" lon="-56.167338">
    <ele>26.200000</ele>
    <time>2011-12-20T20:36:24.844Z</time>
    <src>GPSD tag="RMC"</src>
    <fix>3d</fix>
    <sat>11</sat>
    <hdop>0.8</hdop>
    <vdop>1.1</vdop>
    <pdop>1.3</pdop>
   </trkpt>
   <trkpt lat="-34.919183" lon="-56.167337">
    <ele>26.300000</ele>
    <time>2011-12-20T20:36:25.844Z</time>
    <src>GPSD tag="RMC"</src>
    <fix>3d</fix>
    <sat>11</sat>
    <hdop>0.8</hdop>
    <vdop>1.1</vdop>
    <pdop>1.3</pdop>
   </trkpt>
   <trkpt lat="-34.919185" lon="-56.167337">
    <ele>26.300000</ele>
    <time>2011-12-20T20:36:26.844Z</time>
    <src>GPSD tag="RMC"</src>
    <fix>3d</fix>
    <sat>11</sat>
    <hdop>0.8</hdop>
    <vdop>1.1</vdop>
    <pdop>1.3</pdop>
   </trkpt>
   <trkpt lat="-34.919185" lon="-56.167337">
    <ele>26.300000</ele>
    <time>2011-12-20T20:36:27.844Z</time>
    <src>GPSD tag="RMC"</src>
    <fix>3d</fix>
    <sat>11</sat>
    <hdop>0.8</hdop>
    <vdop>1.1</vdop>
    <pdop>1.3</pdop>
   </trkpt>
   <trkpt lat="-34.919185" lon="-56.167335">
    <ele>26.400000</ele>
    <time>2011-12-20T20:36:28.844Z</time>
    <src>GPSD tag="RMC"</src>
    <fix>3d</fix>
    <sat>11</sat>
    <hdop>0.8</hdop>
    <vdop>1.1</vdop>
    <pdop>1.3</pdop>
   </trkpt>
   <trkpt lat="-34.919185" lon="-56.167335">
    <ele>26.300000</ele>
    <time>2011-12-20T20:36:29.844Z</time>
    <src>GPSD tag="RMC"</src>
    <fix>3d</fix>
    <sat>11</sat>
    <hdop>0.8</hdop>
    <vdop>1.1</vdop>
    <pdop>1.3</pdop>
   </trkpt>
   <trkpt lat="-34.919185" lon="-56.167333">
    <ele>26.300000</ele>
    <time>2011-12-20T20:36:30.844Z</time>
    <src>GPSD tag="RMC"</src>
    <fix>3d</fix>
    <sat>11</sat>
    <hdop>0.8</hdop>
    <vdop>1.1</vdop>
    <pdop>1.3</pdop>
   </trkpt>
   <trkpt lat="-34.919183" lon="-56.167332">
    <ele>26.200000</ele>
    <time>2011-12-20T20:36:31.844Z</time>
    <src>GPSD tag="RMC"</src>
    <fix>3d</fix>
    <sat>11</sat>
    <hdop>0.8</hdop>
    <vdop>1.1</vdop>
    <pdop>1.3</pdop>
   </trkpt>
   <trkpt lat="-34.919182" lon="-56.167332">
    <ele>26.100000</ele>
    <time>2011-12-20T20:36:32.844Z</time>
    <src>GPSD tag="RMC"</src>
    <fix>3d</fix>
    <sat>11</sat>
    <hdop>0.8</hdop>
    <vdop>1.1</vdop>
    <pdop>1.3</pdop>
   </trkpt>
   <trkpt lat="-34.919182" lon="-56.167332">
    <ele>26.000000</ele>
    <time>2011-12-20T20:36:33.844Z</time>
    <src>GPSD tag="RMC"</src>
    <fix>3d</fix>
    <sat>11</sat>
    <hdop>0.8</hdop>
    <vdop>1.1</vdop>
    <pdop>1.3</pdop>
   </trkpt>
   <trkpt lat="-34.919180" lon="-56.167332">
    <ele>25.900000</ele>
    <time>2011-12-20T20:36:34.844Z</time>
    <src>GPSD tag="RMC"</src>
    <fix>3d</fix>
    <sat>11</sat>
    <hdop>0.8</hdop>
    <vdop>1.1</vdop>
    <pdop>1.3</pdop>
   </trkpt>
   <trkpt lat="-34.919178" lon="-56.167332">
    <ele>25.900000</ele>
    <time>2011-12-20T20:36:35.844Z</time>
    <src>GPSD tag="RMC"</src>
    <fix>3d</fix>
    <sat>11</sat>
    <hdop>0.8</hdop>
    <vdop>1.1</vdop>
    <pdop>1.3</pdop>
   </trkpt>
   <trkpt lat="-34.919178" lon="-56.167335">
    <ele>25.800000</ele>
    <time>2011-12-20T20:36:36.844Z</time>
    <src>GPSD tag="RMC"</src>
    <fix>3d</fix>
    <sat>11</sat>
    <hdop>0.8</hdop>
    <vdop>1.1</vdop>
    <pdop>1.3</pdop>
   </trkpt>
   <trkpt lat="-34.919177" lon="-56.167337">
    <ele>25.600000</ele>
    <time>2011-12-20T20:36:37.844Z</time>
    <src>GPSD tag="RMC"</src>
    <fix>3d</fix>
    <sat>11</sat>
    <hdop>0.8</hdop>
    <vdop>1.1</vdop>
    <pdop>1.3</pdop>
   </trkpt>
   <trkpt lat="-34.919175" lon="-56.167338">
    <ele>25.400000</ele>
    <time>2011-12-20T20:36:38.844Z</time>
    <src>GPSD tag="RMC"</src>
    <fix>3d</fix>
    <sat>11</sat>
    <hdop>0.8</hdop>
    <vdop>1.1</vdop>
    <pdop>1.3</pdop>
   </trkpt>
   <trkpt lat="-34.919173" lon="-56.167342">
    <ele>25.300000</ele>
    <time>2011-12-20T20:36:39.844Z</time>
    <src>GPSD tag="RMC"</src>
    <fix>3d</fix>
    <sat>11</sat>
    <hdop>0.8</hdop>
    <vdop>1.1</vdop>
    <pdop>1.3</pdop>
   </trkpt>
   <trkpt lat="-34.919173" lon="-56.167347">
    <ele>25.100000</ele>
    <time>2011-12-20T20:36:40.844Z</time>
    <src>GPSD tag="RMC"</src>
    <fix>3d</fix>
    <sat>11</sat>
    <hdop>0.8</hdop>
    <vdop>1.1</vdop>
    <pdop>1.3</pdop>
   </trkpt>
   <trkpt lat="-34.919172" lon="-56.167352">
    <ele>24.800000</ele>
    <time>2011-12-20T20:36:41.844Z</time>
    <src>GPSD tag="RMC"</src>
    <fix>3d</fix>
    <sat>11</sat>
    <hdop>0.8</hdop>
    <vdop>1.1</vdop>
    <pdop>1.3</pdop>
   </trkpt>
   <trkpt lat="-34.919170" lon="-56.167355">
    <ele>25.000000</ele>
    <time>2011-12-20T20:36:42.844Z</time>
    <src>GPSD tag="RMC"</src>
    <fix>3d</fix>
    <sat>11</sat>
    <hdop>0.8</hdop>
    <vdop>1.1</vdop>
    <pdop>1.3</pdop>
   </trkpt>
   <trkpt lat="-34.919172" lon="-56.167355">
    <ele>25.100000</ele>
    <time>2011-12-20T20:36:43.844Z</time>
    <src>GPSD tag="RMC"</src>
    <fix>3d</fix>
    <sat>11</sat>
    <hdop>0.8</hdop>
    <vdop>1.1</vdop>
    <pdop>1.3</pdop>
   </trkpt>
   <trkpt lat="-34.919170" lon="-56.167353">
    <ele>25.000000</ele>
    <time>2011-12-20T20:36:44.844Z</time>
    <src>GPSD tag="RMC"</src>
    <fix>3d</fix>
    <sat>11</sat>
    <hdop>0.8</hdop>
    <vdop>1.1</vdop>
    <pdop>1.3</pdop>
   </trkpt>
   <trkpt lat="-34.919170" lon="-56.167353">
    <ele>24.900000</ele>
    <time>2011-12-20T20:36:45.844Z</time>
    <src>GPSD tag="RMC"</src>
    <fix>3d</fix>
    <sat>11</sat>
    <hdop>0.8</hdop>
    <vdop>1.1</vdop>
    <pdop>1.3</pdop>
   </trkpt>
   <trkpt lat="-34.919168" lon="-56.167357">
    <ele>24.700000</ele>
    <time>2011-12-20T20:36:46.844Z</time>
    <src>GPSD tag="RMC"</src>
    <fix>3d</fix>
    <sat>11</sat>
    <hdop>0.8</hdop>
    <vdop>1.1</vdop>
    <pdop>1.3</pdop>
   </trkpt>
   <trkpt lat="-34.919167" lon="-56.167357">
    <ele>24.500000</ele>
    <time>2011-12-20T20:36:47.844Z</time>
    <src>GPSD tag="RMC"</src>
    <fix>3d</fix>
    <sat>11</sat>
    <hdop>0.8</hdop>
    <vdop>1.1</vdop>
    <pdop>1.3</pdop>
   </trkpt>
   <trkpt lat="-34.919167" lon="-56.167355">
    <ele>24.500000</ele>
    <time>2011-12-20T20:36:48.844Z</time>
    <src>GPSD tag="RMC"</src>
    <fix>3d</fix>
    <sat>11</sat>
    <hdop>0.8</hdop>
    <vdop>1.1</vdop>
    <pdop>1.3</pdop>
   </trkpt>
   <trkpt lat="-34.919167" lon="-56.167357">
    <ele>24.500000</ele>
    <time>2011-12-20T20:36:49.844Z</time>
    <src>GPSD tag="RMC"</src>
    <fix>3d</fix>
    <sat>11</sat>
    <hdop>0.8</hdop>
    <vdop>1.1</vdop>
    <pdop>1.3</pdop>
   </trkpt>
   <trkpt lat="-34.919165" lon="-56.167358">
    <ele>24.400000</ele>
    <time>2011-12-20T20:36:50.844Z</time>
    <src>GPSD tag="RMC"</src>
    <fix>3d</fix>
    <sat>11</sat>
    <hdop>0.8</hdop>
    <vdop>1.1</vdop>
    <pdop>1.3</pdop>
   </trkpt>
   <trkpt lat="-34.919165" lon="-56.167358">
    <ele>24.400000</ele>
    <time>2011-12-20T20:36:51.844Z</time>
    <src>GPSD tag="RMC"</src>
    <fix>3d</fix>
    <sat>11</sat>
    <hdop>0.8</hdop>
    <vdop>1.1</vdop>
    <pdop>1.3</pdop>
   </trkpt>
   <trkpt lat="-34.919165" lon="-56.167358">
    <ele>24.600000</ele>
    <time>2011-12-20T20:36:52.844Z</time>
    <src>GPSD tag="RMC"</src>
    <fix>3d</fix>
    <sat>11</sat>
    <hdop>0.8</hdop>
    <vdop>1.1</vdop>
    <pdop>1.3</pdop>
   </trkpt>
   <trkpt lat="-34.919165" lon="-56.167358">
    <ele>24.700000</ele>
    <time>2011-12-20T20:36:53.844Z</time>
    <src>GPSD tag="RMC"</src>
    <fix>3d</fix>
    <sat>11</sat>
    <hdop>0.8</hdop>
    <vdop>1.1</vdop>
    <pdop>1.3</pdop>
   </trkpt>
   <trkpt lat="-34.919167" lon="-56.167358">
    <ele>24.800000</ele>
    <time>2011-12-20T20:36:54.844Z</time>
    <src>GPSD tag="RMC"</src>
    <fix>3d</fix>
    <sat>11</sat>
    <hdop>0.8</hdop>
    <vdop>1.1</vdop>
    <pdop>1.3</pdop>
   </trkpt>
   <trkpt lat="-34.919165" lon="-56.167362">
    <ele>24.800000</ele>
    <time>2011-12-20T20:36:55.844Z</time>
    <src>GPSD tag="RMC"</src>
    <fix>3d</fix>
    <sat>11</sat>
    <hdop>0.8</hdop>
    <vdop>1.1</vdop>
    <pdop>1.3</pdop>
   </trkpt>
   <trkpt lat="-34.919162" lon="-56.167365">
    <ele>24.900000</ele>
    <time>2011-12-20T20:36:56.844Z</time>
    <src>GPSD tag="RMC"</src>
    <fix>3d</fix>
    <sat>11</sat>
    <hdop>0.8</hdop>
    <vdop>1.1</vdop>
    <pdop>1.3</pdop>
   </trkpt>
   <trkpt lat="-34.919160" lon="-56.167370">
    <ele>24.700000</ele>
    <time>2011-12-20T20:36:57.844Z</time>
    <src>GPSD tag="RMC"</src>
    <fix>3d</fix>
    <sat>11</sat>
    <hdop>0.8</hdop>
    <vdop>1.1</vdop>
    <pdop>1.3</pdop>
   </trkpt>
   <trkpt lat="-34.919160" lon="-56.167373">
    <ele>24.800000</ele>
    <time>2011-12-20T20:36:58.844Z</time>
    <src>GPSD tag="RMC"</src>
    <fix>3d</fix>
    <sat>11</sat>
    <hdop>0.8</hdop>
    <vdop>1.1</vdop>
    <pdop>1.3</pdop>
   </trkpt>
   <trkpt lat="-34.919160" lon="-56.167377">
    <ele>24.900000</ele>
    <time>2011-12-20T20:36:59.844Z</time>
    <src>GPSD tag="RMC"</src>
    <fix>3d</fix>
    <sat>11</sat>
    <hdop>0.8</hdop>
    <vdop>1.1</vdop>
    <pdop>1.3</pdop>
   </trkpt>
   <trkpt lat="-34.919158" lon="-56.167375">
    <ele>24.900000</ele>
    <time>2011-12-20T20:37:00.844Z</time>
    <src>GPSD tag="RMC"</src>
    <fix>3d</fix>
    <sat>11</sat>
    <hdop>0.8</hdop>
    <vdop>1.1</vdop>
    <pdop>1.3</pdop>
   </trkpt>
   <trkpt lat="-34.919157" lon="-56.167375">
    <ele>24.800000</ele>
    <time>2011-12-20T20:37:01.844Z</time>
    <src>GPSD tag="RMC"</src>
    <fix>3d</fix>
    <sat>11</sat>
    <hdop>0.8</hdop>
    <vdop>1.1</vdop>
    <pdop>1.3</pdop>
   </trkpt>
   <trkpt lat="-34.919155" lon="-56.167375">
    <ele>24.600000</ele>
    <time>2011-12-20T20:37:02.844Z</time>
    <src>GPSD tag="RMC"</src>
    <fix>3d</fix>
    <sat>11</sat>
    <hdop>0.8</hdop>
    <vdop>1.1</vdop>
    <pdop>1.3</pdop>
   </trkpt>
   <trkpt lat="-34.919153" lon="-56.167377">
    <ele>24.600000</ele>
    <time>2011-12-20T20:37:03.844Z</time>
    <src>GPSD tag="RMC"</src>
    <fix>3d</fix>
    <sat>11</sat>
    <hdop>0.8</hdop>
    <vdop>1.1</vdop>
    <pdop>1.3</pdop>
   </trkpt>
   <trkpt lat="-34.919152" lon="-56.167377">
    <ele>24.500000</ele>
    <time>2011-12-20T20:37:04.844Z</time>
    <src>GPSD tag="RMC"</src>
    <fix>3d</fix>
    <sat>11</sat>
    <hdop>0.8</hdop>
    <vdop>1.1</vdop>
    <pdop>1.3</pdop>
   </trkpt>
   <trkpt lat="-34.919150" lon="-56.167378">
    <ele>24.300000</ele>
    <time>2011-12-20T20:37:05.844Z</time>
    <src>GPSD tag="RMC"</src>
    <fix>3d</fix>
    <sat>11</sat>
    <hdop>0.8</hdop>
    <vdop>1.1</vdop>
    <pdop>1.3</pdop>
   </trkpt>
   <trkpt lat="-34.919150" lon="-56.167380">
    <ele>24.100000</ele>
    <time>2011-12-20T20:37:06.844Z</time>
    <src>GPSD tag="RMC"</src>
    <fix>3d</fix>
    <sat>11</sat>
    <hdop>0.8</hdop>
    <vdop>1.1</vdop>
    <pdop>1.3</pdop>
   </trkpt>
   <trkpt lat="-34.919148" lon="-56.167382">
    <ele>23.900000</ele>
    <time>2011-12-20T20:37:07.844Z</time>
    <src>GPSD tag="RMC"</src>
    <fix>3d</fix>
    <sat>10</sat>
    <hdop>1.0</hdop>
    <vdop>1.4</vdop>
    <pdop>1.7</pdop>
   </trkpt>
   <trkpt lat="-34.919148" lon="-56.167383">
    <ele>23.600000</ele>
    <time>2011-12-20T20:37:08.844Z</time>
    <src>GPSD tag="RMC"</src>
    <fix>3d</fix>
    <sat>10</sat>
    <hdop>1.0</hdop>
    <vdop>1.4</vdop>
    <pdop>1.7</pdop>
   </trkpt>
   <trkpt lat="-34.919147" lon="-56.167385">
    <ele>23.500000</ele>
    <time>2011-12-20T20:37:09.844Z</time>
    <src>GPSD tag="RMC"</src>
    <fix>3d</fix>
    <sat>10</sat>
    <hdop>1.0</hdop>
    <vdop>1.4</vdop>
    <pdop>1.7</pdop>
   </trkpt>
   <trkpt lat="-34.919148" lon="-56.167387">
    <ele>23.400000</ele>
    <time>2011-12-20T20:37:10.844Z</time>
    <src>GPSD tag="RMC"</src>
    <fix>3d</fix>
    <sat>10</sat>
    <hdop>1.0</hdop>
    <vdop>1.4</vdop>
    <pdop>1.7</pdop>
   </trkpt>
   <trkpt lat="-34.919148" lon="-56.167388">
    <ele>23.400000</ele>
    <time>2011-12-20T20:37:11.844Z</time>
    <src>GPSD tag="RMC"</src>
    <fix>3d</fix>
    <sat>10</sat>
    <hdop>1.0</hdop>
    <vdop>1.4</vdop>
    <pdop>1.7</pdop>
   </trkpt>
   <trkpt lat="-34.919148" lon="-56.167388">
    <ele>23.300000</ele>
    <time>2011-12-20T20:37:12.844Z</time>
    <src>GPSD tag="RMC"</src>
    <fix>3d</fix>
    <sat>10</sat>
    <hdop>1.0</hdop>
    <vdop>1.4</vdop>
    <pdop>1.7</pdop>
   </trkpt>
   <trkpt lat="-34.919148" lon="-56.167390">
    <ele>23.200000</ele>
    <time>2011-12-20T20:37:13.844Z</time>
    <src>GPSD tag="RMC"</src>
    <fix>3d</fix>
    <sat>10</sat>
    <hdop>1.0</hdop>
    <vdop>1.4</vdop>
    <pdop>1.7</pdop>
   </trkpt>
   <trkpt lat="-34.919148" lon="-56.167390">
    <ele>23.200000</ele>
    <time>2011-12-20T20:37:14.844Z</time>
    <src>GPSD tag="RMC"</src>
    <fix>3d</fix>
    <sat>10</sat>
    <hdop>1.0</hdop>
    <vdop>1.4</vdop>
    <pdop>1.7</pdop>
   </trkpt>
   <trkpt lat="-34.919148" lon="-56.167390">
    <ele>23.200000</ele>
    <time>2011-12-20T20:37:15.844Z</time>
    <src>GPSD tag="RMC"</src>
    <fix>3d</fix>
    <sat>10</sat>
    <hdop>1.0</hdop>
    <vdop>1.4</vdop>
    <pdop>1.7</pdop>
   </trkpt>
   <trkpt lat="-34.919148" lon="-56.167390">
    <ele>23.300000</ele>
    <time>2011-12-20T20:37:16.844Z</time>
    <src>GPSD tag="RMC"</src>
    <fix>3d</fix>
    <sat>10</sat>
    <hdop>1.0</hdop>
    <vdop>1.4</vdop>
    <pdop>1.7</pdop>
   </trkpt>
   <trkpt lat="-34.919148" lon="-56.167392">
    <ele>23.300000</ele>
    <time>2011-12-20T20:37:17.844Z</time>
    <src>GPSD tag="RMC"</src>
    <fix>3d</fix>
    <sat>10</sat>
    <hdop>1.0</hdop>
    <vdop>1.4</vdop>
    <pdop>1.7</pdop>
   </trkpt>
   <trkpt lat="-34.919148" lon="-56.167392">
    <ele>23.500000</ele>
    <time>2011-12-20T20:37:18.844Z</time>
    <src>GPSD tag="RMC"</src>
    <fix>3d</fix>
    <sat>10</sat>
    <hdop>1.0</hdop>
    <vdop>1.4</vdop>
    <pdop>1.7</pdop>
   </trkpt>
   <trkpt lat="-34.919148" lon="-56.167390">
    <ele>23.700000</ele>
    <time>2011-12-20T20:37:19.844Z</time>
    <src>GPSD tag="RMC"</src>
    <fix>3d</fix>
    <sat>10</sat>
    <hdop>1.0</hdop>
    <vdop>1.4</vdop>
    <pdop>1.7</pdop>
   </trkpt>
   <trkpt lat="-34.919148" lon="-56.167390">
    <ele>23.700000</ele>
    <time>2011-12-20T20:37:20.844Z</time>
    <src>GPSD tag="RMC"</src>
    <fix>3d</fix>
    <sat>10</sat>
    <hdop>1.0</hdop>
    <vdop>1.4</vdop>
    <pdop>1.7</pdop>
   </trkpt>
   <trkpt lat="-34.919148" lon="-56.167390">
    <ele>23.700000</ele>
    <time>2011-12-20T20:37:21.844Z</time>
    <src>GPSD tag="RMC"</src>
    <fix>3d</fix>
    <sat>10</sat>
    <hdop>1.0</hdop>
    <vdop>1.4</vdop>
    <pdop>1.7</pdop>
   </trkpt>
   <trkpt lat="-34.919148" lon="-56.167390">
    <ele>23.700000</ele>
    <time>2011-12-20T20:37:22.844Z</time>
    <src>GPSD tag="RMC"</src>
    <fix>3d</fix>
    <sat>10</sat>
    <hdop>1.0</hdop>
    <vdop>1.4</vdop>
    <pdop>1.7</pdop>
   </trkpt>
   <trkpt lat="-34.919148" lon="-56.167390">
    <ele>23.600000</ele>
    <time>2011-12-20T20:37:23.844Z</time>
    <src>GPSD tag="RMC"</src>
    <fix>3d</fix>
    <sat>10</sat>
    <hdop>1.0</hdop>
    <vdop>1.4</vdop>
    <pdop>1.7</pdop>
   </trkpt>
   <trkpt lat="-34.919147" lon="-56.167390">
    <ele>23.700000</ele>
    <time>2011-12-20T20:37:24.844Z</time>
    <src>GPSD tag="RMC"</src>
    <fix>3d</fix>
    <sat>10</sat>
    <hdop>1.0</hdop>
    <vdop>1.4</vdop>
    <pdop>1.7</pdop>
   </trkpt>
   <trkpt lat="-34.919148" lon="-56.167388">
    <ele>23.700000</ele>
    <time>2011-12-20T20:37:25.844Z</time>
    <src>GPSD tag="RMC"</src>
    <fix>3d</fix>
    <sat>10</sat>
    <hdop>1.0</hdop>
    <vdop>1.4</vdop>
    <pdop>1.7</pdop>
   </trkpt>
   <trkpt lat="-34.919148" lon="-56.167388">
    <ele>23.700000</ele>
    <time>2011-12-20T20:37:26.844Z</time>
    <src>GPSD tag="RMC"</src>
    <fix>3d</fix>
    <sat>10</sat>
    <hdop>1.0</hdop>
    <vdop>1.4</vdop>
    <pdop>1.7</pdop>
   </trkpt>
   <trkpt lat="-34.919147" lon="-56.167390">
    <ele>23.700000</ele>
    <time>2011-12-20T20:37:27.844Z</time>
    <src>GPSD tag="RMC"</src>
    <fix>3d</fix>
    <sat>10</sat>
    <hdop>1.0</hdop>
    <vdop>1.4</vdop>
    <pdop>1.7</pdop>
   </trkpt>
   <trkpt lat="-34.919148" lon="-56.167388">
    <ele>23.800000</ele>
    <time>2011-12-20T20:37:28.844Z</time>
    <src>GPSD tag="RMC"</src>
    <fix>3d</fix>
    <sat>10</sat>
    <hdop>1.0</hdop>
    <vdop>1.4</vdop>
    <pdop>1.7</pdop>
   </trkpt>
   <trkpt lat="-34.919148" lon="-56.167388">
    <ele>23.900000</ele>
    <time>2011-12-20T20:37:29.844Z</time>
    <src>GPSD tag="RMC"</src>
    <fix>3d</fix>
    <sat>10</sat>
    <hdop>1.0</hdop>
    <vdop>1.4</vdop>
    <pdop>1.7</pdop>
   </trkpt>
   <trkpt lat="-34.919150" lon="-56.167387">
    <ele>24.200000</ele>
    <time>2011-12-20T20:37:30.844Z</time>
    <src>GPSD tag="RMC"</src>
    <fix>3d</fix>
    <sat>10</sat>
    <hdop>1.0</hdop>
    <vdop>1.4</vdop>
    <pdop>1.7</pdop>
   </trkpt>
   <trkpt lat="-34.919152" lon="-56.167385">
    <ele>24.400000</ele>
    <time>2011-12-20T20:37:31.844Z</time>
    <src>GPSD tag="RMC"</src>
    <fix>3d</fix>
    <sat>10</sat>
    <hdop>1.0</hdop>
    <vdop>1.4</vdop>
    <pdop>1.7</pdop>
   </trkpt>
   <trkpt lat="-34.919152" lon="-56.167383">
    <ele>24.500000</ele>
    <time>2011-12-20T20:37:32.844Z</time>
    <src>GPSD tag="RMC"</src>
    <fix>3d</fix>
    <sat>10</sat>
    <hdop>1.0</hdop>
    <vdop>1.4</vdop>
    <pdop>1.7</pdop>
   </trkpt>
   <trkpt lat="-34.919153" lon="-56.167382">
    <ele>24.700000</ele>
    <time>2011-12-20T20:37:33.844Z</time>
    <src>GPSD tag="RMC"</src>
    <fix>3d</fix>
    <sat>10</sat>
    <hdop>1.0</hdop>
    <vdop>1.4</vdop>
    <pdop>1.7</pdop>
   </trkpt>
   <trkpt lat="-34.919152" lon="-56.167382">
    <ele>24.800000</ele>
    <time>2011-12-20T20:37:34.844Z</time>
    <src>GPSD tag="RMC"</src>
    <fix>3d</fix>
    <sat>10</sat>
    <hdop>1.0</hdop>
    <vdop>1.4</vdop>
    <pdop>1.7</pdop>
   </trkpt>
   <trkpt lat="-34.919152" lon="-56.167383">
    <ele>24.900000</ele>
    <time>2011-12-20T20:37:35.844Z</time>
    <src>GPSD tag="RMC"</src>
    <fix>3d</fix>
    <sat>10</sat>
    <hdop>1.0</hdop>
    <vdop>1.4</vdop>
    <pdop>1.7</pdop>
   </trkpt>
   <trkpt lat="-34.919152" lon="-56.167383">
    <ele>25.000000</ele>
    <time>2011-12-20T20:37:36.844Z</time>
    <src>GPSD tag="RMC"</src>
    <fix>3d</fix>
    <sat>10</sat>
    <hdop>1.0</hdop>
    <vdop>1.4</vdop>
    <pdop>1.7</pdop>
   </trkpt>
   <trkpt lat="-34.919150" lon="-56.167383">
    <ele>25.100000</ele>
    <time>2011-12-20T20:37:37.844Z</time>
    <src>GPSD tag="RMC"</src>
    <fix>3d</fix>
    <sat>10</sat>
    <hdop>1.0</hdop>
    <vdop>1.4</vdop>
    <pdop>1.7</pdop>
   </trkpt>
   <trkpt lat="-34.919150" lon="-56.167383">
    <ele>25.200000</ele>
    <time>2011-12-20T20:37:38.844Z</time>
    <src>GPSD tag="RMC"</src>
    <fix>3d</fix>
    <sat>10</sat>
    <hdop>1.0</hdop>
    <vdop>1.4</vdop>
    <pdop>1.7</pdop>
   </trkpt>
   <trkpt lat="-34.919150" lon="-56.167383">
    <ele>25.200000</ele>
    <time>2011-12-20T20:37:39.844Z</time>
    <src>GPSD tag="RMC"</src>
    <fix>3d</fix>
    <sat>10</sat>
    <hdop>1.0</hdop>
    <vdop>1.4</vdop>
    <pdop>1.7</pdop>
   </trkpt>
   <trkpt lat="-34.919150" lon="-56.167385">
    <ele>25.300000</ele>
    <time>2011-12-20T20:37:40.844Z</time>
    <src>GPSD tag="RMC"</src>
    <fix>3d</fix>
    <sat>10</sat>
    <hdop>1.0</hdop>
    <vdop>1.4</vdop>
    <pdop>1.7</pdop>
   </trkpt>
   <trkpt lat="-34.919150" lon="-56.167385">
    <ele>25.300000</ele>
    <time>2011-12-20T20:37:41.844Z</time>
    <src>GPSD tag="RMC"</src>
    <fix>3d</fix>
    <sat>10</sat>
    <hdop>1.0</hdop>
    <vdop>1.4</vdop>
    <pdop>1.7</pdop>
   </trkpt>
   <trkpt lat="-34.919150" lon="-56.167385">
    <ele>25.300000</ele>
    <time>2011-12-20T20:37:42.844Z</time>
    <src>GPSD tag="RMC"</src>
    <fix>3d</fix>
    <sat>10</sat>
    <hdop>1.0</hdop>
    <vdop>1.4</vdop>
    <pdop>1.7</pdop>
   </trkpt>
   <trkpt lat="-34.919148" lon="-56.167385">
    <ele>25.400000</ele>
    <time>2011-12-20T20:37:43.844Z</time>
    <src>GPSD tag="RMC"</src>
    <fix>3d</fix>
    <sat>10</sat>
    <hdop>1.0</hdop>
    <vdop>1.4</vdop>
    <pdop>1.7</pdop>
   </trkpt>
   <trkpt lat="-34.919148" lon="-56.167387">
    <ele>25.400000</ele>
    <time>2011-12-20T20:37:44.844Z</time>
    <src>GPSD tag="RMC"</src>
    <fix>3d</fix>
    <sat>10</sat>
    <hdop>1.0</hdop>
    <vdop>1.4</vdop>
    <pdop>1.7</pdop>
   </trkpt>
   <trkpt lat="-34.919147" lon="-56.167385">
    <ele>25.400000</ele>
    <time>2011-12-20T20:37:45.844Z</time>
    <src>GPSD tag="RMC"</src>
    <fix>3d</fix>
    <sat>10</sat>
    <hdop>1.0</hdop>
    <vdop>1.4</vdop>
    <pdop>1.7</pdop>
   </trkpt>
   <trkpt lat="-34.919143" lon="-56.167385">
    <ele>25.400000</ele>
    <time>2011-12-20T20:37:46.844Z</time>
    <src>GPSD tag="RMC"</src>
    <fix>3d</fix>
    <sat>10</sat>
    <hdop>1.0</hdop>
    <vdop>1.4</vdop>
    <pdop>1.7</pdop>
   </trkpt>
   <trkpt lat="-34.919142" lon="-56.167387">
    <ele>25.300000</ele>
    <time>2011-12-20T20:37:47.844Z</time>
    <src>GPSD tag="RMC"</src>
    <fix>3d</fix>
    <sat>10</sat>
    <hdop>1.0</hdop>
    <vdop>1.4</vdop>
    <pdop>1.7</pdop>
   </trkpt>
   <trkpt lat="-34.919140" lon="-56.167388">
    <ele>25.200000</ele>
    <time>2011-12-20T20:37:48.844Z</time>
    <src>GPSD tag="RMC"</src>
    <fix>3d</fix>
    <sat>10</sat>
    <hdop>1.0</hdop>
    <vdop>1.4</vdop>
    <pdop>1.7</pdop>
   </trkpt>
   <trkpt lat="-34.919138" lon="-56.167390">
    <ele>25.000000</ele>
    <time>2011-12-20T20:37:49.844Z</time>
    <src>GPSD tag="RMC"</src>
    <fix>3d</fix>
    <sat>10</sat>
    <hdop>1.0</hdop>
    <vdop>1.4</vdop>
    <pdop>1.7</pdop>
   </trkpt>
   <trkpt lat="-34.919137" lon="-56.167392">
    <ele>24.900000</ele>
    <time>2011-12-20T20:37:50.844Z</time>
    <src>GPSD tag="RMC"</src>
    <fix>3d</fix>
    <sat>10</sat>
    <hdop>1.0</hdop>
    <vdop>1.4</vdop>
    <pdop>1.7</pdop>
   </trkpt>
   <trkpt lat="-34.919135" lon="-56.167395">
    <ele>24.700000</ele>
    <time>2011-12-20T20:37:51.844Z</time>
    <src>GPSD tag="RMC"</src>
    <fix>3d</fix>
    <sat>10</sat>
    <hdop>1.0</hdop>
    <vdop>1.4</vdop>
    <pdop>1.7</pdop>
   </trkpt>
   <trkpt lat="-34.919133" lon="-56.167398">
    <ele>24.500000</ele>
    <time>2011-12-20T20:37:52.844Z</time>
    <src>GPSD tag="RMC"</src>
    <fix>3d</fix>
    <sat>10</sat>
    <hdop>1.0</hdop>
    <vdop>1.4</vdop>
    <pdop>1.7</pdop>
   </trkpt>
   <trkpt lat="-34.919132" lon="-56.167400">
    <ele>24.400000</ele>
    <time>2011-12-20T20:37:53.844Z</time>
    <src>GPSD tag="RMC"</src>
    <fix>3d</fix>
    <sat>10</sat>
    <hdop>1.0</hdop>
    <vdop>1.4</vdop>
    <pdop>1.7</pdop>
   </trkpt>
   <trkpt lat="-34.919132" lon="-56.167402">
    <ele>24.300000</ele>
    <time>2011-12-20T20:37:54.844Z</time>
    <src>GPSD tag="RMC"</src>
    <fix>3d</fix>
    <sat>10</sat>
    <hdop>1.0</hdop>
    <vdop>1.4</vdop>
    <pdop>1.7</pdop>
   </trkpt>
   <trkpt lat="-34.919130" lon="-56.167403">
    <ele>24.200000</ele>
    <time>2011-12-20T20:37:55.844Z</time>
    <src>GPSD tag="RMC"</src>
    <fix>3d</fix>
    <sat>10</sat>
    <hdop>1.0</hdop>
    <vdop>1.4</vdop>
    <pdop>1.7</pdop>
   </trkpt>
   <trkpt lat="-34.919130" lon="-56.167403">
    <ele>24.200000</ele>
    <time>2011-12-20T20:37:56.844Z</time>
    <src>GPSD tag="RMC"</src>
    <fix>3d</fix>
    <sat>10</sat>
    <hdop>1.0</hdop>
    <vdop>1.4</vdop>
    <pdop>1.7</pdop>
   </trkpt>
   <trkpt lat="-34.919128" lon="-56.167403">
    <ele>24.200000</ele>
    <time>2011-12-20T20:37:57.844Z</time>
    <src>GPSD tag="RMC"</src>
    <fix>3d</fix>
    <sat>10</sat>
    <hdop>1.0</hdop>
    <vdop>1.4</vdop>
    <pdop>1.7</pdop>
   </trkpt>
   <trkpt lat="-34.919128" lon="-56.167403">
    <ele>24.100000</ele>
    <time>2011-12-20T20:37:58.844Z</time>
    <src>GPSD tag="RMC"</src>
    <fix>3d</fix>
    <sat>10</sat>
    <hdop>1.0</hdop>
    <vdop>1.4</vdop>
    <pdop>1.7</pdop>
   </trkpt>
   <trkpt lat="-34.919128" lon="-56.167403">
    <ele>24.100000</ele>
    <time>2011-12-20T20:37:59.844Z</time>
    <src>GPSD tag="RMC"</src>
    <fix>3d</fix>
    <sat>10</sat>
    <hdop>1.0</hdop>
    <vdop>1.4</vdop>
    <pdop>1.7</pdop>
   </trkpt>
   <trkpt lat="-34.919128" lon="-56.167403">
    <ele>24.100000</ele>
    <time>2011-12-20T20:38:00.844Z</time>
    <src>GPSD tag="RMC"</src>
    <fix>3d</fix>
    <sat>10</sat>
    <hdop>1.0</hdop>
    <vdop>1.4</vdop>
    <pdop>1.7</pdop>
   </trkpt>
   <trkpt lat="-34.919128" lon="-56.167402">
    <ele>24.100000</ele>
    <time>2011-12-20T20:38:01.844Z</time>
    <src>GPSD tag="RMC"</src>
    <fix>3d</fix>
    <sat>10</sat>
    <hdop>1.0</hdop>
    <vdop>1.4</vdop>
    <pdop>1.7</pdop>
   </trkpt>
   <trkpt lat="-34.919128" lon="-56.167400">
    <ele>24.200000</ele>
    <time>2011-12-20T20:38:02.844Z</time>
    <src>GPSD tag="RMC"</src>
    <fix>3d</fix>
    <sat>10</sat>
    <hdop>1.0</hdop>
    <vdop>1.4</vdop>
    <pdop>1.7</pdop>
   </trkpt>
   <trkpt lat="-34.919128" lon="-56.167397">
    <ele>24.200000</ele>
    <time>2011-12-20T20:38:03.844Z</time>
    <src>GPSD tag="RMC"</src>
    <fix>3d</fix>
    <sat>10</sat>
    <hdop>1.0</hdop>
    <vdop>1.4</vdop>
    <pdop>1.7</pdop>
   </trkpt>
   <trkpt lat="-34.919130" lon="-56.167395">
    <ele>24.300000</ele>
    <time>2011-12-20T20:38:04.844Z</time>
    <src>GPSD tag="RMC"</src>
    <fix>3d</fix>
    <sat>10</sat>
    <hdop>1.0</hdop>
    <vdop>1.4</vdop>
    <pdop>1.7</pdop>
   </trkpt>
   <trkpt lat="-34.919132" lon="-56.167393">
    <ele>24.500000</ele>
    <time>2011-12-20T20:38:05.844Z</time>
    <src>GPSD tag="RMC"</src>
    <fix>3d</fix>
    <sat>10</sat>
    <hdop>1.0</hdop>
    <vdop>1.4</vdop>
    <pdop>1.7</pdop>
   </trkpt>
   <trkpt lat="-34.919130" lon="-56.167392">
    <ele>24.500000</ele>
    <time>2011-12-20T20:38:06.844Z</time>
    <src>GPSD tag="RMC"</src>
    <fix>3d</fix>
    <sat>10</sat>
    <hdop>1.0</hdop>
    <vdop>1.4</vdop>
    <pdop>1.7</pdop>
   </trkpt>
   <trkpt lat="-34.919132" lon="-56.167390">
    <ele>24.600000</ele>
    <time>2011-12-20T20:38:07.844Z</time>
    <src>GPSD tag="RMC"</src>
    <fix>3d</fix>
    <sat>10</sat>
    <hdop>1.0</hdop>
    <vdop>1.4</vdop>
    <pdop>1.7</pdop>
   </trkpt>
   <trkpt lat="-34.919130" lon="-56.167388">
    <ele>24.700000</ele>
    <time>2011-12-20T20:38:08.844Z</time>
    <src>GPSD tag="RMC"</src>
    <fix>3d</fix>
    <sat>10</sat>
    <hdop>1.0</hdop>
    <vdop>1.4</vdop>
    <pdop>1.7</pdop>
   </trkpt>
   <trkpt lat="-34.919130" lon="-56.167388">
    <ele>24.800000</ele>
    <time>2011-12-20T20:38:09.844Z</time>
    <src>GPSD tag="RMC"</src>
    <fix>3d</fix>
    <sat>10</sat>
    <hdop>1.0</hdop>
    <vdop>1.4</vdop>
    <pdop>1.7</pdop>
   </trkpt>
   <trkpt lat="-34.919130" lon="-56.167388">
    <ele>24.700000</ele>
    <time>2011-12-20T20:38:10.844Z</time>
    <src>GPSD tag="RMC"</src>
    <fix>3d</fix>
    <sat>10</sat>
    <hdop>1.0</hdop>
    <vdop>1.4</vdop>
    <pdop>1.7</pdop>
   </trkpt>
   <trkpt lat="-34.919130" lon="-56.167390">
    <ele>24.700000</ele>
    <time>2011-12-20T20:38:11.844Z</time>
    <src>GPSD tag="RMC"</src>
    <fix>3d</fix>
    <sat>10</sat>
    <hdop>1.0</hdop>
    <vdop>1.4</vdop>
    <pdop>1.7</pdop>
   </trkpt>
   <trkpt lat="-34.919128" lon="-56.167392">
    <ele>24.700000</ele>
    <time>2011-12-20T20:38:12.844Z</time>
    <src>GPSD tag="RMC"</src>
    <fix>3d</fix>
    <sat>10</sat>
    <hdop>1.0</hdop>
    <vdop>1.4</vdop>
    <pdop>1.7</pdop>
   </trkpt>
   <trkpt lat="-34.919127" lon="-56.167392">
    <ele>24.600000</ele>
    <time>2011-12-20T20:38:13.844Z</time>
    <src>GPSD tag="RMC"</src>
    <fix>3d</fix>
    <sat>10</sat>
    <hdop>1.0</hdop>
    <vdop>1.4</vdop>
    <pdop>1.7</pdop>
   </trkpt>
   <trkpt lat="-34.919127" lon="-56.167393">
    <ele>24.400000</ele>
    <time>2011-12-20T20:38:14.844Z</time>
    <src>GPSD tag="RMC"</src>
    <fix>3d</fix>
    <sat>10</sat>
    <hdop>1.0</hdop>
    <vdop>1.4</vdop>
    <pdop>1.7</pdop>
   </trkpt>
   <trkpt lat="-34.919128" lon="-56.167393">
    <ele>24.300000</ele>
    <time>2011-12-20T20:38:15.844Z</time>
    <src>GPSD tag="RMC"</src>
    <fix>3d</fix>
    <sat>10</sat>
    <hdop>1.0</hdop>
    <vdop>1.4</vdop>
    <pdop>1.7</pdop>
   </trkpt>
   <trkpt lat="-34.919128" lon="-56.167393">
    <ele>24.400000</ele>
    <time>2011-12-20T20:38:16.844Z</time>
    <src>GPSD tag="RMC"</src>
    <fix>3d</fix>
    <sat>10</sat>
    <hdop>1.0</hdop>
    <vdop>1.4</vdop>
    <pdop>1.7</pdop>
   </trkpt>
   <trkpt lat="-34.919128" lon="-56.167393">
    <ele>24.400000</ele>
    <time>2011-12-20T20:38:17.844Z</time>
    <src>GPSD tag="RMC"</src>
    <fix>3d</fix>
    <sat>10</sat>
    <hdop>1.0</hdop>
    <vdop>1.4</vdop>
    <pdop>1.7</pdop>
   </trkpt>
   <trkpt lat="-34.919128" lon="-56.167393">
    <ele>24.700000</ele>
    <time>2011-12-20T20:38:18.844Z</time>
    <src>GPSD tag="RMC"</src>
    <fix>3d</fix>
    <sat>10</sat>
    <hdop>1.0</hdop>
    <vdop>1.4</vdop>
    <pdop>1.7</pdop>
   </trkpt>
   <trkpt lat="-34.919128" lon="-56.167395">
    <ele>24.700000</ele>
    <time>2011-12-20T20:38:19.844Z</time>
    <src>GPSD tag="RMC"</src>
    <fix>3d</fix>
    <sat>10</sat>
    <hdop>0.9</hdop>
    <vdop>1.4</vdop>
    <pdop>1.7</pdop>
   </trkpt>
   <trkpt lat="-34.919127" lon="-56.167398">
    <ele>24.700000</ele>
    <time>2011-12-20T20:38:20.844Z</time>
    <src>GPSD tag="RMC"</src>
    <fix>3d</fix>
    <sat>10</sat>
    <hdop>0.9</hdop>
    <vdop>1.4</vdop>
    <pdop>1.7</pdop>
   </trkpt>
   <trkpt lat="-34.919127" lon="-56.167398">
    <ele>24.300000</ele>
    <time>2011-12-20T20:38:21.844Z</time>
    <src>GPSD tag="RMC"</src>
    <fix>3d</fix>
    <sat>10</sat>
    <hdop>0.9</hdop>
    <vdop>1.4</vdop>
    <pdop>1.7</pdop>
   </trkpt>
   <trkpt lat="-34.919125" lon="-56.167400">
    <ele>24.200000</ele>
    <time>2011-12-20T20:38:22.844Z</time>
    <src>GPSD tag="RMC"</src>
    <fix>3d</fix>
    <sat>10</sat>
    <hdop>0.9</hdop>
    <vdop>1.4</vdop>
    <pdop>1.7</pdop>
   </trkpt>
   <trkpt lat="-34.919125" lon="-56.167400">
    <ele>24.300000</ele>
    <time>2011-12-20T20:38:23.844Z</time>
    <src>GPSD tag="RMC"</src>
    <fix>3d</fix>
    <sat>10</sat>
    <hdop>0.9</hdop>
    <vdop>1.4</vdop>
    <pdop>1.7</pdop>
   </trkpt>
   <trkpt lat="-34.919127" lon="-56.167402">
    <ele>24.400000</ele>
    <time>2011-12-20T20:38:24.844Z</time>
    <src>GPSD tag="RMC"</src>
    <fix>3d</fix>
    <sat>10</sat>
    <hdop>0.9</hdop>
    <vdop>1.4</vdop>
    <pdop>1.7</pdop>
   </trkpt>
   <trkpt lat="-34.919128" lon="-56.167403">
    <ele>24.400000</ele>
    <time>2011-12-20T20:38:25.844Z</time>
    <src>GPSD tag="RMC"</src>
    <fix>3d</fix>
    <sat>10</sat>
    <hdop>1.0</hdop>
    <vdop>1.4</vdop>
    <pdop>1.7</pdop>
   </trkpt>
   <trkpt lat="-34.919127" lon="-56.167403">
    <ele>23.900000</ele>
    <time>2011-12-20T20:38:26.844Z</time>
    <src>GPSD tag="RMC"</src>
    <fix>3d</fix>
    <sat>10</sat>
    <hdop>1.0</hdop>
    <vdop>1.4</vdop>
    <pdop>1.7</pdop>
   </trkpt>
   <trkpt lat="-34.919123" lon="-56.167405">
    <ele>23.800000</ele>
    <time>2011-12-20T20:38:27.844Z</time>
    <src>GPSD tag="RMC"</src>
    <fix>3d</fix>
    <sat>10</sat>
    <hdop>1.0</hdop>
    <vdop>1.4</vdop>
    <pdop>1.7</pdop>
   </trkpt>
   <trkpt lat="-34.919123" lon="-56.167407">
    <ele>23.900000</ele>
    <time>2011-12-20T20:38:28.844Z</time>
    <src>GPSD tag="RMC"</src>
    <fix>3d</fix>
    <sat>10</sat>
    <hdop>0.9</hdop>
    <vdop>1.4</vdop>
    <pdop>1.7</pdop>
   </trkpt>
   <trkpt lat="-34.919122" lon="-56.167408">
    <ele>23.800000</ele>
    <time>2011-12-20T20:38:29.844Z</time>
    <src>GPSD tag="RMC"</src>
    <fix>3d</fix>
    <sat>10</sat>
    <hdop>0.9</hdop>
    <vdop>1.4</vdop>
    <pdop>1.7</pdop>
   </trkpt>
   <trkpt lat="-34.919123" lon="-56.167412">
    <ele>23.800000</ele>
    <time>2011-12-20T20:38:30.844Z</time>
    <src>GPSD tag="RMC"</src>
    <fix>3d</fix>
    <sat>10</sat>
    <hdop>0.9</hdop>
    <vdop>1.4</vdop>
    <pdop>1.7</pdop>
   </trkpt>
   <trkpt lat="-34.919125" lon="-56.167415">
    <ele>23.600000</ele>
    <time>2011-12-20T20:38:31.844Z</time>
    <src>GPSD tag="RMC"</src>
    <fix>3d</fix>
    <sat>10</sat>
    <hdop>0.9</hdop>
    <vdop>1.4</vdop>
    <pdop>1.7</pdop>
   </trkpt>
   <trkpt lat="-34.919127" lon="-56.167418">
    <ele>23.300000</ele>
    <time>2011-12-20T20:38:32.844Z</time>
    <src>GPSD tag="RMC"</src>
    <fix>3d</fix>
    <sat>10</sat>
    <hdop>0.9</hdop>
    <vdop>1.4</vdop>
    <pdop>1.7</pdop>
   </trkpt>
   <trkpt lat="-34.919127" lon="-56.167422">
    <ele>23.100000</ele>
    <time>2011-12-20T20:38:33.844Z</time>
    <src>GPSD tag="RMC"</src>
    <fix>3d</fix>
    <sat>10</sat>
    <hdop>0.9</hdop>
    <vdop>1.4</vdop>
    <pdop>1.7</pdop>
   </trkpt>
   <trkpt lat="-34.919128" lon="-56.167423">
    <ele>22.900000</ele>
    <time>2011-12-20T20:38:34.844Z</time>
    <src>GPSD tag="RMC"</src>
    <fix>3d</fix>
    <sat>10</sat>
    <hdop>0.9</hdop>
    <vdop>1.4</vdop>
    <pdop>1.7</pdop>
   </trkpt>
   <trkpt lat="-34.919128" lon="-56.167425">
    <ele>22.800000</ele>
    <time>2011-12-20T20:38:35.844Z</time>
    <src>GPSD tag="RMC"</src>
    <fix>3d</fix>
    <sat>10</sat>
    <hdop>0.9</hdop>
    <vdop>1.4</vdop>
    <pdop>1.7</pdop>
   </trkpt>
   <trkpt lat="-34.919130" lon="-56.167427">
    <ele>22.800000</ele>
    <time>2011-12-20T20:38:36.844Z</time>
    <src>GPSD tag="RMC"</src>
    <fix>3d</fix>
    <sat>10</sat>
    <hdop>0.9</hdop>
    <vdop>1.4</vdop>
    <pdop>1.7</pdop>
   </trkpt>
   <trkpt lat="-34.919132" lon="-56.167427">
    <ele>22.700000</ele>
    <time>2011-12-20T20:38:37.844Z</time>
    <src>GPSD tag="RMC"</src>
    <fix>3d</fix>
    <sat>10</sat>
    <hdop>0.9</hdop>
    <vdop>1.4</vdop>
    <pdop>1.7</pdop>
   </trkpt>
   <trkpt lat="-34.919133" lon="-56.167427">
    <ele>22.600000</ele>
    <time>2011-12-20T20:38:38.844Z</time>
    <src>GPSD tag="RMC"</src>
    <fix>3d</fix>
    <sat>10</sat>
    <hdop>0.9</hdop>
    <vdop>1.4</vdop>
    <pdop>1.7</pdop>
   </trkpt>
   <trkpt lat="-34.919137" lon="-56.167427">
    <ele>22.500000</ele>
    <time>2011-12-20T20:38:39.844Z</time>
    <src>GPSD tag="RMC"</src>
    <fix>3d</fix>
    <sat>10</sat>
    <hdop>0.9</hdop>
    <vdop>1.4</vdop>
    <pdop>1.7</pdop>
   </trkpt>
   <trkpt lat="-34.919138" lon="-56.167425">
    <ele>22.300000</ele>
    <time>2011-12-20T20:38:40.844Z</time>
    <src>GPSD tag="RMC"</src>
    <fix>3d</fix>
    <sat>10</sat>
    <hdop>0.9</hdop>
    <vdop>1.4</vdop>
    <pdop>1.7</pdop>
   </trkpt>
   <trkpt lat="-34.919140" lon="-56.167425">
    <ele>22.000000</ele>
    <time>2011-12-20T20:38:41.844Z</time>
    <src>GPSD tag="RMC"</src>
    <fix>3d</fix>
    <sat>10</sat>
    <hdop>0.9</hdop>
    <vdop>1.4</vdop>
    <pdop>1.7</pdop>
   </trkpt>
   <trkpt lat="-34.919142" lon="-56.167423">
    <ele>21.800000</ele>
    <time>2011-12-20T20:38:42.844Z</time>
    <src>GPSD tag="RMC"</src>
    <fix>3d</fix>
    <sat>10</sat>
    <hdop>0.9</hdop>
    <vdop>1.4</vdop>
    <pdop>1.7</pdop>
   </trkpt>
   <trkpt lat="-34.919143" lon="-56.167422">
    <ele>21.700000</ele>
    <time>2011-12-20T20:38:43.844Z</time>
    <src>GPSD tag="RMC"</src>
    <fix>3d</fix>
    <sat>10</sat>
    <hdop>0.9</hdop>
    <vdop>1.4</vdop>
    <pdop>1.7</pdop>
   </trkpt>
   <trkpt lat="-34.919145" lon="-56.167418">
    <ele>21.700000</ele>
    <time>2011-12-20T20:38:44.844Z</time>
    <src>GPSD tag="RMC"</src>
    <fix>3d</fix>
    <sat>10</sat>
    <hdop>0.9</hdop>
    <vdop>1.4</vdop>
    <pdop>1.7</pdop>
   </trkpt>
   <trkpt lat="-34.919147" lon="-56.167415">
    <ele>21.700000</ele>
    <time>2011-12-20T20:38:45.844Z</time>
    <src>GPSD tag="RMC"</src>
    <fix>3d</fix>
    <sat>10</sat>
    <hdop>0.9</hdop>
    <vdop>1.4</vdop>
    <pdop>1.7</pdop>
   </trkpt>
   <trkpt lat="-34.919148" lon="-56.167410">
    <ele>21.900000</ele>
    <time>2011-12-20T20:38:46.844Z</time>
    <src>GPSD tag="RMC"</src>
    <fix>3d</fix>
    <sat>10</sat>
    <hdop>0.9</hdop>
    <vdop>1.4</vdop>
    <pdop>1.7</pdop>
   </trkpt>
   <trkpt lat="-34.919150" lon="-56.167407">
    <ele>22.000000</ele>
    <time>2011-12-20T20:38:47.844Z</time>
    <src>GPSD tag="RMC"</src>
    <fix>3d</fix>
    <sat>10</sat>
    <hdop>0.9</hdop>
    <vdop>1.4</vdop>
    <pdop>1.7</pdop>
   </trkpt>
   <trkpt lat="-34.919150" lon="-56.167402">
    <ele>22.100000</ele>
    <time>2011-12-20T20:38:48.844Z</time>
    <src>GPSD tag="RMC"</src>
    <fix>3d</fix>
    <sat>10</sat>
    <hdop>0.9</hdop>
    <vdop>1.4</vdop>
    <pdop>1.7</pdop>
   </trkpt>
   <trkpt lat="-34.919150" lon="-56.167397">
    <ele>22.200000</ele>
    <time>2011-12-20T20:38:49.844Z</time>
    <src>GPSD tag="RMC"</src>
    <fix>3d</fix>
    <sat>10</sat>
    <hdop>0.9</hdop>
    <vdop>1.4</vdop>
    <pdop>1.7</pdop>
   </trkpt>
   <trkpt lat="-34.919152" lon="-56.167393">
    <ele>22.400000</ele>
    <time>2011-12-20T20:38:50.844Z</time>
    <src>GPSD tag="RMC"</src>
    <fix>3d</fix>
    <sat>10</sat>
    <hdop>0.9</hdop>
    <vdop>1.4</vdop>
    <pdop>1.7</pdop>
   </trkpt>
   <trkpt lat="-34.919152" lon="-56.167390">
    <ele>22.700000</ele>
    <time>2011-12-20T20:38:51.844Z</time>
    <src>GPSD tag="RMC"</src>
    <fix>3d</fix>
    <sat>10</sat>
    <hdop>0.9</hdop>
    <vdop>1.4</vdop>
    <pdop>1.7</pdop>
   </trkpt>
   <trkpt lat="-34.919152" lon="-56.167387">
    <ele>22.900000</ele>
    <time>2011-12-20T20:38:52.844Z</time>
    <src>GPSD tag="RMC"</src>
    <fix>3d</fix>
    <sat>10</sat>
    <hdop>0.9</hdop>
    <vdop>1.4</vdop>
    <pdop>1.7</pdop>
   </trkpt>
   <trkpt lat="-34.919152" lon="-56.167383">
    <ele>23.200000</ele>
    <time>2011-12-20T20:38:53.844Z</time>
    <src>GPSD tag="RMC"</src>
    <fix>3d</fix>
    <sat>10</sat>
    <hdop>0.9</hdop>
    <vdop>1.4</vdop>
    <pdop>1.7</pdop>
   </trkpt>
   <trkpt lat="-34.919153" lon="-56.167382">
    <ele>23.400000</ele>
    <time>2011-12-20T20:38:54.844Z</time>
    <src>GPSD tag="RMC"</src>
    <fix>3d</fix>
    <sat>10</sat>
    <hdop>0.9</hdop>
    <vdop>1.4</vdop>
    <pdop>1.7</pdop>
   </trkpt>
   <trkpt lat="-34.919155" lon="-56.167380">
    <ele>23.400000</ele>
    <time>2011-12-20T20:38:55.844Z</time>
    <src>GPSD tag="RMC"</src>
    <fix>3d</fix>
    <sat>10</sat>
    <hdop>0.9</hdop>
    <vdop>1.4</vdop>
    <pdop>1.7</pdop>
   </trkpt>
   <trkpt lat="-34.919157" lon="-56.167377">
    <ele>23.600000</ele>
    <time>2011-12-20T20:38:56.844Z</time>
    <src>GPSD tag="RMC"</src>
    <fix>3d</fix>
    <sat>10</sat>
    <hdop>0.9</hdop>
    <vdop>1.4</vdop>
    <pdop>1.7</pdop>
   </trkpt>
   <trkpt lat="-34.919157" lon="-56.167377">
    <ele>23.800000</ele>
    <time>2011-12-20T20:38:57.844Z</time>
    <src>GPSD tag="RMC"</src>
    <fix>3d</fix>
    <sat>10</sat>
    <hdop>0.9</hdop>
    <vdop>1.4</vdop>
    <pdop>1.7</pdop>
   </trkpt>
   <trkpt lat="-34.919155" lon="-56.167377">
    <ele>24.000000</ele>
    <time>2011-12-20T20:38:58.844Z</time>
    <src>GPSD tag="RMC"</src>
    <fix>3d</fix>
    <sat>10</sat>
    <hdop>0.9</hdop>
    <vdop>1.4</vdop>
    <pdop>1.7</pdop>
   </trkpt>
   <trkpt lat="-34.919153" lon="-56.167375">
    <ele>24.100000</ele>
    <time>2011-12-20T20:38:59.844Z</time>
    <src>GPSD tag="RMC"</src>
    <fix>3d</fix>
    <sat>10</sat>
    <hdop>0.9</hdop>
    <vdop>1.4</vdop>
    <pdop>1.7</pdop>
   </trkpt>
   <trkpt lat="-34.919152" lon="-56.167377">
    <ele>24.200000</ele>
    <time>2011-12-20T20:39:00.844Z</time>
    <src>GPSD tag="RMC"</src>
    <fix>3d</fix>
    <sat>10</sat>
    <hdop>0.9</hdop>
    <vdop>1.4</vdop>
    <pdop>1.7</pdop>
   </trkpt>
   <trkpt lat="-34.919150" lon="-56.167375">
    <ele>24.200000</ele>
    <time>2011-12-20T20:39:01.844Z</time>
    <src>GPSD tag="RMC"</src>
    <fix>3d</fix>
    <sat>10</sat>
    <hdop>0.9</hdop>
    <vdop>1.4</vdop>
    <pdop>1.6</pdop>
   </trkpt>
   <trkpt lat="-34.919148" lon="-56.167375">
    <ele>24.300000</ele>
    <time>2011-12-20T20:39:02.844Z</time>
    <src>GPSD tag="RMC"</src>
    <fix>3d</fix>
    <sat>10</sat>
    <hdop>0.9</hdop>
    <vdop>1.4</vdop>
    <pdop>1.6</pdop>
   </trkpt>
   <trkpt lat="-34.919147" lon="-56.167375">
    <ele>24.300000</ele>
    <time>2011-12-20T20:39:03.844Z</time>
    <src>GPSD tag="RMC"</src>
    <fix>3d</fix>
    <sat>10</sat>
    <hdop>0.9</hdop>
    <vdop>1.4</vdop>
    <pdop>1.6</pdop>
   </trkpt>
   <trkpt lat="-34.919145" lon="-56.167378">
    <ele>24.300000</ele>
    <time>2011-12-20T20:39:04.844Z</time>
    <src>GPSD tag="RMC"</src>
    <fix>3d</fix>
    <sat>9</sat>
    <hdop>1.0</hdop>
    <vdop>1.6</vdop>
    <pdop>1.9</pdop>
   </trkpt>
   <trkpt lat="-34.919145" lon="-56.167377">
    <ele>24.300000</ele>
    <time>2011-12-20T20:39:05.844Z</time>
    <src>GPSD tag="RMC"</src>
    <fix>3d</fix>
    <sat>9</sat>
    <hdop>1.0</hdop>
    <vdop>1.6</vdop>
    <pdop>1.9</pdop>
   </trkpt>
   <trkpt lat="-34.919145" lon="-56.167377">
    <ele>24.400000</ele>
    <time>2011-12-20T20:39:06.844Z</time>
    <src>GPSD tag="RMC"</src>
    <fix>3d</fix>
    <sat>9</sat>
    <hdop>1.0</hdop>
    <vdop>1.6</vdop>
    <pdop>1.9</pdop>
   </trkpt>
   <trkpt lat="-34.919145" lon="-56.167375">
    <ele>24.500000</ele>
    <time>2011-12-20T20:39:07.844Z</time>
    <src>GPSD tag="RMC"</src>
    <fix>3d</fix>
    <sat>9</sat>
    <hdop>1.0</hdop>
    <vdop>1.6</vdop>
    <pdop>1.9</pdop>
   </trkpt>
   <trkpt lat="-34.919147" lon="-56.167375">
    <ele>24.700000</ele>
    <time>2011-12-20T20:39:08.844Z</time>
    <src>GPSD tag="RMC"</src>
    <fix>3d</fix>
    <sat>9</sat>
    <hdop>1.0</hdop>
    <vdop>1.6</vdop>
    <pdop>1.9</pdop>
   </trkpt>
   <trkpt lat="-34.919148" lon="-56.167372">
    <ele>24.800000</ele>
    <time>2011-12-20T20:39:09.844Z</time>
    <src>GPSD tag="RMC"</src>
    <fix>3d</fix>
    <sat>9</sat>
    <hdop>1.0</hdop>
    <vdop>1.6</vdop>
    <pdop>1.9</pdop>
   </trkpt>
   <trkpt lat="-34.919148" lon="-56.167370">
    <ele>24.800000</ele>
    <time>2011-12-20T20:39:10.844Z</time>
    <src>GPSD tag="RMC"</src>
    <fix>3d</fix>
    <sat>9</sat>
    <hdop>1.0</hdop>
    <vdop>1.6</vdop>
    <pdop>1.9</pdop>
   </trkpt>
   <trkpt lat="-34.919150" lon="-56.167367">
    <ele>25.000000</ele>
    <time>2011-12-20T20:39:11.844Z</time>
    <src>GPSD tag="RMC"</src>
    <fix>3d</fix>
    <sat>9</sat>
    <hdop>1.0</hdop>
    <vdop>1.6</vdop>
    <pdop>1.9</pdop>
   </trkpt>
   <trkpt lat="-34.919150" lon="-56.167372">
    <ele>25.300000</ele>
    <time>2011-12-20T20:39:12.844Z</time>
    <src>GPSD tag="RMC"</src>
    <fix>3d</fix>
    <sat>9</sat>
    <hdop>1.0</hdop>
    <vdop>1.6</vdop>
    <pdop>1.9</pdop>
   </trkpt>
   <trkpt lat="-34.919148" lon="-56.167372">
    <ele>25.500000</ele>
    <time>2011-12-20T20:39:13.844Z</time>
    <src>GPSD tag="RMC"</src>
    <fix>3d</fix>
    <sat>9</sat>
    <hdop>1.0</hdop>
    <vdop>1.6</vdop>
    <pdop>1.9</pdop>
   </trkpt>
   <trkpt lat="-34.919148" lon="-56.167372">
    <ele>25.500000</ele>
    <time>2011-12-20T20:39:14.844Z</time>
    <src>GPSD tag="RMC"</src>
    <fix>3d</fix>
    <sat>9</sat>
    <hdop>1.0</hdop>
    <vdop>1.6</vdop>
    <pdop>1.9</pdop>
   </trkpt>
   <trkpt lat="-34.919148" lon="-56.167373">
    <ele>25.500000</ele>
    <time>2011-12-20T20:39:15.844Z</time>
    <src>GPSD tag="RMC"</src>
    <fix>3d</fix>
    <sat>9</sat>
    <hdop>1.0</hdop>
    <vdop>1.6</vdop>
    <pdop>1.9</pdop>
   </trkpt>
   <trkpt lat="-34.919150" lon="-56.167373">
    <ele>25.600000</ele>
    <time>2011-12-20T20:39:16.844Z</time>
    <src>GPSD tag="RMC"</src>
    <fix>3d</fix>
    <sat>9</sat>
    <hdop>1.0</hdop>
    <vdop>1.6</vdop>
    <pdop>1.9</pdop>
   </trkpt>
   <trkpt lat="-34.919148" lon="-56.167377">
    <ele>25.700000</ele>
    <time>2011-12-20T20:39:17.844Z</time>
    <src>GPSD tag="RMC"</src>
    <fix>3d</fix>
    <sat>9</sat>
    <hdop>1.0</hdop>
    <vdop>1.6</vdop>
    <pdop>1.9</pdop>
   </trkpt>
   <trkpt lat="-34.919148" lon="-56.167378">
    <ele>25.900000</ele>
    <time>2011-12-20T20:39:18.844Z</time>
    <src>GPSD tag="RMC"</src>
    <fix>3d</fix>
    <sat>9</sat>
    <hdop>1.0</hdop>
    <vdop>1.6</vdop>
    <pdop>1.9</pdop>
   </trkpt>
   <trkpt lat="-34.919148" lon="-56.167380">
    <ele>26.000000</ele>
    <time>2011-12-20T20:39:19.844Z</time>
    <src>GPSD tag="RMC"</src>
    <fix>3d</fix>
    <sat>9</sat>
    <hdop>1.0</hdop>
    <vdop>1.6</vdop>
    <pdop>1.9</pdop>
   </trkpt>
   <trkpt lat="-34.919147" lon="-56.167382">
    <ele>26.200000</ele>
    <time>2011-12-20T20:39:20.844Z</time>
    <src>GPSD tag="RMC"</src>
    <fix>3d</fix>
    <sat>9</sat>
    <hdop>1.0</hdop>
    <vdop>1.6</vdop>
    <pdop>1.9</pdop>
   </trkpt>
   <trkpt lat="-34.919147" lon="-56.167382">
    <ele>26.300000</ele>
    <time>2011-12-20T20:39:21.844Z</time>
    <src>GPSD tag="RMC"</src>
    <fix>3d</fix>
    <sat>9</sat>
    <hdop>1.0</hdop>
    <vdop>1.6</vdop>
    <pdop>1.9</pdop>
   </trkpt>
   <trkpt lat="-34.919147" lon="-56.167382">
    <ele>26.400000</ele>
    <time>2011-12-20T20:39:22.844Z</time>
    <src>GPSD tag="RMC"</src>
    <fix>3d</fix>
    <sat>9</sat>
    <hdop>1.0</hdop>
    <vdop>1.6</vdop>
    <pdop>1.9</pdop>
   </trkpt>
   <trkpt lat="-34.919147" lon="-56.167380">
    <ele>26.400000</ele>
    <time>2011-12-20T20:39:23.844Z</time>
    <src>GPSD tag="RMC"</src>
    <fix>3d</fix>
    <sat>9</sat>
    <hdop>1.0</hdop>
    <vdop>1.6</vdop>
    <pdop>1.9</pdop>
   </trkpt>
   <trkpt lat="-34.919147" lon="-56.167378">
    <ele>26.500000</ele>
    <time>2011-12-20T20:39:24.844Z</time>
    <src>GPSD tag="RMC"</src>
    <fix>3d</fix>
    <sat>9</sat>
    <hdop>1.0</hdop>
    <vdop>1.6</vdop>
    <pdop>1.9</pdop>
   </trkpt>
   <trkpt lat="-34.919148" lon="-56.167377">
    <ele>26.500000</ele>
    <time>2011-12-20T20:39:25.844Z</time>
    <src>GPSD tag="RMC"</src>
    <fix>3d</fix>
    <sat>9</sat>
    <hdop>1.0</hdop>
    <vdop>1.6</vdop>
    <pdop>1.9</pdop>
   </trkpt>
   <trkpt lat="-34.919148" lon="-56.167373">
    <ele>26.500000</ele>
    <time>2011-12-20T20:39:26.844Z</time>
    <src>GPSD tag="RMC"</src>
    <fix>3d</fix>
    <sat>9</sat>
    <hdop>1.0</hdop>
    <vdop>1.6</vdop>
    <pdop>1.9</pdop>
   </trkpt>
   <trkpt lat="-34.919148" lon="-56.167370">
    <ele>26.700000</ele>
    <time>2011-12-20T20:39:27.844Z</time>
    <src>GPSD tag="RMC"</src>
    <fix>3d</fix>
    <sat>9</sat>
    <hdop>1.0</hdop>
    <vdop>1.6</vdop>
    <pdop>1.9</pdop>
   </trkpt>
   <trkpt lat="-34.919150" lon="-56.167367">
    <ele>26.800000</ele>
    <time>2011-12-20T20:39:28.844Z</time>
    <src>GPSD tag="RMC"</src>
    <fix>3d</fix>
    <sat>9</sat>
    <hdop>1.0</hdop>
    <vdop>1.6</vdop>
    <pdop>1.9</pdop>
   </trkpt>
   <trkpt lat="-34.919150" lon="-56.167363">
    <ele>27.000000</ele>
    <time>2011-12-20T20:39:29.844Z</time>
    <src>GPSD tag="RMC"</src>
    <fix>3d</fix>
    <sat>9</sat>
    <hdop>1.0</hdop>
    <vdop>1.6</vdop>
    <pdop>1.9</pdop>
   </trkpt>
   <trkpt lat="-34.919150" lon="-56.167360">
    <ele>27.100000</ele>
    <time>2011-12-20T20:39:30.844Z</time>
    <src>GPSD tag="RMC"</src>
    <fix>3d</fix>
    <sat>9</sat>
    <hdop>1.0</hdop>
    <vdop>1.6</vdop>
    <pdop>1.9</pdop>
   </trkpt>
   <trkpt lat="-34.919150" lon="-56.167360">
    <ele>27.200000</ele>
    <time>2011-12-20T20:39:31.844Z</time>
    <src>GPSD tag="RMC"</src>
    <fix>3d</fix>
    <sat>9</sat>
    <hdop>1.0</hdop>
    <vdop>1.6</vdop>
    <pdop>1.9</pdop>
   </trkpt>
   <trkpt lat="-34.919152" lon="-56.167357">
    <ele>27.300000</ele>
    <time>2011-12-20T20:39:32.844Z</time>
    <src>GPSD tag="RMC"</src>
    <fix>3d</fix>
    <sat>9</sat>
    <hdop>1.0</hdop>
    <vdop>1.6</vdop>
    <pdop>1.9</pdop>
   </trkpt>
   <trkpt lat="-34.919155" lon="-56.167353">
    <ele>27.500000</ele>
    <time>2011-12-20T20:39:33.844Z</time>
    <src>GPSD tag="RMC"</src>
    <fix>3d</fix>
    <sat>9</sat>
    <hdop>1.0</hdop>
    <vdop>1.6</vdop>
    <pdop>1.9</pdop>
   </trkpt>
   <trkpt lat="-34.919157" lon="-56.167353">
    <ele>27.600000</ele>
    <time>2011-12-20T20:39:34.844Z</time>
    <src>GPSD tag="RMC"</src>
    <fix>3d</fix>
    <sat>9</sat>
    <hdop>1.0</hdop>
    <vdop>1.6</vdop>
    <pdop>1.9</pdop>
   </trkpt>
   <trkpt lat="-34.919157" lon="-56.167353">
    <ele>27.800000</ele>
    <time>2011-12-20T20:39:35.844Z</time>
    <src>GPSD tag="RMC"</src>
    <fix>3d</fix>
    <sat>9</sat>
    <hdop>1.0</hdop>
    <vdop>1.6</vdop>
    <pdop>1.9</pdop>
   </trkpt>
   <trkpt lat="-34.919158" lon="-56.167353">
    <ele>27.900000</ele>
    <time>2011-12-20T20:39:36.844Z</time>
    <src>GPSD tag="RMC"</src>
    <fix>3d</fix>
    <sat>9</sat>
    <hdop>1.0</hdop>
    <vdop>1.6</vdop>
    <pdop>1.9</pdop>
   </trkpt>
   <trkpt lat="-34.919160" lon="-56.167353">
    <ele>28.000000</ele>
    <time>2011-12-20T20:39:37.844Z</time>
    <src>GPSD tag="RMC"</src>
    <fix>3d</fix>
    <sat>9</sat>
    <hdop>1.0</hdop>
    <vdop>1.6</vdop>
    <pdop>1.9</pdop>
   </trkpt>
   <trkpt lat="-34.919160" lon="-56.167353">
    <ele>28.100000</ele>
    <time>2011-12-20T20:39:38.844Z</time>
    <src>GPSD tag="RMC"</src>
    <fix>3d</fix>
    <sat>9</sat>
    <hdop>1.0</hdop>
    <vdop>1.6</vdop>
    <pdop>1.9</pdop>
   </trkpt>
   <trkpt lat="-34.919160" lon="-56.167353">
    <ele>28.100000</ele>
    <time>2011-12-20T20:39:39.844Z</time>
    <src>GPSD tag="RMC"</src>
    <fix>3d</fix>
    <sat>9</sat>
    <hdop>1.0</hdop>
    <vdop>1.6</vdop>
    <pdop>1.9</pdop>
   </trkpt>
   <trkpt lat="-34.919162" lon="-56.167353">
    <ele>28.200000</ele>
    <time>2011-12-20T20:39:40.844Z</time>
    <src>GPSD tag="RMC"</src>
    <fix>3d</fix>
    <sat>9</sat>
    <hdop>1.0</hdop>
    <vdop>1.6</vdop>
    <pdop>1.9</pdop>
   </trkpt>
   <trkpt lat="-34.919162" lon="-56.167353">
    <ele>28.300000</ele>
    <time>2011-12-20T20:39:41.844Z</time>
    <src>GPSD tag="RMC"</src>
    <fix>3d</fix>
    <sat>9</sat>
    <hdop>1.0</hdop>
    <vdop>1.6</vdop>
    <pdop>1.9</pdop>
   </trkpt>
   <trkpt lat="-34.919162" lon="-56.167353">
    <ele>28.400000</ele>
    <time>2011-12-20T20:39:42.844Z</time>
    <src>GPSD tag="RMC"</src>
    <fix>3d</fix>
    <sat>9</sat>
    <hdop>1.0</hdop>
    <vdop>1.6</vdop>
    <pdop>1.9</pdop>
   </trkpt>
   <trkpt lat="-34.919160" lon="-56.167353">
    <ele>28.400000</ele>
    <time>2011-12-20T20:39:43.844Z</time>
    <src>GPSD tag="RMC"</src>
    <fix>3d</fix>
    <sat>9</sat>
    <hdop>1.0</hdop>
    <vdop>1.6</vdop>
    <pdop>1.9</pdop>
   </trkpt>
   <trkpt lat="-34.919160" lon="-56.167353">
    <ele>28.400000</ele>
    <time>2011-12-20T20:39:44.844Z</time>
    <src>GPSD tag="RMC"</src>
    <fix>3d</fix>
    <sat>9</sat>
    <hdop>1.0</hdop>
    <vdop>1.6</vdop>
    <pdop>1.9</pdop>
   </trkpt>
   <trkpt lat="-34.919160" lon="-56.167355">
    <ele>28.300000</ele>
    <time>2011-12-20T20:39:45.844Z</time>
    <src>GPSD tag="RMC"</src>
    <fix>3d</fix>
    <sat>9</sat>
    <hdop>1.0</hdop>
    <vdop>1.6</vdop>
    <pdop>1.9</pdop>
   </trkpt>
   <trkpt lat="-34.919158" lon="-56.167355">
    <ele>28.200000</ele>
    <time>2011-12-20T20:39:46.844Z</time>
    <src>GPSD tag="RMC"</src>
    <fix>3d</fix>
    <sat>9</sat>
    <hdop>1.0</hdop>
    <vdop>1.6</vdop>
    <pdop>1.9</pdop>
   </trkpt>
   <trkpt lat="-34.919158" lon="-56.167357">
    <ele>28.200000</ele>
    <time>2011-12-20T20:39:47.844Z</time>
    <src>GPSD tag="RMC"</src>
    <fix>3d</fix>
    <sat>9</sat>
    <hdop>1.0</hdop>
    <vdop>1.6</vdop>
    <pdop>1.9</pdop>
   </trkpt>
   <trkpt lat="-34.919158" lon="-56.167358">
    <ele>28.100000</ele>
    <time>2011-12-20T20:39:48.844Z</time>
    <src>GPSD tag="RMC"</src>
    <fix>3d</fix>
    <sat>9</sat>
    <hdop>1.0</hdop>
    <vdop>1.6</vdop>
    <pdop>1.9</pdop>
   </trkpt>
   <trkpt lat="-34.919157" lon="-56.167362">
    <ele>28.100000</ele>
    <time>2011-12-20T20:39:49.844Z</time>
    <src>GPSD tag="RMC"</src>
    <fix>3d</fix>
    <sat>9</sat>
    <hdop>1.0</hdop>
    <vdop>1.6</vdop>
    <pdop>1.9</pdop>
   </trkpt>
   <trkpt lat="-34.919155" lon="-56.167365">
    <ele>28.000000</ele>
    <time>2011-12-20T20:39:50.844Z</time>
    <src>GPSD tag="RMC"</src>
    <fix>3d</fix>
    <sat>9</sat>
    <hdop>1.0</hdop>
    <vdop>1.6</vdop>
    <pdop>1.9</pdop>
   </trkpt>
   <trkpt lat="-34.919155" lon="-56.167367">
    <ele>27.900000</ele>
    <time>2011-12-20T20:39:51.844Z</time>
    <src>GPSD tag="RMC"</src>
    <fix>3d</fix>
    <sat>9</sat>
    <hdop>1.0</hdop>
    <vdop>1.6</vdop>
    <pdop>1.9</pdop>
   </trkpt>
   <trkpt lat="-34.919155" lon="-56.167367">
    <ele>27.900000</ele>
    <time>2011-12-20T20:39:52.844Z</time>
    <src>GPSD tag="RMC"</src>
    <fix>3d</fix>
    <sat>9</sat>
    <hdop>1.0</hdop>
    <vdop>1.6</vdop>
    <pdop>1.9</pdop>
   </trkpt>
   <trkpt lat="-34.919153" lon="-56.167368">
    <ele>27.900000</ele>
    <time>2011-12-20T20:39:53.844Z</time>
    <src>GPSD tag="RMC"</src>
    <fix>3d</fix>
    <sat>9</sat>
    <hdop>1.0</hdop>
    <vdop>1.6</vdop>
    <pdop>1.9</pdop>
   </trkpt>
   <trkpt lat="-34.919152" lon="-56.167372">
    <ele>27.700000</ele>
    <time>2011-12-20T20:39:54.844Z</time>
    <src>GPSD tag="RMC"</src>
    <fix>3d</fix>
    <sat>9</sat>
    <hdop>1.0</hdop>
    <vdop>1.6</vdop>
    <pdop>1.9</pdop>
   </trkpt>
   <trkpt lat="-34.919150" lon="-56.167373">
    <ele>27.500000</ele>
    <time>2011-12-20T20:39:55.844Z</time>
    <src>GPSD tag="RMC"</src>
    <fix>3d</fix>
    <sat>9</sat>
    <hdop>1.0</hdop>
    <vdop>1.6</vdop>
    <pdop>1.9</pdop>
   </trkpt>
   <trkpt lat="-34.919148" lon="-56.167373">
    <ele>27.600000</ele>
    <time>2011-12-20T20:39:56.844Z</time>
    <src>GPSD tag="RMC"</src>
    <fix>3d</fix>
    <sat>9</sat>
    <hdop>1.0</hdop>
    <vdop>1.6</vdop>
    <pdop>1.9</pdop>
   </trkpt>
   <trkpt lat="-34.919147" lon="-56.167373">
    <ele>27.700000</ele>
    <time>2011-12-20T20:39:57.844Z</time>
    <src>GPSD tag="RMC"</src>
    <fix>3d</fix>
    <sat>9</sat>
    <hdop>1.0</hdop>
    <vdop>1.6</vdop>
    <pdop>1.9</pdop>
   </trkpt>
   <trkpt lat="-34.919147" lon="-56.167377">
    <ele>27.700000</ele>
    <time>2011-12-20T20:39:58.844Z</time>
    <src>GPSD tag="RMC"</src>
    <fix>3d</fix>
    <sat>9</sat>
    <hdop>1.0</hdop>
    <vdop>1.6</vdop>
    <pdop>1.9</pdop>
   </trkpt>
   <trkpt lat="-34.919145" lon="-56.167377">
    <ele>27.600000</ele>
    <time>2011-12-20T20:39:59.844Z</time>
    <src>GPSD tag="RMC"</src>
    <fix>3d</fix>
    <sat>9</sat>
    <hdop>1.0</hdop>
    <vdop>1.6</vdop>
    <pdop>1.9</pdop>
   </trkpt>
   <trkpt lat="-34.919145" lon="-56.167377">
    <ele>27.600000</ele>
    <time>2011-12-20T20:40:00.844Z</time>
    <src>GPSD tag="RMC"</src>
    <fix>3d</fix>
    <sat>9</sat>
    <hdop>1.0</hdop>
    <vdop>1.6</vdop>
    <pdop>1.9</pdop>
   </trkpt>
   <trkpt lat="-34.919145" lon="-56.167377">
    <ele>27.600000</ele>
    <time>2011-12-20T20:40:01.844Z</time>
    <src>GPSD tag="RMC"</src>
    <fix>3d</fix>
    <sat>9</sat>
    <hdop>1.0</hdop>
    <vdop>1.6</vdop>
    <pdop>1.9</pdop>
   </trkpt>
   <trkpt lat="-34.919143" lon="-56.167377">
    <ele>27.400000</ele>
    <time>2011-12-20T20:40:02.844Z</time>
    <src>GPSD tag="RMC"</src>
    <fix>3d</fix>
    <sat>9</sat>
    <hdop>1.0</hdop>
    <vdop>1.6</vdop>
    <pdop>1.9</pdop>
   </trkpt>
   <trkpt lat="-34.919143" lon="-56.167377">
    <ele>27.200000</ele>
    <time>2011-12-20T20:40:03.844Z</time>
    <src>GPSD tag="RMC"</src>
    <fix>3d</fix>
    <sat>9</sat>
    <hdop>1.0</hdop>
    <vdop>1.6</vdop>
    <pdop>1.9</pdop>
   </trkpt>
   <trkpt lat="-34.919145" lon="-56.167378">
    <ele>27.100000</ele>
    <time>2011-12-20T20:40:04.844Z</time>
    <src>GPSD tag="RMC"</src>
    <fix>3d</fix>
    <sat>9</sat>
    <hdop>1.0</hdop>
    <vdop>1.6</vdop>
    <pdop>1.9</pdop>
   </trkpt>
   <trkpt lat="-34.919147" lon="-56.167380">
    <ele>27.000000</ele>
    <time>2011-12-20T20:40:05.844Z</time>
    <src>GPSD tag="RMC"</src>
    <fix>3d</fix>
    <sat>9</sat>
    <hdop>1.0</hdop>
    <vdop>1.6</vdop>
    <pdop>1.9</pdop>
   </trkpt>
   <trkpt lat="-34.919147" lon="-56.167382">
    <ele>26.900000</ele>
    <time>2011-12-20T20:40:06.844Z</time>
    <src>GPSD tag="RMC"</src>
    <fix>3d</fix>
    <sat>9</sat>
    <hdop>1.0</hdop>
    <vdop>1.6</vdop>
    <pdop>1.9</pdop>
   </trkpt>
   <trkpt lat="-34.919147" lon="-56.167382">
    <ele>26.900000</ele>
    <time>2011-12-20T20:40:07.844Z</time>
    <src>GPSD tag="RMC"</src>
    <fix>3d</fix>
    <sat>9</sat>
    <hdop>1.0</hdop>
    <vdop>1.6</vdop>
    <pdop>1.9</pdop>
   </trkpt>
   <trkpt lat="-34.919147" lon="-56.167383">
    <ele>26.900000</ele>
    <time>2011-12-20T20:40:08.844Z</time>
    <src>GPSD tag="RMC"</src>
    <fix>3d</fix>
    <sat>9</sat>
    <hdop>1.0</hdop>
    <vdop>1.6</vdop>
    <pdop>1.9</pdop>
   </trkpt>
   <trkpt lat="-34.919147" lon="-56.167383">
    <ele>26.900000</ele>
    <time>2011-12-20T20:40:09.844Z</time>
    <src>GPSD tag="RMC"</src>
    <fix>3d</fix>
    <sat>9</sat>
    <hdop>1.0</hdop>
    <vdop>1.6</vdop>
    <pdop>1.9</pdop>
   </trkpt>
   <trkpt lat="-34.919147" lon="-56.167382">
    <ele>26.900000</ele>
    <time>2011-12-20T20:40:10.844Z</time>
    <src>GPSD tag="RMC"</src>
    <fix>3d</fix>
    <sat>9</sat>
    <hdop>1.0</hdop>
    <vdop>1.6</vdop>
    <pdop>1.9</pdop>
   </trkpt>
   <trkpt lat="-34.919147" lon="-56.167382">
    <ele>26.800000</ele>
    <time>2011-12-20T20:40:11.844Z</time>
    <src>GPSD tag="RMC"</src>
    <fix>3d</fix>
    <sat>9</sat>
    <hdop>1.0</hdop>
    <vdop>1.6</vdop>
    <pdop>1.9</pdop>
   </trkpt>
   <trkpt lat="-34.919148" lon="-56.167382">
    <ele>26.900000</ele>
    <time>2011-12-20T20:40:12.844Z</time>
    <src>GPSD tag="RMC"</src>
    <fix>3d</fix>
    <sat>9</sat>
    <hdop>1.0</hdop>
    <vdop>1.6</vdop>
    <pdop>1.9</pdop>
   </trkpt>
   <trkpt lat="-34.919148" lon="-56.167380">
    <ele>26.900000</ele>
    <time>2011-12-20T20:40:13.844Z</time>
    <src>GPSD tag="RMC"</src>
    <fix>3d</fix>
    <sat>9</sat>
    <hdop>1.0</hdop>
    <vdop>1.6</vdop>
    <pdop>1.9</pdop>
   </trkpt>
   <trkpt lat="-34.919150" lon="-56.167378">
    <ele>27.000000</ele>
    <time>2011-12-20T20:40:14.844Z</time>
    <src>GPSD tag="RMC"</src>
    <fix>3d</fix>
    <sat>9</sat>
    <hdop>1.0</hdop>
    <vdop>1.6</vdop>
    <pdop>1.9</pdop>
   </trkpt>
   <trkpt lat="-34.919150" lon="-56.167377">
    <ele>26.900000</ele>
    <time>2011-12-20T20:40:15.844Z</time>
    <src>GPSD tag="RMC"</src>
    <fix>3d</fix>
    <sat>9</sat>
    <hdop>1.0</hdop>
    <vdop>1.6</vdop>
    <pdop>1.9</pdop>
   </trkpt>
   <trkpt lat="-34.919148" lon="-56.167377">
    <ele>26.800000</ele>
    <time>2011-12-20T20:40:16.844Z</time>
    <src>GPSD tag="RMC"</src>
    <fix>3d</fix>
    <sat>9</sat>
    <hdop>1.0</hdop>
    <vdop>1.6</vdop>
    <pdop>1.9</pdop>
   </trkpt>
   <trkpt lat="-34.919145" lon="-56.167387">
    <ele>26.300000</ele>
    <time>2011-12-20T20:40:17.844Z</time>
    <src>GPSD tag="RMC"</src>
    <fix>3d</fix>
    <sat>9</sat>
    <hdop>1.0</hdop>
    <vdop>1.6</vdop>
    <pdop>1.9</pdop>
   </trkpt>
   <trkpt lat="-34.919145" lon="-56.167388">
    <ele>26.200000</ele>
    <time>2011-12-20T20:40:18.844Z</time>
    <src>GPSD tag="RMC"</src>
    <fix>3d</fix>
    <sat>9</sat>
    <hdop>1.0</hdop>
    <vdop>1.6</vdop>
    <pdop>1.9</pdop>
   </trkpt>
   <trkpt lat="-34.919145" lon="-56.167387">
    <ele>26.300000</ele>
    <time>2011-12-20T20:40:19.844Z</time>
    <src>GPSD tag="RMC"</src>
    <fix>3d</fix>
    <sat>9</sat>
    <hdop>1.0</hdop>
    <vdop>1.6</vdop>
    <pdop>1.9</pdop>
   </trkpt>
   <trkpt lat="-34.919143" lon="-56.167387">
    <ele>26.300000</ele>
    <time>2011-12-20T20:40:20.844Z</time>
    <src>GPSD tag="RMC"</src>
    <fix>3d</fix>
    <sat>9</sat>
    <hdop>1.0</hdop>
    <vdop>1.6</vdop>
    <pdop>1.9</pdop>
   </trkpt>
   <trkpt lat="-34.919143" lon="-56.167388">
    <ele>26.100000</ele>
    <time>2011-12-20T20:40:21.844Z</time>
    <src>GPSD tag="RMC"</src>
    <fix>3d</fix>
    <sat>9</sat>
    <hdop>1.0</hdop>
    <vdop>1.6</vdop>
    <pdop>1.9</pdop>
   </trkpt>
   <trkpt lat="-34.919142" lon="-56.167387">
    <ele>26.100000</ele>
    <time>2011-12-20T20:40:22.844Z</time>
    <src>GPSD tag="RMC"</src>
    <fix>3d</fix>
    <sat>9</sat>
    <hdop>1.0</hdop>
    <vdop>1.6</vdop>
    <pdop>1.9</pdop>
   </trkpt>
   <trkpt lat="-34.919142" lon="-56.167387">
    <ele>26.100000</ele>
    <time>2011-12-20T20:40:23.844Z</time>
    <src>GPSD tag="RMC"</src>
    <fix>3d</fix>
    <sat>9</sat>
    <hdop>1.0</hdop>
    <vdop>1.6</vdop>
    <pdop>1.9</pdop>
   </trkpt>
   <trkpt lat="-34.919142" lon="-56.167387">
    <ele>26.100000</ele>
    <time>2011-12-20T20:40:24.844Z</time>
    <src>GPSD tag="RMC"</src>
    <fix>3d</fix>
    <sat>9</sat>
    <hdop>1.0</hdop>
    <vdop>1.6</vdop>
    <pdop>1.9</pdop>
   </trkpt>
   <trkpt lat="-34.919145" lon="-56.167387">
    <ele>26.200000</ele>
    <time>2011-12-20T20:40:25.844Z</time>
    <src>GPSD tag="RMC"</src>
    <fix>3d</fix>
    <sat>9</sat>
    <hdop>1.0</hdop>
    <vdop>1.6</vdop>
    <pdop>1.9</pdop>
   </trkpt>
   <trkpt lat="-34.919143" lon="-56.167388">
    <ele>26.300000</ele>
    <time>2011-12-20T20:40:26.844Z</time>
    <src>GPSD tag="RMC"</src>
    <fix>3d</fix>
    <sat>9</sat>
    <hdop>1.0</hdop>
    <vdop>1.6</vdop>
    <pdop>1.9</pdop>
   </trkpt>
   <trkpt lat="-34.919143" lon="-56.167390">
    <ele>26.200000</ele>
    <time>2011-12-20T20:40:27.844Z</time>
    <src>GPSD tag="RMC"</src>
    <fix>3d</fix>
    <sat>9</sat>
    <hdop>1.0</hdop>
    <vdop>1.6</vdop>
    <pdop>1.9</pdop>
   </trkpt>
   <trkpt lat="-34.919145" lon="-56.167390">
    <ele>26.300000</ele>
    <time>2011-12-20T20:40:28.844Z</time>
    <src>GPSD tag="RMC"</src>
    <fix>3d</fix>
    <sat>9</sat>
    <hdop>1.0</hdop>
    <vdop>1.6</vdop>
    <pdop>1.9</pdop>
   </trkpt>
   <trkpt lat="-34.919145" lon="-56.167390">
    <ele>26.200000</ele>
    <time>2011-12-20T20:40:29.844Z</time>
    <src>GPSD tag="RMC"</src>
    <fix>3d</fix>
    <sat>9</sat>
    <hdop>1.0</hdop>
    <vdop>1.6</vdop>
    <pdop>1.9</pdop>
   </trkpt>
   <trkpt lat="-34.919145" lon="-56.167392">
    <ele>26.200000</ele>
    <time>2011-12-20T20:40:30.844Z</time>
    <src>GPSD tag="RMC"</src>
    <fix>3d</fix>
    <sat>9</sat>
    <hdop>1.0</hdop>
    <vdop>1.6</vdop>
    <pdop>1.9</pdop>
   </trkpt>
   <trkpt lat="-34.919145" lon="-56.167392">
    <ele>26.100000</ele>
    <time>2011-12-20T20:40:31.844Z</time>
    <src>GPSD tag="RMC"</src>
    <fix>3d</fix>
    <sat>9</sat>
    <hdop>1.0</hdop>
    <vdop>1.6</vdop>
    <pdop>1.9</pdop>
   </trkpt>
   <trkpt lat="-34.919147" lon="-56.167390">
    <ele>26.200000</ele>
    <time>2011-12-20T20:40:32.844Z</time>
    <src>GPSD tag="RMC"</src>
    <fix>3d</fix>
    <sat>9</sat>
    <hdop>1.0</hdop>
    <vdop>1.6</vdop>
    <pdop>1.9</pdop>
   </trkpt>
   <trkpt lat="-34.919147" lon="-56.167390">
    <ele>26.300000</ele>
    <time>2011-12-20T20:40:33.844Z</time>
    <src>GPSD tag="RMC"</src>
    <fix>3d</fix>
    <sat>9</sat>
    <hdop>1.0</hdop>
    <vdop>1.6</vdop>
    <pdop>1.9</pdop>
   </trkpt>
   <trkpt lat="-34.919147" lon="-56.167390">
    <ele>26.200000</ele>
    <time>2011-12-20T20:40:34.844Z</time>
    <src>GPSD tag="RMC"</src>
    <fix>3d</fix>
    <sat>9</sat>
    <hdop>1.0</hdop>
    <vdop>1.6</vdop>
    <pdop>1.9</pdop>
   </trkpt>
   <trkpt lat="-34.919147" lon="-56.167390">
    <ele>26.100000</ele>
    <time>2011-12-20T20:40:35.844Z</time>
    <src>GPSD tag="RMC"</src>
    <fix>3d</fix>
    <sat>9</sat>
    <hdop>1.0</hdop>
    <vdop>1.6</vdop>
    <pdop>1.9</pdop>
   </trkpt>
   <trkpt lat="-34.919145" lon="-56.167392">
    <ele>26.000000</ele>
    <time>2011-12-20T20:40:36.844Z</time>
    <src>GPSD tag="RMC"</src>
    <fix>3d</fix>
    <sat>9</sat>
    <hdop>1.0</hdop>
    <vdop>1.6</vdop>
    <pdop>1.9</pdop>
   </trkpt>
   <trkpt lat="-34.919145" lon="-56.167392">
    <ele>26.100000</ele>
    <time>2011-12-20T20:40:37.844Z</time>
    <src>GPSD tag="RMC"</src>
    <fix>3d</fix>
    <sat>8</sat>
    <hdop>1.5</hdop>
    <vdop>2.2</vdop>
    <pdop>2.6</pdop>
   </trkpt>
   <trkpt lat="-34.919145" lon="-56.167392">
    <ele>26.200000</ele>
    <time>2011-12-20T20:40:38.844Z</time>
    <src>GPSD tag="RMC"</src>
    <fix>3d</fix>
    <sat>8</sat>
    <hdop>1.5</hdop>
    <vdop>2.2</vdop>
    <pdop>2.6</pdop>
   </trkpt>
   <trkpt lat="-34.919143" lon="-56.167393">
    <ele>26.200000</ele>
    <time>2011-12-20T20:40:39.844Z</time>
    <src>GPSD tag="RMC"</src>
    <fix>3d</fix>
    <sat>8</sat>
    <hdop>1.5</hdop>
    <vdop>2.2</vdop>
    <pdop>2.6</pdop>
   </trkpt>
   <trkpt lat="-34.919143" lon="-56.167393">
    <ele>26.200000</ele>
    <time>2011-12-20T20:40:40.844Z</time>
    <src>GPSD tag="RMC"</src>
    <fix>3d</fix>
    <sat>9</sat>
    <hdop>1.0</hdop>
    <vdop>1.6</vdop>
    <pdop>1.9</pdop>
   </trkpt>
   <trkpt lat="-34.919143" lon="-56.167393">
    <ele>26.200000</ele>
    <time>2011-12-20T20:40:41.844Z</time>
    <src>GPSD tag="RMC"</src>
    <fix>3d</fix>
    <sat>9</sat>
    <hdop>1.0</hdop>
    <vdop>1.6</vdop>
    <pdop>1.9</pdop>
   </trkpt>
   <trkpt lat="-34.919143" lon="-56.167393">
    <ele>26.200000</ele>
    <time>2011-12-20T20:40:42.844Z</time>
    <src>GPSD tag="RMC"</src>
    <fix>3d</fix>
    <sat>9</sat>
    <hdop>1.0</hdop>
    <vdop>1.6</vdop>
    <pdop>1.9</pdop>
   </trkpt>
   <trkpt lat="-34.919143" lon="-56.167393">
    <ele>26.200000</ele>
    <time>2011-12-20T20:40:43.844Z</time>
    <src>GPSD tag="RMC"</src>
    <fix>3d</fix>
    <sat>8</sat>
    <hdop>1.1</hdop>
    <vdop>1.7</vdop>
    <pdop>2.1</pdop>
   </trkpt>
   <trkpt lat="-34.919143" lon="-56.167393">
    <ele>26.200000</ele>
    <time>2011-12-20T20:40:44.844Z</time>
    <src>GPSD tag="RMC"</src>
    <fix>3d</fix>
    <sat>8</sat>
    <hdop>1.1</hdop>
    <vdop>1.7</vdop>
    <pdop>2.1</pdop>
   </trkpt>
   <trkpt lat="-34.919143" lon="-56.167392">
    <ele>26.200000</ele>
    <time>2011-12-20T20:40:45.844Z</time>
    <src>GPSD tag="RMC"</src>
    <fix>3d</fix>
    <sat>8</sat>
    <hdop>1.1</hdop>
    <vdop>1.7</vdop>
    <pdop>2.1</pdop>
   </trkpt>
   <trkpt lat="-34.919143" lon="-56.167392">
    <ele>26.100000</ele>
    <time>2011-12-20T20:40:46.844Z</time>
    <src>GPSD tag="RMC"</src>
    <fix>3d</fix>
    <sat>9</sat>
    <hdop>1.0</hdop>
    <vdop>1.5</vdop>
    <pdop>1.8</pdop>
   </trkpt>
   <trkpt lat="-34.919143" lon="-56.167392">
    <ele>26.100000</ele>
    <time>2011-12-20T20:40:47.844Z</time>
    <src>GPSD tag="RMC"</src>
    <fix>3d</fix>
    <sat>9</sat>
    <hdop>1.0</hdop>
    <vdop>1.5</vdop>
    <pdop>1.8</pdop>
   </trkpt>
   <trkpt lat="-34.919142" lon="-56.167393">
    <ele>26.100000</ele>
    <time>2011-12-20T20:40:48.844Z</time>
    <src>GPSD tag="RMC"</src>
    <fix>3d</fix>
    <sat>9</sat>
    <hdop>1.0</hdop>
    <vdop>1.5</vdop>
    <pdop>1.8</pdop>
   </trkpt>
   <trkpt lat="-34.919142" lon="-56.167393">
    <ele>26.000000</ele>
    <time>2011-12-20T20:40:49.844Z</time>
    <src>GPSD tag="RMC"</src>
    <fix>3d</fix>
    <sat>9</sat>
    <hdop>1.0</hdop>
    <vdop>1.5</vdop>
    <pdop>1.8</pdop>
   </trkpt>
   <trkpt lat="-34.919142" lon="-56.167393">
    <ele>26.000000</ele>
    <time>2011-12-20T20:40:50.844Z</time>
    <src>GPSD tag="RMC"</src>
    <fix>3d</fix>
    <sat>9</sat>
    <hdop>1.0</hdop>
    <vdop>1.5</vdop>
    <pdop>1.8</pdop>
   </trkpt>
   <trkpt lat="-34.919142" lon="-56.167395">
    <ele>26.000000</ele>
    <time>2011-12-20T20:40:51.844Z</time>
    <src>GPSD tag="RMC"</src>
    <fix>3d</fix>
    <sat>9</sat>
    <hdop>1.0</hdop>
    <vdop>1.5</vdop>
    <pdop>1.8</pdop>
   </trkpt>
   <trkpt lat="-34.919143" lon="-56.167397">
    <ele>25.900000</ele>
    <time>2011-12-20T20:40:52.844Z</time>
    <src>GPSD tag="RMC"</src>
    <fix>3d</fix>
    <sat>9</sat>
    <hdop>1.0</hdop>
    <vdop>1.5</vdop>
    <pdop>1.8</pdop>
   </trkpt>
   <trkpt lat="-34.919142" lon="-56.167397">
    <ele>25.900000</ele>
    <time>2011-12-20T20:40:53.844Z</time>
    <src>GPSD tag="RMC"</src>
    <fix>3d</fix>
    <sat>9</sat>
    <hdop>1.0</hdop>
    <vdop>1.5</vdop>
    <pdop>1.8</pdop>
   </trkpt>
   <trkpt lat="-34.919143" lon="-56.167395">
    <ele>26.000000</ele>
    <time>2011-12-20T20:40:54.844Z</time>
    <src>GPSD tag="RMC"</src>
    <fix>3d</fix>
    <sat>9</sat>
    <hdop>1.0</hdop>
    <vdop>1.5</vdop>
    <pdop>1.8</pdop>
   </trkpt>
   <trkpt lat="-34.919145" lon="-56.167395">
    <ele>26.000000</ele>
    <time>2011-12-20T20:40:55.844Z</time>
    <src>GPSD tag="RMC"</src>
    <fix>3d</fix>
    <sat>9</sat>
    <hdop>1.0</hdop>
    <vdop>1.5</vdop>
    <pdop>1.8</pdop>
   </trkpt>
   <trkpt lat="-34.919143" lon="-56.167393">
    <ele>26.000000</ele>
    <time>2011-12-20T20:40:56.844Z</time>
    <src>GPSD tag="RMC"</src>
    <fix>3d</fix>
    <sat>9</sat>
    <hdop>1.0</hdop>
    <vdop>1.5</vdop>
    <pdop>1.8</pdop>
   </trkpt>
   <trkpt lat="-34.919143" lon="-56.167393">
    <ele>26.000000</ele>
    <time>2011-12-20T20:40:57.844Z</time>
    <src>GPSD tag="RMC"</src>
    <fix>3d</fix>
    <sat>9</sat>
    <hdop>1.0</hdop>
    <vdop>1.5</vdop>
    <pdop>1.8</pdop>
   </trkpt>
   <trkpt lat="-34.919143" lon="-56.167393">
    <ele>26.000000</ele>
    <time>2011-12-20T20:40:58.844Z</time>
    <src>GPSD tag="RMC"</src>
    <fix>3d</fix>
    <sat>9</sat>
    <hdop>1.0</hdop>
    <vdop>1.5</vdop>
    <pdop>1.8</pdop>
   </trkpt>
   <trkpt lat="-34.919142" lon="-56.167393">
    <ele>25.900000</ele>
    <time>2011-12-20T20:40:59.844Z</time>
    <src>GPSD tag="RMC"</src>
    <fix>3d</fix>
    <sat>9</sat>
    <hdop>1.0</hdop>
    <vdop>1.5</vdop>
    <pdop>1.8</pdop>
   </trkpt>
   <trkpt lat="-34.919143" lon="-56.167390">
    <ele>25.900000</ele>
    <time>2011-12-20T20:41:00.844Z</time>
    <src>GPSD tag="RMC"</src>
    <fix>3d</fix>
    <sat>9</sat>
    <hdop>1.0</hdop>
    <vdop>1.5</vdop>
    <pdop>1.8</pdop>
   </trkpt>
   <trkpt lat="-34.919142" lon="-56.167392">
    <ele>26.000000</ele>
    <time>2011-12-20T20:41:01.844Z</time>
    <src>GPSD tag="RMC"</src>
    <fix>3d</fix>
    <sat>9</sat>
    <hdop>1.0</hdop>
    <vdop>1.6</vdop>
    <pdop>1.9</pdop>
   </trkpt>
   <trkpt lat="-34.919142" lon="-56.167392">
    <ele>25.900000</ele>
    <time>2011-12-20T20:41:02.844Z</time>
    <src>GPSD tag="RMC"</src>
    <fix>3d</fix>
    <sat>9</sat>
    <hdop>1.0</hdop>
    <vdop>1.6</vdop>
    <pdop>1.9</pdop>
   </trkpt>
   <trkpt lat="-34.919138" lon="-56.167390">
    <ele>25.900000</ele>
    <time>2011-12-20T20:41:03.844Z</time>
    <src>GPSD tag="RMC"</src>
    <fix>3d</fix>
    <sat>9</sat>
    <hdop>1.0</hdop>
    <vdop>1.6</vdop>
    <pdop>1.9</pdop>
   </trkpt>
   <trkpt lat="-34.919138" lon="-56.167387">
    <ele>25.900000</ele>
    <time>2011-12-20T20:41:04.844Z</time>
    <src>GPSD tag="RMC"</src>
    <fix>3d</fix>
    <sat>9</sat>
    <hdop>1.0</hdop>
    <vdop>1.6</vdop>
    <pdop>1.9</pdop>
   </trkpt>
   <trkpt lat="-34.919142" lon="-56.167383">
    <ele>26.300000</ele>
    <time>2011-12-20T20:41:05.844Z</time>
    <src>GPSD tag="RMC"</src>
    <fix>3d</fix>
    <sat>9</sat>
    <hdop>1.0</hdop>
    <vdop>1.6</vdop>
    <pdop>1.9</pdop>
   </trkpt>
   <trkpt lat="-34.919142" lon="-56.167387">
    <ele>26.500000</ele>
    <time>2011-12-20T20:41:06.844Z</time>
    <src>GPSD tag="RMC"</src>
    <fix>3d</fix>
    <sat>9</sat>
    <hdop>1.0</hdop>
    <vdop>1.6</vdop>
    <pdop>1.9</pdop>
   </trkpt>
   <trkpt lat="-34.919142" lon="-56.167387">
    <ele>26.700000</ele>
    <time>2011-12-20T20:41:07.844Z</time>
    <src>GPSD tag="RMC"</src>
    <fix>3d</fix>
    <sat>9</sat>
    <hdop>1.0</hdop>
    <vdop>1.6</vdop>
    <pdop>1.9</pdop>
   </trkpt>
   <trkpt lat="-34.919142" lon="-56.167387">
    <ele>26.700000</ele>
    <time>2011-12-20T20:41:08.844Z</time>
    <src>GPSD tag="RMC"</src>
    <fix>3d</fix>
    <sat>9</sat>
    <hdop>1.0</hdop>
    <vdop>1.6</vdop>
    <pdop>1.9</pdop>
   </trkpt>
   <trkpt lat="-34.919142" lon="-56.167388">
    <ele>26.700000</ele>
    <time>2011-12-20T20:41:09.844Z</time>
    <src>GPSD tag="RMC"</src>
    <fix>3d</fix>
    <sat>9</sat>
    <hdop>1.0</hdop>
    <vdop>1.6</vdop>
    <pdop>1.9</pdop>
   </trkpt>
   <trkpt lat="-34.919142" lon="-56.167392">
    <ele>26.600000</ele>
    <time>2011-12-20T20:41:10.844Z</time>
    <src>GPSD tag="RMC"</src>
    <fix>3d</fix>
    <sat>9</sat>
    <hdop>1.0</hdop>
    <vdop>1.5</vdop>
    <pdop>1.8</pdop>
   </trkpt>
   <trkpt lat="-34.919140" lon="-56.167392">
    <ele>26.600000</ele>
    <time>2011-12-20T20:41:11.844Z</time>
    <src>GPSD tag="RMC"</src>
    <fix>3d</fix>
    <sat>9</sat>
    <hdop>1.0</hdop>
    <vdop>1.5</vdop>
    <pdop>1.8</pdop>
   </trkpt>
   <trkpt lat="-34.919140" lon="-56.167392">
    <ele>26.600000</ele>
    <time>2011-12-20T20:41:12.844Z</time>
    <src>GPSD tag="RMC"</src>
    <fix>3d</fix>
    <sat>9</sat>
    <hdop>1.0</hdop>
    <vdop>1.5</vdop>
    <pdop>1.8</pdop>
   </trkpt>
   <trkpt lat="-34.919138" lon="-56.167390">
    <ele>26.700000</ele>
    <time>2011-12-20T20:41:13.844Z</time>
    <src>GPSD tag="RMC"</src>
    <fix>3d</fix>
    <sat>9</sat>
    <hdop>1.0</hdop>
    <vdop>1.6</vdop>
    <pdop>1.9</pdop>
   </trkpt>
   <trkpt lat="-34.919138" lon="-56.167390">
    <ele>26.800000</ele>
    <time>2011-12-20T20:41:14.844Z</time>
    <src>GPSD tag="RMC"</src>
    <fix>3d</fix>
    <sat>9</sat>
    <hdop>1.0</hdop>
    <vdop>1.6</vdop>
    <pdop>1.9</pdop>
   </trkpt>
   <trkpt lat="-34.919138" lon="-56.167392">
    <ele>26.800000</ele>
    <time>2011-12-20T20:41:15.844Z</time>
    <src>GPSD tag="RMC"</src>
    <fix>3d</fix>
    <sat>9</sat>
    <hdop>1.0</hdop>
    <vdop>1.6</vdop>
    <pdop>1.9</pdop>
   </trkpt>
   <trkpt lat="-34.919138" lon="-56.167390">
    <ele>26.900000</ele>
    <time>2011-12-20T20:41:16.844Z</time>
    <src>GPSD tag="RMC"</src>
    <fix>3d</fix>
    <sat>9</sat>
    <hdop>1.0</hdop>
    <vdop>1.6</vdop>
    <pdop>1.9</pdop>
   </trkpt>
   <trkpt lat="-34.919138" lon="-56.167392">
    <ele>27.000000</ele>
    <time>2011-12-20T20:41:17.844Z</time>
    <src>GPSD tag="RMC"</src>
    <fix>3d</fix>
    <sat>9</sat>
    <hdop>1.0</hdop>
    <vdop>1.6</vdop>
    <pdop>1.9</pdop>
   </trkpt>
   <trkpt lat="-34.919137" lon="-56.167393">
    <ele>27.100000</ele>
    <time>2011-12-20T20:41:18.844Z</time>
    <src>GPSD tag="RMC"</src>
    <fix>3d</fix>
    <sat>9</sat>
    <hdop>1.0</hdop>
    <vdop>1.6</vdop>
    <pdop>1.9</pdop>
   </trkpt>
   <trkpt lat="-34.919135" lon="-56.167397">
    <ele>27.300000</ele>
    <time>2011-12-20T20:41:19.844Z</time>
    <src>GPSD tag="RMC"</src>
    <fix>3d</fix>
    <sat>9</sat>
    <hdop>1.0</hdop>
    <vdop>1.6</vdop>
    <pdop>1.9</pdop>
   </trkpt>
   <trkpt lat="-34.919135" lon="-56.167398">
    <ele>27.400000</ele>
    <time>2011-12-20T20:41:20.844Z</time>
    <src>GPSD tag="RMC"</src>
    <fix>3d</fix>
    <sat>9</sat>
    <hdop>1.0</hdop>
    <vdop>1.6</vdop>
    <pdop>1.9</pdop>
   </trkpt>
   <trkpt lat="-34.919135" lon="-56.167400">
    <ele>27.500000</ele>
    <time>2011-12-20T20:41:21.844Z</time>
    <src>GPSD tag="RMC"</src>
    <fix>3d</fix>
    <sat>9</sat>
    <hdop>1.0</hdop>
    <vdop>1.6</vdop>
    <pdop>1.9</pdop>
   </trkpt>
   <trkpt lat="-34.919135" lon="-56.167400">
    <ele>27.700000</ele>
    <time>2011-12-20T20:41:22.844Z</time>
    <src>GPSD tag="RMC"</src>
    <fix>3d</fix>
    <sat>9</sat>
    <hdop>1.0</hdop>
    <vdop>1.6</vdop>
    <pdop>1.9</pdop>
   </trkpt>
   <trkpt lat="-34.919135" lon="-56.167400">
    <ele>27.900000</ele>
    <time>2011-12-20T20:41:23.844Z</time>
    <src>GPSD tag="RMC"</src>
    <fix>3d</fix>
    <sat>9</sat>
    <hdop>1.0</hdop>
    <vdop>1.6</vdop>
    <pdop>1.9</pdop>
   </trkpt>
   <trkpt lat="-34.919135" lon="-56.167398">
    <ele>28.000000</ele>
    <time>2011-12-20T20:41:24.844Z</time>
    <src>GPSD tag="RMC"</src>
    <fix>3d</fix>
    <sat>9</sat>
    <hdop>1.0</hdop>
    <vdop>1.6</vdop>
    <pdop>1.9</pdop>
   </trkpt>
   <trkpt lat="-34.919137" lon="-56.167398">
    <ele>28.100000</ele>
    <time>2011-12-20T20:41:25.844Z</time>
    <src>GPSD tag="RMC"</src>
    <fix>3d</fix>
    <sat>9</sat>
    <hdop>1.0</hdop>
    <vdop>1.6</vdop>
    <pdop>1.9</pdop>
   </trkpt>
   <trkpt lat="-34.919137" lon="-56.167398">
    <ele>28.000000</ele>
    <time>2011-12-20T20:41:26.844Z</time>
    <src>GPSD tag="RMC"</src>
    <fix>3d</fix>
    <sat>9</sat>
    <hdop>1.0</hdop>
    <vdop>1.6</vdop>
    <pdop>1.9</pdop>
   </trkpt>
   <trkpt lat="-34.919137" lon="-56.167398">
    <ele>28.100000</ele>
    <time>2011-12-20T20:41:27.844Z</time>
    <src>GPSD tag="RMC"</src>
    <fix>3d</fix>
    <sat>9</sat>
    <hdop>1.0</hdop>
    <vdop>1.6</vdop>
    <pdop>1.9</pdop>
   </trkpt>
   <trkpt lat="-34.919137" lon="-56.167398">
    <ele>28.200000</ele>
    <time>2011-12-20T20:41:28.844Z</time>
    <src>GPSD tag="RMC"</src>
    <fix>3d</fix>
    <sat>9</sat>
    <hdop>1.0</hdop>
    <vdop>1.6</vdop>
    <pdop>1.9</pdop>
   </trkpt>
   <trkpt lat="-34.919137" lon="-56.167393">
    <ele>28.300000</ele>
    <time>2011-12-20T20:41:29.844Z</time>
    <src>GPSD tag="RMC"</src>
    <fix>3d</fix>
    <sat>9</sat>
    <hdop>1.0</hdop>
    <vdop>1.6</vdop>
    <pdop>1.9</pdop>
   </trkpt>
   <trkpt lat="-34.919137" lon="-56.167393">
    <ele>28.300000</ele>
    <time>2011-12-20T20:41:30.844Z</time>
    <src>GPSD tag="RMC"</src>
    <fix>3d</fix>
    <sat>9</sat>
    <hdop>1.0</hdop>
    <vdop>1.6</vdop>
    <pdop>1.9</pdop>
   </trkpt>
   <trkpt lat="-34.919140" lon="-56.167388">
    <ele>28.600000</ele>
    <time>2011-12-20T20:41:31.844Z</time>
    <src>GPSD tag="RMC"</src>
    <fix>3d</fix>
    <sat>9</sat>
    <hdop>1.0</hdop>
    <vdop>1.6</vdop>
    <pdop>1.9</pdop>
   </trkpt>
   <trkpt lat="-34.919140" lon="-56.167392">
    <ele>28.700000</ele>
    <time>2011-12-20T20:41:32.844Z</time>
    <src>GPSD tag="RMC"</src>
    <fix>3d</fix>
    <sat>9</sat>
    <hdop>1.0</hdop>
    <vdop>1.6</vdop>
    <pdop>1.9</pdop>
   </trkpt>
   <trkpt lat="-34.919138" lon="-56.167390">
    <ele>28.700000</ele>
    <time>2011-12-20T20:41:33.844Z</time>
    <src>GPSD tag="RMC"</src>
    <fix>3d</fix>
    <sat>9</sat>
    <hdop>1.0</hdop>
    <vdop>1.6</vdop>
    <pdop>1.9</pdop>
   </trkpt>
   <trkpt lat="-34.919137" lon="-56.167390">
    <ele>28.800000</ele>
    <time>2011-12-20T20:41:34.844Z</time>
    <src>GPSD tag="RMC"</src>
    <fix>3d</fix>
    <sat>9</sat>
    <hdop>1.0</hdop>
    <vdop>1.6</vdop>
    <pdop>1.9</pdop>
   </trkpt>
   <trkpt lat="-34.919133" lon="-56.167390">
    <ele>28.900000</ele>
    <time>2011-12-20T20:41:35.844Z</time>
    <src>GPSD tag="RMC"</src>
    <fix>3d</fix>
    <sat>9</sat>
    <hdop>1.0</hdop>
    <vdop>1.6</vdop>
    <pdop>1.9</pdop>
   </trkpt>
   <trkpt lat="-34.919133" lon="-56.167390">
    <ele>28.800000</ele>
    <time>2011-12-20T20:41:36.844Z</time>
    <src>GPSD tag="RMC"</src>
    <fix>3d</fix>
    <sat>9</sat>
    <hdop>1.0</hdop>
    <vdop>1.6</vdop>
    <pdop>1.9</pdop>
   </trkpt>
   <trkpt lat="-34.919133" lon="-56.167390">
    <ele>28.800000</ele>
    <time>2011-12-20T20:41:37.844Z</time>
    <src>GPSD tag="RMC"</src>
    <fix>3d</fix>
    <sat>9</sat>
    <hdop>1.0</hdop>
    <vdop>1.6</vdop>
    <pdop>1.9</pdop>
   </trkpt>
   <trkpt lat="-34.919132" lon="-56.167390">
    <ele>28.600000</ele>
    <time>2011-12-20T20:41:38.844Z</time>
    <src>GPSD tag="RMC"</src>
    <fix>3d</fix>
    <sat>9</sat>
    <hdop>1.0</hdop>
    <vdop>1.6</vdop>
    <pdop>1.9</pdop>
   </trkpt>
   <trkpt lat="-34.919130" lon="-56.167388">
    <ele>28.700000</ele>
    <time>2011-12-20T20:41:39.844Z</time>
    <src>GPSD tag="RMC"</src>
    <fix>3d</fix>
    <sat>9</sat>
    <hdop>1.0</hdop>
    <vdop>1.6</vdop>
    <pdop>1.9</pdop>
   </trkpt>
   <trkpt lat="-34.919128" lon="-56.167387">
    <ele>28.900000</ele>
    <time>2011-12-20T20:41:40.844Z</time>
    <src>GPSD tag="RMC"</src>
    <fix>3d</fix>
    <sat>9</sat>
    <hdop>1.0</hdop>
    <vdop>1.6</vdop>
    <pdop>1.9</pdop>
   </trkpt>
   <trkpt lat="-34.919140" lon="-56.167370">
    <ele>30.300000</ele>
    <time>2011-12-20T20:41:41.844Z</time>
    <src>GPSD tag="RMC"</src>
    <fix>3d</fix>
    <sat>9</sat>
    <hdop>1.0</hdop>
    <vdop>1.6</vdop>
    <pdop>1.9</pdop>
   </trkpt>
   <trkpt lat="-34.919157" lon="-56.167350">
    <ele>31.900000</ele>
    <time>2011-12-20T20:41:42.844Z</time>
    <src>GPSD tag="RMC"</src>
    <fix>3d</fix>
    <sat>9</sat>
    <hdop>1.0</hdop>
    <vdop>1.6</vdop>
    <pdop>1.9</pdop>
   </trkpt>
   <trkpt lat="-34.919170" lon="-56.167328">
    <ele>33.300000</ele>
    <time>2011-12-20T20:41:43.844Z</time>
    <src>GPSD tag="RMC"</src>
    <fix>3d</fix>
    <sat>9</sat>
    <hdop>1.0</hdop>
    <vdop>1.6</vdop>
    <pdop>1.9</pdop>
   </trkpt>
   <trkpt lat="-34.919180" lon="-56.167318">
    <ele>34.200000</ele>
    <time>2011-12-20T20:41:44.844Z</time>
    <src>GPSD tag="RMC"</src>
    <fix>3d</fix>
    <sat>9</sat>
    <hdop>1.0</hdop>
    <vdop>1.6</vdop>
    <pdop>1.9</pdop>
   </trkpt>
   <trkpt lat="-34.919183" lon="-56.167315">
    <ele>34.600000</ele>
    <time>2011-12-20T20:41:45.844Z</time>
    <src>GPSD tag="RMC"</src>
    <fix>3d</fix>
    <sat>9</sat>
    <hdop>1.0</hdop>
    <vdop>1.6</vdop>
    <pdop>1.9</pdop>
   </trkpt>
   <trkpt lat="-34.919185" lon="-56.167310">
    <ele>34.800000</ele>
    <time>2011-12-20T20:41:46.844Z</time>
    <src>GPSD tag="RMC"</src>
    <fix>3d</fix>
    <sat>9</sat>
    <hdop>1.0</hdop>
    <vdop>1.6</vdop>
    <pdop>1.9</pdop>
   </trkpt>
   <trkpt lat="-34.919187" lon="-56.167305">
    <ele>35.000000</ele>
    <time>2011-12-20T20:41:47.844Z</time>
    <src>GPSD tag="RMC"</src>
    <fix>3d</fix>
    <sat>9</sat>
    <hdop>1.0</hdop>
    <vdop>1.6</vdop>
    <pdop>1.9</pdop>
   </trkpt>
   <trkpt lat="-34.919190" lon="-56.167300">
    <ele>35.200000</ele>
    <time>2011-12-20T20:41:48.844Z</time>
    <src>GPSD tag="RMC"</src>
    <fix>3d</fix>
    <sat>9</sat>
    <hdop>1.0</hdop>
    <vdop>1.6</vdop>
    <pdop>1.9</pdop>
   </trkpt>
   <trkpt lat="-34.919190" lon="-56.167297">
    <ele>35.300000</ele>
    <time>2011-12-20T20:41:49.844Z</time>
    <src>GPSD tag="RMC"</src>
    <fix>3d</fix>
    <sat>9</sat>
    <hdop>1.0</hdop>
    <vdop>1.6</vdop>
    <pdop>1.9</pdop>
   </trkpt>
   <trkpt lat="-34.919190" lon="-56.167297">
    <ele>35.500000</ele>
    <time>2011-12-20T20:41:50.844Z</time>
    <src>GPSD tag="RMC"</src>
    <fix>3d</fix>
    <sat>9</sat>
    <hdop>1.0</hdop>
    <vdop>1.6</vdop>
    <pdop>1.9</pdop>
   </trkpt>
   <trkpt lat="-34.919190" lon="-56.167298">
    <ele>35.500000</ele>
    <time>2011-12-20T20:41:51.844Z</time>
    <src>GPSD tag="RMC"</src>
    <fix>3d</fix>
    <sat>9</sat>
    <hdop>1.0</hdop>
    <vdop>1.6</vdop>
    <pdop>1.9</pdop>
   </trkpt>
   <trkpt lat="-34.919188" lon="-56.167307">
    <ele>35.300000</ele>
    <time>2011-12-20T20:41:52.844Z</time>
    <src>GPSD tag="RMC"</src>
    <fix>3d</fix>
    <sat>9</sat>
    <hdop>1.0</hdop>
    <vdop>1.6</vdop>
    <pdop>1.9</pdop>
   </trkpt>
   <trkpt lat="-34.919185" lon="-56.167312">
    <ele>35.000000</ele>
    <time>2011-12-20T20:41:53.844Z</time>
    <src>GPSD tag="RMC"</src>
    <fix>3d</fix>
    <sat>9</sat>
    <hdop>1.0</hdop>
    <vdop>1.6</vdop>
    <pdop>1.9</pdop>
   </trkpt>
   <trkpt lat="-34.919185" lon="-56.167312">
    <ele>34.900000</ele>
    <time>2011-12-20T20:41:54.844Z</time>
    <src>GPSD tag="RMC"</src>
    <fix>3d</fix>
    <sat>9</sat>
    <hdop>1.0</hdop>
    <vdop>1.6</vdop>
    <pdop>1.9</pdop>
   </trkpt>
   <trkpt lat="-34.919185" lon="-56.167312">
    <ele>34.900000</ele>
    <time>2011-12-20T20:41:55.844Z</time>
    <src>GPSD tag="RMC"</src>
    <fix>3d</fix>
    <sat>9</sat>
    <hdop>1.0</hdop>
    <vdop>1.6</vdop>
    <pdop>1.9</pdop>
   </trkpt>
   <trkpt lat="-34.919185" lon="-56.167308">
    <ele>35.100000</ele>
    <time>2011-12-20T20:41:56.844Z</time>
    <src>GPSD tag="RMC"</src>
    <fix>3d</fix>
    <sat>9</sat>
    <hdop>1.0</hdop>
    <vdop>1.6</vdop>
    <pdop>1.9</pdop>
   </trkpt>
   <trkpt lat="-34.919183" lon="-56.167307">
    <ele>35.300000</ele>
    <time>2011-12-20T20:41:57.844Z</time>
    <src>GPSD tag="RMC"</src>
    <fix>3d</fix>
    <sat>9</sat>
    <hdop>1.0</hdop>
    <vdop>1.6</vdop>
    <pdop>1.9</pdop>
   </trkpt>
   <trkpt lat="-34.919185" lon="-56.167305">
    <ele>35.500000</ele>
    <time>2011-12-20T20:41:58.844Z</time>
    <src>GPSD tag="RMC"</src>
    <fix>3d</fix>
    <sat>9</sat>
    <hdop>1.0</hdop>
    <vdop>1.6</vdop>
    <pdop>1.9</pdop>
   </trkpt>
   <trkpt lat="-34.919185" lon="-56.167305">
    <ele>35.700000</ele>
    <time>2011-12-20T20:41:59.844Z</time>
    <src>GPSD tag="RMC"</src>
    <fix>3d</fix>
    <sat>9</sat>
    <hdop>1.0</hdop>
    <vdop>1.6</vdop>
    <pdop>1.9</pdop>
   </trkpt>
   <trkpt lat="-34.919182" lon="-56.167307">
    <ele>35.800000</ele>
    <time>2011-12-20T20:42:00.844Z</time>
    <src>GPSD tag="RMC"</src>
    <fix>3d</fix>
    <sat>9</sat>
    <hdop>1.0</hdop>
    <vdop>1.6</vdop>
    <pdop>1.9</pdop>
   </trkpt>
   <trkpt lat="-34.919177" lon="-56.167312">
    <ele>35.700000</ele>
    <time>2011-12-20T20:42:01.844Z</time>
    <src>GPSD tag="RMC"</src>
    <fix>3d</fix>
    <sat>9</sat>
    <hdop>1.0</hdop>
    <vdop>1.6</vdop>
    <pdop>1.9</pdop>
   </trkpt>
   <trkpt lat="-34.919172" lon="-56.167317">
    <ele>35.300000</ele>
    <time>2011-12-20T20:42:02.844Z</time>
    <src>GPSD tag="RMC"</src>
    <fix>3d</fix>
    <sat>9</sat>
    <hdop>1.0</hdop>
    <vdop>1.6</vdop>
    <pdop>1.9</pdop>
   </trkpt>
   <trkpt lat="-34.919165" lon="-56.167322">
    <ele>34.900000</ele>
    <time>2011-12-20T20:42:03.844Z</time>
    <src>GPSD tag="RMC"</src>
    <fix>3d</fix>
    <sat>9</sat>
    <hdop>1.0</hdop>
    <vdop>1.6</vdop>
    <pdop>1.9</pdop>
   </trkpt>
   <trkpt lat="-34.919160" lon="-56.167328">
    <ele>34.400000</ele>
    <time>2011-12-20T20:42:04.844Z</time>
    <src>GPSD tag="RMC"</src>
    <fix>3d</fix>
    <sat>9</sat>
    <hdop>1.0</hdop>
    <vdop>1.6</vdop>
    <pdop>1.9</pdop>
   </trkpt>
   <trkpt lat="-34.919155" lon="-56.167330">
    <ele>34.200000</ele>
    <time>2011-12-20T20:42:05.844Z</time>
    <src>GPSD tag="RMC"</src>
    <fix>3d</fix>
    <sat>9</sat>
    <hdop>1.0</hdop>
    <vdop>1.6</vdop>
    <pdop>1.9</pdop>
   </trkpt>
   <trkpt lat="-34.919152" lon="-56.167333">
    <ele>33.800000</ele>
    <time>2011-12-20T20:42:06.844Z</time>
    <src>GPSD tag="RMC"</src>
    <fix>3d</fix>
    <sat>9</sat>
    <hdop>1.0</hdop>
    <vdop>1.6</vdop>
    <pdop>1.9</pdop>
   </trkpt>
   <trkpt lat="-34.919148" lon="-56.167335">
    <ele>33.500000</ele>
    <time>2011-12-20T20:42:07.844Z</time>
    <src>GPSD tag="RMC"</src>
    <fix>3d</fix>
    <sat>9</sat>
    <hdop>1.0</hdop>
    <vdop>1.6</vdop>
    <pdop>1.9</pdop>
   </trkpt>
   <trkpt lat="-34.919145" lon="-56.167338">
    <ele>33.200000</ele>
    <time>2011-12-20T20:42:08.844Z</time>
    <src>GPSD tag="RMC"</src>
    <fix>3d</fix>
    <sat>9</sat>
    <hdop>1.0</hdop>
    <vdop>1.6</vdop>
    <pdop>1.9</pdop>
   </trkpt>
   <trkpt lat="-34.919142" lon="-56.167342">
    <ele>32.800000</ele>
    <time>2011-12-20T20:42:09.844Z</time>
    <src>GPSD tag="RMC"</src>
    <fix>3d</fix>
    <sat>9</sat>
    <hdop>1.0</hdop>
    <vdop>1.6</vdop>
    <pdop>1.9</pdop>
   </trkpt>
  </trkseg>
 </trk>
</gpx>
