<?xml version="1.0" encoding="utf-8"?>
<gpx version="1.1" creator="GPSD 3.4~dev - http://catb.org/gpsd"
        xmlns:xsi="http://www.w3.org/2001/XMLSchema-instance"
        xmlns="http://www.topografix.com/GPX/1/1"
        xsi:schemaLocation="http://www.topografix.com/GPX/1/1
        http://www.topografix.com/GPX/1/1/gpx.xsd">
 <metadata>
  <time>2011-12-20T20:48:08.000Z</time>
 </metadata>
 <trk>
  <src>GPSD 3.4~dev</src>
  <trkseg>
   <trkpt lat="-34.919160" lon="-56.167380">
    <ele>30.100000</ele>
    <time>2011-12-20T20:48:07.998Z</time>
    <src>GPSD tag="RMC"</src>
    <fix>3d</fix>
   </trkpt>
   <trkpt lat="-34.919168" lon="-56.167377">
    <ele>30.700000</ele>
    <time>2011-12-20T20:48:08.998Z</time>
    <src>GPSD tag="RMC"</src>
    <fix>3d</fix>
   </trkpt>
   <trkpt lat="-34.919173" lon="-56.167378">
    <ele>30.700000</ele>
    <time>2011-12-20T20:48:09.998Z</time>
    <src>GPSD tag="RMC"</src>
    <fix>3d</fix>
    <sat>9</sat>
    <hdop>1.0</hdop>
    <vdop>1.7</vdop>
    <pdop>2.0</pdop>
   </trkpt>
   <trkpt lat="-34.919175" lon="-56.167383">
    <ele>31.000000</ele>
    <time>2011-12-20T20:48:10.998Z</time>
    <src>GPSD tag="RMC"</src>
    <fix>3d</fix>
    <sat>9</sat>
    <hdop>1.0</hdop>
    <vdop>1.7</vdop>
    <pdop>2.0</pdop>
   </trkpt>
   <trkpt lat="-34.919178" lon="-56.167380">
    <ele>31.300000</ele>
    <time>2011-12-20T20:48:11.998Z</time>
    <src>GPSD tag="RMC"</src>
    <fix>3d</fix>
    <sat>9</sat>
    <hdop>1.0</hdop>
    <vdop>1.7</vdop>
    <pdop>2.0</pdop>
   </trkpt>
   <trkpt lat="-34.919177" lon="-56.167388">
    <ele>31.400000</ele>
    <time>2011-12-20T20:48:12.998Z</time>
    <src>GPSD tag="RMC"</src>
    <fix>3d</fix>
    <sat>9</sat>
    <hdop>1.0</hdop>
    <vdop>1.7</vdop>
    <pdop>2.0</pdop>
   </trkpt>
   <trkpt lat="-34.919177" lon="-56.167397">
    <ele>31.500000</ele>
    <time>2011-12-20T20:48:13.998Z</time>
    <src>GPSD tag="RMC"</src>
    <fix>3d</fix>
    <sat>9</sat>
    <hdop>1.0</hdop>
    <vdop>1.7</vdop>
    <pdop>2.0</pdop>
   </trkpt>
   <trkpt lat="-34.919177" lon="-56.167403">
    <ele>31.600000</ele>
    <time>2011-12-20T20:48:14.998Z</time>
    <src>GPSD tag="RMC"</src>
    <fix>3d</fix>
    <sat>9</sat>
    <hdop>1.0</hdop>
    <vdop>1.7</vdop>
    <pdop>2.0</pdop>
   </trkpt>
   <trkpt lat="-34.919168" lon="-56.167400">
    <ele>30.900000</ele>
    <time>2011-12-20T20:48:15.998Z</time>
    <src>GPSD tag="RMC"</src>
    <fix>3d</fix>
    <sat>9</sat>
    <hdop>1.0</hdop>
    <vdop>1.7</vdop>
    <pdop>2.0</pdop>
   </trkpt>
   <trkpt lat="-34.919163" lon="-56.167402">
    <ele>30.100000</ele>
    <time>2011-12-20T20:48:16.998Z</time>
    <src>GPSD tag="RMC"</src>
    <fix>3d</fix>
    <sat>9</sat>
    <hdop>1.0</hdop>
    <vdop>1.7</vdop>
    <pdop>2.0</pdop>
   </trkpt>
   <trkpt lat="-34.919160" lon="-56.167407">
    <ele>29.300000</ele>
    <time>2011-12-20T20:48:17.998Z</time>
    <src>GPSD tag="RMC"</src>
    <fix>3d</fix>
    <sat>9</sat>
    <hdop>1.0</hdop>
    <vdop>1.7</vdop>
    <pdop>2.0</pdop>
   </trkpt>
   <trkpt lat="-34.919153" lon="-56.167395">
    <ele>28.200000</ele>
    <time>2011-12-20T20:48:18.998Z</time>
    <src>GPSD tag="RMC"</src>
    <fix>3d</fix>
    <sat>9</sat>
    <hdop>1.0</hdop>
    <vdop>1.7</vdop>
    <pdop>2.0</pdop>
   </trkpt>
   <trkpt lat="-34.919153" lon="-56.167393">
    <ele>27.500000</ele>
    <time>2011-12-20T20:48:19.998Z</time>
    <src>GPSD tag="RMC"</src>
    <fix>3d</fix>
    <sat>9</sat>
    <hdop>1.0</hdop>
    <vdop>1.7</vdop>
    <pdop>2.0</pdop>
   </trkpt>
   <trkpt lat="-34.919143" lon="-56.167402">
    <ele>25.900000</ele>
    <time>2011-12-20T20:48:20.998Z</time>
    <src>GPSD tag="RMC"</src>
    <fix>3d</fix>
    <sat>9</sat>
    <hdop>1.0</hdop>
    <vdop>1.7</vdop>
    <pdop>2.0</pdop>
   </trkpt>
   <trkpt lat="-34.919137" lon="-56.167390">
    <ele>23.700000</ele>
    <time>2011-12-20T20:48:21.998Z</time>
    <src>GPSD tag="RMC"</src>
    <fix>3d</fix>
    <sat>9</sat>
    <hdop>1.0</hdop>
    <vdop>1.7</vdop>
    <pdop>1.9</pdop>
   </trkpt>
   <trkpt lat="-34.919130" lon="-56.167392">
    <ele>22.700000</ele>
    <time>2011-12-20T20:48:22.998Z</time>
    <src>GPSD tag="RMC"</src>
    <fix>3d</fix>
    <sat>9</sat>
    <hdop>1.0</hdop>
    <vdop>1.7</vdop>
    <pdop>1.9</pdop>
   </trkpt>
   <trkpt lat="-34.919135" lon="-56.167393">
    <ele>22.100000</ele>
    <time>2011-12-20T20:48:23.998Z</time>
    <src>GPSD tag="RMC"</src>
    <fix>3d</fix>
    <sat>9</sat>
    <hdop>1.0</hdop>
    <vdop>1.7</vdop>
    <pdop>1.9</pdop>
   </trkpt>
   <trkpt lat="-34.919138" lon="-56.167393">
    <ele>21.400000</ele>
    <time>2011-12-20T20:48:24.998Z</time>
    <src>GPSD tag="RMC"</src>
    <fix>3d</fix>
    <sat>9</sat>
    <hdop>1.0</hdop>
    <vdop>1.7</vdop>
    <pdop>1.9</pdop>
   </trkpt>
   <trkpt lat="-34.919140" lon="-56.167392">
    <ele>20.800000</ele>
    <time>2011-12-20T20:48:25.998Z</time>
    <src>GPSD tag="RMC"</src>
    <fix>3d</fix>
    <sat>9</sat>
    <hdop>1.0</hdop>
    <vdop>1.7</vdop>
    <pdop>1.9</pdop>
   </trkpt>
   <trkpt lat="-34.919142" lon="-56.167397">
    <ele>20.700000</ele>
    <time>2011-12-20T20:48:26.998Z</time>
    <src>GPSD tag="RMC"</src>
    <fix>3d</fix>
    <sat>9</sat>
    <hdop>1.0</hdop>
    <vdop>1.7</vdop>
    <pdop>1.9</pdop>
   </trkpt>
   <trkpt lat="-34.919140" lon="-56.167398">
    <ele>21.400000</ele>
    <time>2011-12-20T20:48:27.998Z</time>
    <src>GPSD tag="RMC"</src>
    <fix>3d</fix>
    <sat>9</sat>
    <hdop>1.0</hdop>
    <vdop>1.7</vdop>
    <pdop>1.9</pdop>
   </trkpt>
   <trkpt lat="-34.919138" lon="-56.167403">
    <ele>23.000000</ele>
    <time>2011-12-20T20:48:28.998Z</time>
    <src>GPSD tag="RMC"</src>
    <fix>3d</fix>
    <sat>9</sat>
    <hdop>1.0</hdop>
    <vdop>1.7</vdop>
    <pdop>1.9</pdop>
   </trkpt>
   <trkpt lat="-34.919135" lon="-56.167405">
    <ele>23.300000</ele>
    <time>2011-12-20T20:48:29.998Z</time>
    <src>GPSD tag="RMC"</src>
    <fix>3d</fix>
    <sat>9</sat>
    <hdop>1.0</hdop>
    <vdop>1.7</vdop>
    <pdop>1.9</pdop>
   </trkpt>
   <trkpt lat="-34.919137" lon="-56.167397">
    <ele>23.200000</ele>
    <time>2011-12-20T20:48:30.998Z</time>
    <src>GPSD tag="RMC"</src>
    <fix>3d</fix>
    <sat>9</sat>
    <hdop>1.0</hdop>
    <vdop>1.7</vdop>
    <pdop>1.9</pdop>
   </trkpt>
   <trkpt lat="-34.919135" lon="-56.167400">
    <ele>22.600000</ele>
    <time>2011-12-20T20:48:31.998Z</time>
    <src>GPSD tag="RMC"</src>
    <fix>3d</fix>
    <sat>9</sat>
    <hdop>1.0</hdop>
    <vdop>1.7</vdop>
    <pdop>1.9</pdop>
   </trkpt>
   <trkpt lat="-34.919128" lon="-56.167405">
    <ele>21.300000</ele>
    <time>2011-12-20T20:48:32.998Z</time>
    <src>GPSD tag="RMC"</src>
    <fix>3d</fix>
    <sat>9</sat>
    <hdop>1.0</hdop>
    <vdop>1.7</vdop>
    <pdop>1.9</pdop>
   </trkpt>
   <trkpt lat="-34.919135" lon="-56.167400">
    <ele>20.500000</ele>
    <time>2011-12-20T20:48:33.998Z</time>
    <src>GPSD tag="RMC"</src>
    <fix>3d</fix>
    <sat>9</sat>
    <hdop>1.0</hdop>
    <vdop>1.7</vdop>
    <pdop>1.9</pdop>
   </trkpt>
   <trkpt lat="-34.919133" lon="-56.167407">
    <ele>19.900000</ele>
    <time>2011-12-20T20:48:34.998Z</time>
    <src>GPSD tag="RMC"</src>
    <fix>3d</fix>
    <sat>9</sat>
    <hdop>1.0</hdop>
    <vdop>1.7</vdop>
    <pdop>1.9</pdop>
   </trkpt>
   <trkpt lat="-34.919132" lon="-56.167400">
    <ele>20.100000</ele>
    <time>2011-12-20T20:48:35.998Z</time>
    <src>GPSD tag="RMC"</src>
    <fix>3d</fix>
    <sat>9</sat>
    <hdop>1.0</hdop>
    <vdop>1.7</vdop>
    <pdop>1.9</pdop>
   </trkpt>
   <trkpt lat="-34.919142" lon="-56.167390">
    <ele>21.100000</ele>
    <time>2011-12-20T20:48:36.998Z</time>
    <src>GPSD tag="RMC"</src>
    <fix>3d</fix>
    <sat>9</sat>
    <hdop>1.0</hdop>
    <vdop>1.7</vdop>
    <pdop>1.9</pdop>
   </trkpt>
   <trkpt lat="-34.919150" lon="-56.167390">
    <ele>21.800000</ele>
    <time>2011-12-20T20:48:37.998Z</time>
    <src>GPSD tag="RMC"</src>
    <fix>3d</fix>
    <sat>9</sat>
    <hdop>1.0</hdop>
    <vdop>1.7</vdop>
    <pdop>1.9</pdop>
   </trkpt>
   <trkpt lat="-34.919147" lon="-56.167383">
    <ele>22.200000</ele>
    <time>2011-12-20T20:48:38.998Z</time>
    <src>GPSD tag="RMC"</src>
    <fix>3d</fix>
    <sat>9</sat>
    <hdop>1.0</hdop>
    <vdop>1.7</vdop>
    <pdop>1.9</pdop>
   </trkpt>
   <trkpt lat="-34.919143" lon="-56.167383">
    <ele>22.400000</ele>
    <time>2011-12-20T20:48:39.998Z</time>
    <src>GPSD tag="RMC"</src>
    <fix>3d</fix>
    <sat>9</sat>
    <hdop>1.0</hdop>
    <vdop>1.7</vdop>
    <pdop>1.9</pdop>
   </trkpt>
   <trkpt lat="-34.919147" lon="-56.167388">
    <ele>22.500000</ele>
    <time>2011-12-20T20:48:40.998Z</time>
    <src>GPSD tag="RMC"</src>
    <fix>3d</fix>
    <sat>9</sat>
    <hdop>1.0</hdop>
    <vdop>1.7</vdop>
    <pdop>1.9</pdop>
   </trkpt>
   <trkpt lat="-34.919140" lon="-56.167390">
    <ele>22.500000</ele>
    <time>2011-12-20T20:48:41.998Z</time>
    <src>GPSD tag="RMC"</src>
    <fix>3d</fix>
    <sat>9</sat>
    <hdop>1.0</hdop>
    <vdop>1.7</vdop>
    <pdop>1.9</pdop>
   </trkpt>
   <trkpt lat="-34.919133" lon="-56.167407">
    <ele>22.900000</ele>
    <time>2011-12-20T20:48:42.998Z</time>
    <src>GPSD tag="RMC"</src>
    <fix>3d</fix>
    <sat>9</sat>
    <hdop>1.0</hdop>
    <vdop>1.7</vdop>
    <pdop>1.9</pdop>
   </trkpt>
   <trkpt lat="-34.919137" lon="-56.167412">
    <ele>22.500000</ele>
    <time>2011-12-20T20:48:43.998Z</time>
    <src>GPSD tag="RMC"</src>
    <fix>3d</fix>
    <sat>9</sat>
    <hdop>1.0</hdop>
    <vdop>1.7</vdop>
    <pdop>1.9</pdop>
   </trkpt>
   <trkpt lat="-34.919145" lon="-56.167407">
    <ele>23.600000</ele>
    <time>2011-12-20T20:48:44.998Z</time>
    <src>GPSD tag="RMC"</src>
    <fix>3d</fix>
    <sat>9</sat>
    <hdop>1.0</hdop>
    <vdop>1.7</vdop>
    <pdop>1.9</pdop>
   </trkpt>
   <trkpt lat="-34.919152" lon="-56.167407">
    <ele>24.400000</ele>
    <time>2011-12-20T20:48:45.998Z</time>
    <src>GPSD tag="RMC"</src>
    <fix>3d</fix>
    <sat>9</sat>
    <hdop>1.0</hdop>
    <vdop>1.7</vdop>
    <pdop>1.9</pdop>
   </trkpt>
   <trkpt lat="-34.919150" lon="-56.167398">
    <ele>26.100000</ele>
    <time>2011-12-20T20:48:46.998Z</time>
    <src>GPSD tag="RMC"</src>
    <fix>3d</fix>
    <sat>9</sat>
    <hdop>1.0</hdop>
    <vdop>1.7</vdop>
    <pdop>1.9</pdop>
   </trkpt>
  </trkseg>
 </trk>
</gpx>
