<?xml version="1.0" encoding="utf-8"?>
<gpx version="1.1" creator="GPSD 3.4~dev - http://catb.org/gpsd"
        xmlns:xsi="http://www.w3.org/2001/XMLSchema-instance"
        xmlns="http://www.topografix.com/GPX/1/1"
        xsi:schemaLocation="http://www.topografix.com/GPX/1/1
        http://www.topografix.com/GPX/1/1/gpx.xsd">
 <metadata>
  <time>2011-12-20T20:50:16.000Z</time>
 </metadata>
 <trk>
  <src>GPSD 3.4~dev</src>
  <trkseg>
   <trkpt lat="-34.919147" lon="-56.167407">
    <ele>27.300000</ele>
    <time>2011-12-20T20:50:15.998Z</time>
    <src>GPSD tag="RMC"</src>
    <fix>3d</fix>
    <sat>9</sat>
    <hdop>1.0</hdop>
    <vdop>1.7</vdop>
    <pdop>2.0</pdop>
   </trkpt>
   <trkpt lat="-34.919147" lon="-56.167407">
    <ele>27.400000</ele>
    <time>2011-12-20T20:50:16.998Z</time>
    <src>GPSD tag="RMC"</src>
    <fix>3d</fix>
    <sat>9</sat>
    <hdop>1.0</hdop>
    <vdop>1.7</vdop>
    <pdop>2.0</pdop>
   </trkpt>
   <trkpt lat="-34.919147" lon="-56.167407">
    <ele>27.300000</ele>
    <time>2011-12-20T20:50:17.998Z</time>
    <src>GPSD tag="RMC"</src>
    <fix>3d</fix>
    <sat>9</sat>
    <hdop>1.0</hdop>
    <vdop>1.7</vdop>
    <pdop>2.0</pdop>
   </trkpt>
   <trkpt lat="-34.919148" lon="-56.167405">
    <ele>27.200000</ele>
    <time>2011-12-20T20:50:18.998Z</time>
    <src>GPSD tag="RMC"</src>
    <fix>3d</fix>
    <sat>9</sat>
    <hdop>1.0</hdop>
    <vdop>1.7</vdop>
    <pdop>2.0</pdop>
   </trkpt>
   <trkpt lat="-34.919148" lon="-56.167405">
    <ele>27.200000</ele>
    <time>2011-12-20T20:50:19.998Z</time>
    <src>GPSD tag="RMC"</src>
    <fix>3d</fix>
    <sat>9</sat>
    <hdop>1.0</hdop>
    <vdop>1.7</vdop>
    <pdop>2.0</pdop>
   </trkpt>
   <trkpt lat="-34.919147" lon="-56.167407">
    <ele>27.200000</ele>
    <time>2011-12-20T20:50:20.998Z</time>
    <src>GPSD tag="RMC"</src>
    <fix>3d</fix>
    <sat>9</sat>
    <hdop>1.0</hdop>
    <vdop>1.7</vdop>
    <pdop>2.0</pdop>
   </trkpt>
   <trkpt lat="-34.919147" lon="-56.167407">
    <ele>27.100000</ele>
    <time>2011-12-20T20:50:21.998Z</time>
    <src>GPSD tag="RMC"</src>
    <fix>3d</fix>
    <sat>9</sat>
    <hdop>1.0</hdop>
    <vdop>1.7</vdop>
    <pdop>2.0</pdop>
   </trkpt>
   <trkpt lat="-34.919145" lon="-56.167407">
    <ele>26.900000</ele>
    <time>2011-12-20T20:50:22.998Z</time>
    <src>GPSD tag="RMC"</src>
    <fix>3d</fix>
    <sat>9</sat>
    <hdop>1.0</hdop>
    <vdop>1.7</vdop>
    <pdop>2.0</pdop>
   </trkpt>
   <trkpt lat="-34.919145" lon="-56.167407">
    <ele>26.900000</ele>
    <time>2011-12-20T20:50:23.998Z</time>
    <src>GPSD tag="RMC"</src>
    <fix>3d</fix>
    <sat>9</sat>
    <hdop>1.0</hdop>
    <vdop>1.7</vdop>
    <pdop>2.0</pdop>
   </trkpt>
   <trkpt lat="-34.919145" lon="-56.167407">
    <ele>26.900000</ele>
    <time>2011-12-20T20:50:24.998Z</time>
    <src>GPSD tag="RMC"</src>
    <fix>3d</fix>
    <sat>9</sat>
    <hdop>1.0</hdop>
    <vdop>1.7</vdop>
    <pdop>2.0</pdop>
   </trkpt>
   <trkpt lat="-34.919145" lon="-56.167407">
    <ele>26.800000</ele>
    <time>2011-12-20T20:50:25.998Z</time>
    <src>GPSD tag="RMC"</src>
    <fix>3d</fix>
    <sat>9</sat>
    <hdop>1.0</hdop>
    <vdop>1.7</vdop>
    <pdop>2.0</pdop>
   </trkpt>
   <trkpt lat="-34.919145" lon="-56.167407">
    <ele>26.700000</ele>
    <time>2011-12-20T20:50:26.998Z</time>
    <src>GPSD tag="RMC"</src>
    <fix>3d</fix>
    <sat>9</sat>
    <hdop>1.0</hdop>
    <vdop>1.7</vdop>
    <pdop>2.0</pdop>
   </trkpt>
   <trkpt lat="-34.919143" lon="-56.167408">
    <ele>26.700000</ele>
    <time>2011-12-20T20:50:27.998Z</time>
    <src>GPSD tag="RMC"</src>
    <fix>3d</fix>
    <sat>9</sat>
    <hdop>1.0</hdop>
    <vdop>1.7</vdop>
    <pdop>2.0</pdop>
   </trkpt>
   <trkpt lat="-34.919143" lon="-56.167408">
    <ele>26.800000</ele>
    <time>2011-12-20T20:50:28.998Z</time>
    <src>GPSD tag="RMC"</src>
    <fix>3d</fix>
    <sat>9</sat>
    <hdop>1.0</hdop>
    <vdop>1.7</vdop>
    <pdop>2.0</pdop>
   </trkpt>
   <trkpt lat="-34.919143" lon="-56.167408">
    <ele>26.900000</ele>
    <time>2011-12-20T20:50:29.998Z</time>
    <src>GPSD tag="RMC"</src>
    <fix>3d</fix>
    <sat>9</sat>
    <hdop>1.0</hdop>
    <vdop>1.7</vdop>
    <pdop>2.0</pdop>
   </trkpt>
   <trkpt lat="-34.919142" lon="-56.167410">
    <ele>27.000000</ele>
    <time>2011-12-20T20:50:30.998Z</time>
    <src>GPSD tag="RMC"</src>
    <fix>3d</fix>
    <sat>9</sat>
    <hdop>1.0</hdop>
    <vdop>1.7</vdop>
    <pdop>2.0</pdop>
   </trkpt>
   <trkpt lat="-34.919142" lon="-56.167410">
    <ele>27.000000</ele>
    <time>2011-12-20T20:50:31.998Z</time>
    <src>GPSD tag="RMC"</src>
    <fix>3d</fix>
    <sat>9</sat>
    <hdop>1.0</hdop>
    <vdop>1.7</vdop>
    <pdop>2.0</pdop>
   </trkpt>
   <trkpt lat="-34.919142" lon="-56.167412">
    <ele>27.100000</ele>
    <time>2011-12-20T20:50:32.998Z</time>
    <src>GPSD tag="RMC"</src>
    <fix>3d</fix>
    <sat>9</sat>
    <hdop>1.0</hdop>
    <vdop>1.7</vdop>
    <pdop>2.0</pdop>
   </trkpt>
   <trkpt lat="-34.919140" lon="-56.167412">
    <ele>27.100000</ele>
    <time>2011-12-20T20:50:33.998Z</time>
    <src>GPSD tag="RMC"</src>
    <fix>3d</fix>
    <sat>9</sat>
    <hdop>1.0</hdop>
    <vdop>1.7</vdop>
    <pdop>2.0</pdop>
   </trkpt>
   <trkpt lat="-34.919140" lon="-56.167412">
    <ele>27.100000</ele>
    <time>2011-12-20T20:50:34.998Z</time>
    <src>GPSD tag="RMC"</src>
    <fix>3d</fix>
    <sat>9</sat>
    <hdop>1.0</hdop>
    <vdop>1.7</vdop>
    <pdop>2.0</pdop>
   </trkpt>
   <trkpt lat="-34.919140" lon="-56.167412">
    <ele>27.000000</ele>
    <time>2011-12-20T20:50:35.998Z</time>
    <src>GPSD tag="RMC"</src>
    <fix>3d</fix>
    <sat>9</sat>
    <hdop>1.0</hdop>
    <vdop>1.7</vdop>
    <pdop>2.0</pdop>
   </trkpt>
   <trkpt lat="-34.919140" lon="-56.167412">
    <ele>27.000000</ele>
    <time>2011-12-20T20:50:36.998Z</time>
    <src>GPSD tag="RMC"</src>
    <fix>3d</fix>
    <sat>9</sat>
    <hdop>1.0</hdop>
    <vdop>1.7</vdop>
    <pdop>2.0</pdop>
   </trkpt>
   <trkpt lat="-34.919140" lon="-56.167412">
    <ele>26.900000</ele>
    <time>2011-12-20T20:50:37.998Z</time>
    <src>GPSD tag="RMC"</src>
    <fix>3d</fix>
    <sat>9</sat>
    <hdop>1.0</hdop>
    <vdop>1.7</vdop>
    <pdop>2.0</pdop>
   </trkpt>
   <trkpt lat="-34.919138" lon="-56.167412">
    <ele>26.700000</ele>
    <time>2011-12-20T20:50:38.998Z</time>
    <src>GPSD tag="RMC"</src>
    <fix>3d</fix>
    <sat>9</sat>
    <hdop>1.0</hdop>
    <vdop>1.7</vdop>
    <pdop>2.0</pdop>
   </trkpt>
   <trkpt lat="-34.919137" lon="-56.167412">
    <ele>26.600000</ele>
    <time>2011-12-20T20:50:39.998Z</time>
    <src>GPSD tag="RMC"</src>
    <fix>3d</fix>
    <sat>9</sat>
    <hdop>1.0</hdop>
    <vdop>1.7</vdop>
    <pdop>2.0</pdop>
   </trkpt>
   <trkpt lat="-34.919137" lon="-56.167412">
    <ele>26.500000</ele>
    <time>2011-12-20T20:50:40.998Z</time>
    <src>GPSD tag="RMC"</src>
    <fix>3d</fix>
    <sat>9</sat>
    <hdop>1.0</hdop>
    <vdop>1.7</vdop>
    <pdop>2.0</pdop>
   </trkpt>
   <trkpt lat="-34.919137" lon="-56.167412">
    <ele>26.400000</ele>
    <time>2011-12-20T20:50:41.998Z</time>
    <src>GPSD tag="RMC"</src>
    <fix>3d</fix>
    <sat>9</sat>
    <hdop>1.0</hdop>
    <vdop>1.7</vdop>
    <pdop>2.0</pdop>
   </trkpt>
   <trkpt lat="-34.919135" lon="-56.167413">
    <ele>26.400000</ele>
    <time>2011-12-20T20:50:42.998Z</time>
    <src>GPSD tag="RMC"</src>
    <fix>3d</fix>
    <sat>9</sat>
    <hdop>1.0</hdop>
    <vdop>1.7</vdop>
    <pdop>2.0</pdop>
   </trkpt>
   <trkpt lat="-34.919135" lon="-56.167413">
    <ele>26.300000</ele>
    <time>2011-12-20T20:50:43.998Z</time>
    <src>GPSD tag="RMC"</src>
    <fix>3d</fix>
    <sat>9</sat>
    <hdop>1.0</hdop>
    <vdop>1.7</vdop>
    <pdop>2.0</pdop>
   </trkpt>
   <trkpt lat="-34.919133" lon="-56.167415">
    <ele>26.200000</ele>
    <time>2011-12-20T20:50:44.998Z</time>
    <src>GPSD tag="RMC"</src>
    <fix>3d</fix>
    <sat>9</sat>
    <hdop>1.0</hdop>
    <vdop>1.7</vdop>
    <pdop>2.0</pdop>
   </trkpt>
   <trkpt lat="-34.919133" lon="-56.167415">
    <ele>26.100000</ele>
    <time>2011-12-20T20:50:45.998Z</time>
    <src>GPSD tag="RMC"</src>
    <fix>3d</fix>
    <sat>9</sat>
    <hdop>1.0</hdop>
    <vdop>1.7</vdop>
    <pdop>2.0</pdop>
   </trkpt>
   <trkpt lat="-34.919133" lon="-56.167415">
    <ele>26.000000</ele>
    <time>2011-12-20T20:50:46.998Z</time>
    <src>GPSD tag="RMC"</src>
    <fix>3d</fix>
    <sat>9</sat>
    <hdop>1.0</hdop>
    <vdop>1.7</vdop>
    <pdop>2.0</pdop>
   </trkpt>
   <trkpt lat="-34.919133" lon="-56.167415">
    <ele>25.900000</ele>
    <time>2011-12-20T20:50:47.998Z</time>
    <src>GPSD tag="RMC"</src>
    <fix>3d</fix>
    <sat>9</sat>
    <hdop>1.0</hdop>
    <vdop>1.7</vdop>
    <pdop>2.0</pdop>
   </trkpt>
   <trkpt lat="-34.919133" lon="-56.167417">
    <ele>25.700000</ele>
    <time>2011-12-20T20:50:48.998Z</time>
    <src>GPSD tag="RMC"</src>
    <fix>3d</fix>
    <sat>9</sat>
    <hdop>1.0</hdop>
    <vdop>1.7</vdop>
    <pdop>2.0</pdop>
   </trkpt>
   <trkpt lat="-34.919132" lon="-56.167418">
    <ele>25.600000</ele>
    <time>2011-12-20T20:50:49.998Z</time>
    <src>GPSD tag="RMC"</src>
    <fix>3d</fix>
    <sat>9</sat>
    <hdop>1.0</hdop>
    <vdop>1.7</vdop>
    <pdop>2.0</pdop>
   </trkpt>
   <trkpt lat="-34.919132" lon="-56.167418">
    <ele>25.500000</ele>
    <time>2011-12-20T20:50:50.998Z</time>
    <src>GPSD tag="RMC"</src>
    <fix>3d</fix>
    <sat>9</sat>
    <hdop>1.0</hdop>
    <vdop>1.7</vdop>
    <pdop>2.0</pdop>
   </trkpt>
   <trkpt lat="-34.919130" lon="-56.167418">
    <ele>25.400000</ele>
    <time>2011-12-20T20:50:51.998Z</time>
    <src>GPSD tag="RMC"</src>
    <fix>3d</fix>
    <sat>9</sat>
    <hdop>1.0</hdop>
    <vdop>1.7</vdop>
    <pdop>2.0</pdop>
   </trkpt>
   <trkpt lat="-34.919130" lon="-56.167418">
    <ele>25.300000</ele>
    <time>2011-12-20T20:50:52.998Z</time>
    <src>GPSD tag="RMC"</src>
    <fix>3d</fix>
    <sat>9</sat>
    <hdop>1.0</hdop>
    <vdop>1.7</vdop>
    <pdop>2.0</pdop>
   </trkpt>
   <trkpt lat="-34.919130" lon="-56.167418">
    <ele>25.300000</ele>
    <time>2011-12-20T20:50:53.998Z</time>
    <src>GPSD tag="RMC"</src>
    <fix>3d</fix>
    <sat>9</sat>
    <hdop>1.0</hdop>
    <vdop>1.7</vdop>
    <pdop>2.0</pdop>
   </trkpt>
   <trkpt lat="-34.919130" lon="-56.167418">
    <ele>25.200000</ele>
    <time>2011-12-20T20:50:54.998Z</time>
    <src>GPSD tag="RMC"</src>
    <fix>3d</fix>
    <sat>9</sat>
    <hdop>1.0</hdop>
    <vdop>1.7</vdop>
    <pdop>2.0</pdop>
   </trkpt>
   <trkpt lat="-34.919130" lon="-56.167418">
    <ele>25.200000</ele>
    <time>2011-12-20T20:50:55.998Z</time>
    <src>GPSD tag="RMC"</src>
    <fix>3d</fix>
    <sat>9</sat>
    <hdop>1.0</hdop>
    <vdop>1.7</vdop>
    <pdop>2.0</pdop>
   </trkpt>
   <trkpt lat="-34.919128" lon="-56.167418">
    <ele>25.100000</ele>
    <time>2011-12-20T20:50:56.998Z</time>
    <src>GPSD tag="RMC"</src>
    <fix>3d</fix>
    <sat>9</sat>
    <hdop>1.0</hdop>
    <vdop>1.7</vdop>
    <pdop>2.0</pdop>
   </trkpt>
   <trkpt lat="-34.919128" lon="-56.167418">
    <ele>25.000000</ele>
    <time>2011-12-20T20:50:57.998Z</time>
    <src>GPSD tag="RMC"</src>
    <fix>3d</fix>
    <sat>9</sat>
    <hdop>1.0</hdop>
    <vdop>1.7</vdop>
    <pdop>2.0</pdop>
   </trkpt>
   <trkpt lat="-34.919128" lon="-56.167418">
    <ele>25.000000</ele>
    <time>2011-12-20T20:50:58.998Z</time>
    <src>GPSD tag="RMC"</src>
    <fix>3d</fix>
    <sat>9</sat>
    <hdop>1.0</hdop>
    <vdop>1.7</vdop>
    <pdop>2.0</pdop>
   </trkpt>
   <trkpt lat="-34.919128" lon="-56.167420">
    <ele>24.900000</ele>
    <time>2011-12-20T20:50:59.998Z</time>
    <src>GPSD tag="RMC"</src>
    <fix>3d</fix>
    <sat>9</sat>
    <hdop>1.0</hdop>
    <vdop>1.7</vdop>
    <pdop>2.0</pdop>
   </trkpt>
   <trkpt lat="-34.919128" lon="-56.167420">
    <ele>24.800000</ele>
    <time>2011-12-20T20:51:00.998Z</time>
    <src>GPSD tag="RMC"</src>
    <fix>3d</fix>
    <sat>10</sat>
    <hdop>1.0</hdop>
    <vdop>1.5</vdop>
    <pdop>1.8</pdop>
   </trkpt>
   <trkpt lat="-34.919128" lon="-56.167420">
    <ele>24.800000</ele>
    <time>2011-12-20T20:51:01.998Z</time>
    <src>GPSD tag="RMC"</src>
    <fix>3d</fix>
    <sat>10</sat>
    <hdop>1.0</hdop>
    <vdop>1.5</vdop>
    <pdop>1.8</pdop>
   </trkpt>
   <trkpt lat="-34.919128" lon="-56.167420">
    <ele>24.700000</ele>
    <time>2011-12-20T20:51:02.998Z</time>
    <src>GPSD tag="RMC"</src>
    <fix>3d</fix>
    <sat>10</sat>
    <hdop>1.0</hdop>
    <vdop>1.5</vdop>
    <pdop>1.8</pdop>
   </trkpt>
   <trkpt lat="-34.919128" lon="-56.167420">
    <ele>24.600000</ele>
    <time>2011-12-20T20:51:03.998Z</time>
    <src>GPSD tag="RMC"</src>
    <fix>3d</fix>
    <sat>10</sat>
    <hdop>1.0</hdop>
    <vdop>1.5</vdop>
    <pdop>1.8</pdop>
   </trkpt>
   <trkpt lat="-34.919128" lon="-56.167420">
    <ele>24.500000</ele>
    <time>2011-12-20T20:51:04.998Z</time>
    <src>GPSD tag="RMC"</src>
    <fix>3d</fix>
    <sat>10</sat>
    <hdop>1.0</hdop>
    <vdop>1.5</vdop>
    <pdop>1.8</pdop>
   </trkpt>
   <trkpt lat="-34.919128" lon="-56.167420">
    <ele>24.500000</ele>
    <time>2011-12-20T20:51:05.998Z</time>
    <src>GPSD tag="RMC"</src>
    <fix>3d</fix>
    <sat>10</sat>
    <hdop>1.0</hdop>
    <vdop>1.5</vdop>
    <pdop>1.8</pdop>
   </trkpt>
   <trkpt lat="-34.919128" lon="-56.167418">
    <ele>24.500000</ele>
    <time>2011-12-20T20:51:06.998Z</time>
    <src>GPSD tag="RMC"</src>
    <fix>3d</fix>
    <sat>10</sat>
    <hdop>1.0</hdop>
    <vdop>1.5</vdop>
    <pdop>1.8</pdop>
   </trkpt>
   <trkpt lat="-34.919130" lon="-56.167418">
    <ele>24.500000</ele>
    <time>2011-12-20T20:51:07.998Z</time>
    <src>GPSD tag="RMC"</src>
    <fix>3d</fix>
    <sat>10</sat>
    <hdop>1.0</hdop>
    <vdop>1.5</vdop>
    <pdop>1.8</pdop>
   </trkpt>
   <trkpt lat="-34.919130" lon="-56.167418">
    <ele>24.500000</ele>
    <time>2011-12-20T20:51:08.998Z</time>
    <src>GPSD tag="RMC"</src>
    <fix>3d</fix>
    <sat>10</sat>
    <hdop>1.0</hdop>
    <vdop>1.5</vdop>
    <pdop>1.8</pdop>
   </trkpt>
   <trkpt lat="-34.919130" lon="-56.167418">
    <ele>24.600000</ele>
    <time>2011-12-20T20:51:09.998Z</time>
    <src>GPSD tag="RMC"</src>
    <fix>3d</fix>
    <sat>10</sat>
    <hdop>1.0</hdop>
    <vdop>1.5</vdop>
    <pdop>1.8</pdop>
   </trkpt>
   <trkpt lat="-34.919130" lon="-56.167418">
    <ele>24.700000</ele>
    <time>2011-12-20T20:51:10.998Z</time>
    <src>GPSD tag="RMC"</src>
    <fix>3d</fix>
    <sat>10</sat>
    <hdop>1.0</hdop>
    <vdop>1.5</vdop>
    <pdop>1.8</pdop>
   </trkpt>
   <trkpt lat="-34.919132" lon="-56.167418">
    <ele>24.700000</ele>
    <time>2011-12-20T20:51:11.998Z</time>
    <src>GPSD tag="RMC"</src>
    <fix>3d</fix>
    <sat>10</sat>
    <hdop>1.0</hdop>
    <vdop>1.5</vdop>
    <pdop>1.8</pdop>
   </trkpt>
   <trkpt lat="-34.919132" lon="-56.167418">
    <ele>24.900000</ele>
    <time>2011-12-20T20:51:12.998Z</time>
    <src>GPSD tag="RMC"</src>
    <fix>3d</fix>
    <sat>10</sat>
    <hdop>1.0</hdop>
    <vdop>1.5</vdop>
    <pdop>1.8</pdop>
   </trkpt>
   <trkpt lat="-34.919132" lon="-56.167417">
    <ele>25.000000</ele>
    <time>2011-12-20T20:51:13.998Z</time>
    <src>GPSD tag="RMC"</src>
    <fix>3d</fix>
    <sat>10</sat>
    <hdop>1.0</hdop>
    <vdop>1.5</vdop>
    <pdop>1.8</pdop>
   </trkpt>
   <trkpt lat="-34.919133" lon="-56.167415">
    <ele>25.100000</ele>
    <time>2011-12-20T20:51:14.998Z</time>
    <src>GPSD tag="RMC"</src>
    <fix>3d</fix>
    <sat>10</sat>
    <hdop>1.0</hdop>
    <vdop>1.5</vdop>
    <pdop>1.8</pdop>
   </trkpt>
   <trkpt lat="-34.919133" lon="-56.167413">
    <ele>25.300000</ele>
    <time>2011-12-20T20:51:15.998Z</time>
    <src>GPSD tag="RMC"</src>
    <fix>3d</fix>
    <sat>10</sat>
    <hdop>1.0</hdop>
    <vdop>1.5</vdop>
    <pdop>1.8</pdop>
   </trkpt>
   <trkpt lat="-34.919135" lon="-56.167413">
    <ele>25.500000</ele>
    <time>2011-12-20T20:51:16.998Z</time>
    <src>GPSD tag="RMC"</src>
    <fix>3d</fix>
    <sat>10</sat>
    <hdop>1.0</hdop>
    <vdop>1.5</vdop>
    <pdop>1.8</pdop>
   </trkpt>
   <trkpt lat="-34.919135" lon="-56.167412">
    <ele>25.700000</ele>
    <time>2011-12-20T20:51:17.998Z</time>
    <src>GPSD tag="RMC"</src>
    <fix>3d</fix>
    <sat>10</sat>
    <hdop>1.0</hdop>
    <vdop>1.5</vdop>
    <pdop>1.8</pdop>
   </trkpt>
   <trkpt lat="-34.919135" lon="-56.167410">
    <ele>25.800000</ele>
    <time>2011-12-20T20:51:18.998Z</time>
    <src>GPSD tag="RMC"</src>
    <fix>3d</fix>
    <sat>10</sat>
    <hdop>1.0</hdop>
    <vdop>1.5</vdop>
    <pdop>1.8</pdop>
   </trkpt>
   <trkpt lat="-34.919137" lon="-56.167410">
    <ele>26.000000</ele>
    <time>2011-12-20T20:51:19.998Z</time>
    <src>GPSD tag="RMC"</src>
    <fix>3d</fix>
    <sat>10</sat>
    <hdop>1.0</hdop>
    <vdop>1.5</vdop>
    <pdop>1.8</pdop>
   </trkpt>
   <trkpt lat="-34.919138" lon="-56.167408">
    <ele>26.100000</ele>
    <time>2011-12-20T20:51:20.998Z</time>
    <src>GPSD tag="RMC"</src>
    <fix>3d</fix>
    <sat>10</sat>
    <hdop>1.0</hdop>
    <vdop>1.5</vdop>
    <pdop>1.8</pdop>
   </trkpt>
   <trkpt lat="-34.919140" lon="-56.167407">
    <ele>26.200000</ele>
    <time>2011-12-20T20:51:21.998Z</time>
    <src>GPSD tag="RMC"</src>
    <fix>3d</fix>
    <sat>10</sat>
    <hdop>1.0</hdop>
    <vdop>1.5</vdop>
    <pdop>1.8</pdop>
   </trkpt>
   <trkpt lat="-34.919140" lon="-56.167405">
    <ele>26.300000</ele>
    <time>2011-12-20T20:51:22.998Z</time>
    <src>GPSD tag="RMC"</src>
    <fix>3d</fix>
    <sat>10</sat>
    <hdop>1.0</hdop>
    <vdop>1.5</vdop>
    <pdop>1.8</pdop>
   </trkpt>
   <trkpt lat="-34.919140" lon="-56.167405">
    <ele>26.300000</ele>
    <time>2011-12-20T20:51:23.998Z</time>
    <src>GPSD tag="RMC"</src>
    <fix>3d</fix>
    <sat>10</sat>
    <hdop>1.0</hdop>
    <vdop>1.5</vdop>
    <pdop>1.8</pdop>
   </trkpt>
   <trkpt lat="-34.919142" lon="-56.167405">
    <ele>26.200000</ele>
    <time>2011-12-20T20:51:24.998Z</time>
    <src>GPSD tag="RMC"</src>
    <fix>3d</fix>
    <sat>10</sat>
    <hdop>1.0</hdop>
    <vdop>1.5</vdop>
    <pdop>1.8</pdop>
   </trkpt>
   <trkpt lat="-34.919142" lon="-56.167405">
    <ele>26.100000</ele>
    <time>2011-12-20T20:51:25.998Z</time>
    <src>GPSD tag="RMC"</src>
    <fix>3d</fix>
    <sat>10</sat>
    <hdop>1.0</hdop>
    <vdop>1.5</vdop>
    <pdop>1.8</pdop>
   </trkpt>
   <trkpt lat="-34.919140" lon="-56.167405">
    <ele>26.100000</ele>
    <time>2011-12-20T20:51:26.998Z</time>
    <src>GPSD tag="RMC"</src>
    <fix>3d</fix>
    <sat>10</sat>
    <hdop>1.0</hdop>
    <vdop>1.5</vdop>
    <pdop>1.8</pdop>
   </trkpt>
   <trkpt lat="-34.919142" lon="-56.167405">
    <ele>26.000000</ele>
    <time>2011-12-20T20:51:27.998Z</time>
    <src>GPSD tag="RMC"</src>
    <fix>3d</fix>
    <sat>10</sat>
    <hdop>1.0</hdop>
    <vdop>1.5</vdop>
    <pdop>1.8</pdop>
   </trkpt>
   <trkpt lat="-34.919140" lon="-56.167403">
    <ele>26.000000</ele>
    <time>2011-12-20T20:51:28.998Z</time>
    <src>GPSD tag="RMC"</src>
    <fix>3d</fix>
    <sat>10</sat>
    <hdop>1.0</hdop>
    <vdop>1.5</vdop>
    <pdop>1.8</pdop>
   </trkpt>
   <trkpt lat="-34.919142" lon="-56.167403">
    <ele>25.900000</ele>
    <time>2011-12-20T20:51:29.998Z</time>
    <src>GPSD tag="RMC"</src>
    <fix>3d</fix>
    <sat>10</sat>
    <hdop>1.0</hdop>
    <vdop>1.5</vdop>
    <pdop>1.8</pdop>
   </trkpt>
   <trkpt lat="-34.919142" lon="-56.167403">
    <ele>25.900000</ele>
    <time>2011-12-20T20:51:30.998Z</time>
    <src>GPSD tag="RMC"</src>
    <fix>3d</fix>
    <sat>10</sat>
    <hdop>1.0</hdop>
    <vdop>1.5</vdop>
    <pdop>1.8</pdop>
   </trkpt>
   <trkpt lat="-34.919142" lon="-56.167403">
    <ele>25.800000</ele>
    <time>2011-12-20T20:51:31.998Z</time>
    <src>GPSD tag="RMC"</src>
    <fix>3d</fix>
    <sat>10</sat>
    <hdop>1.0</hdop>
    <vdop>1.5</vdop>
    <pdop>1.8</pdop>
   </trkpt>
   <trkpt lat="-34.919142" lon="-56.167403">
    <ele>25.700000</ele>
    <time>2011-12-20T20:51:32.998Z</time>
    <src>GPSD tag="RMC"</src>
    <fix>3d</fix>
    <sat>10</sat>
    <hdop>1.0</hdop>
    <vdop>1.5</vdop>
    <pdop>1.8</pdop>
   </trkpt>
   <trkpt lat="-34.919142" lon="-56.167405">
    <ele>25.700000</ele>
    <time>2011-12-20T20:51:33.998Z</time>
    <src>GPSD tag="RMC"</src>
    <fix>3d</fix>
    <sat>10</sat>
    <hdop>1.0</hdop>
    <vdop>1.5</vdop>
    <pdop>1.8</pdop>
   </trkpt>
   <trkpt lat="-34.919142" lon="-56.167405">
    <ele>25.600000</ele>
    <time>2011-12-20T20:51:34.998Z</time>
    <src>GPSD tag="RMC"</src>
    <fix>3d</fix>
    <sat>10</sat>
    <hdop>1.0</hdop>
    <vdop>1.5</vdop>
    <pdop>1.8</pdop>
   </trkpt>
   <trkpt lat="-34.919140" lon="-56.167405">
    <ele>25.600000</ele>
    <time>2011-12-20T20:51:35.998Z</time>
    <src>GPSD tag="RMC"</src>
    <fix>3d</fix>
    <sat>10</sat>
    <hdop>1.0</hdop>
    <vdop>1.5</vdop>
    <pdop>1.8</pdop>
   </trkpt>
   <trkpt lat="-34.919140" lon="-56.167407">
    <ele>25.600000</ele>
    <time>2011-12-20T20:51:36.998Z</time>
    <src>GPSD tag="RMC"</src>
    <fix>3d</fix>
    <sat>10</sat>
    <hdop>1.0</hdop>
    <vdop>1.5</vdop>
    <pdop>1.8</pdop>
   </trkpt>
   <trkpt lat="-34.919140" lon="-56.167407">
    <ele>25.500000</ele>
    <time>2011-12-20T20:51:37.998Z</time>
    <src>GPSD tag="RMC"</src>
    <fix>3d</fix>
    <sat>10</sat>
    <hdop>1.0</hdop>
    <vdop>1.5</vdop>
    <pdop>1.8</pdop>
   </trkpt>
   <trkpt lat="-34.919140" lon="-56.167407">
    <ele>25.400000</ele>
    <time>2011-12-20T20:51:38.998Z</time>
    <src>GPSD tag="RMC"</src>
    <fix>3d</fix>
    <sat>10</sat>
    <hdop>1.0</hdop>
    <vdop>1.5</vdop>
    <pdop>1.8</pdop>
   </trkpt>
   <trkpt lat="-34.919138" lon="-56.167407">
    <ele>25.200000</ele>
    <time>2011-12-20T20:51:39.998Z</time>
    <src>GPSD tag="RMC"</src>
    <fix>3d</fix>
    <sat>10</sat>
    <hdop>1.0</hdop>
    <vdop>1.5</vdop>
    <pdop>1.8</pdop>
   </trkpt>
   <trkpt lat="-34.919138" lon="-56.167407">
    <ele>25.100000</ele>
    <time>2011-12-20T20:51:40.998Z</time>
    <src>GPSD tag="RMC"</src>
    <fix>3d</fix>
    <sat>10</sat>
    <hdop>1.0</hdop>
    <vdop>1.5</vdop>
    <pdop>1.8</pdop>
   </trkpt>
   <trkpt lat="-34.919138" lon="-56.167407">
    <ele>25.000000</ele>
    <time>2011-12-20T20:51:41.998Z</time>
    <src>GPSD tag="RMC"</src>
    <fix>3d</fix>
    <sat>10</sat>
    <hdop>1.0</hdop>
    <vdop>1.5</vdop>
    <pdop>1.8</pdop>
   </trkpt>
   <trkpt lat="-34.919138" lon="-56.167407">
    <ele>25.000000</ele>
    <time>2011-12-20T20:51:42.998Z</time>
    <src>GPSD tag="RMC"</src>
    <fix>3d</fix>
    <sat>10</sat>
    <hdop>1.0</hdop>
    <vdop>1.5</vdop>
    <pdop>1.8</pdop>
   </trkpt>
   <trkpt lat="-34.919137" lon="-56.167407">
    <ele>24.900000</ele>
    <time>2011-12-20T20:51:43.998Z</time>
    <src>GPSD tag="RMC"</src>
    <fix>3d</fix>
    <sat>10</sat>
    <hdop>1.0</hdop>
    <vdop>1.5</vdop>
    <pdop>1.8</pdop>
   </trkpt>
   <trkpt lat="-34.919137" lon="-56.167407">
    <ele>24.900000</ele>
    <time>2011-12-20T20:51:44.998Z</time>
    <src>GPSD tag="RMC"</src>
    <fix>3d</fix>
    <sat>10</sat>
    <hdop>1.0</hdop>
    <vdop>1.5</vdop>
    <pdop>1.8</pdop>
   </trkpt>
   <trkpt lat="-34.919135" lon="-56.167407">
    <ele>24.800000</ele>
    <time>2011-12-20T20:51:45.998Z</time>
    <src>GPSD tag="RMC"</src>
    <fix>3d</fix>
    <sat>10</sat>
    <hdop>1.0</hdop>
    <vdop>1.5</vdop>
    <pdop>1.8</pdop>
   </trkpt>
   <trkpt lat="-34.919135" lon="-56.167408">
    <ele>24.800000</ele>
    <time>2011-12-20T20:51:46.998Z</time>
    <src>GPSD tag="RMC"</src>
    <fix>3d</fix>
    <sat>10</sat>
    <hdop>1.0</hdop>
    <vdop>1.5</vdop>
    <pdop>1.8</pdop>
   </trkpt>
   <trkpt lat="-34.919135" lon="-56.167408">
    <ele>24.800000</ele>
    <time>2011-12-20T20:51:47.998Z</time>
    <src>GPSD tag="RMC"</src>
    <fix>3d</fix>
    <sat>10</sat>
    <hdop>1.0</hdop>
    <vdop>1.5</vdop>
    <pdop>1.8</pdop>
   </trkpt>
   <trkpt lat="-34.919133" lon="-56.167408">
    <ele>24.800000</ele>
    <time>2011-12-20T20:51:48.998Z</time>
    <src>GPSD tag="RMC"</src>
    <fix>3d</fix>
    <sat>10</sat>
    <hdop>1.0</hdop>
    <vdop>1.5</vdop>
    <pdop>1.8</pdop>
   </trkpt>
   <trkpt lat="-34.919133" lon="-56.167408">
    <ele>24.800000</ele>
    <time>2011-12-20T20:51:49.998Z</time>
    <src>GPSD tag="RMC"</src>
    <fix>3d</fix>
    <sat>10</sat>
    <hdop>1.0</hdop>
    <vdop>1.5</vdop>
    <pdop>1.8</pdop>
   </trkpt>
   <trkpt lat="-34.919133" lon="-56.167408">
    <ele>24.700000</ele>
    <time>2011-12-20T20:51:50.998Z</time>
    <src>GPSD tag="RMC"</src>
    <fix>3d</fix>
    <sat>10</sat>
    <hdop>1.0</hdop>
    <vdop>1.5</vdop>
    <pdop>1.8</pdop>
   </trkpt>
   <trkpt lat="-34.919133" lon="-56.167408">
    <ele>24.600000</ele>
    <time>2011-12-20T20:51:51.998Z</time>
    <src>GPSD tag="RMC"</src>
    <fix>3d</fix>
    <sat>10</sat>
    <hdop>1.0</hdop>
    <vdop>1.5</vdop>
    <pdop>1.8</pdop>
   </trkpt>
   <trkpt lat="-34.919133" lon="-56.167408">
    <ele>24.600000</ele>
    <time>2011-12-20T20:51:52.998Z</time>
    <src>GPSD tag="RMC"</src>
    <fix>3d</fix>
    <sat>10</sat>
    <hdop>1.0</hdop>
    <vdop>1.5</vdop>
    <pdop>1.8</pdop>
   </trkpt>
   <trkpt lat="-34.919133" lon="-56.167410">
    <ele>24.600000</ele>
    <time>2011-12-20T20:51:53.998Z</time>
    <src>GPSD tag="RMC"</src>
    <fix>3d</fix>
    <sat>10</sat>
    <hdop>1.0</hdop>
    <vdop>1.5</vdop>
    <pdop>1.8</pdop>
   </trkpt>
   <trkpt lat="-34.919133" lon="-56.167410">
    <ele>24.600000</ele>
    <time>2011-12-20T20:51:54.998Z</time>
    <src>GPSD tag="RMC"</src>
    <fix>3d</fix>
    <sat>10</sat>
    <hdop>1.0</hdop>
    <vdop>1.5</vdop>
    <pdop>1.8</pdop>
   </trkpt>
   <trkpt lat="-34.919133" lon="-56.167410">
    <ele>24.500000</ele>
    <time>2011-12-20T20:51:55.998Z</time>
    <src>GPSD tag="RMC"</src>
    <fix>3d</fix>
    <sat>10</sat>
    <hdop>1.0</hdop>
    <vdop>1.5</vdop>
    <pdop>1.8</pdop>
   </trkpt>
   <trkpt lat="-34.919133" lon="-56.167410">
    <ele>24.500000</ele>
    <time>2011-12-20T20:51:56.998Z</time>
    <src>GPSD tag="RMC"</src>
    <fix>3d</fix>
    <sat>10</sat>
    <hdop>1.0</hdop>
    <vdop>1.5</vdop>
    <pdop>1.8</pdop>
   </trkpt>
   <trkpt lat="-34.919133" lon="-56.167412">
    <ele>24.400000</ele>
    <time>2011-12-20T20:51:57.998Z</time>
    <src>GPSD tag="RMC"</src>
    <fix>3d</fix>
    <sat>10</sat>
    <hdop>1.0</hdop>
    <vdop>1.5</vdop>
    <pdop>1.8</pdop>
   </trkpt>
   <trkpt lat="-34.919133" lon="-56.167410">
    <ele>24.300000</ele>
    <time>2011-12-20T20:51:58.998Z</time>
    <src>GPSD tag="RMC"</src>
    <fix>3d</fix>
    <sat>10</sat>
    <hdop>1.0</hdop>
    <vdop>1.5</vdop>
    <pdop>1.8</pdop>
   </trkpt>
   <trkpt lat="-34.919133" lon="-56.167410">
    <ele>24.300000</ele>
    <time>2011-12-20T20:51:59.998Z</time>
    <src>GPSD tag="RMC"</src>
    <fix>3d</fix>
    <sat>10</sat>
    <hdop>1.0</hdop>
    <vdop>1.5</vdop>
    <pdop>1.8</pdop>
   </trkpt>
   <trkpt lat="-34.919133" lon="-56.167410">
    <ele>24.300000</ele>
    <time>2011-12-20T20:52:00.998Z</time>
    <src>GPSD tag="RMC"</src>
    <fix>3d</fix>
    <sat>10</sat>
    <hdop>1.0</hdop>
    <vdop>1.5</vdop>
    <pdop>1.8</pdop>
   </trkpt>
   <trkpt lat="-34.919133" lon="-56.167410">
    <ele>24.200000</ele>
    <time>2011-12-20T20:52:01.998Z</time>
    <src>GPSD tag="RMC"</src>
    <fix>3d</fix>
    <sat>10</sat>
    <hdop>1.0</hdop>
    <vdop>1.5</vdop>
    <pdop>1.8</pdop>
   </trkpt>
   <trkpt lat="-34.919133" lon="-56.167410">
    <ele>24.000000</ele>
    <time>2011-12-20T20:52:02.998Z</time>
    <src>GPSD tag="RMC"</src>
    <fix>3d</fix>
    <sat>10</sat>
    <hdop>1.0</hdop>
    <vdop>1.5</vdop>
    <pdop>1.8</pdop>
   </trkpt>
   <trkpt lat="-34.919133" lon="-56.167410">
    <ele>24.000000</ele>
    <time>2011-12-20T20:52:03.998Z</time>
    <src>GPSD tag="RMC"</src>
    <fix>3d</fix>
    <sat>10</sat>
    <hdop>1.0</hdop>
    <vdop>1.5</vdop>
    <pdop>1.8</pdop>
   </trkpt>
   <trkpt lat="-34.919133" lon="-56.167410">
    <ele>23.900000</ele>
    <time>2011-12-20T20:52:04.998Z</time>
    <src>GPSD tag="RMC"</src>
    <fix>3d</fix>
    <sat>10</sat>
    <hdop>1.0</hdop>
    <vdop>1.5</vdop>
    <pdop>1.8</pdop>
   </trkpt>
   <trkpt lat="-34.919135" lon="-56.167410">
    <ele>23.800000</ele>
    <time>2011-12-20T20:52:05.998Z</time>
    <src>GPSD tag="RMC"</src>
    <fix>3d</fix>
    <sat>10</sat>
    <hdop>1.0</hdop>
    <vdop>1.5</vdop>
    <pdop>1.8</pdop>
   </trkpt>
   <trkpt lat="-34.919135" lon="-56.167410">
    <ele>23.800000</ele>
    <time>2011-12-20T20:52:06.998Z</time>
    <src>GPSD tag="RMC"</src>
    <fix>3d</fix>
    <sat>10</sat>
    <hdop>1.0</hdop>
    <vdop>1.5</vdop>
    <pdop>1.8</pdop>
   </trkpt>
   <trkpt lat="-34.919135" lon="-56.167410">
    <ele>23.700000</ele>
    <time>2011-12-20T20:52:07.998Z</time>
    <src>GPSD tag="RMC"</src>
    <fix>3d</fix>
    <sat>10</sat>
    <hdop>1.0</hdop>
    <vdop>1.5</vdop>
    <pdop>1.8</pdop>
   </trkpt>
   <trkpt lat="-34.919135" lon="-56.167410">
    <ele>23.700000</ele>
    <time>2011-12-20T20:52:08.998Z</time>
    <src>GPSD tag="RMC"</src>
    <fix>3d</fix>
    <sat>10</sat>
    <hdop>1.0</hdop>
    <vdop>1.5</vdop>
    <pdop>1.8</pdop>
   </trkpt>
   <trkpt lat="-34.919135" lon="-56.167408">
    <ele>23.600000</ele>
    <time>2011-12-20T20:52:09.998Z</time>
    <src>GPSD tag="RMC"</src>
    <fix>3d</fix>
    <sat>10</sat>
    <hdop>1.0</hdop>
    <vdop>1.5</vdop>
    <pdop>1.8</pdop>
   </trkpt>
   <trkpt lat="-34.919135" lon="-56.167408">
    <ele>23.500000</ele>
    <time>2011-12-20T20:52:10.998Z</time>
    <src>GPSD tag="RMC"</src>
    <fix>3d</fix>
    <sat>10</sat>
    <hdop>1.0</hdop>
    <vdop>1.5</vdop>
    <pdop>1.8</pdop>
   </trkpt>
   <trkpt lat="-34.919135" lon="-56.167408">
    <ele>23.400000</ele>
    <time>2011-12-20T20:52:11.998Z</time>
    <src>GPSD tag="RMC"</src>
    <fix>3d</fix>
    <sat>10</sat>
    <hdop>1.0</hdop>
    <vdop>1.5</vdop>
    <pdop>1.8</pdop>
   </trkpt>
  </trkseg>
 </trk>
</gpx>
