<?xml version="1.0" encoding="utf-8"?>
<gpx version="1.1" creator="GPSD 3.4~dev - http://catb.org/gpsd"
        xmlns:xsi="http://www.w3.org/2001/XMLSchema-instance"
        xmlns="http://www.topografix.com/GPX/1/1"
        xsi:schemaLocation="http://www.topografix.com/GPX/1/1
        http://www.topografix.com/GPX/1/1/gpx.xsd">
 <metadata>
  <time>2011-12-20T20:54:38.000Z</time>
 </metadata>
 <trk>
  <src>GPSD 3.4~dev</src>
  <trkseg>
   <trkpt lat="-34.919143" lon="-56.167403">
    <ele>26.800000</ele>
    <time>2011-12-20T20:54:38.998Z</time>
    <src>GPSD tag="RMC"</src>
    <fix>3d</fix>
   </trkpt>
   <trkpt lat="-34.919143" lon="-56.167403">
    <ele>26.900000</ele>
    <time>2011-12-20T20:54:39.998Z</time>
    <src>GPSD tag="RMC"</src>
    <fix>3d</fix>
    <sat>10</sat>
    <hdop>1.0</hdop>
    <vdop>1.5</vdop>
    <pdop>1.8</pdop>
   </trkpt>
   <trkpt lat="-34.919143" lon="-56.167403">
    <ele>27.000000</ele>
    <time>2011-12-20T20:54:40.998Z</time>
    <src>GPSD tag="RMC"</src>
    <fix>3d</fix>
    <sat>10</sat>
    <hdop>1.0</hdop>
    <vdop>1.5</vdop>
    <pdop>1.8</pdop>
   </trkpt>
   <trkpt lat="-34.919143" lon="-56.167403">
    <ele>27.000000</ele>
    <time>2011-12-20T20:54:41.998Z</time>
    <src>GPSD tag="RMC"</src>
    <fix>3d</fix>
    <sat>10</sat>
    <hdop>1.0</hdop>
    <vdop>1.5</vdop>
    <pdop>1.8</pdop>
   </trkpt>
   <trkpt lat="-34.919143" lon="-56.167402">
    <ele>27.000000</ele>
    <time>2011-12-20T20:54:42.998Z</time>
    <src>GPSD tag="RMC"</src>
    <fix>3d</fix>
    <sat>10</sat>
    <hdop>1.0</hdop>
    <vdop>1.5</vdop>
    <pdop>1.8</pdop>
   </trkpt>
   <trkpt lat="-34.919143" lon="-56.167402">
    <ele>26.900000</ele>
    <time>2011-12-20T20:54:43.998Z</time>
    <src>GPSD tag="RMC"</src>
    <fix>3d</fix>
    <sat>10</sat>
    <hdop>1.0</hdop>
    <vdop>1.5</vdop>
    <pdop>1.8</pdop>
   </trkpt>
   <trkpt lat="-34.919143" lon="-56.167402">
    <ele>26.800000</ele>
    <time>2011-12-20T20:54:44.998Z</time>
    <src>GPSD tag="RMC"</src>
    <fix>3d</fix>
    <sat>10</sat>
    <hdop>1.0</hdop>
    <vdop>1.5</vdop>
    <pdop>1.8</pdop>
   </trkpt>
   <trkpt lat="-34.919143" lon="-56.167402">
    <ele>26.800000</ele>
    <time>2011-12-20T20:54:45.998Z</time>
    <src>GPSD tag="RMC"</src>
    <fix>3d</fix>
    <sat>10</sat>
    <hdop>1.0</hdop>
    <vdop>1.5</vdop>
    <pdop>1.8</pdop>
   </trkpt>
   <trkpt lat="-34.919143" lon="-56.167402">
    <ele>26.600000</ele>
    <time>2011-12-20T20:54:46.998Z</time>
    <src>GPSD tag="RMC"</src>
    <fix>3d</fix>
    <sat>10</sat>
    <hdop>1.0</hdop>
    <vdop>1.5</vdop>
    <pdop>1.8</pdop>
   </trkpt>
   <trkpt lat="-34.919142" lon="-56.167402">
    <ele>26.600000</ele>
    <time>2011-12-20T20:54:47.998Z</time>
    <src>GPSD tag="RMC"</src>
    <fix>3d</fix>
    <sat>10</sat>
    <hdop>1.0</hdop>
    <vdop>1.5</vdop>
    <pdop>1.8</pdop>
   </trkpt>
   <trkpt lat="-34.919142" lon="-56.167402">
    <ele>26.500000</ele>
    <time>2011-12-20T20:54:48.998Z</time>
    <src>GPSD tag="RMC"</src>
    <fix>3d</fix>
    <sat>10</sat>
    <hdop>1.0</hdop>
    <vdop>1.5</vdop>
    <pdop>1.8</pdop>
   </trkpt>
   <trkpt lat="-34.919142" lon="-56.167402">
    <ele>26.400000</ele>
    <time>2011-12-20T20:54:49.998Z</time>
    <src>GPSD tag="RMC"</src>
    <fix>3d</fix>
    <sat>10</sat>
    <hdop>1.0</hdop>
    <vdop>1.5</vdop>
    <pdop>1.8</pdop>
   </trkpt>
   <trkpt lat="-34.919142" lon="-56.167403">
    <ele>26.300000</ele>
    <time>2011-12-20T20:54:50.998Z</time>
    <src>GPSD tag="RMC"</src>
    <fix>3d</fix>
    <sat>10</sat>
    <hdop>1.0</hdop>
    <vdop>1.5</vdop>
    <pdop>1.8</pdop>
   </trkpt>
   <trkpt lat="-34.919140" lon="-56.167405">
    <ele>26.200000</ele>
    <time>2011-12-20T20:54:51.998Z</time>
    <src>GPSD tag="RMC"</src>
    <fix>3d</fix>
    <sat>10</sat>
    <hdop>1.0</hdop>
    <vdop>1.5</vdop>
    <pdop>1.8</pdop>
   </trkpt>
   <trkpt lat="-34.919140" lon="-56.167407">
    <ele>26.100000</ele>
    <time>2011-12-20T20:54:52.998Z</time>
    <src>GPSD tag="RMC"</src>
    <fix>3d</fix>
    <sat>10</sat>
    <hdop>1.0</hdop>
    <vdop>1.5</vdop>
    <pdop>1.8</pdop>
   </trkpt>
   <trkpt lat="-34.919140" lon="-56.167408">
    <ele>26.000000</ele>
    <time>2011-12-20T20:54:53.998Z</time>
    <src>GPSD tag="RMC"</src>
    <fix>3d</fix>
    <sat>10</sat>
    <hdop>1.0</hdop>
    <vdop>1.5</vdop>
    <pdop>1.8</pdop>
   </trkpt>
   <trkpt lat="-34.919138" lon="-56.167408">
    <ele>25.900000</ele>
    <time>2011-12-20T20:54:54.998Z</time>
    <src>GPSD tag="RMC"</src>
    <fix>3d</fix>
    <sat>10</sat>
    <hdop>1.0</hdop>
    <vdop>1.5</vdop>
    <pdop>1.8</pdop>
   </trkpt>
   <trkpt lat="-34.919138" lon="-56.167408">
    <ele>25.800000</ele>
    <time>2011-12-20T20:54:55.998Z</time>
    <src>GPSD tag="RMC"</src>
    <fix>3d</fix>
    <sat>10</sat>
    <hdop>1.0</hdop>
    <vdop>1.5</vdop>
    <pdop>1.8</pdop>
   </trkpt>
   <trkpt lat="-34.919138" lon="-56.167410">
    <ele>25.800000</ele>
    <time>2011-12-20T20:54:56.998Z</time>
    <src>GPSD tag="RMC"</src>
    <fix>3d</fix>
    <sat>10</sat>
    <hdop>1.0</hdop>
    <vdop>1.5</vdop>
    <pdop>1.8</pdop>
   </trkpt>
   <trkpt lat="-34.919137" lon="-56.167412">
    <ele>25.600000</ele>
    <time>2011-12-20T20:54:57.998Z</time>
    <src>GPSD tag="RMC"</src>
    <fix>3d</fix>
    <sat>10</sat>
    <hdop>1.0</hdop>
    <vdop>1.5</vdop>
    <pdop>1.8</pdop>
   </trkpt>
   <trkpt lat="-34.919137" lon="-56.167412">
    <ele>25.600000</ele>
    <time>2011-12-20T20:54:58.998Z</time>
    <src>GPSD tag="RMC"</src>
    <fix>3d</fix>
    <sat>10</sat>
    <hdop>1.0</hdop>
    <vdop>1.5</vdop>
    <pdop>1.8</pdop>
   </trkpt>
   <trkpt lat="-34.919137" lon="-56.167412">
    <ele>25.500000</ele>
    <time>2011-12-20T20:54:59.998Z</time>
    <src>GPSD tag="RMC"</src>
    <fix>3d</fix>
    <sat>10</sat>
    <hdop>1.0</hdop>
    <vdop>1.5</vdop>
    <pdop>1.8</pdop>
   </trkpt>
   <trkpt lat="-34.919137" lon="-56.167412">
    <ele>25.400000</ele>
    <time>2011-12-20T20:55:00.998Z</time>
    <src>GPSD tag="RMC"</src>
    <fix>3d</fix>
    <sat>10</sat>
    <hdop>1.0</hdop>
    <vdop>1.5</vdop>
    <pdop>1.8</pdop>
   </trkpt>
   <trkpt lat="-34.919137" lon="-56.167412">
    <ele>25.300000</ele>
    <time>2011-12-20T20:55:01.998Z</time>
    <src>GPSD tag="RMC"</src>
    <fix>3d</fix>
    <sat>10</sat>
    <hdop>1.0</hdop>
    <vdop>1.5</vdop>
    <pdop>1.8</pdop>
   </trkpt>
   <trkpt lat="-34.919137" lon="-56.167412">
    <ele>25.300000</ele>
    <time>2011-12-20T20:55:02.998Z</time>
    <src>GPSD tag="RMC"</src>
    <fix>3d</fix>
    <sat>10</sat>
    <hdop>1.0</hdop>
    <vdop>1.5</vdop>
    <pdop>1.8</pdop>
   </trkpt>
   <trkpt lat="-34.919135" lon="-56.167412">
    <ele>25.300000</ele>
    <time>2011-12-20T20:55:03.998Z</time>
    <src>GPSD tag="RMC"</src>
    <fix>3d</fix>
    <sat>10</sat>
    <hdop>1.0</hdop>
    <vdop>1.5</vdop>
    <pdop>1.8</pdop>
   </trkpt>
   <trkpt lat="-34.919135" lon="-56.167412">
    <ele>25.200000</ele>
    <time>2011-12-20T20:55:04.998Z</time>
    <src>GPSD tag="RMC"</src>
    <fix>3d</fix>
    <sat>10</sat>
    <hdop>1.0</hdop>
    <vdop>1.5</vdop>
    <pdop>1.8</pdop>
   </trkpt>
   <trkpt lat="-34.919135" lon="-56.167413">
    <ele>25.100000</ele>
    <time>2011-12-20T20:55:05.998Z</time>
    <src>GPSD tag="RMC"</src>
    <fix>3d</fix>
    <sat>10</sat>
    <hdop>1.0</hdop>
    <vdop>1.5</vdop>
    <pdop>1.8</pdop>
   </trkpt>
   <trkpt lat="-34.919135" lon="-56.167413">
    <ele>25.100000</ele>
    <time>2011-12-20T20:55:06.998Z</time>
    <src>GPSD tag="RMC"</src>
    <fix>3d</fix>
    <sat>10</sat>
    <hdop>1.0</hdop>
    <vdop>1.5</vdop>
    <pdop>1.8</pdop>
   </trkpt>
   <trkpt lat="-34.919133" lon="-56.167413">
    <ele>25.100000</ele>
    <time>2011-12-20T20:55:07.998Z</time>
    <src>GPSD tag="RMC"</src>
    <fix>3d</fix>
    <sat>10</sat>
    <hdop>1.0</hdop>
    <vdop>1.5</vdop>
    <pdop>1.8</pdop>
   </trkpt>
   <trkpt lat="-34.919133" lon="-56.167413">
    <ele>25.200000</ele>
    <time>2011-12-20T20:55:08.998Z</time>
    <src>GPSD tag="RMC"</src>
    <fix>3d</fix>
    <sat>10</sat>
    <hdop>1.0</hdop>
    <vdop>1.5</vdop>
    <pdop>1.8</pdop>
   </trkpt>
   <trkpt lat="-34.919133" lon="-56.167413">
    <ele>25.200000</ele>
    <time>2011-12-20T20:55:09.998Z</time>
    <src>GPSD tag="RMC"</src>
    <fix>3d</fix>
    <sat>10</sat>
    <hdop>1.0</hdop>
    <vdop>1.5</vdop>
    <pdop>1.8</pdop>
   </trkpt>
   <trkpt lat="-34.919132" lon="-56.167412">
    <ele>25.200000</ele>
    <time>2011-12-20T20:55:10.998Z</time>
    <src>GPSD tag="RMC"</src>
    <fix>3d</fix>
    <sat>10</sat>
    <hdop>1.0</hdop>
    <vdop>1.5</vdop>
    <pdop>1.8</pdop>
   </trkpt>
   <trkpt lat="-34.919132" lon="-56.167412">
    <ele>25.300000</ele>
    <time>2011-12-20T20:55:11.998Z</time>
    <src>GPSD tag="RMC"</src>
    <fix>3d</fix>
    <sat>10</sat>
    <hdop>1.0</hdop>
    <vdop>1.5</vdop>
    <pdop>1.8</pdop>
   </trkpt>
   <trkpt lat="-34.919132" lon="-56.167412">
    <ele>25.400000</ele>
    <time>2011-12-20T20:55:12.998Z</time>
    <src>GPSD tag="RMC"</src>
    <fix>3d</fix>
    <sat>10</sat>
    <hdop>1.0</hdop>
    <vdop>1.5</vdop>
    <pdop>1.8</pdop>
   </trkpt>
   <trkpt lat="-34.919132" lon="-56.167412">
    <ele>25.400000</ele>
    <time>2011-12-20T20:55:13.998Z</time>
    <src>GPSD tag="RMC"</src>
    <fix>3d</fix>
    <sat>10</sat>
    <hdop>1.0</hdop>
    <vdop>1.5</vdop>
    <pdop>1.8</pdop>
   </trkpt>
   <trkpt lat="-34.919132" lon="-56.167412">
    <ele>25.500000</ele>
    <time>2011-12-20T20:55:14.998Z</time>
    <src>GPSD tag="RMC"</src>
    <fix>3d</fix>
    <sat>10</sat>
    <hdop>1.0</hdop>
    <vdop>1.5</vdop>
    <pdop>1.8</pdop>
   </trkpt>
   <trkpt lat="-34.919132" lon="-56.167412">
    <ele>25.500000</ele>
    <time>2011-12-20T20:55:15.998Z</time>
    <src>GPSD tag="RMC"</src>
    <fix>3d</fix>
    <sat>10</sat>
    <hdop>1.0</hdop>
    <vdop>1.5</vdop>
    <pdop>1.8</pdop>
   </trkpt>
   <trkpt lat="-34.919132" lon="-56.167412">
    <ele>25.600000</ele>
    <time>2011-12-20T20:55:16.998Z</time>
    <src>GPSD tag="RMC"</src>
    <fix>3d</fix>
    <sat>10</sat>
    <hdop>1.0</hdop>
    <vdop>1.5</vdop>
    <pdop>1.8</pdop>
   </trkpt>
   <trkpt lat="-34.919132" lon="-56.167410">
    <ele>25.700000</ele>
    <time>2011-12-20T20:55:17.998Z</time>
    <src>GPSD tag="RMC"</src>
    <fix>3d</fix>
    <sat>10</sat>
    <hdop>1.0</hdop>
    <vdop>1.5</vdop>
    <pdop>1.8</pdop>
   </trkpt>
   <trkpt lat="-34.919132" lon="-56.167410">
    <ele>25.700000</ele>
    <time>2011-12-20T20:55:18.998Z</time>
    <src>GPSD tag="RMC"</src>
    <fix>3d</fix>
    <sat>10</sat>
    <hdop>1.0</hdop>
    <vdop>1.5</vdop>
    <pdop>1.8</pdop>
   </trkpt>
   <trkpt lat="-34.919133" lon="-56.167410">
    <ele>25.800000</ele>
    <time>2011-12-20T20:55:19.998Z</time>
    <src>GPSD tag="RMC"</src>
    <fix>3d</fix>
    <sat>10</sat>
    <hdop>1.0</hdop>
    <vdop>1.5</vdop>
    <pdop>1.8</pdop>
   </trkpt>
   <trkpt lat="-34.919135" lon="-56.167408">
    <ele>25.900000</ele>
    <time>2011-12-20T20:55:20.998Z</time>
    <src>GPSD tag="RMC"</src>
    <fix>3d</fix>
    <sat>10</sat>
    <hdop>1.0</hdop>
    <vdop>1.5</vdop>
    <pdop>1.8</pdop>
   </trkpt>
  </trkseg>
 </trk>
</gpx>
