<?xml version="1.0" encoding="utf-8"?>
<gpx version="1.1" creator="GPSD 3.4~dev - http://catb.org/gpsd"
        xmlns:xsi="http://www.w3.org/2001/XMLSchema-instance"
        xmlns="http://www.topografix.com/GPX/1/1"
        xsi:schemaLocation="http://www.topografix.com/GPX/1/1
        http://www.topografix.com/GPX/1/1/gpx.xsd">
 <metadata>
  <time>2011-12-20T21:03:39.000Z</time>
 </metadata>
 <trk>
  <src>GPSD 3.4~dev</src>
  <trkseg>
   <trkpt lat="-34.919128" lon="-56.167373">
    <ele>32.700000</ele>
    <time>2011-12-20T21:03:39.999Z</time>
    <src>GPSD tag="RMC"</src>
    <fix>3d</fix>
    <sat>8</sat>
    <hdop>1.0</hdop>
    <vdop>2.0</vdop>
    <pdop>2.2</pdop>
   </trkpt>
   <trkpt lat="-34.919128" lon="-56.167373">
    <ele>32.700000</ele>
    <time>2011-12-20T21:03:40.999Z</time>
    <src>GPSD tag="RMC"</src>
    <fix>3d</fix>
    <sat>8</sat>
    <hdop>1.0</hdop>
    <vdop>2.0</vdop>
    <pdop>2.2</pdop>
   </trkpt>
   <trkpt lat="-34.919128" lon="-56.167373">
    <ele>32.700000</ele>
    <time>2011-12-20T21:03:41.999Z</time>
    <src>GPSD tag="RMC"</src>
    <fix>3d</fix>
    <sat>8</sat>
    <hdop>1.0</hdop>
    <vdop>2.0</vdop>
    <pdop>2.2</pdop>
   </trkpt>
   <trkpt lat="-34.919128" lon="-56.167373">
    <ele>32.800000</ele>
    <time>2011-12-20T21:03:42.999Z</time>
    <src>GPSD tag="RMC"</src>
    <fix>3d</fix>
    <sat>8</sat>
    <hdop>1.0</hdop>
    <vdop>2.0</vdop>
    <pdop>2.2</pdop>
   </trkpt>
   <trkpt lat="-34.919128" lon="-56.167373">
    <ele>32.800000</ele>
    <time>2011-12-20T21:03:43.999Z</time>
    <src>GPSD tag="RMC"</src>
    <fix>3d</fix>
    <sat>8</sat>
    <hdop>1.0</hdop>
    <vdop>2.0</vdop>
    <pdop>2.2</pdop>
   </trkpt>
   <trkpt lat="-34.919128" lon="-56.167373">
    <ele>32.700000</ele>
    <time>2011-12-20T21:03:44.999Z</time>
    <src>GPSD tag="RMC"</src>
    <fix>3d</fix>
    <sat>8</sat>
    <hdop>1.0</hdop>
    <vdop>2.0</vdop>
    <pdop>2.2</pdop>
   </trkpt>
   <trkpt lat="-34.919128" lon="-56.167373">
    <ele>32.800000</ele>
    <time>2011-12-20T21:03:45.999Z</time>
    <src>GPSD tag="RMC"</src>
    <fix>3d</fix>
    <sat>8</sat>
    <hdop>1.0</hdop>
    <vdop>2.0</vdop>
    <pdop>2.2</pdop>
   </trkpt>
   <trkpt lat="-34.919130" lon="-56.167373">
    <ele>32.800000</ele>
    <time>2011-12-20T21:03:46.999Z</time>
    <src>GPSD tag="RMC"</src>
    <fix>3d</fix>
    <sat>8</sat>
    <hdop>1.0</hdop>
    <vdop>2.0</vdop>
    <pdop>2.2</pdop>
   </trkpt>
   <trkpt lat="-34.919130" lon="-56.167373">
    <ele>32.800000</ele>
    <time>2011-12-20T21:03:47.999Z</time>
    <src>GPSD tag="RMC"</src>
    <fix>3d</fix>
    <sat>8</sat>
    <hdop>1.0</hdop>
    <vdop>2.0</vdop>
    <pdop>2.2</pdop>
   </trkpt>
   <trkpt lat="-34.919130" lon="-56.167373">
    <ele>32.800000</ele>
    <time>2011-12-20T21:03:48.999Z</time>
    <src>GPSD tag="RMC"</src>
    <fix>3d</fix>
    <sat>8</sat>
    <hdop>1.0</hdop>
    <vdop>2.0</vdop>
    <pdop>2.2</pdop>
   </trkpt>
   <trkpt lat="-34.919130" lon="-56.167373">
    <ele>32.800000</ele>
    <time>2011-12-20T21:03:49.999Z</time>
    <src>GPSD tag="RMC"</src>
    <fix>3d</fix>
    <sat>8</sat>
    <hdop>1.0</hdop>
    <vdop>2.0</vdop>
    <pdop>2.2</pdop>
   </trkpt>
   <trkpt lat="-34.919130" lon="-56.167372">
    <ele>32.900000</ele>
    <time>2011-12-20T21:03:50.999Z</time>
    <src>GPSD tag="RMC"</src>
    <fix>3d</fix>
    <sat>8</sat>
    <hdop>1.0</hdop>
    <vdop>2.0</vdop>
    <pdop>2.2</pdop>
   </trkpt>
   <trkpt lat="-34.919130" lon="-56.167372">
    <ele>32.900000</ele>
    <time>2011-12-20T21:03:51.999Z</time>
    <src>GPSD tag="RMC"</src>
    <fix>3d</fix>
    <sat>8</sat>
    <hdop>1.0</hdop>
    <vdop>2.0</vdop>
    <pdop>2.3</pdop>
   </trkpt>
   <trkpt lat="-34.919132" lon="-56.167372">
    <ele>32.900000</ele>
    <time>2011-12-20T21:03:52.999Z</time>
    <src>GPSD tag="RMC"</src>
    <fix>3d</fix>
    <sat>8</sat>
    <hdop>1.0</hdop>
    <vdop>2.0</vdop>
    <pdop>2.3</pdop>
   </trkpt>
   <trkpt lat="-34.919132" lon="-56.167372">
    <ele>33.000000</ele>
    <time>2011-12-20T21:03:53.999Z</time>
    <src>GPSD tag="RMC"</src>
    <fix>3d</fix>
    <sat>8</sat>
    <hdop>1.0</hdop>
    <vdop>2.0</vdop>
    <pdop>2.3</pdop>
   </trkpt>
   <trkpt lat="-34.919132" lon="-56.167372">
    <ele>33.000000</ele>
    <time>2011-12-20T21:03:54.999Z</time>
    <src>GPSD tag="RMC"</src>
    <fix>3d</fix>
    <sat>8</sat>
    <hdop>1.0</hdop>
    <vdop>2.0</vdop>
    <pdop>2.3</pdop>
   </trkpt>
   <trkpt lat="-34.919132" lon="-56.167372">
    <ele>33.000000</ele>
    <time>2011-12-20T21:03:55.999Z</time>
    <src>GPSD tag="RMC"</src>
    <fix>3d</fix>
    <sat>8</sat>
    <hdop>1.0</hdop>
    <vdop>2.0</vdop>
    <pdop>2.3</pdop>
   </trkpt>
   <trkpt lat="-34.919132" lon="-56.167372">
    <ele>33.000000</ele>
    <time>2011-12-20T21:03:56.999Z</time>
    <src>GPSD tag="RMC"</src>
    <fix>3d</fix>
    <sat>8</sat>
    <hdop>1.0</hdop>
    <vdop>2.0</vdop>
    <pdop>2.3</pdop>
   </trkpt>
   <trkpt lat="-34.919132" lon="-56.167372">
    <ele>33.100000</ele>
    <time>2011-12-20T21:03:57.999Z</time>
    <src>GPSD tag="RMC"</src>
    <fix>3d</fix>
    <sat>8</sat>
    <hdop>1.0</hdop>
    <vdop>2.0</vdop>
    <pdop>2.3</pdop>
   </trkpt>
   <trkpt lat="-34.919132" lon="-56.167370">
    <ele>33.100000</ele>
    <time>2011-12-20T21:03:58.999Z</time>
    <src>GPSD tag="RMC"</src>
    <fix>3d</fix>
    <sat>8</sat>
    <hdop>1.0</hdop>
    <vdop>2.0</vdop>
    <pdop>2.3</pdop>
   </trkpt>
   <trkpt lat="-34.919132" lon="-56.167370">
    <ele>33.100000</ele>
    <time>2011-12-20T21:03:59.999Z</time>
    <src>GPSD tag="RMC"</src>
    <fix>3d</fix>
    <sat>8</sat>
    <hdop>1.0</hdop>
    <vdop>2.0</vdop>
    <pdop>2.3</pdop>
   </trkpt>
   <trkpt lat="-34.919132" lon="-56.167370">
    <ele>33.100000</ele>
    <time>2011-12-20T21:04:00.999Z</time>
    <src>GPSD tag="RMC"</src>
    <fix>3d</fix>
    <sat>8</sat>
    <hdop>1.0</hdop>
    <vdop>2.0</vdop>
    <pdop>2.3</pdop>
   </trkpt>
   <trkpt lat="-34.919132" lon="-56.167370">
    <ele>33.100000</ele>
    <time>2011-12-20T21:04:01.999Z</time>
    <src>GPSD tag="RMC"</src>
    <fix>3d</fix>
    <sat>8</sat>
    <hdop>1.0</hdop>
    <vdop>2.0</vdop>
    <pdop>2.3</pdop>
   </trkpt>
   <trkpt lat="-34.919132" lon="-56.167370">
    <ele>33.100000</ele>
    <time>2011-12-20T21:04:02.999Z</time>
    <src>GPSD tag="RMC"</src>
    <fix>3d</fix>
    <sat>8</sat>
    <hdop>1.0</hdop>
    <vdop>2.0</vdop>
    <pdop>2.3</pdop>
   </trkpt>
   <trkpt lat="-34.919132" lon="-56.167370">
    <ele>33.100000</ele>
    <time>2011-12-20T21:04:03.999Z</time>
    <src>GPSD tag="RMC"</src>
    <fix>3d</fix>
    <sat>8</sat>
    <hdop>1.0</hdop>
    <vdop>2.0</vdop>
    <pdop>2.3</pdop>
   </trkpt>
   <trkpt lat="-34.919132" lon="-56.167370">
    <ele>33.100000</ele>
    <time>2011-12-20T21:04:04.999Z</time>
    <src>GPSD tag="RMC"</src>
    <fix>3d</fix>
    <sat>8</sat>
    <hdop>1.0</hdop>
    <vdop>2.0</vdop>
    <pdop>2.3</pdop>
   </trkpt>
   <trkpt lat="-34.919132" lon="-56.167370">
    <ele>33.100000</ele>
    <time>2011-12-20T21:04:05.999Z</time>
    <src>GPSD tag="RMC"</src>
    <fix>3d</fix>
    <sat>8</sat>
    <hdop>1.0</hdop>
    <vdop>2.0</vdop>
    <pdop>2.3</pdop>
   </trkpt>
   <trkpt lat="-34.919132" lon="-56.167370">
    <ele>33.100000</ele>
    <time>2011-12-20T21:04:06.999Z</time>
    <src>GPSD tag="RMC"</src>
    <fix>3d</fix>
    <sat>8</sat>
    <hdop>1.0</hdop>
    <vdop>2.0</vdop>
    <pdop>2.3</pdop>
   </trkpt>
   <trkpt lat="-34.919132" lon="-56.167370">
    <ele>33.100000</ele>
    <time>2011-12-20T21:04:07.999Z</time>
    <src>GPSD tag="RMC"</src>
    <fix>3d</fix>
    <sat>8</sat>
    <hdop>1.0</hdop>
    <vdop>2.0</vdop>
    <pdop>2.3</pdop>
   </trkpt>
   <trkpt lat="-34.919132" lon="-56.167370">
    <ele>33.100000</ele>
    <time>2011-12-20T21:04:08.999Z</time>
    <src>GPSD tag="RMC"</src>
    <fix>3d</fix>
    <sat>8</sat>
    <hdop>1.0</hdop>
    <vdop>2.0</vdop>
    <pdop>2.3</pdop>
   </trkpt>
   <trkpt lat="-34.919132" lon="-56.167370">
    <ele>33.100000</ele>
    <time>2011-12-20T21:04:09.999Z</time>
    <src>GPSD tag="RMC"</src>
    <fix>3d</fix>
    <sat>8</sat>
    <hdop>1.0</hdop>
    <vdop>2.0</vdop>
    <pdop>2.3</pdop>
   </trkpt>
   <trkpt lat="-34.919132" lon="-56.167370">
    <ele>33.000000</ele>
    <time>2011-12-20T21:04:10.999Z</time>
    <src>GPSD tag="RMC"</src>
    <fix>3d</fix>
    <sat>8</sat>
    <hdop>1.0</hdop>
    <vdop>2.0</vdop>
    <pdop>2.3</pdop>
   </trkpt>
   <trkpt lat="-34.919132" lon="-56.167370">
    <ele>33.000000</ele>
    <time>2011-12-20T21:04:11.999Z</time>
    <src>GPSD tag="RMC"</src>
    <fix>3d</fix>
    <sat>8</sat>
    <hdop>1.0</hdop>
    <vdop>2.0</vdop>
    <pdop>2.3</pdop>
   </trkpt>
   <trkpt lat="-34.919132" lon="-56.167370">
    <ele>33.000000</ele>
    <time>2011-12-20T21:04:12.999Z</time>
    <src>GPSD tag="RMC"</src>
    <fix>3d</fix>
    <sat>8</sat>
    <hdop>1.0</hdop>
    <vdop>2.0</vdop>
    <pdop>2.3</pdop>
   </trkpt>
   <trkpt lat="-34.919132" lon="-56.167370">
    <ele>33.000000</ele>
    <time>2011-12-20T21:04:13.999Z</time>
    <src>GPSD tag="RMC"</src>
    <fix>3d</fix>
    <sat>8</sat>
    <hdop>1.0</hdop>
    <vdop>2.0</vdop>
    <pdop>2.3</pdop>
   </trkpt>
   <trkpt lat="-34.919132" lon="-56.167370">
    <ele>33.000000</ele>
    <time>2011-12-20T21:04:14.999Z</time>
    <src>GPSD tag="RMC"</src>
    <fix>3d</fix>
    <sat>8</sat>
    <hdop>1.0</hdop>
    <vdop>2.0</vdop>
    <pdop>2.3</pdop>
   </trkpt>
   <trkpt lat="-34.919132" lon="-56.167370">
    <ele>33.000000</ele>
    <time>2011-12-20T21:04:15.999Z</time>
    <src>GPSD tag="RMC"</src>
    <fix>3d</fix>
    <sat>8</sat>
    <hdop>1.0</hdop>
    <vdop>2.0</vdop>
    <pdop>2.3</pdop>
   </trkpt>
   <trkpt lat="-34.919132" lon="-56.167372">
    <ele>33.000000</ele>
    <time>2011-12-20T21:04:16.999Z</time>
    <src>GPSD tag="RMC"</src>
    <fix>3d</fix>
    <sat>8</sat>
    <hdop>1.0</hdop>
    <vdop>2.0</vdop>
    <pdop>2.3</pdop>
   </trkpt>
   <trkpt lat="-34.919132" lon="-56.167372">
    <ele>32.900000</ele>
    <time>2011-12-20T21:04:17.999Z</time>
    <src>GPSD tag="RMC"</src>
    <fix>3d</fix>
    <sat>8</sat>
    <hdop>1.0</hdop>
    <vdop>2.0</vdop>
    <pdop>2.3</pdop>
   </trkpt>
   <trkpt lat="-34.919132" lon="-56.167372">
    <ele>32.900000</ele>
    <time>2011-12-20T21:04:18.999Z</time>
    <src>GPSD tag="RMC"</src>
    <fix>3d</fix>
    <sat>8</sat>
    <hdop>1.0</hdop>
    <vdop>2.0</vdop>
    <pdop>2.3</pdop>
   </trkpt>
   <trkpt lat="-34.919132" lon="-56.167372">
    <ele>32.900000</ele>
    <time>2011-12-20T21:04:19.999Z</time>
    <src>GPSD tag="RMC"</src>
    <fix>3d</fix>
    <sat>8</sat>
    <hdop>1.0</hdop>
    <vdop>2.0</vdop>
    <pdop>2.3</pdop>
   </trkpt>
   <trkpt lat="-34.919132" lon="-56.167372">
    <ele>32.900000</ele>
    <time>2011-12-20T21:04:20.999Z</time>
    <src>GPSD tag="RMC"</src>
    <fix>3d</fix>
    <sat>8</sat>
    <hdop>1.0</hdop>
    <vdop>2.0</vdop>
    <pdop>2.3</pdop>
   </trkpt>
   <trkpt lat="-34.919132" lon="-56.167372">
    <ele>32.900000</ele>
    <time>2011-12-20T21:04:21.999Z</time>
    <src>GPSD tag="RMC"</src>
    <fix>3d</fix>
    <sat>8</sat>
    <hdop>1.0</hdop>
    <vdop>2.0</vdop>
    <pdop>2.3</pdop>
   </trkpt>
   <trkpt lat="-34.919132" lon="-56.167372">
    <ele>32.900000</ele>
    <time>2011-12-20T21:04:22.999Z</time>
    <src>GPSD tag="RMC"</src>
    <fix>3d</fix>
    <sat>8</sat>
    <hdop>1.0</hdop>
    <vdop>2.0</vdop>
    <pdop>2.3</pdop>
   </trkpt>
   <trkpt lat="-34.919132" lon="-56.167372">
    <ele>32.900000</ele>
    <time>2011-12-20T21:04:23.999Z</time>
    <src>GPSD tag="RMC"</src>
    <fix>3d</fix>
    <sat>8</sat>
    <hdop>1.0</hdop>
    <vdop>2.0</vdop>
    <pdop>2.3</pdop>
   </trkpt>
   <trkpt lat="-34.919132" lon="-56.167370">
    <ele>32.900000</ele>
    <time>2011-12-20T21:04:24.999Z</time>
    <src>GPSD tag="RMC"</src>
    <fix>3d</fix>
    <sat>8</sat>
    <hdop>1.0</hdop>
    <vdop>2.0</vdop>
    <pdop>2.3</pdop>
   </trkpt>
   <trkpt lat="-34.919133" lon="-56.167370">
    <ele>33.000000</ele>
    <time>2011-12-20T21:04:25.999Z</time>
    <src>GPSD tag="RMC"</src>
    <fix>3d</fix>
    <sat>8</sat>
    <hdop>1.0</hdop>
    <vdop>2.0</vdop>
    <pdop>2.3</pdop>
   </trkpt>
   <trkpt lat="-34.919133" lon="-56.167370">
    <ele>33.000000</ele>
    <time>2011-12-20T21:04:26.999Z</time>
    <src>GPSD tag="RMC"</src>
    <fix>3d</fix>
    <sat>8</sat>
    <hdop>1.0</hdop>
    <vdop>2.0</vdop>
    <pdop>2.3</pdop>
   </trkpt>
   <trkpt lat="-34.919133" lon="-56.167370">
    <ele>33.000000</ele>
    <time>2011-12-20T21:04:27.999Z</time>
    <src>GPSD tag="RMC"</src>
    <fix>3d</fix>
    <sat>8</sat>
    <hdop>1.0</hdop>
    <vdop>2.0</vdop>
    <pdop>2.3</pdop>
   </trkpt>
   <trkpt lat="-34.919133" lon="-56.167370">
    <ele>33.000000</ele>
    <time>2011-12-20T21:04:28.999Z</time>
    <src>GPSD tag="RMC"</src>
    <fix>3d</fix>
    <sat>8</sat>
    <hdop>1.0</hdop>
    <vdop>2.0</vdop>
    <pdop>2.3</pdop>
   </trkpt>
   <trkpt lat="-34.919133" lon="-56.167370">
    <ele>33.000000</ele>
    <time>2011-12-20T21:04:29.999Z</time>
    <src>GPSD tag="RMC"</src>
    <fix>3d</fix>
    <sat>8</sat>
    <hdop>1.0</hdop>
    <vdop>2.0</vdop>
    <pdop>2.3</pdop>
   </trkpt>
   <trkpt lat="-34.919133" lon="-56.167370">
    <ele>33.000000</ele>
    <time>2011-12-20T21:04:30.999Z</time>
    <src>GPSD tag="RMC"</src>
    <fix>3d</fix>
    <sat>8</sat>
    <hdop>1.0</hdop>
    <vdop>2.0</vdop>
    <pdop>2.3</pdop>
   </trkpt>
   <trkpt lat="-34.919133" lon="-56.167370">
    <ele>33.000000</ele>
    <time>2011-12-20T21:04:31.999Z</time>
    <src>GPSD tag="RMC"</src>
    <fix>3d</fix>
    <sat>8</sat>
    <hdop>1.0</hdop>
    <vdop>2.0</vdop>
    <pdop>2.3</pdop>
   </trkpt>
   <trkpt lat="-34.919133" lon="-56.167370">
    <ele>33.100000</ele>
    <time>2011-12-20T21:04:32.999Z</time>
    <src>GPSD tag="RMC"</src>
    <fix>3d</fix>
    <sat>8</sat>
    <hdop>1.0</hdop>
    <vdop>2.0</vdop>
    <pdop>2.3</pdop>
   </trkpt>
   <trkpt lat="-34.919133" lon="-56.167370">
    <ele>33.100000</ele>
    <time>2011-12-20T21:04:33.999Z</time>
    <src>GPSD tag="RMC"</src>
    <fix>3d</fix>
    <sat>8</sat>
    <hdop>1.0</hdop>
    <vdop>2.0</vdop>
    <pdop>2.3</pdop>
   </trkpt>
   <trkpt lat="-34.919133" lon="-56.167370">
    <ele>33.100000</ele>
    <time>2011-12-20T21:04:34.999Z</time>
    <src>GPSD tag="RMC"</src>
    <fix>3d</fix>
    <sat>8</sat>
    <hdop>1.0</hdop>
    <vdop>2.0</vdop>
    <pdop>2.3</pdop>
   </trkpt>
   <trkpt lat="-34.919133" lon="-56.167370">
    <ele>33.100000</ele>
    <time>2011-12-20T21:04:35.999Z</time>
    <src>GPSD tag="RMC"</src>
    <fix>3d</fix>
    <sat>8</sat>
    <hdop>1.0</hdop>
    <vdop>2.0</vdop>
    <pdop>2.3</pdop>
   </trkpt>
  </trkseg>
 </trk>
</gpx>
