<?xml version="1.0" encoding="utf-8"?>
<gpx version="1.1" creator="GPSD 3.4~dev - http://catb.org/gpsd"
        xmlns:xsi="http://www.w3.org/2001/XMLSchema-instance"
        xmlns="http://www.topografix.com/GPX/1/1"
        xsi:schemaLocation="http://www.topografix.com/GPX/1/1
        http://www.topografix.com/GPX/1/1/gpx.xsd">
 <metadata>
  <time>2011-12-29T12:51:59.000Z</time>
 </metadata>
 <trk>
  <src>GPSD 3.4~dev</src>
  <trkseg>
   <trkpt lat="-31.456138" lon="-64.172798">
    <ele>464.700000</ele>
    <time>2011-12-29T12:51:59.990Z</time>
    <src>GPSD tag="RMC"</src>
    <fix>3d</fix>
    <sat>10</sat>
    <hdop>0.9</hdop>
    <vdop>1.3</vdop>
    <pdop>1.6</pdop>
   </trkpt>
   <trkpt lat="-31.456138" lon="-64.172798">
    <ele>464.700000</ele>
    <time>2011-12-29T12:52:00.990Z</time>
    <src>GPSD tag="RMC"</src>
    <fix>3d</fix>
    <sat>10</sat>
    <hdop>0.9</hdop>
    <vdop>1.3</vdop>
    <pdop>1.6</pdop>
   </trkpt>
   <trkpt lat="-31.456138" lon="-64.172798">
    <ele>464.700000</ele>
    <time>2011-12-29T12:52:01.990Z</time>
    <src>GPSD tag="RMC"</src>
    <fix>3d</fix>
    <sat>10</sat>
    <hdop>0.9</hdop>
    <vdop>1.3</vdop>
    <pdop>1.6</pdop>
   </trkpt>
   <trkpt lat="-31.456138" lon="-64.172798">
    <ele>464.700000</ele>
    <time>2011-12-29T12:52:02.990Z</time>
    <src>GPSD tag="RMC"</src>
    <fix>3d</fix>
    <sat>10</sat>
    <hdop>0.9</hdop>
    <vdop>1.3</vdop>
    <pdop>1.6</pdop>
   </trkpt>
   <trkpt lat="-31.456137" lon="-64.172798">
    <ele>464.700000</ele>
    <time>2011-12-29T12:52:03.990Z</time>
    <src>GPSD tag="RMC"</src>
    <fix>3d</fix>
    <sat>10</sat>
    <hdop>0.9</hdop>
    <vdop>1.3</vdop>
    <pdop>1.6</pdop>
   </trkpt>
   <trkpt lat="-31.456137" lon="-64.172798">
    <ele>464.700000</ele>
    <time>2011-12-29T12:52:04.990Z</time>
    <src>GPSD tag="RMC"</src>
    <fix>3d</fix>
    <sat>10</sat>
    <hdop>0.9</hdop>
    <vdop>1.3</vdop>
    <pdop>1.6</pdop>
   </trkpt>
   <trkpt lat="-31.456137" lon="-64.172798">
    <ele>464.700000</ele>
    <time>2011-12-29T12:52:05.990Z</time>
    <src>GPSD tag="RMC"</src>
    <fix>3d</fix>
    <sat>10</sat>
    <hdop>0.9</hdop>
    <vdop>1.3</vdop>
    <pdop>1.6</pdop>
   </trkpt>
   <trkpt lat="-31.456137" lon="-64.172798">
    <ele>464.700000</ele>
    <time>2011-12-29T12:52:06.990Z</time>
    <src>GPSD tag="RMC"</src>
    <fix>3d</fix>
    <sat>10</sat>
    <hdop>0.9</hdop>
    <vdop>1.3</vdop>
    <pdop>1.6</pdop>
   </trkpt>
   <trkpt lat="-31.456137" lon="-64.172798">
    <ele>464.700000</ele>
    <time>2011-12-29T12:52:07.990Z</time>
    <src>GPSD tag="RMC"</src>
    <fix>3d</fix>
    <sat>10</sat>
    <hdop>0.9</hdop>
    <vdop>1.3</vdop>
    <pdop>1.6</pdop>
   </trkpt>
   <trkpt lat="-31.456137" lon="-64.172798">
    <ele>464.700000</ele>
    <time>2011-12-29T12:52:08.990Z</time>
    <src>GPSD tag="RMC"</src>
    <fix>3d</fix>
    <sat>10</sat>
    <hdop>0.9</hdop>
    <vdop>1.3</vdop>
    <pdop>1.6</pdop>
   </trkpt>
   <trkpt lat="-31.456137" lon="-64.172798">
    <ele>464.700000</ele>
    <time>2011-12-29T12:52:09.990Z</time>
    <src>GPSD tag="RMC"</src>
    <fix>3d</fix>
    <sat>10</sat>
    <hdop>0.9</hdop>
    <vdop>1.3</vdop>
    <pdop>1.6</pdop>
   </trkpt>
   <trkpt lat="-31.456137" lon="-64.172798">
    <ele>464.700000</ele>
    <time>2011-12-29T12:52:10.990Z</time>
    <src>GPSD tag="RMC"</src>
    <fix>3d</fix>
    <sat>10</sat>
    <hdop>0.9</hdop>
    <vdop>1.3</vdop>
    <pdop>1.6</pdop>
   </trkpt>
   <trkpt lat="-31.456137" lon="-64.172798">
    <ele>464.700000</ele>
    <time>2011-12-29T12:52:11.990Z</time>
    <src>GPSD tag="RMC"</src>
    <fix>3d</fix>
    <sat>10</sat>
    <hdop>0.9</hdop>
    <vdop>1.3</vdop>
    <pdop>1.6</pdop>
   </trkpt>
   <trkpt lat="-31.456137" lon="-64.172798">
    <ele>464.700000</ele>
    <time>2011-12-29T12:52:12.990Z</time>
    <src>GPSD tag="RMC"</src>
    <fix>3d</fix>
    <sat>10</sat>
    <hdop>0.9</hdop>
    <vdop>1.3</vdop>
    <pdop>1.6</pdop>
   </trkpt>
   <trkpt lat="-31.456137" lon="-64.172798">
    <ele>464.700000</ele>
    <time>2011-12-29T12:52:13.990Z</time>
    <src>GPSD tag="RMC"</src>
    <fix>3d</fix>
    <sat>10</sat>
    <hdop>0.9</hdop>
    <vdop>1.3</vdop>
    <pdop>1.6</pdop>
   </trkpt>
   <trkpt lat="-31.456137" lon="-64.172798">
    <ele>464.700000</ele>
    <time>2011-12-29T12:52:14.990Z</time>
    <src>GPSD tag="RMC"</src>
    <fix>3d</fix>
    <sat>10</sat>
    <hdop>0.9</hdop>
    <vdop>1.3</vdop>
    <pdop>1.6</pdop>
   </trkpt>
   <trkpt lat="-31.456137" lon="-64.172798">
    <ele>464.700000</ele>
    <time>2011-12-29T12:52:15.990Z</time>
    <src>GPSD tag="RMC"</src>
    <fix>3d</fix>
    <sat>10</sat>
    <hdop>0.9</hdop>
    <vdop>1.3</vdop>
    <pdop>1.6</pdop>
   </trkpt>
   <trkpt lat="-31.456137" lon="-64.172798">
    <ele>464.700000</ele>
    <time>2011-12-29T12:52:16.990Z</time>
    <src>GPSD tag="RMC"</src>
    <fix>3d</fix>
    <sat>10</sat>
    <hdop>0.9</hdop>
    <vdop>1.3</vdop>
    <pdop>1.6</pdop>
   </trkpt>
   <trkpt lat="-31.456137" lon="-64.172798">
    <ele>464.700000</ele>
    <time>2011-12-29T12:52:17.990Z</time>
    <src>GPSD tag="RMC"</src>
    <fix>3d</fix>
    <sat>10</sat>
    <hdop>0.9</hdop>
    <vdop>1.3</vdop>
    <pdop>1.6</pdop>
   </trkpt>
   <trkpt lat="-31.456138" lon="-64.172800">
    <ele>464.700000</ele>
    <time>2011-12-29T12:52:18.990Z</time>
    <src>GPSD tag="RMC"</src>
    <fix>3d</fix>
    <sat>10</sat>
    <hdop>0.9</hdop>
    <vdop>1.3</vdop>
    <pdop>1.6</pdop>
   </trkpt>
   <trkpt lat="-31.456138" lon="-64.172800">
    <ele>464.700000</ele>
    <time>2011-12-29T12:52:19.990Z</time>
    <src>GPSD tag="RMC"</src>
    <fix>3d</fix>
    <sat>10</sat>
    <hdop>0.9</hdop>
    <vdop>1.3</vdop>
    <pdop>1.6</pdop>
   </trkpt>
   <trkpt lat="-31.456138" lon="-64.172800">
    <ele>464.700000</ele>
    <time>2011-12-29T12:52:20.990Z</time>
    <src>GPSD tag="RMC"</src>
    <fix>3d</fix>
    <sat>10</sat>
    <hdop>0.9</hdop>
    <vdop>1.3</vdop>
    <pdop>1.6</pdop>
   </trkpt>
   <trkpt lat="-31.456138" lon="-64.172800">
    <ele>464.600000</ele>
    <time>2011-12-29T12:52:21.990Z</time>
    <src>GPSD tag="RMC"</src>
    <fix>3d</fix>
    <sat>10</sat>
    <hdop>0.9</hdop>
    <vdop>1.3</vdop>
    <pdop>1.6</pdop>
   </trkpt>
   <trkpt lat="-31.456138" lon="-64.172800">
    <ele>464.600000</ele>
    <time>2011-12-29T12:52:22.990Z</time>
    <src>GPSD tag="RMC"</src>
    <fix>3d</fix>
    <sat>10</sat>
    <hdop>0.9</hdop>
    <vdop>1.3</vdop>
    <pdop>1.6</pdop>
   </trkpt>
   <trkpt lat="-31.456138" lon="-64.172800">
    <ele>464.600000</ele>
    <time>2011-12-29T12:52:23.990Z</time>
    <src>GPSD tag="RMC"</src>
    <fix>3d</fix>
    <sat>10</sat>
    <hdop>0.9</hdop>
    <vdop>1.3</vdop>
    <pdop>1.6</pdop>
   </trkpt>
   <trkpt lat="-31.456138" lon="-64.172800">
    <ele>464.600000</ele>
    <time>2011-12-29T12:52:24.990Z</time>
    <src>GPSD tag="RMC"</src>
    <fix>3d</fix>
    <sat>10</sat>
    <hdop>0.9</hdop>
    <vdop>1.3</vdop>
    <pdop>1.6</pdop>
   </trkpt>
   <trkpt lat="-31.456138" lon="-64.172800">
    <ele>464.500000</ele>
    <time>2011-12-29T12:52:25.990Z</time>
    <src>GPSD tag="RMC"</src>
    <fix>3d</fix>
    <sat>10</sat>
    <hdop>0.9</hdop>
    <vdop>1.3</vdop>
    <pdop>1.6</pdop>
   </trkpt>
   <trkpt lat="-31.456138" lon="-64.172802">
    <ele>464.500000</ele>
    <time>2011-12-29T12:52:26.990Z</time>
    <src>GPSD tag="RMC"</src>
    <fix>3d</fix>
    <sat>10</sat>
    <hdop>0.9</hdop>
    <vdop>1.3</vdop>
    <pdop>1.6</pdop>
   </trkpt>
   <trkpt lat="-31.456138" lon="-64.172802">
    <ele>464.500000</ele>
    <time>2011-12-29T12:52:27.990Z</time>
    <src>GPSD tag="RMC"</src>
    <fix>3d</fix>
    <sat>10</sat>
    <hdop>0.9</hdop>
    <vdop>1.3</vdop>
    <pdop>1.6</pdop>
   </trkpt>
   <trkpt lat="-31.456138" lon="-64.172802">
    <ele>464.400000</ele>
    <time>2011-12-29T12:52:28.990Z</time>
    <src>GPSD tag="RMC"</src>
    <fix>3d</fix>
    <sat>10</sat>
    <hdop>0.9</hdop>
    <vdop>1.3</vdop>
    <pdop>1.6</pdop>
   </trkpt>
   <trkpt lat="-31.456138" lon="-64.172802">
    <ele>464.400000</ele>
    <time>2011-12-29T12:52:29.990Z</time>
    <src>GPSD tag="RMC"</src>
    <fix>3d</fix>
    <sat>10</sat>
    <hdop>0.9</hdop>
    <vdop>1.3</vdop>
    <pdop>1.6</pdop>
   </trkpt>
   <trkpt lat="-31.456138" lon="-64.172802">
    <ele>464.400000</ele>
    <time>2011-12-29T12:52:30.990Z</time>
    <src>GPSD tag="RMC"</src>
    <fix>3d</fix>
    <sat>10</sat>
    <hdop>0.9</hdop>
    <vdop>1.3</vdop>
    <pdop>1.6</pdop>
   </trkpt>
   <trkpt lat="-31.456138" lon="-64.172802">
    <ele>464.300000</ele>
    <time>2011-12-29T12:52:31.990Z</time>
    <src>GPSD tag="RMC"</src>
    <fix>3d</fix>
    <sat>10</sat>
    <hdop>0.9</hdop>
    <vdop>1.3</vdop>
    <pdop>1.6</pdop>
   </trkpt>
   <trkpt lat="-31.456140" lon="-64.172802">
    <ele>464.300000</ele>
    <time>2011-12-29T12:52:32.990Z</time>
    <src>GPSD tag="RMC"</src>
    <fix>3d</fix>
    <sat>10</sat>
    <hdop>0.9</hdop>
    <vdop>1.3</vdop>
    <pdop>1.6</pdop>
   </trkpt>
   <trkpt lat="-31.456140" lon="-64.172802">
    <ele>464.300000</ele>
    <time>2011-12-29T12:52:33.990Z</time>
    <src>GPSD tag="RMC"</src>
    <fix>3d</fix>
    <sat>10</sat>
    <hdop>0.9</hdop>
    <vdop>1.3</vdop>
    <pdop>1.6</pdop>
   </trkpt>
   <trkpt lat="-31.456140" lon="-64.172802">
    <ele>464.300000</ele>
    <time>2011-12-29T12:52:34.990Z</time>
    <src>GPSD tag="RMC"</src>
    <fix>3d</fix>
    <sat>10</sat>
    <hdop>0.9</hdop>
    <vdop>1.3</vdop>
    <pdop>1.6</pdop>
   </trkpt>
   <trkpt lat="-31.456140" lon="-64.172802">
    <ele>464.300000</ele>
    <time>2011-12-29T12:52:35.990Z</time>
    <src>GPSD tag="RMC"</src>
    <fix>3d</fix>
    <sat>10</sat>
    <hdop>0.9</hdop>
    <vdop>1.3</vdop>
    <pdop>1.6</pdop>
   </trkpt>
   <trkpt lat="-31.456140" lon="-64.172802">
    <ele>464.200000</ele>
    <time>2011-12-29T12:52:36.990Z</time>
    <src>GPSD tag="RMC"</src>
    <fix>3d</fix>
    <sat>10</sat>
    <hdop>0.9</hdop>
    <vdop>1.3</vdop>
    <pdop>1.6</pdop>
   </trkpt>
   <trkpt lat="-31.456140" lon="-64.172802">
    <ele>464.200000</ele>
    <time>2011-12-29T12:52:37.990Z</time>
    <src>GPSD tag="RMC"</src>
    <fix>3d</fix>
    <sat>10</sat>
    <hdop>0.9</hdop>
    <vdop>1.3</vdop>
    <pdop>1.6</pdop>
   </trkpt>
   <trkpt lat="-31.456140" lon="-64.172803">
    <ele>464.100000</ele>
    <time>2011-12-29T12:52:38.990Z</time>
    <src>GPSD tag="RMC"</src>
    <fix>3d</fix>
    <sat>10</sat>
    <hdop>0.9</hdop>
    <vdop>1.3</vdop>
    <pdop>1.6</pdop>
   </trkpt>
   <trkpt lat="-31.456142" lon="-64.172803">
    <ele>464.100000</ele>
    <time>2011-12-29T12:52:39.990Z</time>
    <src>GPSD tag="RMC"</src>
    <fix>3d</fix>
    <sat>10</sat>
    <hdop>0.9</hdop>
    <vdop>1.3</vdop>
    <pdop>1.6</pdop>
   </trkpt>
   <trkpt lat="-31.456142" lon="-64.172803">
    <ele>464.000000</ele>
    <time>2011-12-29T12:52:40.990Z</time>
    <src>GPSD tag="RMC"</src>
    <fix>3d</fix>
    <sat>10</sat>
    <hdop>0.9</hdop>
    <vdop>1.3</vdop>
    <pdop>1.6</pdop>
   </trkpt>
   <trkpt lat="-31.456142" lon="-64.172803">
    <ele>464.000000</ele>
    <time>2011-12-29T12:52:41.990Z</time>
    <src>GPSD tag="RMC"</src>
    <fix>3d</fix>
    <sat>10</sat>
    <hdop>0.9</hdop>
    <vdop>1.3</vdop>
    <pdop>1.6</pdop>
   </trkpt>
   <trkpt lat="-31.456142" lon="-64.172803">
    <ele>464.000000</ele>
    <time>2011-12-29T12:52:42.990Z</time>
    <src>GPSD tag="RMC"</src>
    <fix>3d</fix>
    <sat>10</sat>
    <hdop>0.9</hdop>
    <vdop>1.3</vdop>
    <pdop>1.6</pdop>
   </trkpt>
   <trkpt lat="-31.456142" lon="-64.172803">
    <ele>463.900000</ele>
    <time>2011-12-29T12:52:43.990Z</time>
    <src>GPSD tag="RMC"</src>
    <fix>3d</fix>
    <sat>10</sat>
    <hdop>0.9</hdop>
    <vdop>1.3</vdop>
    <pdop>1.6</pdop>
   </trkpt>
   <trkpt lat="-31.456142" lon="-64.172803">
    <ele>463.900000</ele>
    <time>2011-12-29T12:52:44.990Z</time>
    <src>GPSD tag="RMC"</src>
    <fix>3d</fix>
    <sat>10</sat>
    <hdop>0.9</hdop>
    <vdop>1.3</vdop>
    <pdop>1.6</pdop>
   </trkpt>
   <trkpt lat="-31.456143" lon="-64.172803">
    <ele>463.900000</ele>
    <time>2011-12-29T12:52:45.990Z</time>
    <src>GPSD tag="RMC"</src>
    <fix>3d</fix>
    <sat>10</sat>
    <hdop>0.9</hdop>
    <vdop>1.3</vdop>
    <pdop>1.6</pdop>
   </trkpt>
   <trkpt lat="-31.456143" lon="-64.172805">
    <ele>463.900000</ele>
    <time>2011-12-29T12:52:46.990Z</time>
    <src>GPSD tag="RMC"</src>
    <fix>3d</fix>
    <sat>10</sat>
    <hdop>0.9</hdop>
    <vdop>1.3</vdop>
    <pdop>1.6</pdop>
   </trkpt>
   <trkpt lat="-31.456143" lon="-64.172805">
    <ele>463.800000</ele>
    <time>2011-12-29T12:52:47.990Z</time>
    <src>GPSD tag="RMC"</src>
    <fix>3d</fix>
    <sat>10</sat>
    <hdop>0.9</hdop>
    <vdop>1.3</vdop>
    <pdop>1.6</pdop>
   </trkpt>
   <trkpt lat="-31.456143" lon="-64.172805">
    <ele>463.800000</ele>
    <time>2011-12-29T12:52:48.990Z</time>
    <src>GPSD tag="RMC"</src>
    <fix>3d</fix>
    <sat>10</sat>
    <hdop>0.9</hdop>
    <vdop>1.3</vdop>
    <pdop>1.6</pdop>
   </trkpt>
   <trkpt lat="-31.456143" lon="-64.172805">
    <ele>463.800000</ele>
    <time>2011-12-29T12:52:49.990Z</time>
    <src>GPSD tag="RMC"</src>
    <fix>3d</fix>
    <sat>10</sat>
    <hdop>0.9</hdop>
    <vdop>1.3</vdop>
    <pdop>1.6</pdop>
   </trkpt>
   <trkpt lat="-31.456145" lon="-64.172805">
    <ele>463.800000</ele>
    <time>2011-12-29T12:52:50.990Z</time>
    <src>GPSD tag="RMC"</src>
    <fix>3d</fix>
    <sat>10</sat>
    <hdop>0.9</hdop>
    <vdop>1.3</vdop>
    <pdop>1.6</pdop>
   </trkpt>
   <trkpt lat="-31.456145" lon="-64.172805">
    <ele>463.800000</ele>
    <time>2011-12-29T12:52:51.990Z</time>
    <src>GPSD tag="RMC"</src>
    <fix>3d</fix>
    <sat>10</sat>
    <hdop>0.9</hdop>
    <vdop>1.3</vdop>
    <pdop>1.6</pdop>
   </trkpt>
   <trkpt lat="-31.456145" lon="-64.172805">
    <ele>463.800000</ele>
    <time>2011-12-29T12:52:52.990Z</time>
    <src>GPSD tag="RMC"</src>
    <fix>3d</fix>
    <sat>10</sat>
    <hdop>0.9</hdop>
    <vdop>1.3</vdop>
    <pdop>1.6</pdop>
   </trkpt>
   <trkpt lat="-31.456145" lon="-64.172807">
    <ele>463.800000</ele>
    <time>2011-12-29T12:52:53.990Z</time>
    <src>GPSD tag="RMC"</src>
    <fix>3d</fix>
    <sat>10</sat>
    <hdop>0.9</hdop>
    <vdop>1.3</vdop>
    <pdop>1.6</pdop>
   </trkpt>
   <trkpt lat="-31.456145" lon="-64.172807">
    <ele>463.800000</ele>
    <time>2011-12-29T12:52:54.990Z</time>
    <src>GPSD tag="RMC"</src>
    <fix>3d</fix>
    <sat>10</sat>
    <hdop>0.9</hdop>
    <vdop>1.3</vdop>
    <pdop>1.6</pdop>
   </trkpt>
   <trkpt lat="-31.456145" lon="-64.172807">
    <ele>463.800000</ele>
    <time>2011-12-29T12:52:55.990Z</time>
    <src>GPSD tag="RMC"</src>
    <fix>3d</fix>
    <sat>10</sat>
    <hdop>0.9</hdop>
    <vdop>1.3</vdop>
    <pdop>1.6</pdop>
   </trkpt>
   <trkpt lat="-31.456145" lon="-64.172807">
    <ele>463.800000</ele>
    <time>2011-12-29T12:52:56.990Z</time>
    <src>GPSD tag="RMC"</src>
    <fix>3d</fix>
    <sat>10</sat>
    <hdop>0.9</hdop>
    <vdop>1.3</vdop>
    <pdop>1.6</pdop>
   </trkpt>
   <trkpt lat="-31.456147" lon="-64.172807">
    <ele>463.800000</ele>
    <time>2011-12-29T12:52:57.990Z</time>
    <src>GPSD tag="RMC"</src>
    <fix>3d</fix>
    <sat>10</sat>
    <hdop>0.9</hdop>
    <vdop>1.3</vdop>
    <pdop>1.6</pdop>
   </trkpt>
   <trkpt lat="-31.456147" lon="-64.172807">
    <ele>463.700000</ele>
    <time>2011-12-29T12:52:58.990Z</time>
    <src>GPSD tag="RMC"</src>
    <fix>3d</fix>
    <sat>10</sat>
    <hdop>0.9</hdop>
    <vdop>1.3</vdop>
    <pdop>1.6</pdop>
   </trkpt>
   <trkpt lat="-31.456147" lon="-64.172807">
    <ele>463.700000</ele>
    <time>2011-12-29T12:52:59.990Z</time>
    <src>GPSD tag="RMC"</src>
    <fix>3d</fix>
    <sat>10</sat>
    <hdop>0.9</hdop>
    <vdop>1.3</vdop>
    <pdop>1.6</pdop>
   </trkpt>
  </trkseg>
 </trk>
</gpx>
