<?xml version="1.0" encoding="utf-8"?>
<gpx version="1.1" creator="GPSD 3.4~dev - http://catb.org/gpsd"
        xmlns:xsi="http://www.w3.org/2001/XMLSchema-instance"
        xmlns="http://www.topografix.com/GPX/1/1"
        xsi:schemaLocation="http://www.topografix.com/GPX/1/1
        http://www.topografix.com/GPX/1/1/gpx.xsd">
 <metadata>
  <time>2011-12-21T18:44:39.000Z</time>
 </metadata>
 <trk>
  <src>GPSD 3.4~dev</src>
  <trkseg>
   <trkpt lat="-34.889122" lon="-56.148227">
    <ele>54.000000</ele>
    <time>2011-12-21T18:44:39.525Z</time>
    <src>GPSD tag="RMC"</src>
    <fix>3d</fix>
    <sat>9</sat>
    <hdop>0.9</hdop>
    <vdop>1.9</vdop>
    <pdop>2.2</pdop>
   </trkpt>
   <trkpt lat="-34.889122" lon="-56.148227">
    <ele>54.000000</ele>
    <time>2011-12-21T18:44:40.525Z</time>
    <src>GPSD tag="RMC"</src>
    <fix>3d</fix>
    <sat>9</sat>
    <hdop>0.9</hdop>
    <vdop>1.9</vdop>
    <pdop>2.2</pdop>
   </trkpt>
   <trkpt lat="-34.889122" lon="-56.148227">
    <ele>54.000000</ele>
    <time>2011-12-21T18:44:41.525Z</time>
    <src>GPSD tag="RMC"</src>
    <fix>3d</fix>
    <sat>9</sat>
    <hdop>0.9</hdop>
    <vdop>1.9</vdop>
    <pdop>2.2</pdop>
   </trkpt>
   <trkpt lat="-34.889122" lon="-56.148227">
    <ele>54.000000</ele>
    <time>2011-12-21T18:44:42.525Z</time>
    <src>GPSD tag="RMC"</src>
    <fix>3d</fix>
    <sat>9</sat>
    <hdop>0.9</hdop>
    <vdop>1.9</vdop>
    <pdop>2.2</pdop>
   </trkpt>
   <trkpt lat="-34.889122" lon="-56.148227">
    <ele>54.000000</ele>
    <time>2011-12-21T18:44:43.525Z</time>
    <src>GPSD tag="RMC"</src>
    <fix>3d</fix>
    <sat>9</sat>
    <hdop>0.9</hdop>
    <vdop>1.9</vdop>
    <pdop>2.2</pdop>
   </trkpt>
   <trkpt lat="-34.889122" lon="-56.148227">
    <ele>54.000000</ele>
    <time>2011-12-21T18:44:44.525Z</time>
    <src>GPSD tag="RMC"</src>
    <fix>3d</fix>
    <sat>9</sat>
    <hdop>0.9</hdop>
    <vdop>1.9</vdop>
    <pdop>2.2</pdop>
   </trkpt>
   <trkpt lat="-34.889122" lon="-56.148227">
    <ele>54.000000</ele>
    <time>2011-12-21T18:44:45.525Z</time>
    <src>GPSD tag="RMC"</src>
    <fix>3d</fix>
    <sat>9</sat>
    <hdop>0.9</hdop>
    <vdop>1.9</vdop>
    <pdop>2.2</pdop>
   </trkpt>
   <trkpt lat="-34.889122" lon="-56.148227">
    <ele>54.000000</ele>
    <time>2011-12-21T18:44:46.525Z</time>
    <src>GPSD tag="RMC"</src>
    <fix>3d</fix>
    <sat>9</sat>
    <hdop>0.9</hdop>
    <vdop>1.9</vdop>
    <pdop>2.2</pdop>
   </trkpt>
   <trkpt lat="-34.889122" lon="-56.148227">
    <ele>54.000000</ele>
    <time>2011-12-21T18:44:47.525Z</time>
    <src>GPSD tag="RMC"</src>
    <fix>3d</fix>
    <sat>9</sat>
    <hdop>0.9</hdop>
    <vdop>1.9</vdop>
    <pdop>2.2</pdop>
   </trkpt>
   <trkpt lat="-34.889122" lon="-56.148227">
    <ele>54.000000</ele>
    <time>2011-12-21T18:44:48.525Z</time>
    <src>GPSD tag="RMC"</src>
    <fix>3d</fix>
    <sat>9</sat>
    <hdop>1.0</hdop>
    <vdop>1.8</vdop>
    <pdop>2.0</pdop>
   </trkpt>
   <trkpt lat="-34.889122" lon="-56.148227">
    <ele>54.000000</ele>
    <time>2011-12-21T18:44:49.525Z</time>
    <src>GPSD tag="RMC"</src>
    <fix>3d</fix>
    <sat>9</sat>
    <hdop>1.0</hdop>
    <vdop>1.8</vdop>
    <pdop>2.0</pdop>
   </trkpt>
   <trkpt lat="-34.889122" lon="-56.148227">
    <ele>54.000000</ele>
    <time>2011-12-21T18:44:50.525Z</time>
    <src>GPSD tag="RMC"</src>
    <fix>3d</fix>
    <sat>9</sat>
    <hdop>1.0</hdop>
    <vdop>1.8</vdop>
    <pdop>2.0</pdop>
   </trkpt>
   <trkpt lat="-34.889122" lon="-56.148227">
    <ele>54.000000</ele>
    <time>2011-12-21T18:44:51.525Z</time>
    <src>GPSD tag="RMC"</src>
    <fix>3d</fix>
    <sat>9</sat>
    <hdop>1.0</hdop>
    <vdop>1.8</vdop>
    <pdop>2.0</pdop>
   </trkpt>
   <trkpt lat="-34.889122" lon="-56.148227">
    <ele>54.000000</ele>
    <time>2011-12-21T18:44:52.525Z</time>
    <src>GPSD tag="RMC"</src>
    <fix>3d</fix>
    <sat>9</sat>
    <hdop>1.0</hdop>
    <vdop>1.8</vdop>
    <pdop>2.0</pdop>
   </trkpt>
   <trkpt lat="-34.889122" lon="-56.148227">
    <ele>54.000000</ele>
    <time>2011-12-21T18:44:53.525Z</time>
    <src>GPSD tag="RMC"</src>
    <fix>3d</fix>
    <sat>9</sat>
    <hdop>1.0</hdop>
    <vdop>1.8</vdop>
    <pdop>2.0</pdop>
   </trkpt>
   <trkpt lat="-34.889122" lon="-56.148227">
    <ele>54.000000</ele>
    <time>2011-12-21T18:44:54.525Z</time>
    <src>GPSD tag="RMC"</src>
    <fix>3d</fix>
    <sat>9</sat>
    <hdop>0.9</hdop>
    <vdop>1.9</vdop>
    <pdop>2.1</pdop>
   </trkpt>
   <trkpt lat="-34.889122" lon="-56.148227">
    <ele>54.000000</ele>
    <time>2011-12-21T18:44:55.525Z</time>
    <src>GPSD tag="RMC"</src>
    <fix>3d</fix>
    <sat>9</sat>
    <hdop>0.9</hdop>
    <vdop>1.9</vdop>
    <pdop>2.1</pdop>
   </trkpt>
   <trkpt lat="-34.889122" lon="-56.148227">
    <ele>54.000000</ele>
    <time>2011-12-21T18:44:56.525Z</time>
    <src>GPSD tag="RMC"</src>
    <fix>3d</fix>
    <sat>9</sat>
    <hdop>0.9</hdop>
    <vdop>1.9</vdop>
    <pdop>2.1</pdop>
   </trkpt>
   <trkpt lat="-34.889122" lon="-56.148227">
    <ele>54.000000</ele>
    <time>2011-12-21T18:44:57.525Z</time>
    <src>GPSD tag="RMC"</src>
    <fix>3d</fix>
    <sat>9</sat>
    <hdop>1.0</hdop>
    <vdop>1.8</vdop>
    <pdop>2.0</pdop>
   </trkpt>
   <trkpt lat="-34.889122" lon="-56.148227">
    <ele>54.000000</ele>
    <time>2011-12-21T18:44:58.525Z</time>
    <src>GPSD tag="RMC"</src>
    <fix>3d</fix>
    <sat>9</sat>
    <hdop>1.0</hdop>
    <vdop>1.8</vdop>
    <pdop>2.0</pdop>
   </trkpt>
   <trkpt lat="-34.889122" lon="-56.148227">
    <ele>54.000000</ele>
    <time>2011-12-21T18:44:59.525Z</time>
    <src>GPSD tag="RMC"</src>
    <fix>3d</fix>
    <sat>9</sat>
    <hdop>1.0</hdop>
    <vdop>1.8</vdop>
    <pdop>2.0</pdop>
   </trkpt>
   <trkpt lat="-34.889122" lon="-56.148227">
    <ele>54.000000</ele>
    <time>2011-12-21T18:45:00.525Z</time>
    <src>GPSD tag="RMC"</src>
    <fix>3d</fix>
    <sat>9</sat>
    <hdop>1.0</hdop>
    <vdop>1.8</vdop>
    <pdop>2.0</pdop>
   </trkpt>
   <trkpt lat="-34.889122" lon="-56.148227">
    <ele>54.000000</ele>
    <time>2011-12-21T18:45:01.525Z</time>
    <src>GPSD tag="RMC"</src>
    <fix>3d</fix>
    <sat>9</sat>
    <hdop>1.0</hdop>
    <vdop>1.8</vdop>
    <pdop>2.0</pdop>
   </trkpt>
   <trkpt lat="-34.889122" lon="-56.148227">
    <ele>54.000000</ele>
    <time>2011-12-21T18:45:02.525Z</time>
    <src>GPSD tag="RMC"</src>
    <fix>3d</fix>
    <sat>9</sat>
    <hdop>1.0</hdop>
    <vdop>1.8</vdop>
    <pdop>2.0</pdop>
   </trkpt>
   <trkpt lat="-34.889122" lon="-56.148227">
    <ele>54.000000</ele>
    <time>2011-12-21T18:45:03.525Z</time>
    <src>GPSD tag="RMC"</src>
    <fix>3d</fix>
    <sat>9</sat>
    <hdop>0.9</hdop>
    <vdop>1.9</vdop>
    <pdop>2.2</pdop>
   </trkpt>
   <trkpt lat="-34.889122" lon="-56.148227">
    <ele>54.000000</ele>
    <time>2011-12-21T18:45:04.525Z</time>
    <src>GPSD tag="RMC"</src>
    <fix>3d</fix>
    <sat>9</sat>
    <hdop>0.9</hdop>
    <vdop>1.9</vdop>
    <pdop>2.2</pdop>
   </trkpt>
   <trkpt lat="-34.889122" lon="-56.148227">
    <ele>54.000000</ele>
    <time>2011-12-21T18:45:05.525Z</time>
    <src>GPSD tag="RMC"</src>
    <fix>3d</fix>
    <sat>9</sat>
    <hdop>0.9</hdop>
    <vdop>1.9</vdop>
    <pdop>2.2</pdop>
   </trkpt>
   <trkpt lat="-34.889122" lon="-56.148227">
    <ele>54.000000</ele>
    <time>2011-12-21T18:45:06.525Z</time>
    <src>GPSD tag="RMC"</src>
    <fix>3d</fix>
    <sat>9</sat>
    <hdop>0.9</hdop>
    <vdop>1.9</vdop>
    <pdop>2.2</pdop>
   </trkpt>
   <trkpt lat="-34.889122" lon="-56.148227">
    <ele>54.000000</ele>
    <time>2011-12-21T18:45:07.525Z</time>
    <src>GPSD tag="RMC"</src>
    <fix>3d</fix>
    <sat>9</sat>
    <hdop>0.9</hdop>
    <vdop>1.9</vdop>
    <pdop>2.2</pdop>
   </trkpt>
   <trkpt lat="-34.889122" lon="-56.148227">
    <ele>54.000000</ele>
    <time>2011-12-21T18:45:08.525Z</time>
    <src>GPSD tag="RMC"</src>
    <fix>3d</fix>
    <sat>9</sat>
    <hdop>0.9</hdop>
    <vdop>1.9</vdop>
    <pdop>2.2</pdop>
   </trkpt>
   <trkpt lat="-34.889122" lon="-56.148227">
    <ele>54.000000</ele>
    <time>2011-12-21T18:45:09.525Z</time>
    <src>GPSD tag="RMC"</src>
    <fix>3d</fix>
    <sat>9</sat>
    <hdop>0.9</hdop>
    <vdop>1.9</vdop>
    <pdop>2.2</pdop>
   </trkpt>
   <trkpt lat="-34.889122" lon="-56.148227">
    <ele>54.000000</ele>
    <time>2011-12-21T18:45:10.525Z</time>
    <src>GPSD tag="RMC"</src>
    <fix>3d</fix>
    <sat>9</sat>
    <hdop>0.9</hdop>
    <vdop>1.9</vdop>
    <pdop>2.2</pdop>
   </trkpt>
   <trkpt lat="-34.889122" lon="-56.148227">
    <ele>54.000000</ele>
    <time>2011-12-21T18:45:11.525Z</time>
    <src>GPSD tag="RMC"</src>
    <fix>3d</fix>
    <sat>9</sat>
    <hdop>0.9</hdop>
    <vdop>1.9</vdop>
    <pdop>2.2</pdop>
   </trkpt>
   <trkpt lat="-34.889122" lon="-56.148227">
    <ele>54.000000</ele>
    <time>2011-12-21T18:45:12.525Z</time>
    <src>GPSD tag="RMC"</src>
    <fix>3d</fix>
    <sat>9</sat>
    <hdop>0.9</hdop>
    <vdop>1.9</vdop>
    <pdop>2.2</pdop>
   </trkpt>
   <trkpt lat="-34.889122" lon="-56.148227">
    <ele>54.000000</ele>
    <time>2011-12-21T18:45:13.525Z</time>
    <src>GPSD tag="RMC"</src>
    <fix>3d</fix>
    <sat>9</sat>
    <hdop>0.9</hdop>
    <vdop>1.9</vdop>
    <pdop>2.2</pdop>
   </trkpt>
   <trkpt lat="-34.889122" lon="-56.148227">
    <ele>54.000000</ele>
    <time>2011-12-21T18:45:14.525Z</time>
    <src>GPSD tag="RMC"</src>
    <fix>3d</fix>
    <sat>9</sat>
    <hdop>0.9</hdop>
    <vdop>1.9</vdop>
    <pdop>2.2</pdop>
   </trkpt>
   <trkpt lat="-34.889122" lon="-56.148227">
    <ele>54.000000</ele>
    <time>2011-12-21T18:45:15.525Z</time>
    <src>GPSD tag="RMC"</src>
    <fix>3d</fix>
    <sat>9</sat>
    <hdop>0.9</hdop>
    <vdop>1.9</vdop>
    <pdop>2.2</pdop>
   </trkpt>
   <trkpt lat="-34.889122" lon="-56.148227">
    <ele>54.000000</ele>
    <time>2011-12-21T18:45:16.525Z</time>
    <src>GPSD tag="RMC"</src>
    <fix>3d</fix>
    <sat>9</sat>
    <hdop>0.9</hdop>
    <vdop>1.9</vdop>
    <pdop>2.2</pdop>
   </trkpt>
   <trkpt lat="-34.889122" lon="-56.148227">
    <ele>54.000000</ele>
    <time>2011-12-21T18:45:17.525Z</time>
    <src>GPSD tag="RMC"</src>
    <fix>3d</fix>
    <sat>9</sat>
    <hdop>0.9</hdop>
    <vdop>1.9</vdop>
    <pdop>2.2</pdop>
   </trkpt>
   <trkpt lat="-34.889122" lon="-56.148227">
    <ele>54.000000</ele>
    <time>2011-12-21T18:45:18.525Z</time>
    <src>GPSD tag="RMC"</src>
    <fix>3d</fix>
    <sat>9</sat>
    <hdop>0.9</hdop>
    <vdop>1.9</vdop>
    <pdop>2.2</pdop>
   </trkpt>
   <trkpt lat="-34.889122" lon="-56.148227">
    <ele>54.000000</ele>
    <time>2011-12-21T18:45:19.525Z</time>
    <src>GPSD tag="RMC"</src>
    <fix>3d</fix>
    <sat>9</sat>
    <hdop>0.9</hdop>
    <vdop>1.9</vdop>
    <pdop>2.2</pdop>
   </trkpt>
   <trkpt lat="-34.889122" lon="-56.148227">
    <ele>54.000000</ele>
    <time>2011-12-21T18:45:20.525Z</time>
    <src>GPSD tag="RMC"</src>
    <fix>3d</fix>
    <sat>9</sat>
    <hdop>0.9</hdop>
    <vdop>1.9</vdop>
    <pdop>2.2</pdop>
   </trkpt>
   <trkpt lat="-34.889122" lon="-56.148227">
    <ele>54.000000</ele>
    <time>2011-12-21T18:45:21.525Z</time>
    <src>GPSD tag="RMC"</src>
    <fix>3d</fix>
    <sat>9</sat>
    <hdop>0.9</hdop>
    <vdop>1.9</vdop>
    <pdop>2.2</pdop>
   </trkpt>
   <trkpt lat="-34.889122" lon="-56.148227">
    <ele>54.000000</ele>
    <time>2011-12-21T18:45:22.525Z</time>
    <src>GPSD tag="RMC"</src>
    <fix>3d</fix>
    <sat>9</sat>
    <hdop>0.9</hdop>
    <vdop>1.9</vdop>
    <pdop>2.2</pdop>
   </trkpt>
   <trkpt lat="-34.889123" lon="-56.148227">
    <ele>54.000000</ele>
    <time>2011-12-21T18:45:23.525Z</time>
    <src>GPSD tag="RMC"</src>
    <fix>3d</fix>
    <sat>9</sat>
    <hdop>0.9</hdop>
    <vdop>1.9</vdop>
    <pdop>2.2</pdop>
   </trkpt>
   <trkpt lat="-34.889123" lon="-56.148227">
    <ele>54.000000</ele>
    <time>2011-12-21T18:45:24.525Z</time>
    <src>GPSD tag="RMC"</src>
    <fix>3d</fix>
    <sat>9</sat>
    <hdop>0.9</hdop>
    <vdop>1.9</vdop>
    <pdop>2.2</pdop>
   </trkpt>
   <trkpt lat="-34.889123" lon="-56.148227">
    <ele>54.000000</ele>
    <time>2011-12-21T18:45:25.525Z</time>
    <src>GPSD tag="RMC"</src>
    <fix>3d</fix>
    <sat>9</sat>
    <hdop>0.9</hdop>
    <vdop>1.9</vdop>
    <pdop>2.2</pdop>
   </trkpt>
   <trkpt lat="-34.889123" lon="-56.148227">
    <ele>54.000000</ele>
    <time>2011-12-21T18:45:26.525Z</time>
    <src>GPSD tag="RMC"</src>
    <fix>3d</fix>
    <sat>9</sat>
    <hdop>0.9</hdop>
    <vdop>1.9</vdop>
    <pdop>2.2</pdop>
   </trkpt>
   <trkpt lat="-34.889123" lon="-56.148227">
    <ele>54.000000</ele>
    <time>2011-12-21T18:45:27.525Z</time>
    <src>GPSD tag="RMC"</src>
    <fix>3d</fix>
    <sat>9</sat>
    <hdop>0.9</hdop>
    <vdop>1.9</vdop>
    <pdop>2.2</pdop>
   </trkpt>
   <trkpt lat="-34.889123" lon="-56.148227">
    <ele>54.000000</ele>
    <time>2011-12-21T18:45:28.525Z</time>
    <src>GPSD tag="RMC"</src>
    <fix>3d</fix>
    <sat>9</sat>
    <hdop>0.9</hdop>
    <vdop>1.9</vdop>
    <pdop>2.2</pdop>
   </trkpt>
   <trkpt lat="-34.889123" lon="-56.148227">
    <ele>54.000000</ele>
    <time>2011-12-21T18:45:29.525Z</time>
    <src>GPSD tag="RMC"</src>
    <fix>3d</fix>
    <sat>9</sat>
    <hdop>0.9</hdop>
    <vdop>1.9</vdop>
    <pdop>2.2</pdop>
   </trkpt>
   <trkpt lat="-34.889123" lon="-56.148227">
    <ele>54.000000</ele>
    <time>2011-12-21T18:45:30.525Z</time>
    <src>GPSD tag="RMC"</src>
    <fix>3d</fix>
    <sat>9</sat>
    <hdop>0.9</hdop>
    <vdop>1.9</vdop>
    <pdop>2.2</pdop>
   </trkpt>
   <trkpt lat="-34.889123" lon="-56.148227">
    <ele>54.000000</ele>
    <time>2011-12-21T18:45:31.525Z</time>
    <src>GPSD tag="RMC"</src>
    <fix>3d</fix>
    <sat>9</sat>
    <hdop>0.9</hdop>
    <vdop>1.9</vdop>
    <pdop>2.2</pdop>
   </trkpt>
   <trkpt lat="-34.889123" lon="-56.148227">
    <ele>54.000000</ele>
    <time>2011-12-21T18:45:32.525Z</time>
    <src>GPSD tag="RMC"</src>
    <fix>3d</fix>
    <sat>9</sat>
    <hdop>0.9</hdop>
    <vdop>1.9</vdop>
    <pdop>2.2</pdop>
   </trkpt>
   <trkpt lat="-34.889123" lon="-56.148227">
    <ele>54.000000</ele>
    <time>2011-12-21T18:45:33.525Z</time>
    <src>GPSD tag="RMC"</src>
    <fix>3d</fix>
    <sat>9</sat>
    <hdop>0.9</hdop>
    <vdop>1.9</vdop>
    <pdop>2.2</pdop>
   </trkpt>
   <trkpt lat="-34.889123" lon="-56.148227">
    <ele>54.000000</ele>
    <time>2011-12-21T18:45:34.525Z</time>
    <src>GPSD tag="RMC"</src>
    <fix>3d</fix>
    <sat>9</sat>
    <hdop>0.9</hdop>
    <vdop>1.9</vdop>
    <pdop>2.2</pdop>
   </trkpt>
   <trkpt lat="-34.889123" lon="-56.148227">
    <ele>54.000000</ele>
    <time>2011-12-21T18:45:35.525Z</time>
    <src>GPSD tag="RMC"</src>
    <fix>3d</fix>
    <sat>9</sat>
    <hdop>0.9</hdop>
    <vdop>1.9</vdop>
    <pdop>2.2</pdop>
   </trkpt>
   <trkpt lat="-34.889123" lon="-56.148227">
    <ele>54.000000</ele>
    <time>2011-12-21T18:45:36.525Z</time>
    <src>GPSD tag="RMC"</src>
    <fix>3d</fix>
    <sat>9</sat>
    <hdop>0.9</hdop>
    <vdop>1.9</vdop>
    <pdop>2.2</pdop>
   </trkpt>
   <trkpt lat="-34.889123" lon="-56.148227">
    <ele>54.000000</ele>
    <time>2011-12-21T18:45:37.525Z</time>
    <src>GPSD tag="RMC"</src>
    <fix>3d</fix>
    <sat>9</sat>
    <hdop>0.9</hdop>
    <vdop>1.9</vdop>
    <pdop>2.2</pdop>
   </trkpt>
   <trkpt lat="-34.889123" lon="-56.148227">
    <ele>54.000000</ele>
    <time>2011-12-21T18:45:38.525Z</time>
    <src>GPSD tag="RMC"</src>
    <fix>3d</fix>
    <sat>9</sat>
    <hdop>0.9</hdop>
    <vdop>1.9</vdop>
    <pdop>2.2</pdop>
   </trkpt>
   <trkpt lat="-34.889123" lon="-56.148227">
    <ele>54.000000</ele>
    <time>2011-12-21T18:45:39.525Z</time>
    <src>GPSD tag="RMC"</src>
    <fix>3d</fix>
    <sat>9</sat>
    <hdop>0.9</hdop>
    <vdop>1.9</vdop>
    <pdop>2.2</pdop>
   </trkpt>
   <trkpt lat="-34.889123" lon="-56.148227">
    <ele>54.000000</ele>
    <time>2011-12-21T18:45:40.525Z</time>
    <src>GPSD tag="RMC"</src>
    <fix>3d</fix>
    <sat>9</sat>
    <hdop>0.9</hdop>
    <vdop>1.9</vdop>
    <pdop>2.2</pdop>
   </trkpt>
   <trkpt lat="-34.889123" lon="-56.148228">
    <ele>54.000000</ele>
    <time>2011-12-21T18:45:41.525Z</time>
    <src>GPSD tag="RMC"</src>
    <fix>3d</fix>
    <sat>9</sat>
    <hdop>0.9</hdop>
    <vdop>1.9</vdop>
    <pdop>2.2</pdop>
   </trkpt>
   <trkpt lat="-34.889123" lon="-56.148228">
    <ele>54.000000</ele>
    <time>2011-12-21T18:45:42.525Z</time>
    <src>GPSD tag="RMC"</src>
    <fix>3d</fix>
    <sat>9</sat>
    <hdop>0.9</hdop>
    <vdop>2.0</vdop>
    <pdop>2.2</pdop>
   </trkpt>
   <trkpt lat="-34.889123" lon="-56.148228">
    <ele>54.000000</ele>
    <time>2011-12-21T18:45:43.525Z</time>
    <src>GPSD tag="RMC"</src>
    <fix>3d</fix>
    <sat>9</sat>
    <hdop>0.9</hdop>
    <vdop>2.0</vdop>
    <pdop>2.2</pdop>
   </trkpt>
   <trkpt lat="-34.889123" lon="-56.148228">
    <ele>54.000000</ele>
    <time>2011-12-21T18:45:44.525Z</time>
    <src>GPSD tag="RMC"</src>
    <fix>3d</fix>
    <sat>9</sat>
    <hdop>0.9</hdop>
    <vdop>2.0</vdop>
    <pdop>2.2</pdop>
   </trkpt>
   <trkpt lat="-34.889123" lon="-56.148228">
    <ele>54.000000</ele>
    <time>2011-12-21T18:45:45.525Z</time>
    <src>GPSD tag="RMC"</src>
    <fix>3d</fix>
    <sat>9</sat>
    <hdop>0.9</hdop>
    <vdop>2.0</vdop>
    <pdop>2.2</pdop>
   </trkpt>
   <trkpt lat="-34.889123" lon="-56.148228">
    <ele>54.000000</ele>
    <time>2011-12-21T18:45:46.525Z</time>
    <src>GPSD tag="RMC"</src>
    <fix>3d</fix>
    <sat>9</sat>
    <hdop>0.9</hdop>
    <vdop>2.0</vdop>
    <pdop>2.2</pdop>
   </trkpt>
   <trkpt lat="-34.889123" lon="-56.148228">
    <ele>54.000000</ele>
    <time>2011-12-21T18:45:47.525Z</time>
    <src>GPSD tag="RMC"</src>
    <fix>3d</fix>
    <sat>9</sat>
    <hdop>0.9</hdop>
    <vdop>2.0</vdop>
    <pdop>2.2</pdop>
   </trkpt>
   <trkpt lat="-34.889123" lon="-56.148228">
    <ele>54.000000</ele>
    <time>2011-12-21T18:45:48.525Z</time>
    <src>GPSD tag="RMC"</src>
    <fix>3d</fix>
    <sat>9</sat>
    <hdop>0.9</hdop>
    <vdop>1.9</vdop>
    <pdop>2.2</pdop>
   </trkpt>
   <trkpt lat="-34.889123" lon="-56.148228">
    <ele>54.000000</ele>
    <time>2011-12-21T18:45:49.525Z</time>
    <src>GPSD tag="RMC"</src>
    <fix>3d</fix>
    <sat>9</sat>
    <hdop>0.9</hdop>
    <vdop>1.9</vdop>
    <pdop>2.2</pdop>
   </trkpt>
   <trkpt lat="-34.889123" lon="-56.148228">
    <ele>54.000000</ele>
    <time>2011-12-21T18:45:50.525Z</time>
    <src>GPSD tag="RMC"</src>
    <fix>3d</fix>
    <sat>9</sat>
    <hdop>0.9</hdop>
    <vdop>1.9</vdop>
    <pdop>2.2</pdop>
   </trkpt>
   <trkpt lat="-34.889123" lon="-56.148228">
    <ele>54.000000</ele>
    <time>2011-12-21T18:45:51.525Z</time>
    <src>GPSD tag="RMC"</src>
    <fix>3d</fix>
    <sat>9</sat>
    <hdop>0.9</hdop>
    <vdop>1.9</vdop>
    <pdop>2.2</pdop>
   </trkpt>
   <trkpt lat="-34.889123" lon="-56.148228">
    <ele>54.000000</ele>
    <time>2011-12-21T18:45:52.525Z</time>
    <src>GPSD tag="RMC"</src>
    <fix>3d</fix>
    <sat>9</sat>
    <hdop>0.9</hdop>
    <vdop>1.9</vdop>
    <pdop>2.2</pdop>
   </trkpt>
   <trkpt lat="-34.889123" lon="-56.148228">
    <ele>54.000000</ele>
    <time>2011-12-21T18:45:53.525Z</time>
    <src>GPSD tag="RMC"</src>
    <fix>3d</fix>
    <sat>9</sat>
    <hdop>0.9</hdop>
    <vdop>1.9</vdop>
    <pdop>2.2</pdop>
   </trkpt>
   <trkpt lat="-34.889123" lon="-56.148228">
    <ele>54.000000</ele>
    <time>2011-12-21T18:45:54.525Z</time>
    <src>GPSD tag="RMC"</src>
    <fix>3d</fix>
    <sat>9</sat>
    <hdop>0.9</hdop>
    <vdop>1.9</vdop>
    <pdop>2.2</pdop>
   </trkpt>
   <trkpt lat="-34.889123" lon="-56.148228">
    <ele>54.000000</ele>
    <time>2011-12-21T18:45:55.525Z</time>
    <src>GPSD tag="RMC"</src>
    <fix>3d</fix>
    <sat>9</sat>
    <hdop>0.9</hdop>
    <vdop>1.9</vdop>
    <pdop>2.2</pdop>
   </trkpt>
   <trkpt lat="-34.889123" lon="-56.148228">
    <ele>54.000000</ele>
    <time>2011-12-21T18:45:56.525Z</time>
    <src>GPSD tag="RMC"</src>
    <fix>3d</fix>
    <sat>9</sat>
    <hdop>0.9</hdop>
    <vdop>1.9</vdop>
    <pdop>2.2</pdop>
   </trkpt>
   <trkpt lat="-34.889125" lon="-56.148228">
    <ele>54.000000</ele>
    <time>2011-12-21T18:45:57.525Z</time>
    <src>GPSD tag="RMC"</src>
    <fix>3d</fix>
    <sat>9</sat>
    <hdop>0.9</hdop>
    <vdop>2.0</vdop>
    <pdop>2.2</pdop>
   </trkpt>
   <trkpt lat="-34.889125" lon="-56.148228">
    <ele>54.000000</ele>
    <time>2011-12-21T18:45:58.525Z</time>
    <src>GPSD tag="RMC"</src>
    <fix>3d</fix>
    <sat>9</sat>
    <hdop>0.9</hdop>
    <vdop>2.0</vdop>
    <pdop>2.2</pdop>
   </trkpt>
   <trkpt lat="-34.889125" lon="-56.148228">
    <ele>54.000000</ele>
    <time>2011-12-21T18:45:59.525Z</time>
    <src>GPSD tag="RMC"</src>
    <fix>3d</fix>
    <sat>9</sat>
    <hdop>0.9</hdop>
    <vdop>2.0</vdop>
    <pdop>2.2</pdop>
   </trkpt>
   <trkpt lat="-34.889125" lon="-56.148228">
    <ele>54.000000</ele>
    <time>2011-12-21T18:46:00.525Z</time>
    <src>GPSD tag="RMC"</src>
    <fix>3d</fix>
    <sat>9</sat>
    <hdop>0.9</hdop>
    <vdop>2.0</vdop>
    <pdop>2.2</pdop>
   </trkpt>
   <trkpt lat="-34.889125" lon="-56.148228">
    <ele>54.000000</ele>
    <time>2011-12-21T18:46:01.525Z</time>
    <src>GPSD tag="RMC"</src>
    <fix>3d</fix>
    <sat>9</sat>
    <hdop>0.9</hdop>
    <vdop>2.0</vdop>
    <pdop>2.2</pdop>
   </trkpt>
   <trkpt lat="-34.889125" lon="-56.148228">
    <ele>54.000000</ele>
    <time>2011-12-21T18:46:02.525Z</time>
    <src>GPSD tag="RMC"</src>
    <fix>3d</fix>
    <sat>9</sat>
    <hdop>0.9</hdop>
    <vdop>2.0</vdop>
    <pdop>2.2</pdop>
   </trkpt>
   <trkpt lat="-34.889125" lon="-56.148228">
    <ele>54.000000</ele>
    <time>2011-12-21T18:46:03.525Z</time>
    <src>GPSD tag="RMC"</src>
    <fix>3d</fix>
    <sat>9</sat>
    <hdop>0.9</hdop>
    <vdop>2.0</vdop>
    <pdop>2.2</pdop>
   </trkpt>
   <trkpt lat="-34.889125" lon="-56.148228">
    <ele>54.000000</ele>
    <time>2011-12-21T18:46:04.525Z</time>
    <src>GPSD tag="RMC"</src>
    <fix>3d</fix>
    <sat>9</sat>
    <hdop>0.9</hdop>
    <vdop>2.0</vdop>
    <pdop>2.2</pdop>
   </trkpt>
   <trkpt lat="-34.889125" lon="-56.148228">
    <ele>54.000000</ele>
    <time>2011-12-21T18:46:05.525Z</time>
    <src>GPSD tag="RMC"</src>
    <fix>3d</fix>
    <sat>9</sat>
    <hdop>0.9</hdop>
    <vdop>2.0</vdop>
    <pdop>2.2</pdop>
   </trkpt>
   <trkpt lat="-34.889125" lon="-56.148228">
    <ele>54.000000</ele>
    <time>2011-12-21T18:46:06.525Z</time>
    <src>GPSD tag="RMC"</src>
    <fix>3d</fix>
    <sat>9</sat>
    <hdop>0.9</hdop>
    <vdop>2.0</vdop>
    <pdop>2.2</pdop>
   </trkpt>
   <trkpt lat="-34.889125" lon="-56.148228">
    <ele>54.000000</ele>
    <time>2011-12-21T18:46:07.525Z</time>
    <src>GPSD tag="RMC"</src>
    <fix>3d</fix>
    <sat>9</sat>
    <hdop>0.9</hdop>
    <vdop>2.0</vdop>
    <pdop>2.2</pdop>
   </trkpt>
   <trkpt lat="-34.889125" lon="-56.148228">
    <ele>54.000000</ele>
    <time>2011-12-21T18:46:08.525Z</time>
    <src>GPSD tag="RMC"</src>
    <fix>3d</fix>
    <sat>9</sat>
    <hdop>0.9</hdop>
    <vdop>2.0</vdop>
    <pdop>2.2</pdop>
   </trkpt>
   <trkpt lat="-34.889125" lon="-56.148228">
    <ele>54.000000</ele>
    <time>2011-12-21T18:46:09.525Z</time>
    <src>GPSD tag="RMC"</src>
    <fix>3d</fix>
    <sat>9</sat>
    <hdop>0.9</hdop>
    <vdop>2.0</vdop>
    <pdop>2.2</pdop>
   </trkpt>
   <trkpt lat="-34.889125" lon="-56.148228">
    <ele>54.000000</ele>
    <time>2011-12-21T18:46:10.525Z</time>
    <src>GPSD tag="RMC"</src>
    <fix>3d</fix>
    <sat>9</sat>
    <hdop>0.9</hdop>
    <vdop>2.0</vdop>
    <pdop>2.2</pdop>
   </trkpt>
   <trkpt lat="-34.889125" lon="-56.148228">
    <ele>54.000000</ele>
    <time>2011-12-21T18:46:11.525Z</time>
    <src>GPSD tag="RMC"</src>
    <fix>3d</fix>
    <sat>9</sat>
    <hdop>0.9</hdop>
    <vdop>2.0</vdop>
    <pdop>2.2</pdop>
   </trkpt>
   <trkpt lat="-34.889125" lon="-56.148228">
    <ele>54.000000</ele>
    <time>2011-12-21T18:46:12.525Z</time>
    <src>GPSD tag="RMC"</src>
    <fix>3d</fix>
    <sat>9</sat>
    <hdop>0.9</hdop>
    <vdop>2.0</vdop>
    <pdop>2.2</pdop>
   </trkpt>
   <trkpt lat="-34.889125" lon="-56.148228">
    <ele>54.000000</ele>
    <time>2011-12-21T18:46:13.525Z</time>
    <src>GPSD tag="RMC"</src>
    <fix>3d</fix>
    <sat>9</sat>
    <hdop>0.9</hdop>
    <vdop>2.0</vdop>
    <pdop>2.2</pdop>
   </trkpt>
   <trkpt lat="-34.889125" lon="-56.148228">
    <ele>54.000000</ele>
    <time>2011-12-21T18:46:14.525Z</time>
    <src>GPSD tag="RMC"</src>
    <fix>3d</fix>
    <sat>9</sat>
    <hdop>0.9</hdop>
    <vdop>2.0</vdop>
    <pdop>2.2</pdop>
   </trkpt>
   <trkpt lat="-34.889125" lon="-56.148228">
    <ele>54.000000</ele>
    <time>2011-12-21T18:46:15.525Z</time>
    <src>GPSD tag="RMC"</src>
    <fix>3d</fix>
    <sat>9</sat>
    <hdop>0.9</hdop>
    <vdop>2.0</vdop>
    <pdop>2.2</pdop>
   </trkpt>
   <trkpt lat="-34.889125" lon="-56.148228">
    <ele>54.000000</ele>
    <time>2011-12-21T18:46:16.525Z</time>
    <src>GPSD tag="RMC"</src>
    <fix>3d</fix>
    <sat>9</sat>
    <hdop>0.9</hdop>
    <vdop>2.0</vdop>
    <pdop>2.2</pdop>
   </trkpt>
   <trkpt lat="-34.889125" lon="-56.148228">
    <ele>54.000000</ele>
    <time>2011-12-21T18:46:17.525Z</time>
    <src>GPSD tag="RMC"</src>
    <fix>3d</fix>
    <sat>9</sat>
    <hdop>0.9</hdop>
    <vdop>2.0</vdop>
    <pdop>2.2</pdop>
   </trkpt>
   <trkpt lat="-34.889125" lon="-56.148228">
    <ele>54.000000</ele>
    <time>2011-12-21T18:46:18.525Z</time>
    <src>GPSD tag="RMC"</src>
    <fix>3d</fix>
    <sat>9</sat>
    <hdop>0.9</hdop>
    <vdop>2.0</vdop>
    <pdop>2.2</pdop>
   </trkpt>
   <trkpt lat="-34.889125" lon="-56.148228">
    <ele>54.000000</ele>
    <time>2011-12-21T18:46:19.525Z</time>
    <src>GPSD tag="RMC"</src>
    <fix>3d</fix>
    <sat>9</sat>
    <hdop>0.9</hdop>
    <vdop>2.0</vdop>
    <pdop>2.2</pdop>
   </trkpt>
   <trkpt lat="-34.889125" lon="-56.148228">
    <ele>54.000000</ele>
    <time>2011-12-21T18:46:20.525Z</time>
    <src>GPSD tag="RMC"</src>
    <fix>3d</fix>
    <sat>9</sat>
    <hdop>0.9</hdop>
    <vdop>2.0</vdop>
    <pdop>2.2</pdop>
   </trkpt>
   <trkpt lat="-34.889125" lon="-56.148228">
    <ele>54.000000</ele>
    <time>2011-12-21T18:46:21.525Z</time>
    <src>GPSD tag="RMC"</src>
    <fix>3d</fix>
    <sat>9</sat>
    <hdop>0.9</hdop>
    <vdop>2.0</vdop>
    <pdop>2.2</pdop>
   </trkpt>
   <trkpt lat="-34.889125" lon="-56.148228">
    <ele>54.000000</ele>
    <time>2011-12-21T18:46:22.525Z</time>
    <src>GPSD tag="RMC"</src>
    <fix>3d</fix>
    <sat>9</sat>
    <hdop>0.9</hdop>
    <vdop>2.0</vdop>
    <pdop>2.2</pdop>
   </trkpt>
   <trkpt lat="-34.889125" lon="-56.148228">
    <ele>54.000000</ele>
    <time>2011-12-21T18:46:23.525Z</time>
    <src>GPSD tag="RMC"</src>
    <fix>3d</fix>
    <sat>9</sat>
    <hdop>0.9</hdop>
    <vdop>2.0</vdop>
    <pdop>2.2</pdop>
   </trkpt>
   <trkpt lat="-34.889125" lon="-56.148228">
    <ele>54.000000</ele>
    <time>2011-12-21T18:46:24.525Z</time>
    <src>GPSD tag="RMC"</src>
    <fix>3d</fix>
    <sat>9</sat>
    <hdop>0.9</hdop>
    <vdop>2.0</vdop>
    <pdop>2.2</pdop>
   </trkpt>
   <trkpt lat="-34.889125" lon="-56.148228">
    <ele>54.000000</ele>
    <time>2011-12-21T18:46:25.525Z</time>
    <src>GPSD tag="RMC"</src>
    <fix>3d</fix>
    <sat>9</sat>
    <hdop>0.9</hdop>
    <vdop>2.0</vdop>
    <pdop>2.2</pdop>
   </trkpt>
   <trkpt lat="-34.889125" lon="-56.148228">
    <ele>54.000000</ele>
    <time>2011-12-21T18:46:26.525Z</time>
    <src>GPSD tag="RMC"</src>
    <fix>3d</fix>
    <sat>9</sat>
    <hdop>0.9</hdop>
    <vdop>2.0</vdop>
    <pdop>2.2</pdop>
   </trkpt>
   <trkpt lat="-34.889125" lon="-56.148228">
    <ele>54.000000</ele>
    <time>2011-12-21T18:46:27.525Z</time>
    <src>GPSD tag="RMC"</src>
    <fix>3d</fix>
    <sat>9</sat>
    <hdop>0.9</hdop>
    <vdop>2.0</vdop>
    <pdop>2.2</pdop>
   </trkpt>
   <trkpt lat="-34.889125" lon="-56.148228">
    <ele>53.900000</ele>
    <time>2011-12-21T18:46:28.525Z</time>
    <src>GPSD tag="RMC"</src>
    <fix>3d</fix>
    <sat>9</sat>
    <hdop>0.9</hdop>
    <vdop>2.0</vdop>
    <pdop>2.2</pdop>
   </trkpt>
   <trkpt lat="-34.889125" lon="-56.148228">
    <ele>53.900000</ele>
    <time>2011-12-21T18:46:29.525Z</time>
    <src>GPSD tag="RMC"</src>
    <fix>3d</fix>
    <sat>9</sat>
    <hdop>0.9</hdop>
    <vdop>2.0</vdop>
    <pdop>2.2</pdop>
   </trkpt>
   <trkpt lat="-34.889125" lon="-56.148228">
    <ele>53.900000</ele>
    <time>2011-12-21T18:46:30.525Z</time>
    <src>GPSD tag="RMC"</src>
    <fix>3d</fix>
    <sat>9</sat>
    <hdop>0.9</hdop>
    <vdop>2.0</vdop>
    <pdop>2.2</pdop>
   </trkpt>
   <trkpt lat="-34.889125" lon="-56.148228">
    <ele>53.900000</ele>
    <time>2011-12-21T18:46:31.525Z</time>
    <src>GPSD tag="RMC"</src>
    <fix>3d</fix>
    <sat>9</sat>
    <hdop>0.9</hdop>
    <vdop>2.0</vdop>
    <pdop>2.2</pdop>
   </trkpt>
   <trkpt lat="-34.889123" lon="-56.148228">
    <ele>53.900000</ele>
    <time>2011-12-21T18:46:32.525Z</time>
    <src>GPSD tag="RMC"</src>
    <fix>3d</fix>
    <sat>9</sat>
    <hdop>0.9</hdop>
    <vdop>2.0</vdop>
    <pdop>2.2</pdop>
   </trkpt>
   <trkpt lat="-34.889125" lon="-56.148228">
    <ele>53.900000</ele>
    <time>2011-12-21T18:46:33.525Z</time>
    <src>GPSD tag="RMC"</src>
    <fix>3d</fix>
    <sat>9</sat>
    <hdop>0.9</hdop>
    <vdop>2.0</vdop>
    <pdop>2.2</pdop>
   </trkpt>
   <trkpt lat="-34.889125" lon="-56.148227">
    <ele>53.900000</ele>
    <time>2011-12-21T18:46:34.525Z</time>
    <src>GPSD tag="RMC"</src>
    <fix>3d</fix>
    <sat>9</sat>
    <hdop>0.9</hdop>
    <vdop>2.0</vdop>
    <pdop>2.2</pdop>
   </trkpt>
   <trkpt lat="-34.889125" lon="-56.148227">
    <ele>53.900000</ele>
    <time>2011-12-21T18:46:35.525Z</time>
    <src>GPSD tag="RMC"</src>
    <fix>3d</fix>
    <sat>9</sat>
    <hdop>0.9</hdop>
    <vdop>2.0</vdop>
    <pdop>2.2</pdop>
   </trkpt>
   <trkpt lat="-34.889125" lon="-56.148227">
    <ele>54.000000</ele>
    <time>2011-12-21T18:46:36.525Z</time>
    <src>GPSD tag="RMC"</src>
    <fix>3d</fix>
    <sat>9</sat>
    <hdop>0.9</hdop>
    <vdop>1.9</vdop>
    <pdop>2.1</pdop>
   </trkpt>
   <trkpt lat="-34.889125" lon="-56.148227">
    <ele>54.000000</ele>
    <time>2011-12-21T18:46:37.525Z</time>
    <src>GPSD tag="RMC"</src>
    <fix>3d</fix>
    <sat>9</sat>
    <hdop>0.9</hdop>
    <vdop>1.9</vdop>
    <pdop>2.1</pdop>
   </trkpt>
   <trkpt lat="-34.889125" lon="-56.148227">
    <ele>54.000000</ele>
    <time>2011-12-21T18:46:38.525Z</time>
    <src>GPSD tag="RMC"</src>
    <fix>3d</fix>
    <sat>9</sat>
    <hdop>0.9</hdop>
    <vdop>1.9</vdop>
    <pdop>2.1</pdop>
   </trkpt>
   <trkpt lat="-34.889125" lon="-56.148227">
    <ele>54.000000</ele>
    <time>2011-12-21T18:46:39.525Z</time>
    <src>GPSD tag="RMC"</src>
    <fix>3d</fix>
    <sat>9</sat>
    <hdop>0.9</hdop>
    <vdop>1.9</vdop>
    <pdop>2.1</pdop>
   </trkpt>
   <trkpt lat="-34.889125" lon="-56.148227">
    <ele>54.000000</ele>
    <time>2011-12-21T18:46:40.525Z</time>
    <src>GPSD tag="RMC"</src>
    <fix>3d</fix>
    <sat>9</sat>
    <hdop>0.9</hdop>
    <vdop>1.9</vdop>
    <pdop>2.1</pdop>
   </trkpt>
   <trkpt lat="-34.889125" lon="-56.148227">
    <ele>53.900000</ele>
    <time>2011-12-21T18:46:41.525Z</time>
    <src>GPSD tag="RMC"</src>
    <fix>3d</fix>
    <sat>9</sat>
    <hdop>0.9</hdop>
    <vdop>1.9</vdop>
    <pdop>2.1</pdop>
   </trkpt>
   <trkpt lat="-34.889125" lon="-56.148227">
    <ele>53.900000</ele>
    <time>2011-12-21T18:46:42.525Z</time>
    <src>GPSD tag="RMC"</src>
    <fix>3d</fix>
    <sat>9</sat>
    <hdop>0.9</hdop>
    <vdop>1.9</vdop>
    <pdop>2.1</pdop>
   </trkpt>
   <trkpt lat="-34.889125" lon="-56.148227">
    <ele>53.900000</ele>
    <time>2011-12-21T18:46:43.525Z</time>
    <src>GPSD tag="RMC"</src>
    <fix>3d</fix>
    <sat>9</sat>
    <hdop>0.9</hdop>
    <vdop>1.9</vdop>
    <pdop>2.1</pdop>
   </trkpt>
   <trkpt lat="-34.889125" lon="-56.148227">
    <ele>53.900000</ele>
    <time>2011-12-21T18:46:44.525Z</time>
    <src>GPSD tag="RMC"</src>
    <fix>3d</fix>
    <sat>9</sat>
    <hdop>0.9</hdop>
    <vdop>1.9</vdop>
    <pdop>2.1</pdop>
   </trkpt>
   <trkpt lat="-34.889125" lon="-56.148227">
    <ele>53.900000</ele>
    <time>2011-12-21T18:46:45.525Z</time>
    <src>GPSD tag="RMC"</src>
    <fix>3d</fix>
    <sat>9</sat>
    <hdop>0.9</hdop>
    <vdop>1.9</vdop>
    <pdop>2.1</pdop>
   </trkpt>
   <trkpt lat="-34.889125" lon="-56.148227">
    <ele>53.900000</ele>
    <time>2011-12-21T18:46:46.525Z</time>
    <src>GPSD tag="RMC"</src>
    <fix>3d</fix>
    <sat>9</sat>
    <hdop>0.9</hdop>
    <vdop>1.9</vdop>
    <pdop>2.1</pdop>
   </trkpt>
   <trkpt lat="-34.889125" lon="-56.148227">
    <ele>53.900000</ele>
    <time>2011-12-21T18:46:47.525Z</time>
    <src>GPSD tag="RMC"</src>
    <fix>3d</fix>
    <sat>9</sat>
    <hdop>0.9</hdop>
    <vdop>1.9</vdop>
    <pdop>2.1</pdop>
   </trkpt>
   <trkpt lat="-34.889125" lon="-56.148227">
    <ele>53.900000</ele>
    <time>2011-12-21T18:46:48.525Z</time>
    <src>GPSD tag="RMC"</src>
    <fix>3d</fix>
    <sat>9</sat>
    <hdop>0.9</hdop>
    <vdop>1.9</vdop>
    <pdop>2.1</pdop>
   </trkpt>
   <trkpt lat="-34.889125" lon="-56.148227">
    <ele>53.900000</ele>
    <time>2011-12-21T18:46:49.525Z</time>
    <src>GPSD tag="RMC"</src>
    <fix>3d</fix>
    <sat>9</sat>
    <hdop>0.9</hdop>
    <vdop>1.9</vdop>
    <pdop>2.1</pdop>
   </trkpt>
   <trkpt lat="-34.889125" lon="-56.148227">
    <ele>53.900000</ele>
    <time>2011-12-21T18:46:50.525Z</time>
    <src>GPSD tag="RMC"</src>
    <fix>3d</fix>
    <sat>9</sat>
    <hdop>0.9</hdop>
    <vdop>1.9</vdop>
    <pdop>2.1</pdop>
   </trkpt>
   <trkpt lat="-34.889125" lon="-56.148227">
    <ele>53.900000</ele>
    <time>2011-12-21T18:46:51.525Z</time>
    <src>GPSD tag="RMC"</src>
    <fix>3d</fix>
    <sat>9</sat>
    <hdop>0.9</hdop>
    <vdop>1.9</vdop>
    <pdop>2.1</pdop>
   </trkpt>
   <trkpt lat="-34.889125" lon="-56.148227">
    <ele>53.900000</ele>
    <time>2011-12-21T18:46:52.525Z</time>
    <src>GPSD tag="RMC"</src>
    <fix>3d</fix>
    <sat>9</sat>
    <hdop>0.9</hdop>
    <vdop>1.9</vdop>
    <pdop>2.1</pdop>
   </trkpt>
   <trkpt lat="-34.889125" lon="-56.148227">
    <ele>53.900000</ele>
    <time>2011-12-21T18:46:53.525Z</time>
    <src>GPSD tag="RMC"</src>
    <fix>3d</fix>
    <sat>9</sat>
    <hdop>0.9</hdop>
    <vdop>1.9</vdop>
    <pdop>2.1</pdop>
   </trkpt>
   <trkpt lat="-34.889125" lon="-56.148227">
    <ele>53.900000</ele>
    <time>2011-12-21T18:46:54.525Z</time>
    <src>GPSD tag="RMC"</src>
    <fix>3d</fix>
    <sat>9</sat>
    <hdop>0.9</hdop>
    <vdop>1.9</vdop>
    <pdop>2.1</pdop>
   </trkpt>
   <trkpt lat="-34.889125" lon="-56.148227">
    <ele>53.900000</ele>
    <time>2011-12-21T18:46:55.525Z</time>
    <src>GPSD tag="RMC"</src>
    <fix>3d</fix>
    <sat>9</sat>
    <hdop>0.9</hdop>
    <vdop>1.9</vdop>
    <pdop>2.1</pdop>
   </trkpt>
   <trkpt lat="-34.889125" lon="-56.148227">
    <ele>53.900000</ele>
    <time>2011-12-21T18:46:56.525Z</time>
    <src>GPSD tag="RMC"</src>
    <fix>3d</fix>
    <sat>9</sat>
    <hdop>0.9</hdop>
    <vdop>1.9</vdop>
    <pdop>2.1</pdop>
   </trkpt>
   <trkpt lat="-34.889125" lon="-56.148227">
    <ele>54.000000</ele>
    <time>2011-12-21T18:46:57.525Z</time>
    <src>GPSD tag="RMC"</src>
    <fix>3d</fix>
    <sat>9</sat>
    <hdop>0.9</hdop>
    <vdop>1.9</vdop>
    <pdop>2.1</pdop>
   </trkpt>
   <trkpt lat="-34.889125" lon="-56.148227">
    <ele>54.000000</ele>
    <time>2011-12-21T18:46:58.525Z</time>
    <src>GPSD tag="RMC"</src>
    <fix>3d</fix>
    <sat>9</sat>
    <hdop>0.9</hdop>
    <vdop>1.9</vdop>
    <pdop>2.1</pdop>
   </trkpt>
   <trkpt lat="-34.889125" lon="-56.148227">
    <ele>54.000000</ele>
    <time>2011-12-21T18:46:59.525Z</time>
    <src>GPSD tag="RMC"</src>
    <fix>3d</fix>
    <sat>9</sat>
    <hdop>0.9</hdop>
    <vdop>1.9</vdop>
    <pdop>2.1</pdop>
   </trkpt>
   <trkpt lat="-34.889125" lon="-56.148227">
    <ele>54.000000</ele>
    <time>2011-12-21T18:47:00.525Z</time>
    <src>GPSD tag="RMC"</src>
    <fix>3d</fix>
    <sat>9</sat>
    <hdop>1.0</hdop>
    <vdop>1.7</vdop>
    <pdop>2.0</pdop>
   </trkpt>
   <trkpt lat="-34.889125" lon="-56.148227">
    <ele>54.000000</ele>
    <time>2011-12-21T18:47:01.525Z</time>
    <src>GPSD tag="RMC"</src>
    <fix>3d</fix>
    <sat>9</sat>
    <hdop>1.0</hdop>
    <vdop>1.7</vdop>
    <pdop>2.0</pdop>
   </trkpt>
   <trkpt lat="-34.889125" lon="-56.148227">
    <ele>54.000000</ele>
    <time>2011-12-21T18:47:02.525Z</time>
    <src>GPSD tag="RMC"</src>
    <fix>3d</fix>
    <sat>9</sat>
    <hdop>1.0</hdop>
    <vdop>1.7</vdop>
    <pdop>2.0</pdop>
   </trkpt>
   <trkpt lat="-34.889125" lon="-56.148227">
    <ele>54.000000</ele>
    <time>2011-12-21T18:47:03.525Z</time>
    <src>GPSD tag="RMC"</src>
    <fix>3d</fix>
    <sat>9</sat>
    <hdop>1.0</hdop>
    <vdop>1.9</vdop>
    <pdop>2.1</pdop>
   </trkpt>
   <trkpt lat="-34.889125" lon="-56.148227">
    <ele>54.000000</ele>
    <time>2011-12-21T18:47:04.525Z</time>
    <src>GPSD tag="RMC"</src>
    <fix>3d</fix>
    <sat>9</sat>
    <hdop>1.0</hdop>
    <vdop>1.9</vdop>
    <pdop>2.1</pdop>
   </trkpt>
   <trkpt lat="-34.889125" lon="-56.148227">
    <ele>54.000000</ele>
    <time>2011-12-21T18:47:05.525Z</time>
    <src>GPSD tag="RMC"</src>
    <fix>3d</fix>
    <sat>9</sat>
    <hdop>1.0</hdop>
    <vdop>1.9</vdop>
    <pdop>2.1</pdop>
   </trkpt>
   <trkpt lat="-34.889125" lon="-56.148227">
    <ele>54.000000</ele>
    <time>2011-12-21T18:47:06.525Z</time>
    <src>GPSD tag="RMC"</src>
    <fix>3d</fix>
    <sat>9</sat>
    <hdop>1.0</hdop>
    <vdop>1.9</vdop>
    <pdop>2.1</pdop>
   </trkpt>
   <trkpt lat="-34.889125" lon="-56.148227">
    <ele>54.000000</ele>
    <time>2011-12-21T18:47:07.525Z</time>
    <src>GPSD tag="RMC"</src>
    <fix>3d</fix>
    <sat>9</sat>
    <hdop>1.0</hdop>
    <vdop>1.9</vdop>
    <pdop>2.1</pdop>
   </trkpt>
   <trkpt lat="-34.889125" lon="-56.148227">
    <ele>54.000000</ele>
    <time>2011-12-21T18:47:08.525Z</time>
    <src>GPSD tag="RMC"</src>
    <fix>3d</fix>
    <sat>9</sat>
    <hdop>1.0</hdop>
    <vdop>1.9</vdop>
    <pdop>2.1</pdop>
   </trkpt>
   <trkpt lat="-34.889125" lon="-56.148227">
    <ele>54.000000</ele>
    <time>2011-12-21T18:47:09.525Z</time>
    <src>GPSD tag="RMC"</src>
    <fix>3d</fix>
    <sat>9</sat>
    <hdop>1.0</hdop>
    <vdop>1.9</vdop>
    <pdop>2.1</pdop>
   </trkpt>
   <trkpt lat="-34.889125" lon="-56.148228">
    <ele>54.000000</ele>
    <time>2011-12-21T18:47:10.525Z</time>
    <src>GPSD tag="RMC"</src>
    <fix>3d</fix>
    <sat>9</sat>
    <hdop>1.0</hdop>
    <vdop>1.9</vdop>
    <pdop>2.1</pdop>
   </trkpt>
   <trkpt lat="-34.889125" lon="-56.148228">
    <ele>54.000000</ele>
    <time>2011-12-21T18:47:11.525Z</time>
    <src>GPSD tag="RMC"</src>
    <fix>3d</fix>
    <sat>9</sat>
    <hdop>1.0</hdop>
    <vdop>1.9</vdop>
    <pdop>2.1</pdop>
   </trkpt>
   <trkpt lat="-34.889125" lon="-56.148228">
    <ele>54.000000</ele>
    <time>2011-12-21T18:47:12.525Z</time>
    <src>GPSD tag="RMC"</src>
    <fix>3d</fix>
    <sat>9</sat>
    <hdop>1.0</hdop>
    <vdop>1.9</vdop>
    <pdop>2.1</pdop>
   </trkpt>
   <trkpt lat="-34.889125" lon="-56.148228">
    <ele>54.000000</ele>
    <time>2011-12-21T18:47:13.525Z</time>
    <src>GPSD tag="RMC"</src>
    <fix>3d</fix>
    <sat>9</sat>
    <hdop>1.0</hdop>
    <vdop>1.9</vdop>
    <pdop>2.1</pdop>
   </trkpt>
   <trkpt lat="-34.889125" lon="-56.148228">
    <ele>54.000000</ele>
    <time>2011-12-21T18:47:14.525Z</time>
    <src>GPSD tag="RMC"</src>
    <fix>3d</fix>
    <sat>9</sat>
    <hdop>1.0</hdop>
    <vdop>1.9</vdop>
    <pdop>2.1</pdop>
   </trkpt>
   <trkpt lat="-34.889125" lon="-56.148228">
    <ele>54.000000</ele>
    <time>2011-12-21T18:47:15.525Z</time>
    <src>GPSD tag="RMC"</src>
    <fix>3d</fix>
    <sat>9</sat>
    <hdop>1.0</hdop>
    <vdop>1.9</vdop>
    <pdop>2.2</pdop>
   </trkpt>
   <trkpt lat="-34.889125" lon="-56.148228">
    <ele>54.000000</ele>
    <time>2011-12-21T18:47:16.525Z</time>
    <src>GPSD tag="RMC"</src>
    <fix>3d</fix>
    <sat>9</sat>
    <hdop>1.0</hdop>
    <vdop>1.9</vdop>
    <pdop>2.2</pdop>
   </trkpt>
   <trkpt lat="-34.889125" lon="-56.148228">
    <ele>54.000000</ele>
    <time>2011-12-21T18:47:17.525Z</time>
    <src>GPSD tag="RMC"</src>
    <fix>3d</fix>
    <sat>9</sat>
    <hdop>1.0</hdop>
    <vdop>1.9</vdop>
    <pdop>2.2</pdop>
   </trkpt>
   <trkpt lat="-34.889125" lon="-56.148228">
    <ele>54.000000</ele>
    <time>2011-12-21T18:47:18.525Z</time>
    <src>GPSD tag="RMC"</src>
    <fix>3d</fix>
    <sat>9</sat>
    <hdop>1.0</hdop>
    <vdop>1.9</vdop>
    <pdop>2.2</pdop>
   </trkpt>
   <trkpt lat="-34.889125" lon="-56.148228">
    <ele>54.000000</ele>
    <time>2011-12-21T18:47:19.525Z</time>
    <src>GPSD tag="RMC"</src>
    <fix>3d</fix>
    <sat>9</sat>
    <hdop>1.0</hdop>
    <vdop>1.9</vdop>
    <pdop>2.2</pdop>
   </trkpt>
   <trkpt lat="-34.889125" lon="-56.148228">
    <ele>54.000000</ele>
    <time>2011-12-21T18:47:20.525Z</time>
    <src>GPSD tag="RMC"</src>
    <fix>3d</fix>
    <sat>9</sat>
    <hdop>1.0</hdop>
    <vdop>1.9</vdop>
    <pdop>2.2</pdop>
   </trkpt>
   <trkpt lat="-34.889125" lon="-56.148228">
    <ele>54.000000</ele>
    <time>2011-12-21T18:47:21.525Z</time>
    <src>GPSD tag="RMC"</src>
    <fix>3d</fix>
    <sat>9</sat>
    <hdop>1.0</hdop>
    <vdop>1.9</vdop>
    <pdop>2.2</pdop>
   </trkpt>
   <trkpt lat="-34.889125" lon="-56.148228">
    <ele>54.000000</ele>
    <time>2011-12-21T18:47:22.525Z</time>
    <src>GPSD tag="RMC"</src>
    <fix>3d</fix>
    <sat>9</sat>
    <hdop>1.0</hdop>
    <vdop>1.9</vdop>
    <pdop>2.2</pdop>
   </trkpt>
   <trkpt lat="-34.889125" lon="-56.148228">
    <ele>54.000000</ele>
    <time>2011-12-21T18:47:23.525Z</time>
    <src>GPSD tag="RMC"</src>
    <fix>3d</fix>
    <sat>9</sat>
    <hdop>1.0</hdop>
    <vdop>1.9</vdop>
    <pdop>2.2</pdop>
   </trkpt>
   <trkpt lat="-34.889125" lon="-56.148228">
    <ele>54.000000</ele>
    <time>2011-12-21T18:47:24.525Z</time>
    <src>GPSD tag="RMC"</src>
    <fix>3d</fix>
    <sat>9</sat>
    <hdop>1.0</hdop>
    <vdop>2.0</vdop>
    <pdop>2.2</pdop>
   </trkpt>
   <trkpt lat="-34.889125" lon="-56.148228">
    <ele>54.000000</ele>
    <time>2011-12-21T18:47:25.525Z</time>
    <src>GPSD tag="RMC"</src>
    <fix>3d</fix>
    <sat>9</sat>
    <hdop>1.0</hdop>
    <vdop>2.0</vdop>
    <pdop>2.2</pdop>
   </trkpt>
   <trkpt lat="-34.889125" lon="-56.148228">
    <ele>54.000000</ele>
    <time>2011-12-21T18:47:26.525Z</time>
    <src>GPSD tag="RMC"</src>
    <fix>3d</fix>
    <sat>9</sat>
    <hdop>1.0</hdop>
    <vdop>2.0</vdop>
    <pdop>2.2</pdop>
   </trkpt>
   <trkpt lat="-34.889125" lon="-56.148228">
    <ele>54.000000</ele>
    <time>2011-12-21T18:47:27.525Z</time>
    <src>GPSD tag="RMC"</src>
    <fix>3d</fix>
    <sat>9</sat>
    <hdop>1.0</hdop>
    <vdop>2.0</vdop>
    <pdop>2.2</pdop>
   </trkpt>
   <trkpt lat="-34.889125" lon="-56.148228">
    <ele>54.000000</ele>
    <time>2011-12-21T18:47:28.525Z</time>
    <src>GPSD tag="RMC"</src>
    <fix>3d</fix>
    <sat>9</sat>
    <hdop>1.0</hdop>
    <vdop>2.0</vdop>
    <pdop>2.2</pdop>
   </trkpt>
   <trkpt lat="-34.889125" lon="-56.148228">
    <ele>54.000000</ele>
    <time>2011-12-21T18:47:29.525Z</time>
    <src>GPSD tag="RMC"</src>
    <fix>3d</fix>
    <sat>9</sat>
    <hdop>1.0</hdop>
    <vdop>2.0</vdop>
    <pdop>2.2</pdop>
   </trkpt>
   <trkpt lat="-34.889125" lon="-56.148228">
    <ele>54.000000</ele>
    <time>2011-12-21T18:47:30.525Z</time>
    <src>GPSD tag="RMC"</src>
    <fix>3d</fix>
    <sat>9</sat>
    <hdop>1.0</hdop>
    <vdop>2.0</vdop>
    <pdop>2.2</pdop>
   </trkpt>
   <trkpt lat="-34.889125" lon="-56.148228">
    <ele>54.000000</ele>
    <time>2011-12-21T18:47:31.525Z</time>
    <src>GPSD tag="RMC"</src>
    <fix>3d</fix>
    <sat>9</sat>
    <hdop>1.0</hdop>
    <vdop>2.0</vdop>
    <pdop>2.2</pdop>
   </trkpt>
   <trkpt lat="-34.889125" lon="-56.148228">
    <ele>54.000000</ele>
    <time>2011-12-21T18:47:32.525Z</time>
    <src>GPSD tag="RMC"</src>
    <fix>3d</fix>
    <sat>9</sat>
    <hdop>1.0</hdop>
    <vdop>2.0</vdop>
    <pdop>2.2</pdop>
   </trkpt>
   <trkpt lat="-34.889125" lon="-56.148228">
    <ele>54.100000</ele>
    <time>2011-12-21T18:47:33.525Z</time>
    <src>GPSD tag="RMC"</src>
    <fix>3d</fix>
    <sat>9</sat>
    <hdop>1.0</hdop>
    <vdop>2.0</vdop>
    <pdop>2.2</pdop>
   </trkpt>
   <trkpt lat="-34.889125" lon="-56.148228">
    <ele>54.100000</ele>
    <time>2011-12-21T18:47:34.525Z</time>
    <src>GPSD tag="RMC"</src>
    <fix>3d</fix>
    <sat>9</sat>
    <hdop>1.0</hdop>
    <vdop>2.0</vdop>
    <pdop>2.2</pdop>
   </trkpt>
   <trkpt lat="-34.889125" lon="-56.148228">
    <ele>54.100000</ele>
    <time>2011-12-21T18:47:35.525Z</time>
    <src>GPSD tag="RMC"</src>
    <fix>3d</fix>
    <sat>9</sat>
    <hdop>1.0</hdop>
    <vdop>2.0</vdop>
    <pdop>2.2</pdop>
   </trkpt>
   <trkpt lat="-34.889127" lon="-56.148228">
    <ele>54.100000</ele>
    <time>2011-12-21T18:47:36.525Z</time>
    <src>GPSD tag="RMC"</src>
    <fix>3d</fix>
    <sat>9</sat>
    <hdop>1.0</hdop>
    <vdop>2.0</vdop>
    <pdop>2.2</pdop>
   </trkpt>
   <trkpt lat="-34.889127" lon="-56.148228">
    <ele>54.100000</ele>
    <time>2011-12-21T18:47:37.525Z</time>
    <src>GPSD tag="RMC"</src>
    <fix>3d</fix>
    <sat>9</sat>
    <hdop>1.0</hdop>
    <vdop>2.0</vdop>
    <pdop>2.2</pdop>
   </trkpt>
   <trkpt lat="-34.889127" lon="-56.148228">
    <ele>54.100000</ele>
    <time>2011-12-21T18:47:38.525Z</time>
    <src>GPSD tag="RMC"</src>
    <fix>3d</fix>
    <sat>9</sat>
    <hdop>1.0</hdop>
    <vdop>2.0</vdop>
    <pdop>2.2</pdop>
   </trkpt>
   <trkpt lat="-34.889127" lon="-56.148228">
    <ele>54.100000</ele>
    <time>2011-12-21T18:47:39.525Z</time>
    <src>GPSD tag="RMC"</src>
    <fix>3d</fix>
    <sat>9</sat>
    <hdop>1.0</hdop>
    <vdop>2.0</vdop>
    <pdop>2.2</pdop>
   </trkpt>
   <trkpt lat="-34.889127" lon="-56.148228">
    <ele>54.100000</ele>
    <time>2011-12-21T18:47:40.525Z</time>
    <src>GPSD tag="RMC"</src>
    <fix>3d</fix>
    <sat>9</sat>
    <hdop>1.0</hdop>
    <vdop>2.0</vdop>
    <pdop>2.2</pdop>
   </trkpt>
   <trkpt lat="-34.889127" lon="-56.148228">
    <ele>54.100000</ele>
    <time>2011-12-21T18:47:41.525Z</time>
    <src>GPSD tag="RMC"</src>
    <fix>3d</fix>
    <sat>9</sat>
    <hdop>1.0</hdop>
    <vdop>2.0</vdop>
    <pdop>2.2</pdop>
   </trkpt>
   <trkpt lat="-34.889125" lon="-56.148228">
    <ele>54.100000</ele>
    <time>2011-12-21T18:47:42.525Z</time>
    <src>GPSD tag="RMC"</src>
    <fix>3d</fix>
    <sat>9</sat>
    <hdop>1.0</hdop>
    <vdop>2.0</vdop>
    <pdop>2.2</pdop>
   </trkpt>
   <trkpt lat="-34.889125" lon="-56.148228">
    <ele>54.100000</ele>
    <time>2011-12-21T18:47:43.525Z</time>
    <src>GPSD tag="RMC"</src>
    <fix>3d</fix>
    <sat>9</sat>
    <hdop>1.0</hdop>
    <vdop>2.0</vdop>
    <pdop>2.2</pdop>
   </trkpt>
   <trkpt lat="-34.889127" lon="-56.148228">
    <ele>54.100000</ele>
    <time>2011-12-21T18:47:44.525Z</time>
    <src>GPSD tag="RMC"</src>
    <fix>3d</fix>
    <sat>9</sat>
    <hdop>1.0</hdop>
    <vdop>2.0</vdop>
    <pdop>2.2</pdop>
   </trkpt>
   <trkpt lat="-34.889127" lon="-56.148228">
    <ele>54.100000</ele>
    <time>2011-12-21T18:47:45.525Z</time>
    <src>GPSD tag="RMC"</src>
    <fix>3d</fix>
    <sat>9</sat>
    <hdop>1.0</hdop>
    <vdop>2.0</vdop>
    <pdop>2.2</pdop>
   </trkpt>
   <trkpt lat="-34.889127" lon="-56.148228">
    <ele>54.100000</ele>
    <time>2011-12-21T18:47:46.525Z</time>
    <src>GPSD tag="RMC"</src>
    <fix>3d</fix>
    <sat>9</sat>
    <hdop>1.0</hdop>
    <vdop>2.0</vdop>
    <pdop>2.2</pdop>
   </trkpt>
   <trkpt lat="-34.889127" lon="-56.148228">
    <ele>54.100000</ele>
    <time>2011-12-21T18:47:47.525Z</time>
    <src>GPSD tag="RMC"</src>
    <fix>3d</fix>
    <sat>9</sat>
    <hdop>1.0</hdop>
    <vdop>2.0</vdop>
    <pdop>2.2</pdop>
   </trkpt>
   <trkpt lat="-34.889127" lon="-56.148228">
    <ele>54.100000</ele>
    <time>2011-12-21T18:47:48.525Z</time>
    <src>GPSD tag="RMC"</src>
    <fix>3d</fix>
    <sat>9</sat>
    <hdop>1.0</hdop>
    <vdop>1.8</vdop>
    <pdop>2.0</pdop>
   </trkpt>
   <trkpt lat="-34.889127" lon="-56.148228">
    <ele>54.100000</ele>
    <time>2011-12-21T18:47:49.525Z</time>
    <src>GPSD tag="RMC"</src>
    <fix>3d</fix>
    <sat>9</sat>
    <hdop>1.0</hdop>
    <vdop>1.8</vdop>
    <pdop>2.0</pdop>
   </trkpt>
   <trkpt lat="-34.889127" lon="-56.148228">
    <ele>54.100000</ele>
    <time>2011-12-21T18:47:50.525Z</time>
    <src>GPSD tag="RMC"</src>
    <fix>3d</fix>
    <sat>9</sat>
    <hdop>1.0</hdop>
    <vdop>1.8</vdop>
    <pdop>2.0</pdop>
   </trkpt>
   <trkpt lat="-34.889127" lon="-56.148228">
    <ele>54.100000</ele>
    <time>2011-12-21T18:47:51.525Z</time>
    <src>GPSD tag="RMC"</src>
    <fix>3d</fix>
    <sat>9</sat>
    <hdop>1.0</hdop>
    <vdop>1.8</vdop>
    <pdop>2.0</pdop>
   </trkpt>
   <trkpt lat="-34.889127" lon="-56.148228">
    <ele>54.100000</ele>
    <time>2011-12-21T18:47:52.525Z</time>
    <src>GPSD tag="RMC"</src>
    <fix>3d</fix>
    <sat>9</sat>
    <hdop>1.0</hdop>
    <vdop>1.8</vdop>
    <pdop>2.0</pdop>
   </trkpt>
   <trkpt lat="-34.889127" lon="-56.148228">
    <ele>54.100000</ele>
    <time>2011-12-21T18:47:53.525Z</time>
    <src>GPSD tag="RMC"</src>
    <fix>3d</fix>
    <sat>9</sat>
    <hdop>1.0</hdop>
    <vdop>1.8</vdop>
    <pdop>2.0</pdop>
   </trkpt>
   <trkpt lat="-34.889127" lon="-56.148228">
    <ele>54.100000</ele>
    <time>2011-12-21T18:47:54.525Z</time>
    <src>GPSD tag="RMC"</src>
    <fix>3d</fix>
    <sat>9</sat>
    <hdop>1.0</hdop>
    <vdop>1.8</vdop>
    <pdop>2.0</pdop>
   </trkpt>
   <trkpt lat="-34.889127" lon="-56.148228">
    <ele>54.100000</ele>
    <time>2011-12-21T18:47:55.525Z</time>
    <src>GPSD tag="RMC"</src>
    <fix>3d</fix>
    <sat>9</sat>
    <hdop>1.0</hdop>
    <vdop>1.8</vdop>
    <pdop>2.0</pdop>
   </trkpt>
   <trkpt lat="-34.889127" lon="-56.148228">
    <ele>54.100000</ele>
    <time>2011-12-21T18:47:56.525Z</time>
    <src>GPSD tag="RMC"</src>
    <fix>3d</fix>
    <sat>9</sat>
    <hdop>1.0</hdop>
    <vdop>1.8</vdop>
    <pdop>2.0</pdop>
   </trkpt>
   <trkpt lat="-34.889127" lon="-56.148228">
    <ele>54.100000</ele>
    <time>2011-12-21T18:47:57.525Z</time>
    <src>GPSD tag="RMC"</src>
    <fix>3d</fix>
    <sat>9</sat>
    <hdop>1.0</hdop>
    <vdop>1.8</vdop>
    <pdop>2.0</pdop>
   </trkpt>
   <trkpt lat="-34.889127" lon="-56.148228">
    <ele>54.100000</ele>
    <time>2011-12-21T18:47:58.525Z</time>
    <src>GPSD tag="RMC"</src>
    <fix>3d</fix>
    <sat>9</sat>
    <hdop>1.0</hdop>
    <vdop>1.8</vdop>
    <pdop>2.0</pdop>
   </trkpt>
   <trkpt lat="-34.889127" lon="-56.148228">
    <ele>54.100000</ele>
    <time>2011-12-21T18:47:59.525Z</time>
    <src>GPSD tag="RMC"</src>
    <fix>3d</fix>
    <sat>9</sat>
    <hdop>1.0</hdop>
    <vdop>1.8</vdop>
    <pdop>2.0</pdop>
   </trkpt>
   <trkpt lat="-34.889127" lon="-56.148228">
    <ele>54.100000</ele>
    <time>2011-12-21T18:48:00.525Z</time>
    <src>GPSD tag="RMC"</src>
    <fix>3d</fix>
    <sat>9</sat>
    <hdop>1.0</hdop>
    <vdop>1.8</vdop>
    <pdop>2.0</pdop>
   </trkpt>
   <trkpt lat="-34.889127" lon="-56.148228">
    <ele>54.100000</ele>
    <time>2011-12-21T18:48:01.525Z</time>
    <src>GPSD tag="RMC"</src>
    <fix>3d</fix>
    <sat>9</sat>
    <hdop>1.0</hdop>
    <vdop>1.8</vdop>
    <pdop>2.0</pdop>
   </trkpt>
   <trkpt lat="-34.889127" lon="-56.148228">
    <ele>54.100000</ele>
    <time>2011-12-21T18:48:02.525Z</time>
    <src>GPSD tag="RMC"</src>
    <fix>3d</fix>
    <sat>9</sat>
    <hdop>1.0</hdop>
    <vdop>1.8</vdop>
    <pdop>2.0</pdop>
   </trkpt>
   <trkpt lat="-34.889127" lon="-56.148228">
    <ele>54.100000</ele>
    <time>2011-12-21T18:48:03.525Z</time>
    <src>GPSD tag="RMC"</src>
    <fix>3d</fix>
    <sat>9</sat>
    <hdop>1.0</hdop>
    <vdop>1.8</vdop>
    <pdop>2.0</pdop>
   </trkpt>
   <trkpt lat="-34.889127" lon="-56.148228">
    <ele>54.100000</ele>
    <time>2011-12-21T18:48:04.525Z</time>
    <src>GPSD tag="RMC"</src>
    <fix>3d</fix>
    <sat>9</sat>
    <hdop>1.0</hdop>
    <vdop>1.8</vdop>
    <pdop>2.0</pdop>
   </trkpt>
   <trkpt lat="-34.889127" lon="-56.148228">
    <ele>54.100000</ele>
    <time>2011-12-21T18:48:05.525Z</time>
    <src>GPSD tag="RMC"</src>
    <fix>3d</fix>
    <sat>9</sat>
    <hdop>1.0</hdop>
    <vdop>1.8</vdop>
    <pdop>2.0</pdop>
   </trkpt>
   <trkpt lat="-34.889127" lon="-56.148228">
    <ele>54.100000</ele>
    <time>2011-12-21T18:48:06.525Z</time>
    <src>GPSD tag="RMC"</src>
    <fix>3d</fix>
    <sat>9</sat>
    <hdop>1.0</hdop>
    <vdop>1.8</vdop>
    <pdop>2.0</pdop>
   </trkpt>
   <trkpt lat="-34.889127" lon="-56.148228">
    <ele>54.100000</ele>
    <time>2011-12-21T18:48:07.525Z</time>
    <src>GPSD tag="RMC"</src>
    <fix>3d</fix>
    <sat>9</sat>
    <hdop>1.0</hdop>
    <vdop>1.8</vdop>
    <pdop>2.0</pdop>
   </trkpt>
   <trkpt lat="-34.889127" lon="-56.148228">
    <ele>54.100000</ele>
    <time>2011-12-21T18:48:08.525Z</time>
    <src>GPSD tag="RMC"</src>
    <fix>3d</fix>
    <sat>9</sat>
    <hdop>1.0</hdop>
    <vdop>1.8</vdop>
    <pdop>2.0</pdop>
   </trkpt>
   <trkpt lat="-34.889128" lon="-56.148228">
    <ele>54.100000</ele>
    <time>2011-12-21T18:48:09.525Z</time>
    <src>GPSD tag="RMC"</src>
    <fix>3d</fix>
    <sat>9</sat>
    <hdop>1.0</hdop>
    <vdop>1.8</vdop>
    <pdop>2.0</pdop>
   </trkpt>
   <trkpt lat="-34.889128" lon="-56.148228">
    <ele>54.100000</ele>
    <time>2011-12-21T18:48:10.525Z</time>
    <src>GPSD tag="RMC"</src>
    <fix>3d</fix>
    <sat>9</sat>
    <hdop>1.0</hdop>
    <vdop>1.8</vdop>
    <pdop>2.0</pdop>
   </trkpt>
   <trkpt lat="-34.889128" lon="-56.148228">
    <ele>54.100000</ele>
    <time>2011-12-21T18:48:11.525Z</time>
    <src>GPSD tag="RMC"</src>
    <fix>3d</fix>
    <sat>9</sat>
    <hdop>1.0</hdop>
    <vdop>1.8</vdop>
    <pdop>2.0</pdop>
   </trkpt>
   <trkpt lat="-34.889128" lon="-56.148228">
    <ele>54.100000</ele>
    <time>2011-12-21T18:48:12.525Z</time>
    <src>GPSD tag="RMC"</src>
    <fix>3d</fix>
    <sat>9</sat>
    <hdop>1.0</hdop>
    <vdop>1.8</vdop>
    <pdop>2.0</pdop>
   </trkpt>
   <trkpt lat="-34.889128" lon="-56.148228">
    <ele>54.100000</ele>
    <time>2011-12-21T18:48:13.525Z</time>
    <src>GPSD tag="RMC"</src>
    <fix>3d</fix>
    <sat>9</sat>
    <hdop>1.0</hdop>
    <vdop>1.8</vdop>
    <pdop>2.0</pdop>
   </trkpt>
   <trkpt lat="-34.889128" lon="-56.148228">
    <ele>54.100000</ele>
    <time>2011-12-21T18:48:14.525Z</time>
    <src>GPSD tag="RMC"</src>
    <fix>3d</fix>
    <sat>9</sat>
    <hdop>1.0</hdop>
    <vdop>1.8</vdop>
    <pdop>2.0</pdop>
   </trkpt>
   <trkpt lat="-34.889128" lon="-56.148228">
    <ele>54.100000</ele>
    <time>2011-12-21T18:48:15.525Z</time>
    <src>GPSD tag="RMC"</src>
    <fix>3d</fix>
    <sat>9</sat>
    <hdop>1.0</hdop>
    <vdop>1.8</vdop>
    <pdop>2.0</pdop>
   </trkpt>
   <trkpt lat="-34.889128" lon="-56.148228">
    <ele>54.100000</ele>
    <time>2011-12-21T18:48:16.525Z</time>
    <src>GPSD tag="RMC"</src>
    <fix>3d</fix>
    <sat>9</sat>
    <hdop>1.0</hdop>
    <vdop>1.8</vdop>
    <pdop>2.0</pdop>
   </trkpt>
   <trkpt lat="-34.889128" lon="-56.148228">
    <ele>54.100000</ele>
    <time>2011-12-21T18:48:17.525Z</time>
    <src>GPSD tag="RMC"</src>
    <fix>3d</fix>
    <sat>9</sat>
    <hdop>1.0</hdop>
    <vdop>1.8</vdop>
    <pdop>2.0</pdop>
   </trkpt>
   <trkpt lat="-34.889128" lon="-56.148228">
    <ele>54.100000</ele>
    <time>2011-12-21T18:48:18.525Z</time>
    <src>GPSD tag="RMC"</src>
    <fix>3d</fix>
    <sat>9</sat>
    <hdop>1.0</hdop>
    <vdop>2.0</vdop>
    <pdop>2.2</pdop>
   </trkpt>
   <trkpt lat="-34.889128" lon="-56.148228">
    <ele>54.100000</ele>
    <time>2011-12-21T18:48:19.525Z</time>
    <src>GPSD tag="RMC"</src>
    <fix>3d</fix>
    <sat>9</sat>
    <hdop>1.0</hdop>
    <vdop>2.0</vdop>
    <pdop>2.2</pdop>
   </trkpt>
   <trkpt lat="-34.889128" lon="-56.148228">
    <ele>54.100000</ele>
    <time>2011-12-21T18:48:20.525Z</time>
    <src>GPSD tag="RMC"</src>
    <fix>3d</fix>
    <sat>9</sat>
    <hdop>1.0</hdop>
    <vdop>2.0</vdop>
    <pdop>2.2</pdop>
   </trkpt>
   <trkpt lat="-34.889128" lon="-56.148228">
    <ele>54.100000</ele>
    <time>2011-12-21T18:48:21.525Z</time>
    <src>GPSD tag="RMC"</src>
    <fix>3d</fix>
    <sat>9</sat>
    <hdop>1.0</hdop>
    <vdop>2.0</vdop>
    <pdop>2.2</pdop>
   </trkpt>
   <trkpt lat="-34.889128" lon="-56.148228">
    <ele>54.100000</ele>
    <time>2011-12-21T18:48:22.525Z</time>
    <src>GPSD tag="RMC"</src>
    <fix>3d</fix>
    <sat>9</sat>
    <hdop>1.0</hdop>
    <vdop>2.0</vdop>
    <pdop>2.2</pdop>
   </trkpt>
   <trkpt lat="-34.889128" lon="-56.148228">
    <ele>54.100000</ele>
    <time>2011-12-21T18:48:23.525Z</time>
    <src>GPSD tag="RMC"</src>
    <fix>3d</fix>
    <sat>9</sat>
    <hdop>1.0</hdop>
    <vdop>2.0</vdop>
    <pdop>2.2</pdop>
   </trkpt>
   <trkpt lat="-34.889128" lon="-56.148228">
    <ele>54.100000</ele>
    <time>2011-12-21T18:48:24.525Z</time>
    <src>GPSD tag="RMC"</src>
    <fix>3d</fix>
    <sat>9</sat>
    <hdop>1.0</hdop>
    <vdop>2.0</vdop>
    <pdop>2.2</pdop>
   </trkpt>
   <trkpt lat="-34.889128" lon="-56.148228">
    <ele>54.100000</ele>
    <time>2011-12-21T18:48:25.525Z</time>
    <src>GPSD tag="RMC"</src>
    <fix>3d</fix>
    <sat>9</sat>
    <hdop>1.0</hdop>
    <vdop>2.0</vdop>
    <pdop>2.2</pdop>
   </trkpt>
   <trkpt lat="-34.889128" lon="-56.148228">
    <ele>54.100000</ele>
    <time>2011-12-21T18:48:26.525Z</time>
    <src>GPSD tag="RMC"</src>
    <fix>3d</fix>
    <sat>9</sat>
    <hdop>1.0</hdop>
    <vdop>2.0</vdop>
    <pdop>2.2</pdop>
   </trkpt>
   <trkpt lat="-34.889128" lon="-56.148228">
    <ele>54.100000</ele>
    <time>2011-12-21T18:48:27.525Z</time>
    <src>GPSD tag="RMC"</src>
    <fix>3d</fix>
    <sat>9</sat>
    <hdop>1.0</hdop>
    <vdop>2.0</vdop>
    <pdop>2.2</pdop>
   </trkpt>
   <trkpt lat="-34.889128" lon="-56.148228">
    <ele>54.100000</ele>
    <time>2011-12-21T18:48:28.525Z</time>
    <src>GPSD tag="RMC"</src>
    <fix>3d</fix>
    <sat>9</sat>
    <hdop>1.0</hdop>
    <vdop>2.0</vdop>
    <pdop>2.2</pdop>
   </trkpt>
   <trkpt lat="-34.889128" lon="-56.148228">
    <ele>54.100000</ele>
    <time>2011-12-21T18:48:29.525Z</time>
    <src>GPSD tag="RMC"</src>
    <fix>3d</fix>
    <sat>9</sat>
    <hdop>1.0</hdop>
    <vdop>2.0</vdop>
    <pdop>2.2</pdop>
   </trkpt>
   <trkpt lat="-34.889128" lon="-56.148228">
    <ele>54.100000</ele>
    <time>2011-12-21T18:48:30.525Z</time>
    <src>GPSD tag="RMC"</src>
    <fix>3d</fix>
    <sat>9</sat>
    <hdop>1.0</hdop>
    <vdop>2.0</vdop>
    <pdop>2.2</pdop>
   </trkpt>
   <trkpt lat="-34.889128" lon="-56.148228">
    <ele>54.100000</ele>
    <time>2011-12-21T18:48:31.525Z</time>
    <src>GPSD tag="RMC"</src>
    <fix>3d</fix>
    <sat>9</sat>
    <hdop>1.0</hdop>
    <vdop>2.0</vdop>
    <pdop>2.2</pdop>
   </trkpt>
   <trkpt lat="-34.889128" lon="-56.148228">
    <ele>54.100000</ele>
    <time>2011-12-21T18:48:32.525Z</time>
    <src>GPSD tag="RMC"</src>
    <fix>3d</fix>
    <sat>9</sat>
    <hdop>1.0</hdop>
    <vdop>2.0</vdop>
    <pdop>2.2</pdop>
   </trkpt>
   <trkpt lat="-34.889128" lon="-56.148228">
    <ele>54.100000</ele>
    <time>2011-12-21T18:48:33.525Z</time>
    <src>GPSD tag="RMC"</src>
    <fix>3d</fix>
    <sat>9</sat>
    <hdop>1.0</hdop>
    <vdop>2.0</vdop>
    <pdop>2.2</pdop>
   </trkpt>
   <trkpt lat="-34.889128" lon="-56.148228">
    <ele>54.100000</ele>
    <time>2011-12-21T18:48:34.525Z</time>
    <src>GPSD tag="RMC"</src>
    <fix>3d</fix>
    <sat>9</sat>
    <hdop>1.0</hdop>
    <vdop>2.0</vdop>
    <pdop>2.2</pdop>
   </trkpt>
   <trkpt lat="-34.889128" lon="-56.148228">
    <ele>54.100000</ele>
    <time>2011-12-21T18:48:35.525Z</time>
    <src>GPSD tag="RMC"</src>
    <fix>3d</fix>
    <sat>9</sat>
    <hdop>1.0</hdop>
    <vdop>2.0</vdop>
    <pdop>2.2</pdop>
   </trkpt>
   <trkpt lat="-34.889128" lon="-56.148228">
    <ele>54.100000</ele>
    <time>2011-12-21T18:48:36.525Z</time>
    <src>GPSD tag="RMC"</src>
    <fix>3d</fix>
    <sat>9</sat>
    <hdop>1.0</hdop>
    <vdop>2.0</vdop>
    <pdop>2.2</pdop>
   </trkpt>
   <trkpt lat="-34.889128" lon="-56.148228">
    <ele>54.100000</ele>
    <time>2011-12-21T18:48:37.525Z</time>
    <src>GPSD tag="RMC"</src>
    <fix>3d</fix>
    <sat>9</sat>
    <hdop>1.0</hdop>
    <vdop>2.0</vdop>
    <pdop>2.2</pdop>
   </trkpt>
   <trkpt lat="-34.889128" lon="-56.148228">
    <ele>54.100000</ele>
    <time>2011-12-21T18:48:38.525Z</time>
    <src>GPSD tag="RMC"</src>
    <fix>3d</fix>
    <sat>9</sat>
    <hdop>1.0</hdop>
    <vdop>2.0</vdop>
    <pdop>2.2</pdop>
   </trkpt>
   <trkpt lat="-34.889128" lon="-56.148228">
    <ele>54.100000</ele>
    <time>2011-12-21T18:48:39.525Z</time>
    <src>GPSD tag="RMC"</src>
    <fix>3d</fix>
    <sat>9</sat>
    <hdop>1.0</hdop>
    <vdop>2.0</vdop>
    <pdop>2.2</pdop>
   </trkpt>
   <trkpt lat="-34.889128" lon="-56.148228">
    <ele>54.100000</ele>
    <time>2011-12-21T18:48:40.525Z</time>
    <src>GPSD tag="RMC"</src>
    <fix>3d</fix>
    <sat>9</sat>
    <hdop>1.0</hdop>
    <vdop>2.0</vdop>
    <pdop>2.2</pdop>
   </trkpt>
   <trkpt lat="-34.889128" lon="-56.148228">
    <ele>54.200000</ele>
    <time>2011-12-21T18:48:41.525Z</time>
    <src>GPSD tag="RMC"</src>
    <fix>3d</fix>
    <sat>9</sat>
    <hdop>1.0</hdop>
    <vdop>2.0</vdop>
    <pdop>2.2</pdop>
   </trkpt>
   <trkpt lat="-34.889128" lon="-56.148228">
    <ele>54.200000</ele>
    <time>2011-12-21T18:48:42.525Z</time>
    <src>GPSD tag="RMC"</src>
    <fix>3d</fix>
    <sat>9</sat>
    <hdop>1.0</hdop>
    <vdop>2.0</vdop>
    <pdop>2.2</pdop>
   </trkpt>
   <trkpt lat="-34.889128" lon="-56.148230">
    <ele>54.200000</ele>
    <time>2011-12-21T18:48:43.525Z</time>
    <src>GPSD tag="RMC"</src>
    <fix>3d</fix>
    <sat>9</sat>
    <hdop>1.0</hdop>
    <vdop>2.0</vdop>
    <pdop>2.2</pdop>
   </trkpt>
   <trkpt lat="-34.889128" lon="-56.148230">
    <ele>54.200000</ele>
    <time>2011-12-21T18:48:44.525Z</time>
    <src>GPSD tag="RMC"</src>
    <fix>3d</fix>
    <sat>9</sat>
    <hdop>1.0</hdop>
    <vdop>2.0</vdop>
    <pdop>2.2</pdop>
   </trkpt>
   <trkpt lat="-34.889128" lon="-56.148230">
    <ele>54.200000</ele>
    <time>2011-12-21T18:48:45.525Z</time>
    <src>GPSD tag="RMC"</src>
    <fix>3d</fix>
    <sat>9</sat>
    <hdop>1.0</hdop>
    <vdop>2.0</vdop>
    <pdop>2.2</pdop>
   </trkpt>
   <trkpt lat="-34.889128" lon="-56.148230">
    <ele>54.200000</ele>
    <time>2011-12-21T18:48:46.525Z</time>
    <src>GPSD tag="RMC"</src>
    <fix>3d</fix>
    <sat>9</sat>
    <hdop>1.0</hdop>
    <vdop>2.0</vdop>
    <pdop>2.2</pdop>
   </trkpt>
   <trkpt lat="-34.889128" lon="-56.148232">
    <ele>54.200000</ele>
    <time>2011-12-21T18:48:47.525Z</time>
    <src>GPSD tag="RMC"</src>
    <fix>3d</fix>
    <sat>9</sat>
    <hdop>1.0</hdop>
    <vdop>2.0</vdop>
    <pdop>2.2</pdop>
   </trkpt>
   <trkpt lat="-34.889128" lon="-56.148232">
    <ele>54.200000</ele>
    <time>2011-12-21T18:48:48.525Z</time>
    <src>GPSD tag="RMC"</src>
    <fix>3d</fix>
    <sat>9</sat>
    <hdop>1.0</hdop>
    <vdop>2.0</vdop>
    <pdop>2.2</pdop>
   </trkpt>
   <trkpt lat="-34.889128" lon="-56.148232">
    <ele>54.300000</ele>
    <time>2011-12-21T18:48:49.525Z</time>
    <src>GPSD tag="RMC"</src>
    <fix>3d</fix>
    <sat>9</sat>
    <hdop>1.0</hdop>
    <vdop>2.0</vdop>
    <pdop>2.2</pdop>
   </trkpt>
   <trkpt lat="-34.889128" lon="-56.148232">
    <ele>54.300000</ele>
    <time>2011-12-21T18:48:50.525Z</time>
    <src>GPSD tag="RMC"</src>
    <fix>3d</fix>
    <sat>9</sat>
    <hdop>1.0</hdop>
    <vdop>2.0</vdop>
    <pdop>2.2</pdop>
   </trkpt>
   <trkpt lat="-34.889128" lon="-56.148232">
    <ele>54.300000</ele>
    <time>2011-12-21T18:48:51.525Z</time>
    <src>GPSD tag="RMC"</src>
    <fix>3d</fix>
    <sat>9</sat>
    <hdop>1.0</hdop>
    <vdop>2.0</vdop>
    <pdop>2.2</pdop>
   </trkpt>
   <trkpt lat="-34.889128" lon="-56.148232">
    <ele>54.300000</ele>
    <time>2011-12-21T18:48:52.525Z</time>
    <src>GPSD tag="RMC"</src>
    <fix>3d</fix>
    <sat>9</sat>
    <hdop>1.0</hdop>
    <vdop>2.0</vdop>
    <pdop>2.2</pdop>
   </trkpt>
   <trkpt lat="-34.889128" lon="-56.148232">
    <ele>54.300000</ele>
    <time>2011-12-21T18:48:53.525Z</time>
    <src>GPSD tag="RMC"</src>
    <fix>3d</fix>
    <sat>9</sat>
    <hdop>1.0</hdop>
    <vdop>2.0</vdop>
    <pdop>2.2</pdop>
   </trkpt>
   <trkpt lat="-34.889128" lon="-56.148233">
    <ele>54.300000</ele>
    <time>2011-12-21T18:48:54.525Z</time>
    <src>GPSD tag="RMC"</src>
    <fix>3d</fix>
    <sat>9</sat>
    <hdop>1.0</hdop>
    <vdop>2.0</vdop>
    <pdop>2.2</pdop>
   </trkpt>
   <trkpt lat="-34.889128" lon="-56.148233">
    <ele>54.300000</ele>
    <time>2011-12-21T18:48:55.525Z</time>
    <src>GPSD tag="RMC"</src>
    <fix>3d</fix>
    <sat>9</sat>
    <hdop>1.0</hdop>
    <vdop>2.0</vdop>
    <pdop>2.2</pdop>
   </trkpt>
   <trkpt lat="-34.889128" lon="-56.148233">
    <ele>54.300000</ele>
    <time>2011-12-21T18:48:56.525Z</time>
    <src>GPSD tag="RMC"</src>
    <fix>3d</fix>
    <sat>9</sat>
    <hdop>1.0</hdop>
    <vdop>2.0</vdop>
    <pdop>2.2</pdop>
   </trkpt>
   <trkpt lat="-34.889130" lon="-56.148233">
    <ele>54.300000</ele>
    <time>2011-12-21T18:48:57.525Z</time>
    <src>GPSD tag="RMC"</src>
    <fix>3d</fix>
    <sat>9</sat>
    <hdop>1.0</hdop>
    <vdop>2.0</vdop>
    <pdop>2.2</pdop>
   </trkpt>
   <trkpt lat="-34.889130" lon="-56.148233">
    <ele>54.300000</ele>
    <time>2011-12-21T18:48:58.525Z</time>
    <src>GPSD tag="RMC"</src>
    <fix>3d</fix>
    <sat>9</sat>
    <hdop>1.0</hdop>
    <vdop>2.0</vdop>
    <pdop>2.2</pdop>
   </trkpt>
   <trkpt lat="-34.889130" lon="-56.148233">
    <ele>54.300000</ele>
    <time>2011-12-21T18:48:59.525Z</time>
    <src>GPSD tag="RMC"</src>
    <fix>3d</fix>
    <sat>9</sat>
    <hdop>1.0</hdop>
    <vdop>2.0</vdop>
    <pdop>2.2</pdop>
   </trkpt>
   <trkpt lat="-34.889130" lon="-56.148233">
    <ele>54.300000</ele>
    <time>2011-12-21T18:49:00.525Z</time>
    <src>GPSD tag="RMC"</src>
    <fix>3d</fix>
    <sat>9</sat>
    <hdop>1.0</hdop>
    <vdop>2.0</vdop>
    <pdop>2.2</pdop>
   </trkpt>
   <trkpt lat="-34.889130" lon="-56.148233">
    <ele>54.400000</ele>
    <time>2011-12-21T18:49:01.525Z</time>
    <src>GPSD tag="RMC"</src>
    <fix>3d</fix>
    <sat>9</sat>
    <hdop>1.0</hdop>
    <vdop>2.0</vdop>
    <pdop>2.2</pdop>
   </trkpt>
   <trkpt lat="-34.889130" lon="-56.148233">
    <ele>54.400000</ele>
    <time>2011-12-21T18:49:02.525Z</time>
    <src>GPSD tag="RMC"</src>
    <fix>3d</fix>
    <sat>9</sat>
    <hdop>1.0</hdop>
    <vdop>2.0</vdop>
    <pdop>2.2</pdop>
   </trkpt>
   <trkpt lat="-34.889130" lon="-56.148233">
    <ele>54.400000</ele>
    <time>2011-12-21T18:49:03.525Z</time>
    <src>GPSD tag="RMC"</src>
    <fix>3d</fix>
    <sat>9</sat>
    <hdop>1.0</hdop>
    <vdop>2.0</vdop>
    <pdop>2.2</pdop>
   </trkpt>
   <trkpt lat="-34.889130" lon="-56.148233">
    <ele>54.400000</ele>
    <time>2011-12-21T18:49:04.525Z</time>
    <src>GPSD tag="RMC"</src>
    <fix>3d</fix>
    <sat>9</sat>
    <hdop>1.0</hdop>
    <vdop>2.0</vdop>
    <pdop>2.2</pdop>
   </trkpt>
   <trkpt lat="-34.889130" lon="-56.148233">
    <ele>54.400000</ele>
    <time>2011-12-21T18:49:05.525Z</time>
    <src>GPSD tag="RMC"</src>
    <fix>3d</fix>
    <sat>9</sat>
    <hdop>1.0</hdop>
    <vdop>2.0</vdop>
    <pdop>2.2</pdop>
   </trkpt>
   <trkpt lat="-34.889130" lon="-56.148233">
    <ele>54.400000</ele>
    <time>2011-12-21T18:49:06.525Z</time>
    <src>GPSD tag="RMC"</src>
    <fix>3d</fix>
    <sat>9</sat>
    <hdop>1.0</hdop>
    <vdop>2.0</vdop>
    <pdop>2.2</pdop>
   </trkpt>
   <trkpt lat="-34.889130" lon="-56.148233">
    <ele>54.400000</ele>
    <time>2011-12-21T18:49:07.525Z</time>
    <src>GPSD tag="RMC"</src>
    <fix>3d</fix>
    <sat>9</sat>
    <hdop>1.0</hdop>
    <vdop>2.0</vdop>
    <pdop>2.2</pdop>
   </trkpt>
   <trkpt lat="-34.889130" lon="-56.148233">
    <ele>54.400000</ele>
    <time>2011-12-21T18:49:08.525Z</time>
    <src>GPSD tag="RMC"</src>
    <fix>3d</fix>
    <sat>9</sat>
    <hdop>1.0</hdop>
    <vdop>2.0</vdop>
    <pdop>2.2</pdop>
   </trkpt>
   <trkpt lat="-34.889130" lon="-56.148233">
    <ele>54.400000</ele>
    <time>2011-12-21T18:49:09.525Z</time>
    <src>GPSD tag="RMC"</src>
    <fix>3d</fix>
    <sat>9</sat>
    <hdop>1.0</hdop>
    <vdop>2.0</vdop>
    <pdop>2.2</pdop>
   </trkpt>
   <trkpt lat="-34.889130" lon="-56.148233">
    <ele>54.400000</ele>
    <time>2011-12-21T18:49:10.525Z</time>
    <src>GPSD tag="RMC"</src>
    <fix>3d</fix>
    <sat>9</sat>
    <hdop>1.0</hdop>
    <vdop>2.0</vdop>
    <pdop>2.2</pdop>
   </trkpt>
   <trkpt lat="-34.889130" lon="-56.148233">
    <ele>54.400000</ele>
    <time>2011-12-21T18:49:11.525Z</time>
    <src>GPSD tag="RMC"</src>
    <fix>3d</fix>
    <sat>9</sat>
    <hdop>1.0</hdop>
    <vdop>2.0</vdop>
    <pdop>2.2</pdop>
   </trkpt>
   <trkpt lat="-34.889130" lon="-56.148233">
    <ele>54.400000</ele>
    <time>2011-12-21T18:49:12.525Z</time>
    <src>GPSD tag="RMC"</src>
    <fix>3d</fix>
    <sat>9</sat>
    <hdop>1.0</hdop>
    <vdop>2.0</vdop>
    <pdop>2.2</pdop>
   </trkpt>
   <trkpt lat="-34.889130" lon="-56.148233">
    <ele>54.400000</ele>
    <time>2011-12-21T18:49:13.525Z</time>
    <src>GPSD tag="RMC"</src>
    <fix>3d</fix>
    <sat>9</sat>
    <hdop>1.0</hdop>
    <vdop>2.0</vdop>
    <pdop>2.2</pdop>
   </trkpt>
   <trkpt lat="-34.889130" lon="-56.148233">
    <ele>54.400000</ele>
    <time>2011-12-21T18:49:14.525Z</time>
    <src>GPSD tag="RMC"</src>
    <fix>3d</fix>
    <sat>9</sat>
    <hdop>1.0</hdop>
    <vdop>2.0</vdop>
    <pdop>2.2</pdop>
   </trkpt>
   <trkpt lat="-34.889130" lon="-56.148233">
    <ele>54.400000</ele>
    <time>2011-12-21T18:49:15.525Z</time>
    <src>GPSD tag="RMC"</src>
    <fix>3d</fix>
    <sat>9</sat>
    <hdop>1.0</hdop>
    <vdop>2.0</vdop>
    <pdop>2.2</pdop>
   </trkpt>
   <trkpt lat="-34.889130" lon="-56.148233">
    <ele>54.400000</ele>
    <time>2011-12-21T18:49:16.525Z</time>
    <src>GPSD tag="RMC"</src>
    <fix>3d</fix>
    <sat>9</sat>
    <hdop>1.0</hdop>
    <vdop>2.0</vdop>
    <pdop>2.2</pdop>
   </trkpt>
   <trkpt lat="-34.889130" lon="-56.148233">
    <ele>54.400000</ele>
    <time>2011-12-21T18:49:17.525Z</time>
    <src>GPSD tag="RMC"</src>
    <fix>3d</fix>
    <sat>9</sat>
    <hdop>1.0</hdop>
    <vdop>2.0</vdop>
    <pdop>2.2</pdop>
   </trkpt>
   <trkpt lat="-34.889130" lon="-56.148233">
    <ele>54.400000</ele>
    <time>2011-12-21T18:49:18.525Z</time>
    <src>GPSD tag="RMC"</src>
    <fix>3d</fix>
    <sat>9</sat>
    <hdop>1.0</hdop>
    <vdop>2.0</vdop>
    <pdop>2.2</pdop>
   </trkpt>
   <trkpt lat="-34.889130" lon="-56.148233">
    <ele>54.400000</ele>
    <time>2011-12-21T18:49:19.525Z</time>
    <src>GPSD tag="RMC"</src>
    <fix>3d</fix>
    <sat>9</sat>
    <hdop>1.0</hdop>
    <vdop>2.0</vdop>
    <pdop>2.2</pdop>
   </trkpt>
   <trkpt lat="-34.889130" lon="-56.148233">
    <ele>54.400000</ele>
    <time>2011-12-21T18:49:20.525Z</time>
    <src>GPSD tag="RMC"</src>
    <fix>3d</fix>
    <sat>9</sat>
    <hdop>1.0</hdop>
    <vdop>2.0</vdop>
    <pdop>2.2</pdop>
   </trkpt>
   <trkpt lat="-34.889130" lon="-56.148232">
    <ele>54.400000</ele>
    <time>2011-12-21T18:49:21.525Z</time>
    <src>GPSD tag="RMC"</src>
    <fix>3d</fix>
    <sat>9</sat>
    <hdop>1.0</hdop>
    <vdop>2.0</vdop>
    <pdop>2.2</pdop>
   </trkpt>
   <trkpt lat="-34.889130" lon="-56.148232">
    <ele>54.400000</ele>
    <time>2011-12-21T18:49:22.525Z</time>
    <src>GPSD tag="RMC"</src>
    <fix>3d</fix>
    <sat>9</sat>
    <hdop>1.0</hdop>
    <vdop>2.0</vdop>
    <pdop>2.2</pdop>
   </trkpt>
   <trkpt lat="-34.889130" lon="-56.148232">
    <ele>54.400000</ele>
    <time>2011-12-21T18:49:23.525Z</time>
    <src>GPSD tag="RMC"</src>
    <fix>3d</fix>
    <sat>9</sat>
    <hdop>1.0</hdop>
    <vdop>2.0</vdop>
    <pdop>2.2</pdop>
   </trkpt>
   <trkpt lat="-34.889130" lon="-56.148232">
    <ele>54.400000</ele>
    <time>2011-12-21T18:49:24.525Z</time>
    <src>GPSD tag="RMC"</src>
    <fix>3d</fix>
    <sat>9</sat>
    <hdop>1.0</hdop>
    <vdop>2.0</vdop>
    <pdop>2.2</pdop>
   </trkpt>
   <trkpt lat="-34.889128" lon="-56.148232">
    <ele>54.400000</ele>
    <time>2011-12-21T18:49:25.525Z</time>
    <src>GPSD tag="RMC"</src>
    <fix>3d</fix>
    <sat>9</sat>
    <hdop>1.0</hdop>
    <vdop>2.0</vdop>
    <pdop>2.2</pdop>
   </trkpt>
   <trkpt lat="-34.889128" lon="-56.148232">
    <ele>54.400000</ele>
    <time>2011-12-21T18:49:26.525Z</time>
    <src>GPSD tag="RMC"</src>
    <fix>3d</fix>
    <sat>9</sat>
    <hdop>1.0</hdop>
    <vdop>2.0</vdop>
    <pdop>2.2</pdop>
   </trkpt>
   <trkpt lat="-34.889128" lon="-56.148232">
    <ele>54.300000</ele>
    <time>2011-12-21T18:49:27.525Z</time>
    <src>GPSD tag="RMC"</src>
    <fix>3d</fix>
    <sat>9</sat>
    <hdop>1.0</hdop>
    <vdop>2.0</vdop>
    <pdop>2.2</pdop>
   </trkpt>
   <trkpt lat="-34.889128" lon="-56.148232">
    <ele>54.400000</ele>
    <time>2011-12-21T18:49:28.525Z</time>
    <src>GPSD tag="RMC"</src>
    <fix>3d</fix>
    <sat>9</sat>
    <hdop>1.0</hdop>
    <vdop>2.0</vdop>
    <pdop>2.2</pdop>
   </trkpt>
   <trkpt lat="-34.889128" lon="-56.148232">
    <ele>54.400000</ele>
    <time>2011-12-21T18:49:29.525Z</time>
    <src>GPSD tag="RMC"</src>
    <fix>3d</fix>
    <sat>9</sat>
    <hdop>1.0</hdop>
    <vdop>2.0</vdop>
    <pdop>2.2</pdop>
   </trkpt>
   <trkpt lat="-34.889128" lon="-56.148232">
    <ele>54.400000</ele>
    <time>2011-12-21T18:49:30.525Z</time>
    <src>GPSD tag="RMC"</src>
    <fix>3d</fix>
    <sat>9</sat>
    <hdop>1.0</hdop>
    <vdop>2.0</vdop>
    <pdop>2.2</pdop>
   </trkpt>
   <trkpt lat="-34.889130" lon="-56.148232">
    <ele>54.400000</ele>
    <time>2011-12-21T18:49:31.525Z</time>
    <src>GPSD tag="RMC"</src>
    <fix>3d</fix>
    <sat>9</sat>
    <hdop>1.0</hdop>
    <vdop>2.0</vdop>
    <pdop>2.2</pdop>
   </trkpt>
   <trkpt lat="-34.889130" lon="-56.148232">
    <ele>54.500000</ele>
    <time>2011-12-21T18:49:32.525Z</time>
    <src>GPSD tag="RMC"</src>
    <fix>3d</fix>
    <sat>9</sat>
    <hdop>1.0</hdop>
    <vdop>2.0</vdop>
    <pdop>2.2</pdop>
   </trkpt>
   <trkpt lat="-34.889130" lon="-56.148232">
    <ele>54.500000</ele>
    <time>2011-12-21T18:49:33.525Z</time>
    <src>GPSD tag="RMC"</src>
    <fix>3d</fix>
    <sat>9</sat>
    <hdop>1.0</hdop>
    <vdop>2.0</vdop>
    <pdop>2.2</pdop>
   </trkpt>
   <trkpt lat="-34.889130" lon="-56.148232">
    <ele>54.500000</ele>
    <time>2011-12-21T18:49:34.525Z</time>
    <src>GPSD tag="RMC"</src>
    <fix>3d</fix>
    <sat>9</sat>
    <hdop>1.0</hdop>
    <vdop>2.0</vdop>
    <pdop>2.2</pdop>
   </trkpt>
   <trkpt lat="-34.889128" lon="-56.148232">
    <ele>54.500000</ele>
    <time>2011-12-21T18:49:35.525Z</time>
    <src>GPSD tag="RMC"</src>
    <fix>3d</fix>
    <sat>9</sat>
    <hdop>1.0</hdop>
    <vdop>2.0</vdop>
    <pdop>2.2</pdop>
   </trkpt>
   <trkpt lat="-34.889128" lon="-56.148233">
    <ele>54.500000</ele>
    <time>2011-12-21T18:49:36.525Z</time>
    <src>GPSD tag="RMC"</src>
    <fix>3d</fix>
    <sat>9</sat>
    <hdop>1.0</hdop>
    <vdop>2.0</vdop>
    <pdop>2.2</pdop>
   </trkpt>
   <trkpt lat="-34.889128" lon="-56.148233">
    <ele>54.500000</ele>
    <time>2011-12-21T18:49:37.525Z</time>
    <src>GPSD tag="RMC"</src>
    <fix>3d</fix>
    <sat>9</sat>
    <hdop>1.0</hdop>
    <vdop>2.0</vdop>
    <pdop>2.2</pdop>
   </trkpt>
   <trkpt lat="-34.889128" lon="-56.148233">
    <ele>54.500000</ele>
    <time>2011-12-21T18:49:38.525Z</time>
    <src>GPSD tag="RMC"</src>
    <fix>3d</fix>
    <sat>9</sat>
    <hdop>1.0</hdop>
    <vdop>2.0</vdop>
    <pdop>2.2</pdop>
   </trkpt>
   <trkpt lat="-34.889128" lon="-56.148233">
    <ele>54.500000</ele>
    <time>2011-12-21T18:49:39.525Z</time>
    <src>GPSD tag="RMC"</src>
    <fix>3d</fix>
    <sat>9</sat>
    <hdop>1.0</hdop>
    <vdop>2.0</vdop>
    <pdop>2.2</pdop>
   </trkpt>
   <trkpt lat="-34.889128" lon="-56.148233">
    <ele>54.500000</ele>
    <time>2011-12-21T18:49:40.525Z</time>
    <src>GPSD tag="RMC"</src>
    <fix>3d</fix>
    <sat>9</sat>
    <hdop>1.0</hdop>
    <vdop>2.0</vdop>
    <pdop>2.2</pdop>
   </trkpt>
   <trkpt lat="-34.889128" lon="-56.148233">
    <ele>54.500000</ele>
    <time>2011-12-21T18:49:41.525Z</time>
    <src>GPSD tag="RMC"</src>
    <fix>3d</fix>
    <sat>9</sat>
    <hdop>1.0</hdop>
    <vdop>2.0</vdop>
    <pdop>2.2</pdop>
   </trkpt>
   <trkpt lat="-34.889128" lon="-56.148232">
    <ele>54.500000</ele>
    <time>2011-12-21T18:49:42.525Z</time>
    <src>GPSD tag="RMC"</src>
    <fix>3d</fix>
    <sat>9</sat>
    <hdop>1.0</hdop>
    <vdop>2.0</vdop>
    <pdop>2.2</pdop>
   </trkpt>
   <trkpt lat="-34.889128" lon="-56.148232">
    <ele>54.500000</ele>
    <time>2011-12-21T18:49:43.525Z</time>
    <src>GPSD tag="RMC"</src>
    <fix>3d</fix>
    <sat>9</sat>
    <hdop>1.0</hdop>
    <vdop>2.0</vdop>
    <pdop>2.2</pdop>
   </trkpt>
   <trkpt lat="-34.889128" lon="-56.148232">
    <ele>54.400000</ele>
    <time>2011-12-21T18:49:44.525Z</time>
    <src>GPSD tag="RMC"</src>
    <fix>3d</fix>
    <sat>9</sat>
    <hdop>1.0</hdop>
    <vdop>2.0</vdop>
    <pdop>2.2</pdop>
   </trkpt>
   <trkpt lat="-34.889128" lon="-56.148232">
    <ele>54.400000</ele>
    <time>2011-12-21T18:49:45.525Z</time>
    <src>GPSD tag="RMC"</src>
    <fix>3d</fix>
    <sat>9</sat>
    <hdop>1.0</hdop>
    <vdop>2.0</vdop>
    <pdop>2.2</pdop>
   </trkpt>
   <trkpt lat="-34.889128" lon="-56.148232">
    <ele>54.400000</ele>
    <time>2011-12-21T18:49:46.525Z</time>
    <src>GPSD tag="RMC"</src>
    <fix>3d</fix>
    <sat>9</sat>
    <hdop>1.0</hdop>
    <vdop>2.0</vdop>
    <pdop>2.2</pdop>
   </trkpt>
   <trkpt lat="-34.889128" lon="-56.148232">
    <ele>54.400000</ele>
    <time>2011-12-21T18:49:47.525Z</time>
    <src>GPSD tag="RMC"</src>
    <fix>3d</fix>
    <sat>9</sat>
    <hdop>1.0</hdop>
    <vdop>2.0</vdop>
    <pdop>2.2</pdop>
   </trkpt>
   <trkpt lat="-34.889128" lon="-56.148232">
    <ele>54.400000</ele>
    <time>2011-12-21T18:49:48.525Z</time>
    <src>GPSD tag="RMC"</src>
    <fix>3d</fix>
    <sat>9</sat>
    <hdop>1.0</hdop>
    <vdop>2.0</vdop>
    <pdop>2.2</pdop>
   </trkpt>
   <trkpt lat="-34.889128" lon="-56.148232">
    <ele>54.400000</ele>
    <time>2011-12-21T18:49:49.525Z</time>
    <src>GPSD tag="RMC"</src>
    <fix>3d</fix>
    <sat>9</sat>
    <hdop>1.0</hdop>
    <vdop>2.0</vdop>
    <pdop>2.2</pdop>
   </trkpt>
   <trkpt lat="-34.889128" lon="-56.148232">
    <ele>54.400000</ele>
    <time>2011-12-21T18:49:50.525Z</time>
    <src>GPSD tag="RMC"</src>
    <fix>3d</fix>
    <sat>9</sat>
    <hdop>1.0</hdop>
    <vdop>2.0</vdop>
    <pdop>2.2</pdop>
   </trkpt>
   <trkpt lat="-34.889128" lon="-56.148232">
    <ele>54.400000</ele>
    <time>2011-12-21T18:49:51.525Z</time>
    <src>GPSD tag="RMC"</src>
    <fix>3d</fix>
    <sat>9</sat>
    <hdop>1.0</hdop>
    <vdop>2.0</vdop>
    <pdop>2.2</pdop>
   </trkpt>
   <trkpt lat="-34.889128" lon="-56.148232">
    <ele>54.400000</ele>
    <time>2011-12-21T18:49:52.525Z</time>
    <src>GPSD tag="RMC"</src>
    <fix>3d</fix>
    <sat>9</sat>
    <hdop>1.0</hdop>
    <vdop>2.0</vdop>
    <pdop>2.2</pdop>
   </trkpt>
   <trkpt lat="-34.889128" lon="-56.148232">
    <ele>54.400000</ele>
    <time>2011-12-21T18:49:53.525Z</time>
    <src>GPSD tag="RMC"</src>
    <fix>3d</fix>
    <sat>9</sat>
    <hdop>1.0</hdop>
    <vdop>2.0</vdop>
    <pdop>2.2</pdop>
   </trkpt>
   <trkpt lat="-34.889128" lon="-56.148232">
    <ele>54.400000</ele>
    <time>2011-12-21T18:49:54.525Z</time>
    <src>GPSD tag="RMC"</src>
    <fix>3d</fix>
    <sat>9</sat>
    <hdop>1.0</hdop>
    <vdop>2.0</vdop>
    <pdop>2.2</pdop>
   </trkpt>
   <trkpt lat="-34.889128" lon="-56.148232">
    <ele>54.400000</ele>
    <time>2011-12-21T18:49:55.525Z</time>
    <src>GPSD tag="RMC"</src>
    <fix>3d</fix>
    <sat>9</sat>
    <hdop>1.0</hdop>
    <vdop>2.0</vdop>
    <pdop>2.2</pdop>
   </trkpt>
   <trkpt lat="-34.889128" lon="-56.148232">
    <ele>54.400000</ele>
    <time>2011-12-21T18:49:56.525Z</time>
    <src>GPSD tag="RMC"</src>
    <fix>3d</fix>
    <sat>9</sat>
    <hdop>1.0</hdop>
    <vdop>2.0</vdop>
    <pdop>2.2</pdop>
   </trkpt>
   <trkpt lat="-34.889128" lon="-56.148232">
    <ele>54.400000</ele>
    <time>2011-12-21T18:49:57.525Z</time>
    <src>GPSD tag="RMC"</src>
    <fix>3d</fix>
    <sat>9</sat>
    <hdop>1.0</hdop>
    <vdop>2.0</vdop>
    <pdop>2.2</pdop>
   </trkpt>
   <trkpt lat="-34.889128" lon="-56.148232">
    <ele>54.400000</ele>
    <time>2011-12-21T18:49:58.525Z</time>
    <src>GPSD tag="RMC"</src>
    <fix>3d</fix>
    <sat>9</sat>
    <hdop>1.0</hdop>
    <vdop>2.0</vdop>
    <pdop>2.2</pdop>
   </trkpt>
   <trkpt lat="-34.889128" lon="-56.148232">
    <ele>54.400000</ele>
    <time>2011-12-21T18:49:59.525Z</time>
    <src>GPSD tag="RMC"</src>
    <fix>3d</fix>
    <sat>9</sat>
    <hdop>1.0</hdop>
    <vdop>2.0</vdop>
    <pdop>2.2</pdop>
   </trkpt>
   <trkpt lat="-34.889128" lon="-56.148232">
    <ele>54.500000</ele>
    <time>2011-12-21T18:50:00.525Z</time>
    <src>GPSD tag="RMC"</src>
    <fix>3d</fix>
    <sat>9</sat>
    <hdop>1.0</hdop>
    <vdop>2.0</vdop>
    <pdop>2.2</pdop>
   </trkpt>
   <trkpt lat="-34.889128" lon="-56.148232">
    <ele>54.500000</ele>
    <time>2011-12-21T18:50:01.525Z</time>
    <src>GPSD tag="RMC"</src>
    <fix>3d</fix>
    <sat>9</sat>
    <hdop>1.0</hdop>
    <vdop>2.0</vdop>
    <pdop>2.2</pdop>
   </trkpt>
   <trkpt lat="-34.889128" lon="-56.148232">
    <ele>54.500000</ele>
    <time>2011-12-21T18:50:02.525Z</time>
    <src>GPSD tag="RMC"</src>
    <fix>3d</fix>
    <sat>9</sat>
    <hdop>1.0</hdop>
    <vdop>2.0</vdop>
    <pdop>2.2</pdop>
   </trkpt>
   <trkpt lat="-34.889128" lon="-56.148232">
    <ele>54.500000</ele>
    <time>2011-12-21T18:50:03.525Z</time>
    <src>GPSD tag="RMC"</src>
    <fix>3d</fix>
    <sat>9</sat>
    <hdop>1.0</hdop>
    <vdop>2.0</vdop>
    <pdop>2.2</pdop>
   </trkpt>
   <trkpt lat="-34.889128" lon="-56.148232">
    <ele>54.500000</ele>
    <time>2011-12-21T18:50:04.525Z</time>
    <src>GPSD tag="RMC"</src>
    <fix>3d</fix>
    <sat>9</sat>
    <hdop>1.0</hdop>
    <vdop>2.0</vdop>
    <pdop>2.2</pdop>
   </trkpt>
   <trkpt lat="-34.889128" lon="-56.148232">
    <ele>54.500000</ele>
    <time>2011-12-21T18:50:05.525Z</time>
    <src>GPSD tag="RMC"</src>
    <fix>3d</fix>
    <sat>9</sat>
    <hdop>1.0</hdop>
    <vdop>2.0</vdop>
    <pdop>2.2</pdop>
   </trkpt>
   <trkpt lat="-34.889128" lon="-56.148232">
    <ele>54.400000</ele>
    <time>2011-12-21T18:50:06.525Z</time>
    <src>GPSD tag="RMC"</src>
    <fix>3d</fix>
    <sat>9</sat>
    <hdop>1.0</hdop>
    <vdop>2.0</vdop>
    <pdop>2.2</pdop>
   </trkpt>
   <trkpt lat="-34.889128" lon="-56.148232">
    <ele>54.400000</ele>
    <time>2011-12-21T18:50:07.525Z</time>
    <src>GPSD tag="RMC"</src>
    <fix>3d</fix>
    <sat>9</sat>
    <hdop>1.0</hdop>
    <vdop>2.0</vdop>
    <pdop>2.2</pdop>
   </trkpt>
   <trkpt lat="-34.889128" lon="-56.148232">
    <ele>54.400000</ele>
    <time>2011-12-21T18:50:08.525Z</time>
    <src>GPSD tag="RMC"</src>
    <fix>3d</fix>
    <sat>9</sat>
    <hdop>1.0</hdop>
    <vdop>2.0</vdop>
    <pdop>2.2</pdop>
   </trkpt>
   <trkpt lat="-34.889128" lon="-56.148230">
    <ele>54.400000</ele>
    <time>2011-12-21T18:50:09.525Z</time>
    <src>GPSD tag="RMC"</src>
    <fix>3d</fix>
    <sat>9</sat>
    <hdop>1.0</hdop>
    <vdop>2.0</vdop>
    <pdop>2.2</pdop>
   </trkpt>
   <trkpt lat="-34.889128" lon="-56.148230">
    <ele>54.400000</ele>
    <time>2011-12-21T18:50:10.525Z</time>
    <src>GPSD tag="RMC"</src>
    <fix>3d</fix>
    <sat>9</sat>
    <hdop>1.0</hdop>
    <vdop>2.0</vdop>
    <pdop>2.2</pdop>
   </trkpt>
   <trkpt lat="-34.889128" lon="-56.148230">
    <ele>54.400000</ele>
    <time>2011-12-21T18:50:11.525Z</time>
    <src>GPSD tag="RMC"</src>
    <fix>3d</fix>
    <sat>9</sat>
    <hdop>1.0</hdop>
    <vdop>2.0</vdop>
    <pdop>2.2</pdop>
   </trkpt>
   <trkpt lat="-34.889128" lon="-56.148230">
    <ele>54.400000</ele>
    <time>2011-12-21T18:50:12.525Z</time>
    <src>GPSD tag="RMC"</src>
    <fix>3d</fix>
    <sat>9</sat>
    <hdop>1.0</hdop>
    <vdop>2.0</vdop>
    <pdop>2.2</pdop>
   </trkpt>
   <trkpt lat="-34.889128" lon="-56.148230">
    <ele>54.400000</ele>
    <time>2011-12-21T18:50:13.525Z</time>
    <src>GPSD tag="RMC"</src>
    <fix>3d</fix>
    <sat>9</sat>
    <hdop>1.0</hdop>
    <vdop>2.0</vdop>
    <pdop>2.2</pdop>
   </trkpt>
   <trkpt lat="-34.889128" lon="-56.148230">
    <ele>54.400000</ele>
    <time>2011-12-21T18:50:14.525Z</time>
    <src>GPSD tag="RMC"</src>
    <fix>3d</fix>
    <sat>9</sat>
    <hdop>1.0</hdop>
    <vdop>2.0</vdop>
    <pdop>2.2</pdop>
   </trkpt>
   <trkpt lat="-34.889128" lon="-56.148230">
    <ele>54.400000</ele>
    <time>2011-12-21T18:50:15.525Z</time>
    <src>GPSD tag="RMC"</src>
    <fix>3d</fix>
    <sat>9</sat>
    <hdop>1.0</hdop>
    <vdop>1.9</vdop>
    <pdop>2.2</pdop>
   </trkpt>
   <trkpt lat="-34.889128" lon="-56.148230">
    <ele>54.400000</ele>
    <time>2011-12-21T18:50:16.525Z</time>
    <src>GPSD tag="RMC"</src>
    <fix>3d</fix>
    <sat>9</sat>
    <hdop>1.0</hdop>
    <vdop>1.9</vdop>
    <pdop>2.2</pdop>
   </trkpt>
   <trkpt lat="-34.889128" lon="-56.148230">
    <ele>54.400000</ele>
    <time>2011-12-21T18:50:17.525Z</time>
    <src>GPSD tag="RMC"</src>
    <fix>3d</fix>
    <sat>9</sat>
    <hdop>1.0</hdop>
    <vdop>1.9</vdop>
    <pdop>2.2</pdop>
   </trkpt>
   <trkpt lat="-34.889128" lon="-56.148230">
    <ele>54.400000</ele>
    <time>2011-12-21T18:50:18.525Z</time>
    <src>GPSD tag="RMC"</src>
    <fix>3d</fix>
    <sat>9</sat>
    <hdop>1.0</hdop>
    <vdop>1.9</vdop>
    <pdop>2.2</pdop>
   </trkpt>
   <trkpt lat="-34.889128" lon="-56.148230">
    <ele>54.400000</ele>
    <time>2011-12-21T18:50:19.525Z</time>
    <src>GPSD tag="RMC"</src>
    <fix>3d</fix>
    <sat>9</sat>
    <hdop>1.0</hdop>
    <vdop>1.9</vdop>
    <pdop>2.2</pdop>
   </trkpt>
   <trkpt lat="-34.889128" lon="-56.148230">
    <ele>54.400000</ele>
    <time>2011-12-21T18:50:20.525Z</time>
    <src>GPSD tag="RMC"</src>
    <fix>3d</fix>
    <sat>9</sat>
    <hdop>1.0</hdop>
    <vdop>1.9</vdop>
    <pdop>2.2</pdop>
   </trkpt>
   <trkpt lat="-34.889128" lon="-56.148230">
    <ele>54.400000</ele>
    <time>2011-12-21T18:50:21.525Z</time>
    <src>GPSD tag="RMC"</src>
    <fix>3d</fix>
    <sat>9</sat>
    <hdop>1.0</hdop>
    <vdop>1.9</vdop>
    <pdop>2.2</pdop>
   </trkpt>
   <trkpt lat="-34.889128" lon="-56.148228">
    <ele>54.400000</ele>
    <time>2011-12-21T18:50:22.525Z</time>
    <src>GPSD tag="RMC"</src>
    <fix>3d</fix>
    <sat>9</sat>
    <hdop>1.0</hdop>
    <vdop>1.9</vdop>
    <pdop>2.2</pdop>
   </trkpt>
   <trkpt lat="-34.889128" lon="-56.148228">
    <ele>54.400000</ele>
    <time>2011-12-21T18:50:23.525Z</time>
    <src>GPSD tag="RMC"</src>
    <fix>3d</fix>
    <sat>9</sat>
    <hdop>1.0</hdop>
    <vdop>1.9</vdop>
    <pdop>2.2</pdop>
   </trkpt>
   <trkpt lat="-34.889128" lon="-56.148228">
    <ele>54.400000</ele>
    <time>2011-12-21T18:50:24.525Z</time>
    <src>GPSD tag="RMC"</src>
    <fix>3d</fix>
    <sat>9</sat>
    <hdop>1.0</hdop>
    <vdop>1.9</vdop>
    <pdop>2.2</pdop>
   </trkpt>
   <trkpt lat="-34.889128" lon="-56.148228">
    <ele>54.400000</ele>
    <time>2011-12-21T18:50:25.525Z</time>
    <src>GPSD tag="RMC"</src>
    <fix>3d</fix>
    <sat>9</sat>
    <hdop>1.0</hdop>
    <vdop>1.9</vdop>
    <pdop>2.2</pdop>
   </trkpt>
   <trkpt lat="-34.889128" lon="-56.148228">
    <ele>54.300000</ele>
    <time>2011-12-21T18:50:26.525Z</time>
    <src>GPSD tag="RMC"</src>
    <fix>3d</fix>
    <sat>9</sat>
    <hdop>1.0</hdop>
    <vdop>1.9</vdop>
    <pdop>2.2</pdop>
   </trkpt>
   <trkpt lat="-34.889128" lon="-56.148228">
    <ele>54.300000</ele>
    <time>2011-12-21T18:50:27.525Z</time>
    <src>GPSD tag="RMC"</src>
    <fix>3d</fix>
    <sat>9</sat>
    <hdop>1.0</hdop>
    <vdop>1.9</vdop>
    <pdop>2.2</pdop>
   </trkpt>
   <trkpt lat="-34.889128" lon="-56.148228">
    <ele>54.300000</ele>
    <time>2011-12-21T18:50:28.525Z</time>
    <src>GPSD tag="RMC"</src>
    <fix>3d</fix>
    <sat>9</sat>
    <hdop>1.0</hdop>
    <vdop>1.9</vdop>
    <pdop>2.2</pdop>
   </trkpt>
   <trkpt lat="-34.889128" lon="-56.148228">
    <ele>54.300000</ele>
    <time>2011-12-21T18:50:29.525Z</time>
    <src>GPSD tag="RMC"</src>
    <fix>3d</fix>
    <sat>9</sat>
    <hdop>1.0</hdop>
    <vdop>1.9</vdop>
    <pdop>2.2</pdop>
   </trkpt>
   <trkpt lat="-34.889128" lon="-56.148228">
    <ele>54.300000</ele>
    <time>2011-12-21T18:50:30.525Z</time>
    <src>GPSD tag="RMC"</src>
    <fix>3d</fix>
    <sat>9</sat>
    <hdop>1.0</hdop>
    <vdop>1.9</vdop>
    <pdop>2.2</pdop>
   </trkpt>
   <trkpt lat="-34.889128" lon="-56.148228">
    <ele>54.300000</ele>
    <time>2011-12-21T18:50:31.525Z</time>
    <src>GPSD tag="RMC"</src>
    <fix>3d</fix>
    <sat>9</sat>
    <hdop>1.0</hdop>
    <vdop>1.9</vdop>
    <pdop>2.2</pdop>
   </trkpt>
   <trkpt lat="-34.889128" lon="-56.148227">
    <ele>54.300000</ele>
    <time>2011-12-21T18:50:32.525Z</time>
    <src>GPSD tag="RMC"</src>
    <fix>3d</fix>
    <sat>9</sat>
    <hdop>1.0</hdop>
    <vdop>1.9</vdop>
    <pdop>2.2</pdop>
   </trkpt>
   <trkpt lat="-34.889128" lon="-56.148227">
    <ele>54.300000</ele>
    <time>2011-12-21T18:50:33.525Z</time>
    <src>GPSD tag="RMC"</src>
    <fix>3d</fix>
    <sat>9</sat>
    <hdop>1.0</hdop>
    <vdop>1.9</vdop>
    <pdop>2.2</pdop>
   </trkpt>
   <trkpt lat="-34.889128" lon="-56.148227">
    <ele>54.300000</ele>
    <time>2011-12-21T18:50:34.525Z</time>
    <src>GPSD tag="RMC"</src>
    <fix>3d</fix>
    <sat>9</sat>
    <hdop>1.0</hdop>
    <vdop>1.9</vdop>
    <pdop>2.2</pdop>
   </trkpt>
   <trkpt lat="-34.889128" lon="-56.148227">
    <ele>54.300000</ele>
    <time>2011-12-21T18:50:35.525Z</time>
    <src>GPSD tag="RMC"</src>
    <fix>3d</fix>
    <sat>9</sat>
    <hdop>1.0</hdop>
    <vdop>1.9</vdop>
    <pdop>2.2</pdop>
   </trkpt>
   <trkpt lat="-34.889128" lon="-56.148227">
    <ele>54.300000</ele>
    <time>2011-12-21T18:50:36.525Z</time>
    <src>GPSD tag="RMC"</src>
    <fix>3d</fix>
    <sat>9</sat>
    <hdop>1.0</hdop>
    <vdop>1.9</vdop>
    <pdop>2.2</pdop>
   </trkpt>
   <trkpt lat="-34.889128" lon="-56.148227">
    <ele>54.300000</ele>
    <time>2011-12-21T18:50:37.525Z</time>
    <src>GPSD tag="RMC"</src>
    <fix>3d</fix>
    <sat>9</sat>
    <hdop>1.0</hdop>
    <vdop>1.9</vdop>
    <pdop>2.2</pdop>
   </trkpt>
   <trkpt lat="-34.889128" lon="-56.148227">
    <ele>54.300000</ele>
    <time>2011-12-21T18:50:38.525Z</time>
    <src>GPSD tag="RMC"</src>
    <fix>3d</fix>
    <sat>9</sat>
    <hdop>1.0</hdop>
    <vdop>1.9</vdop>
    <pdop>2.2</pdop>
   </trkpt>
   <trkpt lat="-34.889128" lon="-56.148227">
    <ele>54.300000</ele>
    <time>2011-12-21T18:50:39.525Z</time>
    <src>GPSD tag="RMC"</src>
    <fix>3d</fix>
    <sat>9</sat>
    <hdop>1.0</hdop>
    <vdop>1.9</vdop>
    <pdop>2.2</pdop>
   </trkpt>
   <trkpt lat="-34.889128" lon="-56.148227">
    <ele>54.300000</ele>
    <time>2011-12-21T18:50:40.525Z</time>
    <src>GPSD tag="RMC"</src>
    <fix>3d</fix>
    <sat>9</sat>
    <hdop>1.0</hdop>
    <vdop>1.9</vdop>
    <pdop>2.2</pdop>
   </trkpt>
   <trkpt lat="-34.889128" lon="-56.148227">
    <ele>54.300000</ele>
    <time>2011-12-21T18:50:41.525Z</time>
    <src>GPSD tag="RMC"</src>
    <fix>3d</fix>
    <sat>9</sat>
    <hdop>1.0</hdop>
    <vdop>1.9</vdop>
    <pdop>2.2</pdop>
   </trkpt>
   <trkpt lat="-34.889128" lon="-56.148227">
    <ele>54.300000</ele>
    <time>2011-12-21T18:50:42.525Z</time>
    <src>GPSD tag="RMC"</src>
    <fix>3d</fix>
    <sat>9</sat>
    <hdop>1.0</hdop>
    <vdop>1.9</vdop>
    <pdop>2.2</pdop>
   </trkpt>
   <trkpt lat="-34.889128" lon="-56.148227">
    <ele>54.300000</ele>
    <time>2011-12-21T18:50:43.525Z</time>
    <src>GPSD tag="RMC"</src>
    <fix>3d</fix>
    <sat>9</sat>
    <hdop>1.0</hdop>
    <vdop>1.9</vdop>
    <pdop>2.2</pdop>
   </trkpt>
   <trkpt lat="-34.889128" lon="-56.148227">
    <ele>54.300000</ele>
    <time>2011-12-21T18:50:44.525Z</time>
    <src>GPSD tag="RMC"</src>
    <fix>3d</fix>
    <sat>9</sat>
    <hdop>1.0</hdop>
    <vdop>1.9</vdop>
    <pdop>2.2</pdop>
   </trkpt>
   <trkpt lat="-34.889128" lon="-56.148227">
    <ele>54.400000</ele>
    <time>2011-12-21T18:50:45.525Z</time>
    <src>GPSD tag="RMC"</src>
    <fix>3d</fix>
    <sat>9</sat>
    <hdop>1.0</hdop>
    <vdop>1.9</vdop>
    <pdop>2.2</pdop>
   </trkpt>
   <trkpt lat="-34.889128" lon="-56.148227">
    <ele>54.400000</ele>
    <time>2011-12-21T18:50:46.525Z</time>
    <src>GPSD tag="RMC"</src>
    <fix>3d</fix>
    <sat>9</sat>
    <hdop>1.0</hdop>
    <vdop>1.9</vdop>
    <pdop>2.2</pdop>
   </trkpt>
   <trkpt lat="-34.889128" lon="-56.148227">
    <ele>54.400000</ele>
    <time>2011-12-21T18:50:47.525Z</time>
    <src>GPSD tag="RMC"</src>
    <fix>3d</fix>
    <sat>9</sat>
    <hdop>1.0</hdop>
    <vdop>1.9</vdop>
    <pdop>2.2</pdop>
   </trkpt>
   <trkpt lat="-34.889128" lon="-56.148227">
    <ele>54.400000</ele>
    <time>2011-12-21T18:50:48.525Z</time>
    <src>GPSD tag="RMC"</src>
    <fix>3d</fix>
    <sat>9</sat>
    <hdop>1.0</hdop>
    <vdop>1.9</vdop>
    <pdop>2.2</pdop>
   </trkpt>
   <trkpt lat="-34.889128" lon="-56.148227">
    <ele>54.400000</ele>
    <time>2011-12-21T18:50:49.525Z</time>
    <src>GPSD tag="RMC"</src>
    <fix>3d</fix>
    <sat>9</sat>
    <hdop>1.0</hdop>
    <vdop>1.9</vdop>
    <pdop>2.2</pdop>
   </trkpt>
   <trkpt lat="-34.889128" lon="-56.148227">
    <ele>54.400000</ele>
    <time>2011-12-21T18:50:50.525Z</time>
    <src>GPSD tag="RMC"</src>
    <fix>3d</fix>
    <sat>9</sat>
    <hdop>1.0</hdop>
    <vdop>1.9</vdop>
    <pdop>2.2</pdop>
   </trkpt>
   <trkpt lat="-34.889128" lon="-56.148225">
    <ele>54.400000</ele>
    <time>2011-12-21T18:50:51.525Z</time>
    <src>GPSD tag="RMC"</src>
    <fix>3d</fix>
    <sat>9</sat>
    <hdop>1.0</hdop>
    <vdop>1.9</vdop>
    <pdop>2.2</pdop>
   </trkpt>
   <trkpt lat="-34.889128" lon="-56.148225">
    <ele>54.400000</ele>
    <time>2011-12-21T18:50:52.525Z</time>
    <src>GPSD tag="RMC"</src>
    <fix>3d</fix>
    <sat>9</sat>
    <hdop>1.0</hdop>
    <vdop>1.9</vdop>
    <pdop>2.2</pdop>
   </trkpt>
   <trkpt lat="-34.889128" lon="-56.148225">
    <ele>54.400000</ele>
    <time>2011-12-21T18:50:53.525Z</time>
    <src>GPSD tag="RMC"</src>
    <fix>3d</fix>
    <sat>9</sat>
    <hdop>1.0</hdop>
    <vdop>1.9</vdop>
    <pdop>2.2</pdop>
   </trkpt>
   <trkpt lat="-34.889127" lon="-56.148225">
    <ele>54.400000</ele>
    <time>2011-12-21T18:50:54.525Z</time>
    <src>GPSD tag="RMC"</src>
    <fix>3d</fix>
    <sat>9</sat>
    <hdop>1.0</hdop>
    <vdop>1.9</vdop>
    <pdop>2.2</pdop>
   </trkpt>
   <trkpt lat="-34.889127" lon="-56.148225">
    <ele>54.400000</ele>
    <time>2011-12-21T18:50:55.525Z</time>
    <src>GPSD tag="RMC"</src>
    <fix>3d</fix>
    <sat>9</sat>
    <hdop>1.0</hdop>
    <vdop>1.9</vdop>
    <pdop>2.2</pdop>
   </trkpt>
   <trkpt lat="-34.889127" lon="-56.148225">
    <ele>54.400000</ele>
    <time>2011-12-21T18:50:56.525Z</time>
    <src>GPSD tag="RMC"</src>
    <fix>3d</fix>
    <sat>9</sat>
    <hdop>1.0</hdop>
    <vdop>1.9</vdop>
    <pdop>2.2</pdop>
   </trkpt>
  </trkseg>
 </trk>
</gpx>
