<?xml version="1.0" encoding="utf-8"?>
<gpx version="1.1" creator="GPSD 3.4~dev - http://catb.org/gpsd"
        xmlns:xsi="http://www.w3.org/2001/XMLSchema-instance"
        xmlns="http://www.topografix.com/GPX/1/1"
        xsi:schemaLocation="http://www.topografix.com/GPX/1/1
        http://www.topografix.com/GPX/1/1/gpx.xsd">
 <metadata>
  <time>2011-12-21T19:13:49.000Z</time>
 </metadata>
 <trk>
  <src>GPSD 3.4~dev</src>
  <trkseg>
   <trkpt lat="-34.889112" lon="-56.148248">
    <ele>53.700000</ele>
    <time>2011-12-21T19:13:49.527Z</time>
    <src>GPSD tag="RMC"</src>
    <fix>3d</fix>
   </trkpt>
   <trkpt lat="-34.889112" lon="-56.148248">
    <ele>53.700000</ele>
    <time>2011-12-21T19:13:50.527Z</time>
    <src>GPSD tag="RMC"</src>
    <fix>3d</fix>
   </trkpt>
   <trkpt lat="-34.889112" lon="-56.148248">
    <ele>53.700000</ele>
    <time>2011-12-21T19:13:51.527Z</time>
    <src>GPSD tag="RMC"</src>
    <fix>3d</fix>
    <sat>11</sat>
    <hdop>0.8</hdop>
    <vdop>1.2</vdop>
    <pdop>1.5</pdop>
   </trkpt>
   <trkpt lat="-34.889112" lon="-56.148248">
    <ele>53.700000</ele>
    <time>2011-12-21T19:13:52.527Z</time>
    <src>GPSD tag="RMC"</src>
    <fix>3d</fix>
    <sat>11</sat>
    <hdop>0.8</hdop>
    <vdop>1.2</vdop>
    <pdop>1.5</pdop>
   </trkpt>
   <trkpt lat="-34.889112" lon="-56.148248">
    <ele>53.700000</ele>
    <time>2011-12-21T19:13:53.527Z</time>
    <src>GPSD tag="RMC"</src>
    <fix>3d</fix>
    <sat>11</sat>
    <hdop>0.8</hdop>
    <vdop>1.2</vdop>
    <pdop>1.5</pdop>
   </trkpt>
   <trkpt lat="-34.889112" lon="-56.148248">
    <ele>53.700000</ele>
    <time>2011-12-21T19:13:54.527Z</time>
    <src>GPSD tag="RMC"</src>
    <fix>3d</fix>
    <sat>11</sat>
    <hdop>0.8</hdop>
    <vdop>1.2</vdop>
    <pdop>1.5</pdop>
   </trkpt>
   <trkpt lat="-34.889112" lon="-56.148248">
    <ele>53.700000</ele>
    <time>2011-12-21T19:13:55.527Z</time>
    <src>GPSD tag="RMC"</src>
    <fix>3d</fix>
    <sat>11</sat>
    <hdop>0.8</hdop>
    <vdop>1.2</vdop>
    <pdop>1.5</pdop>
   </trkpt>
   <trkpt lat="-34.889112" lon="-56.148248">
    <ele>53.700000</ele>
    <time>2011-12-21T19:13:56.527Z</time>
    <src>GPSD tag="RMC"</src>
    <fix>3d</fix>
    <sat>11</sat>
    <hdop>0.8</hdop>
    <vdop>1.2</vdop>
    <pdop>1.5</pdop>
   </trkpt>
   <trkpt lat="-34.889112" lon="-56.148248">
    <ele>53.700000</ele>
    <time>2011-12-21T19:13:57.527Z</time>
    <src>GPSD tag="RMC"</src>
    <fix>3d</fix>
    <sat>10</sat>
    <hdop>0.9</hdop>
    <vdop>1.6</vdop>
    <pdop>1.8</pdop>
   </trkpt>
   <trkpt lat="-34.889112" lon="-56.148248">
    <ele>53.700000</ele>
    <time>2011-12-21T19:13:58.527Z</time>
    <src>GPSD tag="RMC"</src>
    <fix>3d</fix>
    <sat>10</sat>
    <hdop>0.9</hdop>
    <vdop>1.6</vdop>
    <pdop>1.8</pdop>
   </trkpt>
   <trkpt lat="-34.889112" lon="-56.148250">
    <ele>53.700000</ele>
    <time>2011-12-21T19:13:59.527Z</time>
    <src>GPSD tag="RMC"</src>
    <fix>3d</fix>
    <sat>10</sat>
    <hdop>0.9</hdop>
    <vdop>1.6</vdop>
    <pdop>1.8</pdop>
   </trkpt>
   <trkpt lat="-34.889112" lon="-56.148250">
    <ele>53.700000</ele>
    <time>2011-12-21T19:14:00.527Z</time>
    <src>GPSD tag="RMC"</src>
    <fix>3d</fix>
    <sat>11</sat>
    <hdop>0.8</hdop>
    <vdop>1.2</vdop>
    <pdop>1.4</pdop>
   </trkpt>
   <trkpt lat="-34.889112" lon="-56.148250">
    <ele>53.700000</ele>
    <time>2011-12-21T19:14:01.527Z</time>
    <src>GPSD tag="RMC"</src>
    <fix>3d</fix>
    <sat>11</sat>
    <hdop>0.8</hdop>
    <vdop>1.2</vdop>
    <pdop>1.4</pdop>
   </trkpt>
   <trkpt lat="-34.889112" lon="-56.148250">
    <ele>53.700000</ele>
    <time>2011-12-21T19:14:02.527Z</time>
    <src>GPSD tag="RMC"</src>
    <fix>3d</fix>
    <sat>11</sat>
    <hdop>0.8</hdop>
    <vdop>1.2</vdop>
    <pdop>1.4</pdop>
   </trkpt>
   <trkpt lat="-34.889112" lon="-56.148250">
    <ele>53.700000</ele>
    <time>2011-12-21T19:14:03.527Z</time>
    <src>GPSD tag="RMC"</src>
    <fix>3d</fix>
    <sat>11</sat>
    <hdop>0.8</hdop>
    <vdop>1.2</vdop>
    <pdop>1.4</pdop>
   </trkpt>
   <trkpt lat="-34.889112" lon="-56.148250">
    <ele>53.700000</ele>
    <time>2011-12-21T19:14:04.527Z</time>
    <src>GPSD tag="RMC"</src>
    <fix>3d</fix>
    <sat>11</sat>
    <hdop>0.8</hdop>
    <vdop>1.2</vdop>
    <pdop>1.4</pdop>
   </trkpt>
   <trkpt lat="-34.889112" lon="-56.148250">
    <ele>53.700000</ele>
    <time>2011-12-21T19:14:05.527Z</time>
    <src>GPSD tag="RMC"</src>
    <fix>3d</fix>
    <sat>11</sat>
    <hdop>0.8</hdop>
    <vdop>1.2</vdop>
    <pdop>1.4</pdop>
   </trkpt>
   <trkpt lat="-34.889112" lon="-56.148250">
    <ele>53.700000</ele>
    <time>2011-12-21T19:14:06.527Z</time>
    <src>GPSD tag="RMC"</src>
    <fix>3d</fix>
    <sat>11</sat>
    <hdop>0.8</hdop>
    <vdop>1.2</vdop>
    <pdop>1.4</pdop>
   </trkpt>
   <trkpt lat="-34.889112" lon="-56.148250">
    <ele>53.700000</ele>
    <time>2011-12-21T19:14:07.527Z</time>
    <src>GPSD tag="RMC"</src>
    <fix>3d</fix>
    <sat>11</sat>
    <hdop>0.8</hdop>
    <vdop>1.2</vdop>
    <pdop>1.4</pdop>
   </trkpt>
   <trkpt lat="-34.889112" lon="-56.148250">
    <ele>53.700000</ele>
    <time>2011-12-21T19:14:08.527Z</time>
    <src>GPSD tag="RMC"</src>
    <fix>3d</fix>
    <sat>11</sat>
    <hdop>0.8</hdop>
    <vdop>1.2</vdop>
    <pdop>1.4</pdop>
   </trkpt>
   <trkpt lat="-34.889112" lon="-56.148250">
    <ele>53.700000</ele>
    <time>2011-12-21T19:14:09.527Z</time>
    <src>GPSD tag="RMC"</src>
    <fix>3d</fix>
    <sat>11</sat>
    <hdop>0.8</hdop>
    <vdop>1.2</vdop>
    <pdop>1.4</pdop>
   </trkpt>
   <trkpt lat="-34.889112" lon="-56.148250">
    <ele>53.700000</ele>
    <time>2011-12-21T19:14:10.527Z</time>
    <src>GPSD tag="RMC"</src>
    <fix>3d</fix>
    <sat>11</sat>
    <hdop>0.8</hdop>
    <vdop>1.2</vdop>
    <pdop>1.4</pdop>
   </trkpt>
   <trkpt lat="-34.889112" lon="-56.148250">
    <ele>53.700000</ele>
    <time>2011-12-21T19:14:11.527Z</time>
    <src>GPSD tag="RMC"</src>
    <fix>3d</fix>
    <sat>11</sat>
    <hdop>0.8</hdop>
    <vdop>1.2</vdop>
    <pdop>1.4</pdop>
   </trkpt>
   <trkpt lat="-34.889112" lon="-56.148250">
    <ele>53.700000</ele>
    <time>2011-12-21T19:14:12.527Z</time>
    <src>GPSD tag="RMC"</src>
    <fix>3d</fix>
    <sat>11</sat>
    <hdop>0.8</hdop>
    <vdop>1.2</vdop>
    <pdop>1.4</pdop>
   </trkpt>
   <trkpt lat="-34.889112" lon="-56.148250">
    <ele>53.700000</ele>
    <time>2011-12-21T19:14:13.527Z</time>
    <src>GPSD tag="RMC"</src>
    <fix>3d</fix>
    <sat>11</sat>
    <hdop>0.8</hdop>
    <vdop>1.2</vdop>
    <pdop>1.4</pdop>
   </trkpt>
   <trkpt lat="-34.889112" lon="-56.148250">
    <ele>53.800000</ele>
    <time>2011-12-21T19:14:14.527Z</time>
    <src>GPSD tag="RMC"</src>
    <fix>3d</fix>
    <sat>11</sat>
    <hdop>0.8</hdop>
    <vdop>1.2</vdop>
    <pdop>1.4</pdop>
   </trkpt>
   <trkpt lat="-34.889112" lon="-56.148250">
    <ele>53.800000</ele>
    <time>2011-12-21T19:14:15.527Z</time>
    <src>GPSD tag="RMC"</src>
    <fix>3d</fix>
    <sat>11</sat>
    <hdop>0.8</hdop>
    <vdop>1.2</vdop>
    <pdop>1.4</pdop>
   </trkpt>
   <trkpt lat="-34.889110" lon="-56.148250">
    <ele>53.800000</ele>
    <time>2011-12-21T19:14:16.527Z</time>
    <src>GPSD tag="RMC"</src>
    <fix>3d</fix>
    <sat>11</sat>
    <hdop>0.8</hdop>
    <vdop>1.2</vdop>
    <pdop>1.4</pdop>
   </trkpt>
   <trkpt lat="-34.889110" lon="-56.148250">
    <ele>53.800000</ele>
    <time>2011-12-21T19:14:17.527Z</time>
    <src>GPSD tag="RMC"</src>
    <fix>3d</fix>
    <sat>11</sat>
    <hdop>0.8</hdop>
    <vdop>1.2</vdop>
    <pdop>1.4</pdop>
   </trkpt>
   <trkpt lat="-34.889110" lon="-56.148250">
    <ele>53.800000</ele>
    <time>2011-12-21T19:14:18.527Z</time>
    <src>GPSD tag="RMC"</src>
    <fix>3d</fix>
    <sat>11</sat>
    <hdop>0.8</hdop>
    <vdop>1.2</vdop>
    <pdop>1.4</pdop>
   </trkpt>
   <trkpt lat="-34.889110" lon="-56.148250">
    <ele>53.800000</ele>
    <time>2011-12-21T19:14:19.527Z</time>
    <src>GPSD tag="RMC"</src>
    <fix>3d</fix>
    <sat>11</sat>
    <hdop>0.8</hdop>
    <vdop>1.2</vdop>
    <pdop>1.4</pdop>
   </trkpt>
   <trkpt lat="-34.889110" lon="-56.148250">
    <ele>53.700000</ele>
    <time>2011-12-21T19:14:20.527Z</time>
    <src>GPSD tag="RMC"</src>
    <fix>3d</fix>
    <sat>11</sat>
    <hdop>0.8</hdop>
    <vdop>1.2</vdop>
    <pdop>1.4</pdop>
   </trkpt>
   <trkpt lat="-34.889110" lon="-56.148250">
    <ele>53.700000</ele>
    <time>2011-12-21T19:14:21.527Z</time>
    <src>GPSD tag="RMC"</src>
    <fix>3d</fix>
    <sat>11</sat>
    <hdop>0.8</hdop>
    <vdop>1.2</vdop>
    <pdop>1.4</pdop>
   </trkpt>
   <trkpt lat="-34.889110" lon="-56.148250">
    <ele>53.700000</ele>
    <time>2011-12-21T19:14:22.527Z</time>
    <src>GPSD tag="RMC"</src>
    <fix>3d</fix>
    <sat>11</sat>
    <hdop>0.8</hdop>
    <vdop>1.2</vdop>
    <pdop>1.4</pdop>
   </trkpt>
   <trkpt lat="-34.889110" lon="-56.148250">
    <ele>53.700000</ele>
    <time>2011-12-21T19:14:23.527Z</time>
    <src>GPSD tag="RMC"</src>
    <fix>3d</fix>
    <sat>11</sat>
    <hdop>0.8</hdop>
    <vdop>1.2</vdop>
    <pdop>1.4</pdop>
   </trkpt>
   <trkpt lat="-34.889110" lon="-56.148250">
    <ele>53.700000</ele>
    <time>2011-12-21T19:14:24.527Z</time>
    <src>GPSD tag="RMC"</src>
    <fix>3d</fix>
    <sat>11</sat>
    <hdop>0.8</hdop>
    <vdop>1.2</vdop>
    <pdop>1.4</pdop>
   </trkpt>
   <trkpt lat="-34.889110" lon="-56.148250">
    <ele>53.700000</ele>
    <time>2011-12-21T19:14:25.527Z</time>
    <src>GPSD tag="RMC"</src>
    <fix>3d</fix>
    <sat>11</sat>
    <hdop>0.8</hdop>
    <vdop>1.2</vdop>
    <pdop>1.4</pdop>
   </trkpt>
   <trkpt lat="-34.889110" lon="-56.148248">
    <ele>53.700000</ele>
    <time>2011-12-21T19:14:26.527Z</time>
    <src>GPSD tag="RMC"</src>
    <fix>3d</fix>
    <sat>11</sat>
    <hdop>0.8</hdop>
    <vdop>1.2</vdop>
    <pdop>1.4</pdop>
   </trkpt>
   <trkpt lat="-34.889110" lon="-56.148248">
    <ele>53.700000</ele>
    <time>2011-12-21T19:14:27.527Z</time>
    <src>GPSD tag="RMC"</src>
    <fix>3d</fix>
    <sat>11</sat>
    <hdop>0.8</hdop>
    <vdop>1.2</vdop>
    <pdop>1.4</pdop>
   </trkpt>
   <trkpt lat="-34.889110" lon="-56.148248">
    <ele>53.700000</ele>
    <time>2011-12-21T19:14:28.527Z</time>
    <src>GPSD tag="RMC"</src>
    <fix>3d</fix>
    <sat>11</sat>
    <hdop>0.8</hdop>
    <vdop>1.2</vdop>
    <pdop>1.4</pdop>
   </trkpt>
   <trkpt lat="-34.889110" lon="-56.148248">
    <ele>53.700000</ele>
    <time>2011-12-21T19:14:29.527Z</time>
    <src>GPSD tag="RMC"</src>
    <fix>3d</fix>
    <sat>11</sat>
    <hdop>0.8</hdop>
    <vdop>1.2</vdop>
    <pdop>1.4</pdop>
   </trkpt>
   <trkpt lat="-34.889110" lon="-56.148248">
    <ele>53.700000</ele>
    <time>2011-12-21T19:14:30.527Z</time>
    <src>GPSD tag="RMC"</src>
    <fix>3d</fix>
    <sat>11</sat>
    <hdop>0.8</hdop>
    <vdop>1.2</vdop>
    <pdop>1.4</pdop>
   </trkpt>
   <trkpt lat="-34.889110" lon="-56.148248">
    <ele>53.700000</ele>
    <time>2011-12-21T19:14:31.527Z</time>
    <src>GPSD tag="RMC"</src>
    <fix>3d</fix>
    <sat>11</sat>
    <hdop>0.8</hdop>
    <vdop>1.2</vdop>
    <pdop>1.4</pdop>
   </trkpt>
   <trkpt lat="-34.889110" lon="-56.148248">
    <ele>53.700000</ele>
    <time>2011-12-21T19:14:32.527Z</time>
    <src>GPSD tag="RMC"</src>
    <fix>3d</fix>
    <sat>11</sat>
    <hdop>0.8</hdop>
    <vdop>1.2</vdop>
    <pdop>1.4</pdop>
   </trkpt>
   <trkpt lat="-34.889110" lon="-56.148247">
    <ele>53.700000</ele>
    <time>2011-12-21T19:14:33.527Z</time>
    <src>GPSD tag="RMC"</src>
    <fix>3d</fix>
    <sat>10</sat>
    <hdop>0.9</hdop>
    <vdop>1.5</vdop>
    <pdop>1.8</pdop>
   </trkpt>
   <trkpt lat="-34.889110" lon="-56.148247">
    <ele>53.600000</ele>
    <time>2011-12-21T19:14:34.527Z</time>
    <src>GPSD tag="RMC"</src>
    <fix>3d</fix>
    <sat>10</sat>
    <hdop>0.9</hdop>
    <vdop>1.5</vdop>
    <pdop>1.8</pdop>
   </trkpt>
   <trkpt lat="-34.889110" lon="-56.148247">
    <ele>53.600000</ele>
    <time>2011-12-21T19:14:35.527Z</time>
    <src>GPSD tag="RMC"</src>
    <fix>3d</fix>
    <sat>10</sat>
    <hdop>0.9</hdop>
    <vdop>1.5</vdop>
    <pdop>1.8</pdop>
   </trkpt>
   <trkpt lat="-34.889110" lon="-56.148247">
    <ele>53.600000</ele>
    <time>2011-12-21T19:14:36.527Z</time>
    <src>GPSD tag="RMC"</src>
    <fix>3d</fix>
    <sat>11</sat>
    <hdop>0.8</hdop>
    <vdop>1.2</vdop>
    <pdop>1.4</pdop>
   </trkpt>
   <trkpt lat="-34.889110" lon="-56.148245">
    <ele>53.600000</ele>
    <time>2011-12-21T19:14:37.527Z</time>
    <src>GPSD tag="RMC"</src>
    <fix>3d</fix>
    <sat>11</sat>
    <hdop>0.8</hdop>
    <vdop>1.2</vdop>
    <pdop>1.4</pdop>
   </trkpt>
   <trkpt lat="-34.889110" lon="-56.148245">
    <ele>53.600000</ele>
    <time>2011-12-21T19:14:38.527Z</time>
    <src>GPSD tag="RMC"</src>
    <fix>3d</fix>
    <sat>11</sat>
    <hdop>0.8</hdop>
    <vdop>1.2</vdop>
    <pdop>1.4</pdop>
   </trkpt>
   <trkpt lat="-34.889110" lon="-56.148245">
    <ele>53.600000</ele>
    <time>2011-12-21T19:14:39.527Z</time>
    <src>GPSD tag="RMC"</src>
    <fix>3d</fix>
    <sat>11</sat>
    <hdop>0.8</hdop>
    <vdop>1.2</vdop>
    <pdop>1.4</pdop>
   </trkpt>
   <trkpt lat="-34.889110" lon="-56.148245">
    <ele>53.700000</ele>
    <time>2011-12-21T19:14:40.527Z</time>
    <src>GPSD tag="RMC"</src>
    <fix>3d</fix>
    <sat>11</sat>
    <hdop>0.8</hdop>
    <vdop>1.2</vdop>
    <pdop>1.4</pdop>
   </trkpt>
   <trkpt lat="-34.889110" lon="-56.148243">
    <ele>53.700000</ele>
    <time>2011-12-21T19:14:41.527Z</time>
    <src>GPSD tag="RMC"</src>
    <fix>3d</fix>
    <sat>11</sat>
    <hdop>0.8</hdop>
    <vdop>1.2</vdop>
    <pdop>1.4</pdop>
   </trkpt>
   <trkpt lat="-34.889110" lon="-56.148243">
    <ele>53.700000</ele>
    <time>2011-12-21T19:14:42.527Z</time>
    <src>GPSD tag="RMC"</src>
    <fix>3d</fix>
    <sat>11</sat>
    <hdop>0.8</hdop>
    <vdop>1.2</vdop>
    <pdop>1.4</pdop>
   </trkpt>
   <trkpt lat="-34.889110" lon="-56.148243">
    <ele>53.800000</ele>
    <time>2011-12-21T19:14:43.527Z</time>
    <src>GPSD tag="RMC"</src>
    <fix>3d</fix>
    <sat>11</sat>
    <hdop>0.8</hdop>
    <vdop>1.2</vdop>
    <pdop>1.4</pdop>
   </trkpt>
   <trkpt lat="-34.889110" lon="-56.148243">
    <ele>53.800000</ele>
    <time>2011-12-21T19:14:44.527Z</time>
    <src>GPSD tag="RMC"</src>
    <fix>3d</fix>
    <sat>11</sat>
    <hdop>0.8</hdop>
    <vdop>1.2</vdop>
    <pdop>1.4</pdop>
   </trkpt>
   <trkpt lat="-34.889110" lon="-56.148243">
    <ele>53.800000</ele>
    <time>2011-12-21T19:14:45.527Z</time>
    <src>GPSD tag="RMC"</src>
    <fix>3d</fix>
    <sat>10</sat>
    <hdop>0.9</hdop>
    <vdop>1.5</vdop>
    <pdop>1.8</pdop>
   </trkpt>
   <trkpt lat="-34.889110" lon="-56.148242">
    <ele>53.900000</ele>
    <time>2011-12-21T19:14:46.527Z</time>
    <src>GPSD tag="RMC"</src>
    <fix>3d</fix>
    <sat>10</sat>
    <hdop>0.9</hdop>
    <vdop>1.5</vdop>
    <pdop>1.8</pdop>
   </trkpt>
   <trkpt lat="-34.889110" lon="-56.148242">
    <ele>54.000000</ele>
    <time>2011-12-21T19:14:47.527Z</time>
    <src>GPSD tag="RMC"</src>
    <fix>3d</fix>
    <sat>10</sat>
    <hdop>0.9</hdop>
    <vdop>1.5</vdop>
    <pdop>1.8</pdop>
   </trkpt>
   <trkpt lat="-34.889110" lon="-56.148242">
    <ele>54.000000</ele>
    <time>2011-12-21T19:14:48.527Z</time>
    <src>GPSD tag="RMC"</src>
    <fix>3d</fix>
    <sat>10</sat>
    <hdop>0.9</hdop>
    <vdop>1.5</vdop>
    <pdop>1.8</pdop>
   </trkpt>
   <trkpt lat="-34.889110" lon="-56.148242">
    <ele>54.100000</ele>
    <time>2011-12-21T19:14:49.527Z</time>
    <src>GPSD tag="RMC"</src>
    <fix>3d</fix>
    <sat>10</sat>
    <hdop>0.9</hdop>
    <vdop>1.5</vdop>
    <pdop>1.8</pdop>
   </trkpt>
   <trkpt lat="-34.889110" lon="-56.148242">
    <ele>54.100000</ele>
    <time>2011-12-21T19:14:50.527Z</time>
    <src>GPSD tag="RMC"</src>
    <fix>3d</fix>
    <sat>10</sat>
    <hdop>0.9</hdop>
    <vdop>1.5</vdop>
    <pdop>1.8</pdop>
   </trkpt>
   <trkpt lat="-34.889108" lon="-56.148242">
    <ele>54.100000</ele>
    <time>2011-12-21T19:14:51.527Z</time>
    <src>GPSD tag="RMC"</src>
    <fix>3d</fix>
    <sat>10</sat>
    <hdop>0.9</hdop>
    <vdop>1.5</vdop>
    <pdop>1.8</pdop>
   </trkpt>
   <trkpt lat="-34.889108" lon="-56.148240">
    <ele>54.100000</ele>
    <time>2011-12-21T19:14:52.527Z</time>
    <src>GPSD tag="RMC"</src>
    <fix>3d</fix>
    <sat>10</sat>
    <hdop>0.9</hdop>
    <vdop>1.5</vdop>
    <pdop>1.8</pdop>
   </trkpt>
   <trkpt lat="-34.889108" lon="-56.148240">
    <ele>54.100000</ele>
    <time>2011-12-21T19:14:53.527Z</time>
    <src>GPSD tag="RMC"</src>
    <fix>3d</fix>
    <sat>10</sat>
    <hdop>0.9</hdop>
    <vdop>1.5</vdop>
    <pdop>1.8</pdop>
   </trkpt>
   <trkpt lat="-34.889108" lon="-56.148240">
    <ele>54.100000</ele>
    <time>2011-12-21T19:14:54.527Z</time>
    <src>GPSD tag="RMC"</src>
    <fix>3d</fix>
    <sat>10</sat>
    <hdop>0.9</hdop>
    <vdop>1.5</vdop>
    <pdop>1.8</pdop>
   </trkpt>
   <trkpt lat="-34.889108" lon="-56.148240">
    <ele>54.100000</ele>
    <time>2011-12-21T19:14:55.527Z</time>
    <src>GPSD tag="RMC"</src>
    <fix>3d</fix>
    <sat>10</sat>
    <hdop>0.9</hdop>
    <vdop>1.5</vdop>
    <pdop>1.8</pdop>
   </trkpt>
   <trkpt lat="-34.889108" lon="-56.148240">
    <ele>54.100000</ele>
    <time>2011-12-21T19:14:56.527Z</time>
    <src>GPSD tag="RMC"</src>
    <fix>3d</fix>
    <sat>10</sat>
    <hdop>0.9</hdop>
    <vdop>1.5</vdop>
    <pdop>1.8</pdop>
   </trkpt>
   <trkpt lat="-34.889108" lon="-56.148238">
    <ele>54.100000</ele>
    <time>2011-12-21T19:14:57.527Z</time>
    <src>GPSD tag="RMC"</src>
    <fix>3d</fix>
    <sat>10</sat>
    <hdop>0.9</hdop>
    <vdop>1.5</vdop>
    <pdop>1.8</pdop>
   </trkpt>
   <trkpt lat="-34.889108" lon="-56.148238">
    <ele>54.100000</ele>
    <time>2011-12-21T19:14:58.527Z</time>
    <src>GPSD tag="RMC"</src>
    <fix>3d</fix>
    <sat>10</sat>
    <hdop>0.9</hdop>
    <vdop>1.5</vdop>
    <pdop>1.8</pdop>
   </trkpt>
   <trkpt lat="-34.889108" lon="-56.148238">
    <ele>54.100000</ele>
    <time>2011-12-21T19:14:59.527Z</time>
    <src>GPSD tag="RMC"</src>
    <fix>3d</fix>
    <sat>10</sat>
    <hdop>0.9</hdop>
    <vdop>1.5</vdop>
    <pdop>1.8</pdop>
   </trkpt>
  </trkseg>
 </trk>
</gpx>
