<?xml version="1.0" encoding="utf-8"?>
<gpx version="1.1" creator="GPSD 3.4~dev - http://catb.org/gpsd"
        xmlns:xsi="http://www.w3.org/2001/XMLSchema-instance"
        xmlns="http://www.topografix.com/GPX/1/1"
        xsi:schemaLocation="http://www.topografix.com/GPX/1/1
        http://www.topografix.com/GPX/1/1/gpx.xsd">
 <metadata>
  <time>2011-12-21T19:18:03.000Z</time>
 </metadata>
 <trk>
  <src>GPSD 3.4~dev</src>
  <trkseg>
   <trkpt lat="-34.889108" lon="-56.148237">
    <ele>54.000000</ele>
    <time>2011-12-21T19:18:03.527Z</time>
    <src>GPSD tag="RMC"</src>
    <fix>3d</fix>
    <sat>11</sat>
    <hdop>0.8</hdop>
    <vdop>1.2</vdop>
    <pdop>1.4</pdop>
   </trkpt>
   <trkpt lat="-34.889108" lon="-56.148237">
    <ele>54.000000</ele>
    <time>2011-12-21T19:18:04.527Z</time>
    <src>GPSD tag="RMC"</src>
    <fix>3d</fix>
    <sat>11</sat>
    <hdop>0.8</hdop>
    <vdop>1.2</vdop>
    <pdop>1.4</pdop>
   </trkpt>
   <trkpt lat="-34.889108" lon="-56.148237">
    <ele>54.000000</ele>
    <time>2011-12-21T19:18:05.527Z</time>
    <src>GPSD tag="RMC"</src>
    <fix>3d</fix>
    <sat>11</sat>
    <hdop>0.8</hdop>
    <vdop>1.2</vdop>
    <pdop>1.4</pdop>
   </trkpt>
   <trkpt lat="-34.889108" lon="-56.148237">
    <ele>54.100000</ele>
    <time>2011-12-21T19:18:06.527Z</time>
    <src>GPSD tag="RMC"</src>
    <fix>3d</fix>
    <sat>11</sat>
    <hdop>0.8</hdop>
    <vdop>1.2</vdop>
    <pdop>1.4</pdop>
   </trkpt>
   <trkpt lat="-34.889108" lon="-56.148237">
    <ele>54.100000</ele>
    <time>2011-12-21T19:18:07.527Z</time>
    <src>GPSD tag="RMC"</src>
    <fix>3d</fix>
    <sat>11</sat>
    <hdop>0.8</hdop>
    <vdop>1.2</vdop>
    <pdop>1.4</pdop>
   </trkpt>
   <trkpt lat="-34.889108" lon="-56.148237">
    <ele>54.100000</ele>
    <time>2011-12-21T19:18:08.527Z</time>
    <src>GPSD tag="RMC"</src>
    <fix>3d</fix>
    <sat>11</sat>
    <hdop>0.8</hdop>
    <vdop>1.2</vdop>
    <pdop>1.4</pdop>
   </trkpt>
   <trkpt lat="-34.889108" lon="-56.148237">
    <ele>54.200000</ele>
    <time>2011-12-21T19:18:09.527Z</time>
    <src>GPSD tag="RMC"</src>
    <fix>3d</fix>
    <sat>11</sat>
    <hdop>0.8</hdop>
    <vdop>1.2</vdop>
    <pdop>1.4</pdop>
   </trkpt>
   <trkpt lat="-34.889108" lon="-56.148237">
    <ele>54.200000</ele>
    <time>2011-12-21T19:18:10.527Z</time>
    <src>GPSD tag="RMC"</src>
    <fix>3d</fix>
    <sat>11</sat>
    <hdop>0.8</hdop>
    <vdop>1.2</vdop>
    <pdop>1.4</pdop>
   </trkpt>
   <trkpt lat="-34.889108" lon="-56.148237">
    <ele>54.200000</ele>
    <time>2011-12-21T19:18:11.527Z</time>
    <src>GPSD tag="RMC"</src>
    <fix>3d</fix>
    <sat>11</sat>
    <hdop>0.8</hdop>
    <vdop>1.2</vdop>
    <pdop>1.4</pdop>
   </trkpt>
   <trkpt lat="-34.889108" lon="-56.148238">
    <ele>54.200000</ele>
    <time>2011-12-21T19:18:12.527Z</time>
    <src>GPSD tag="RMC"</src>
    <fix>3d</fix>
    <sat>10</sat>
    <hdop>0.9</hdop>
    <vdop>1.5</vdop>
    <pdop>1.8</pdop>
   </trkpt>
   <trkpt lat="-34.889108" lon="-56.148238">
    <ele>54.300000</ele>
    <time>2011-12-21T19:18:13.527Z</time>
    <src>GPSD tag="RMC"</src>
    <fix>3d</fix>
    <sat>10</sat>
    <hdop>0.9</hdop>
    <vdop>1.5</vdop>
    <pdop>1.8</pdop>
   </trkpt>
   <trkpt lat="-34.889108" lon="-56.148238">
    <ele>54.300000</ele>
    <time>2011-12-21T19:18:14.527Z</time>
    <src>GPSD tag="RMC"</src>
    <fix>3d</fix>
    <sat>10</sat>
    <hdop>0.9</hdop>
    <vdop>1.5</vdop>
    <pdop>1.8</pdop>
   </trkpt>
   <trkpt lat="-34.889108" lon="-56.148238">
    <ele>54.400000</ele>
    <time>2011-12-21T19:18:15.527Z</time>
    <src>GPSD tag="RMC"</src>
    <fix>3d</fix>
    <sat>10</sat>
    <hdop>0.9</hdop>
    <vdop>1.5</vdop>
    <pdop>1.8</pdop>
   </trkpt>
   <trkpt lat="-34.889108" lon="-56.148238">
    <ele>54.400000</ele>
    <time>2011-12-21T19:18:16.527Z</time>
    <src>GPSD tag="RMC"</src>
    <fix>3d</fix>
    <sat>10</sat>
    <hdop>0.9</hdop>
    <vdop>1.5</vdop>
    <pdop>1.8</pdop>
   </trkpt>
   <trkpt lat="-34.889110" lon="-56.148238">
    <ele>54.400000</ele>
    <time>2011-12-21T19:18:17.527Z</time>
    <src>GPSD tag="RMC"</src>
    <fix>3d</fix>
    <sat>10</sat>
    <hdop>0.9</hdop>
    <vdop>1.5</vdop>
    <pdop>1.8</pdop>
   </trkpt>
   <trkpt lat="-34.889110" lon="-56.148238">
    <ele>54.400000</ele>
    <time>2011-12-21T19:18:18.527Z</time>
    <src>GPSD tag="RMC"</src>
    <fix>3d</fix>
    <sat>11</sat>
    <hdop>0.8</hdop>
    <vdop>1.2</vdop>
    <pdop>1.4</pdop>
   </trkpt>
   <trkpt lat="-34.889110" lon="-56.148240">
    <ele>54.400000</ele>
    <time>2011-12-21T19:18:19.527Z</time>
    <src>GPSD tag="RMC"</src>
    <fix>3d</fix>
    <sat>11</sat>
    <hdop>0.8</hdop>
    <vdop>1.2</vdop>
    <pdop>1.4</pdop>
   </trkpt>
   <trkpt lat="-34.889110" lon="-56.148240">
    <ele>54.400000</ele>
    <time>2011-12-21T19:18:20.527Z</time>
    <src>GPSD tag="RMC"</src>
    <fix>3d</fix>
    <sat>11</sat>
    <hdop>0.8</hdop>
    <vdop>1.2</vdop>
    <pdop>1.4</pdop>
   </trkpt>
   <trkpt lat="-34.889110" lon="-56.148240">
    <ele>54.400000</ele>
    <time>2011-12-21T19:18:21.527Z</time>
    <src>GPSD tag="RMC"</src>
    <fix>3d</fix>
    <sat>11</sat>
    <hdop>0.8</hdop>
    <vdop>1.2</vdop>
    <pdop>1.4</pdop>
   </trkpt>
   <trkpt lat="-34.889110" lon="-56.148240">
    <ele>54.400000</ele>
    <time>2011-12-21T19:18:22.527Z</time>
    <src>GPSD tag="RMC"</src>
    <fix>3d</fix>
    <sat>11</sat>
    <hdop>0.8</hdop>
    <vdop>1.2</vdop>
    <pdop>1.4</pdop>
   </trkpt>
   <trkpt lat="-34.889110" lon="-56.148240">
    <ele>54.400000</ele>
    <time>2011-12-21T19:18:23.527Z</time>
    <src>GPSD tag="RMC"</src>
    <fix>3d</fix>
    <sat>11</sat>
    <hdop>0.8</hdop>
    <vdop>1.2</vdop>
    <pdop>1.4</pdop>
   </trkpt>
   <trkpt lat="-34.889110" lon="-56.148240">
    <ele>54.400000</ele>
    <time>2011-12-21T19:18:24.527Z</time>
    <src>GPSD tag="RMC"</src>
    <fix>3d</fix>
    <sat>10</sat>
    <hdop>0.9</hdop>
    <vdop>1.5</vdop>
    <pdop>1.8</pdop>
   </trkpt>
   <trkpt lat="-34.889110" lon="-56.148240">
    <ele>54.400000</ele>
    <time>2011-12-21T19:18:25.527Z</time>
    <src>GPSD tag="RMC"</src>
    <fix>3d</fix>
    <sat>10</sat>
    <hdop>0.9</hdop>
    <vdop>1.5</vdop>
    <pdop>1.8</pdop>
   </trkpt>
   <trkpt lat="-34.889110" lon="-56.148240">
    <ele>54.400000</ele>
    <time>2011-12-21T19:18:26.527Z</time>
    <src>GPSD tag="RMC"</src>
    <fix>3d</fix>
    <sat>10</sat>
    <hdop>0.9</hdop>
    <vdop>1.5</vdop>
    <pdop>1.8</pdop>
   </trkpt>
   <trkpt lat="-34.889112" lon="-56.148240">
    <ele>54.400000</ele>
    <time>2011-12-21T19:18:27.527Z</time>
    <src>GPSD tag="RMC"</src>
    <fix>3d</fix>
    <sat>10</sat>
    <hdop>0.9</hdop>
    <vdop>1.5</vdop>
    <pdop>1.8</pdop>
   </trkpt>
   <trkpt lat="-34.889112" lon="-56.148240">
    <ele>54.400000</ele>
    <time>2011-12-21T19:18:28.527Z</time>
    <src>GPSD tag="RMC"</src>
    <fix>3d</fix>
    <sat>10</sat>
    <hdop>0.9</hdop>
    <vdop>1.5</vdop>
    <pdop>1.8</pdop>
   </trkpt>
   <trkpt lat="-34.889112" lon="-56.148240">
    <ele>54.400000</ele>
    <time>2011-12-21T19:18:29.527Z</time>
    <src>GPSD tag="RMC"</src>
    <fix>3d</fix>
    <sat>10</sat>
    <hdop>0.9</hdop>
    <vdop>1.5</vdop>
    <pdop>1.8</pdop>
   </trkpt>
   <trkpt lat="-34.889112" lon="-56.148240">
    <ele>54.400000</ele>
    <time>2011-12-21T19:18:30.527Z</time>
    <src>GPSD tag="RMC"</src>
    <fix>3d</fix>
    <sat>11</sat>
    <hdop>0.8</hdop>
    <vdop>1.2</vdop>
    <pdop>1.4</pdop>
   </trkpt>
   <trkpt lat="-34.889112" lon="-56.148240">
    <ele>54.400000</ele>
    <time>2011-12-21T19:18:31.527Z</time>
    <src>GPSD tag="RMC"</src>
    <fix>3d</fix>
    <sat>11</sat>
    <hdop>0.8</hdop>
    <vdop>1.2</vdop>
    <pdop>1.4</pdop>
   </trkpt>
   <trkpt lat="-34.889112" lon="-56.148240">
    <ele>54.400000</ele>
    <time>2011-12-21T19:18:32.527Z</time>
    <src>GPSD tag="RMC"</src>
    <fix>3d</fix>
    <sat>11</sat>
    <hdop>0.8</hdop>
    <vdop>1.2</vdop>
    <pdop>1.4</pdop>
   </trkpt>
   <trkpt lat="-34.889112" lon="-56.148240">
    <ele>54.400000</ele>
    <time>2011-12-21T19:18:33.527Z</time>
    <src>GPSD tag="RMC"</src>
    <fix>3d</fix>
    <sat>11</sat>
    <hdop>0.8</hdop>
    <vdop>1.2</vdop>
    <pdop>1.4</pdop>
   </trkpt>
   <trkpt lat="-34.889112" lon="-56.148240">
    <ele>54.400000</ele>
    <time>2011-12-21T19:18:34.527Z</time>
    <src>GPSD tag="RMC"</src>
    <fix>3d</fix>
    <sat>11</sat>
    <hdop>0.8</hdop>
    <vdop>1.2</vdop>
    <pdop>1.4</pdop>
   </trkpt>
   <trkpt lat="-34.889112" lon="-56.148240">
    <ele>54.400000</ele>
    <time>2011-12-21T19:18:35.527Z</time>
    <src>GPSD tag="RMC"</src>
    <fix>3d</fix>
    <sat>11</sat>
    <hdop>0.8</hdop>
    <vdop>1.2</vdop>
    <pdop>1.4</pdop>
   </trkpt>
   <trkpt lat="-34.889112" lon="-56.148240">
    <ele>54.400000</ele>
    <time>2011-12-21T19:18:36.527Z</time>
    <src>GPSD tag="RMC"</src>
    <fix>3d</fix>
    <sat>11</sat>
    <hdop>0.8</hdop>
    <vdop>1.2</vdop>
    <pdop>1.4</pdop>
   </trkpt>
   <trkpt lat="-34.889112" lon="-56.148240">
    <ele>54.500000</ele>
    <time>2011-12-21T19:18:37.527Z</time>
    <src>GPSD tag="RMC"</src>
    <fix>3d</fix>
    <sat>11</sat>
    <hdop>0.8</hdop>
    <vdop>1.2</vdop>
    <pdop>1.4</pdop>
   </trkpt>
   <trkpt lat="-34.889112" lon="-56.148238">
    <ele>54.500000</ele>
    <time>2011-12-21T19:18:38.527Z</time>
    <src>GPSD tag="RMC"</src>
    <fix>3d</fix>
    <sat>11</sat>
    <hdop>0.8</hdop>
    <vdop>1.2</vdop>
    <pdop>1.4</pdop>
   </trkpt>
   <trkpt lat="-34.889112" lon="-56.148238">
    <ele>54.600000</ele>
    <time>2011-12-21T19:18:39.527Z</time>
    <src>GPSD tag="RMC"</src>
    <fix>3d</fix>
    <sat>11</sat>
    <hdop>0.8</hdop>
    <vdop>1.2</vdop>
    <pdop>1.4</pdop>
   </trkpt>
   <trkpt lat="-34.889112" lon="-56.148238">
    <ele>54.700000</ele>
    <time>2011-12-21T19:18:40.527Z</time>
    <src>GPSD tag="RMC"</src>
    <fix>3d</fix>
    <sat>11</sat>
    <hdop>0.8</hdop>
    <vdop>1.2</vdop>
    <pdop>1.4</pdop>
   </trkpt>
   <trkpt lat="-34.889112" lon="-56.148237">
    <ele>54.800000</ele>
    <time>2011-12-21T19:18:41.527Z</time>
    <src>GPSD tag="RMC"</src>
    <fix>3d</fix>
    <sat>11</sat>
    <hdop>0.8</hdop>
    <vdop>1.2</vdop>
    <pdop>1.4</pdop>
   </trkpt>
   <trkpt lat="-34.889112" lon="-56.148237">
    <ele>54.900000</ele>
    <time>2011-12-21T19:18:42.527Z</time>
    <src>GPSD tag="RMC"</src>
    <fix>3d</fix>
    <sat>11</sat>
    <hdop>0.8</hdop>
    <vdop>1.2</vdop>
    <pdop>1.4</pdop>
   </trkpt>
   <trkpt lat="-34.889112" lon="-56.148237">
    <ele>54.900000</ele>
    <time>2011-12-21T19:18:43.527Z</time>
    <src>GPSD tag="RMC"</src>
    <fix>3d</fix>
    <sat>11</sat>
    <hdop>0.8</hdop>
    <vdop>1.2</vdop>
    <pdop>1.4</pdop>
   </trkpt>
   <trkpt lat="-34.889112" lon="-56.148237">
    <ele>54.900000</ele>
    <time>2011-12-21T19:18:44.527Z</time>
    <src>GPSD tag="RMC"</src>
    <fix>3d</fix>
    <sat>11</sat>
    <hdop>0.8</hdop>
    <vdop>1.2</vdop>
    <pdop>1.4</pdop>
   </trkpt>
   <trkpt lat="-34.889112" lon="-56.148237">
    <ele>54.900000</ele>
    <time>2011-12-21T19:18:45.527Z</time>
    <src>GPSD tag="RMC"</src>
    <fix>3d</fix>
    <sat>11</sat>
    <hdop>0.8</hdop>
    <vdop>1.2</vdop>
    <pdop>1.4</pdop>
   </trkpt>
   <trkpt lat="-34.889112" lon="-56.148237">
    <ele>54.900000</ele>
    <time>2011-12-21T19:18:46.527Z</time>
    <src>GPSD tag="RMC"</src>
    <fix>3d</fix>
    <sat>11</sat>
    <hdop>0.8</hdop>
    <vdop>1.2</vdop>
    <pdop>1.4</pdop>
   </trkpt>
   <trkpt lat="-34.889112" lon="-56.148237">
    <ele>55.000000</ele>
    <time>2011-12-21T19:18:47.527Z</time>
    <src>GPSD tag="RMC"</src>
    <fix>3d</fix>
    <sat>11</sat>
    <hdop>0.8</hdop>
    <vdop>1.2</vdop>
    <pdop>1.4</pdop>
   </trkpt>
   <trkpt lat="-34.889112" lon="-56.148237">
    <ele>55.000000</ele>
    <time>2011-12-21T19:18:48.527Z</time>
    <src>GPSD tag="RMC"</src>
    <fix>3d</fix>
    <sat>11</sat>
    <hdop>0.8</hdop>
    <vdop>1.2</vdop>
    <pdop>1.4</pdop>
   </trkpt>
   <trkpt lat="-34.889112" lon="-56.148237">
    <ele>55.000000</ele>
    <time>2011-12-21T19:18:49.527Z</time>
    <src>GPSD tag="RMC"</src>
    <fix>3d</fix>
    <sat>11</sat>
    <hdop>0.8</hdop>
    <vdop>1.2</vdop>
    <pdop>1.4</pdop>
   </trkpt>
   <trkpt lat="-34.889112" lon="-56.148237">
    <ele>55.000000</ele>
    <time>2011-12-21T19:18:50.527Z</time>
    <src>GPSD tag="RMC"</src>
    <fix>3d</fix>
    <sat>11</sat>
    <hdop>0.8</hdop>
    <vdop>1.2</vdop>
    <pdop>1.4</pdop>
   </trkpt>
   <trkpt lat="-34.889110" lon="-56.148237">
    <ele>55.000000</ele>
    <time>2011-12-21T19:18:51.527Z</time>
    <src>GPSD tag="RMC"</src>
    <fix>3d</fix>
    <sat>11</sat>
    <hdop>0.8</hdop>
    <vdop>1.2</vdop>
    <pdop>1.4</pdop>
   </trkpt>
   <trkpt lat="-34.889112" lon="-56.148237">
    <ele>55.000000</ele>
    <time>2011-12-21T19:18:52.527Z</time>
    <src>GPSD tag="RMC"</src>
    <fix>3d</fix>
    <sat>11</sat>
    <hdop>0.8</hdop>
    <vdop>1.2</vdop>
    <pdop>1.4</pdop>
   </trkpt>
   <trkpt lat="-34.889110" lon="-56.148238">
    <ele>55.100000</ele>
    <time>2011-12-21T19:18:53.527Z</time>
    <src>GPSD tag="RMC"</src>
    <fix>3d</fix>
    <sat>11</sat>
    <hdop>0.8</hdop>
    <vdop>1.2</vdop>
    <pdop>1.4</pdop>
   </trkpt>
   <trkpt lat="-34.889112" lon="-56.148238">
    <ele>55.100000</ele>
    <time>2011-12-21T19:18:54.527Z</time>
    <src>GPSD tag="RMC"</src>
    <fix>3d</fix>
    <sat>11</sat>
    <hdop>0.8</hdop>
    <vdop>1.2</vdop>
    <pdop>1.4</pdop>
   </trkpt>
   <trkpt lat="-34.889112" lon="-56.148238">
    <ele>55.100000</ele>
    <time>2011-12-21T19:18:55.527Z</time>
    <src>GPSD tag="RMC"</src>
    <fix>3d</fix>
    <sat>11</sat>
    <hdop>0.8</hdop>
    <vdop>1.2</vdop>
    <pdop>1.4</pdop>
   </trkpt>
   <trkpt lat="-34.889112" lon="-56.148238">
    <ele>55.100000</ele>
    <time>2011-12-21T19:18:56.527Z</time>
    <src>GPSD tag="RMC"</src>
    <fix>3d</fix>
    <sat>11</sat>
    <hdop>0.8</hdop>
    <vdop>1.2</vdop>
    <pdop>1.4</pdop>
   </trkpt>
   <trkpt lat="-34.889112" lon="-56.148238">
    <ele>55.200000</ele>
    <time>2011-12-21T19:18:57.527Z</time>
    <src>GPSD tag="RMC"</src>
    <fix>3d</fix>
    <sat>10</sat>
    <hdop>0.9</hdop>
    <vdop>1.5</vdop>
    <pdop>1.8</pdop>
   </trkpt>
   <trkpt lat="-34.889112" lon="-56.148240">
    <ele>55.200000</ele>
    <time>2011-12-21T19:18:58.527Z</time>
    <src>GPSD tag="RMC"</src>
    <fix>3d</fix>
    <sat>10</sat>
    <hdop>0.9</hdop>
    <vdop>1.5</vdop>
    <pdop>1.8</pdop>
   </trkpt>
   <trkpt lat="-34.889112" lon="-56.148240">
    <ele>55.200000</ele>
    <time>2011-12-21T19:18:59.527Z</time>
    <src>GPSD tag="RMC"</src>
    <fix>3d</fix>
    <sat>10</sat>
    <hdop>0.9</hdop>
    <vdop>1.5</vdop>
    <pdop>1.8</pdop>
   </trkpt>
   <trkpt lat="-34.889112" lon="-56.148240">
    <ele>55.200000</ele>
    <time>2011-12-21T19:19:00.527Z</time>
    <src>GPSD tag="RMC"</src>
    <fix>3d</fix>
    <sat>11</sat>
    <hdop>0.8</hdop>
    <vdop>1.2</vdop>
    <pdop>1.4</pdop>
   </trkpt>
   <trkpt lat="-34.889112" lon="-56.148240">
    <ele>55.200000</ele>
    <time>2011-12-21T19:19:01.527Z</time>
    <src>GPSD tag="RMC"</src>
    <fix>3d</fix>
    <sat>11</sat>
    <hdop>0.8</hdop>
    <vdop>1.2</vdop>
    <pdop>1.4</pdop>
   </trkpt>
   <trkpt lat="-34.889112" lon="-56.148240">
    <ele>55.200000</ele>
    <time>2011-12-21T19:19:02.527Z</time>
    <src>GPSD tag="RMC"</src>
    <fix>3d</fix>
    <sat>11</sat>
    <hdop>0.8</hdop>
    <vdop>1.2</vdop>
    <pdop>1.4</pdop>
   </trkpt>
   <trkpt lat="-34.889112" lon="-56.148240">
    <ele>55.200000</ele>
    <time>2011-12-21T19:19:03.527Z</time>
    <src>GPSD tag="RMC"</src>
    <fix>3d</fix>
    <sat>11</sat>
    <hdop>0.8</hdop>
    <vdop>1.2</vdop>
    <pdop>1.4</pdop>
   </trkpt>
   <trkpt lat="-34.889113" lon="-56.148240">
    <ele>55.300000</ele>
    <time>2011-12-21T19:19:04.527Z</time>
    <src>GPSD tag="RMC"</src>
    <fix>3d</fix>
    <sat>11</sat>
    <hdop>0.8</hdop>
    <vdop>1.2</vdop>
    <pdop>1.4</pdop>
   </trkpt>
   <trkpt lat="-34.889113" lon="-56.148240">
    <ele>55.300000</ele>
    <time>2011-12-21T19:19:05.527Z</time>
    <src>GPSD tag="RMC"</src>
    <fix>3d</fix>
    <sat>11</sat>
    <hdop>0.8</hdop>
    <vdop>1.2</vdop>
    <pdop>1.4</pdop>
   </trkpt>
   <trkpt lat="-34.889113" lon="-56.148240">
    <ele>55.400000</ele>
    <time>2011-12-21T19:19:06.527Z</time>
    <src>GPSD tag="RMC"</src>
    <fix>3d</fix>
    <sat>11</sat>
    <hdop>0.8</hdop>
    <vdop>1.2</vdop>
    <pdop>1.4</pdop>
   </trkpt>
   <trkpt lat="-34.889113" lon="-56.148240">
    <ele>55.400000</ele>
    <time>2011-12-21T19:19:07.527Z</time>
    <src>GPSD tag="RMC"</src>
    <fix>3d</fix>
    <sat>11</sat>
    <hdop>0.8</hdop>
    <vdop>1.2</vdop>
    <pdop>1.4</pdop>
   </trkpt>
   <trkpt lat="-34.889113" lon="-56.148240">
    <ele>55.500000</ele>
    <time>2011-12-21T19:19:08.527Z</time>
    <src>GPSD tag="RMC"</src>
    <fix>3d</fix>
    <sat>11</sat>
    <hdop>0.8</hdop>
    <vdop>1.2</vdop>
    <pdop>1.4</pdop>
   </trkpt>
   <trkpt lat="-34.889113" lon="-56.148240">
    <ele>55.600000</ele>
    <time>2011-12-21T19:19:09.527Z</time>
    <src>GPSD tag="RMC"</src>
    <fix>3d</fix>
    <sat>11</sat>
    <hdop>0.8</hdop>
    <vdop>1.2</vdop>
    <pdop>1.4</pdop>
   </trkpt>
   <trkpt lat="-34.889113" lon="-56.148240">
    <ele>55.600000</ele>
    <time>2011-12-21T19:19:10.527Z</time>
    <src>GPSD tag="RMC"</src>
    <fix>3d</fix>
    <sat>11</sat>
    <hdop>0.8</hdop>
    <vdop>1.2</vdop>
    <pdop>1.4</pdop>
   </trkpt>
   <trkpt lat="-34.889112" lon="-56.148240">
    <ele>55.700000</ele>
    <time>2011-12-21T19:19:11.527Z</time>
    <src>GPSD tag="RMC"</src>
    <fix>3d</fix>
    <sat>11</sat>
    <hdop>0.8</hdop>
    <vdop>1.2</vdop>
    <pdop>1.4</pdop>
   </trkpt>
   <trkpt lat="-34.889112" lon="-56.148238">
    <ele>55.700000</ele>
    <time>2011-12-21T19:19:12.527Z</time>
    <src>GPSD tag="RMC"</src>
    <fix>3d</fix>
    <sat>11</sat>
    <hdop>0.8</hdop>
    <vdop>1.2</vdop>
    <pdop>1.4</pdop>
   </trkpt>
   <trkpt lat="-34.889112" lon="-56.148238">
    <ele>55.800000</ele>
    <time>2011-12-21T19:19:13.527Z</time>
    <src>GPSD tag="RMC"</src>
    <fix>3d</fix>
    <sat>11</sat>
    <hdop>0.8</hdop>
    <vdop>1.2</vdop>
    <pdop>1.4</pdop>
   </trkpt>
   <trkpt lat="-34.889112" lon="-56.148238">
    <ele>55.900000</ele>
    <time>2011-12-21T19:19:14.527Z</time>
    <src>GPSD tag="RMC"</src>
    <fix>3d</fix>
    <sat>11</sat>
    <hdop>0.8</hdop>
    <vdop>1.2</vdop>
    <pdop>1.4</pdop>
   </trkpt>
   <trkpt lat="-34.889112" lon="-56.148238">
    <ele>55.900000</ele>
    <time>2011-12-21T19:19:15.527Z</time>
    <src>GPSD tag="RMC"</src>
    <fix>3d</fix>
    <sat>11</sat>
    <hdop>0.8</hdop>
    <vdop>1.2</vdop>
    <pdop>1.4</pdop>
   </trkpt>
   <trkpt lat="-34.889112" lon="-56.148238">
    <ele>56.000000</ele>
    <time>2011-12-21T19:19:16.527Z</time>
    <src>GPSD tag="RMC"</src>
    <fix>3d</fix>
    <sat>11</sat>
    <hdop>0.8</hdop>
    <vdop>1.2</vdop>
    <pdop>1.4</pdop>
   </trkpt>
   <trkpt lat="-34.889112" lon="-56.148238">
    <ele>56.100000</ele>
    <time>2011-12-21T19:19:17.527Z</time>
    <src>GPSD tag="RMC"</src>
    <fix>3d</fix>
    <sat>11</sat>
    <hdop>0.8</hdop>
    <vdop>1.2</vdop>
    <pdop>1.4</pdop>
   </trkpt>
  </trkseg>
 </trk>
</gpx>
