<?xml version="1.0" encoding="utf-8"?>
<gpx version="1.1" creator="GPSD 3.4~dev - http://catb.org/gpsd"
        xmlns:xsi="http://www.w3.org/2001/XMLSchema-instance"
        xmlns="http://www.topografix.com/GPX/1/1"
        xsi:schemaLocation="http://www.topografix.com/GPX/1/1
        http://www.topografix.com/GPX/1/1/gpx.xsd">
 <metadata>
  <time>2011-12-21T19:27:33.000Z</time>
 </metadata>
 <trk>
  <src>GPSD 3.4~dev</src>
  <trkseg>
   <trkpt lat="-34.889125" lon="-56.148257">
    <ele>55.300000</ele>
    <time>2011-12-21T19:27:33.528Z</time>
    <src>GPSD tag="RMC"</src>
    <fix>3d</fix>
    <sat>10</sat>
    <hdop>0.9</hdop>
    <vdop>1.4</vdop>
    <pdop>1.7</pdop>
   </trkpt>
   <trkpt lat="-34.889125" lon="-56.148257">
    <ele>55.300000</ele>
    <time>2011-12-21T19:27:34.528Z</time>
    <src>GPSD tag="RMC"</src>
    <fix>3d</fix>
    <sat>10</sat>
    <hdop>0.9</hdop>
    <vdop>1.4</vdop>
    <pdop>1.7</pdop>
   </trkpt>
   <trkpt lat="-34.889125" lon="-56.148257">
    <ele>55.300000</ele>
    <time>2011-12-21T19:27:35.528Z</time>
    <src>GPSD tag="RMC"</src>
    <fix>3d</fix>
    <sat>10</sat>
    <hdop>0.9</hdop>
    <vdop>1.4</vdop>
    <pdop>1.7</pdop>
   </trkpt>
   <trkpt lat="-34.889125" lon="-56.148257">
    <ele>55.300000</ele>
    <time>2011-12-21T19:27:36.528Z</time>
    <src>GPSD tag="RMC"</src>
    <fix>3d</fix>
    <sat>10</sat>
    <hdop>0.9</hdop>
    <vdop>1.4</vdop>
    <pdop>1.7</pdop>
   </trkpt>
   <trkpt lat="-34.889127" lon="-56.148257">
    <ele>55.300000</ele>
    <time>2011-12-21T19:27:37.528Z</time>
    <src>GPSD tag="RMC"</src>
    <fix>3d</fix>
    <sat>10</sat>
    <hdop>0.9</hdop>
    <vdop>1.4</vdop>
    <pdop>1.7</pdop>
   </trkpt>
   <trkpt lat="-34.889127" lon="-56.148257">
    <ele>55.300000</ele>
    <time>2011-12-21T19:27:38.528Z</time>
    <src>GPSD tag="RMC"</src>
    <fix>3d</fix>
    <sat>10</sat>
    <hdop>0.9</hdop>
    <vdop>1.4</vdop>
    <pdop>1.7</pdop>
   </trkpt>
   <trkpt lat="-34.889127" lon="-56.148257">
    <ele>55.400000</ele>
    <time>2011-12-21T19:27:39.528Z</time>
    <src>GPSD tag="RMC"</src>
    <fix>3d</fix>
    <sat>10</sat>
    <hdop>0.9</hdop>
    <vdop>1.4</vdop>
    <pdop>1.7</pdop>
   </trkpt>
   <trkpt lat="-34.889127" lon="-56.148257">
    <ele>55.400000</ele>
    <time>2011-12-21T19:27:40.528Z</time>
    <src>GPSD tag="RMC"</src>
    <fix>3d</fix>
    <sat>10</sat>
    <hdop>0.9</hdop>
    <vdop>1.4</vdop>
    <pdop>1.7</pdop>
   </trkpt>
   <trkpt lat="-34.889128" lon="-56.148257">
    <ele>55.400000</ele>
    <time>2011-12-21T19:27:41.528Z</time>
    <src>GPSD tag="RMC"</src>
    <fix>3d</fix>
    <sat>10</sat>
    <hdop>0.9</hdop>
    <vdop>1.4</vdop>
    <pdop>1.7</pdop>
   </trkpt>
   <trkpt lat="-34.889128" lon="-56.148257">
    <ele>55.500000</ele>
    <time>2011-12-21T19:27:42.528Z</time>
    <src>GPSD tag="RMC"</src>
    <fix>3d</fix>
    <sat>10</sat>
    <hdop>0.9</hdop>
    <vdop>1.4</vdop>
    <pdop>1.7</pdop>
   </trkpt>
   <trkpt lat="-34.889128" lon="-56.148257">
    <ele>55.500000</ele>
    <time>2011-12-21T19:27:43.528Z</time>
    <src>GPSD tag="RMC"</src>
    <fix>3d</fix>
    <sat>10</sat>
    <hdop>0.9</hdop>
    <vdop>1.4</vdop>
    <pdop>1.7</pdop>
   </trkpt>
   <trkpt lat="-34.889128" lon="-56.148257">
    <ele>55.600000</ele>
    <time>2011-12-21T19:27:44.528Z</time>
    <src>GPSD tag="RMC"</src>
    <fix>3d</fix>
    <sat>10</sat>
    <hdop>0.9</hdop>
    <vdop>1.4</vdop>
    <pdop>1.7</pdop>
   </trkpt>
   <trkpt lat="-34.889128" lon="-56.148255">
    <ele>55.600000</ele>
    <time>2011-12-21T19:27:45.528Z</time>
    <src>GPSD tag="RMC"</src>
    <fix>3d</fix>
    <sat>10</sat>
    <hdop>0.9</hdop>
    <vdop>1.4</vdop>
    <pdop>1.7</pdop>
   </trkpt>
   <trkpt lat="-34.889130" lon="-56.148255">
    <ele>55.700000</ele>
    <time>2011-12-21T19:27:46.528Z</time>
    <src>GPSD tag="RMC"</src>
    <fix>3d</fix>
    <sat>10</sat>
    <hdop>0.9</hdop>
    <vdop>1.4</vdop>
    <pdop>1.7</pdop>
   </trkpt>
   <trkpt lat="-34.889130" lon="-56.148255">
    <ele>55.800000</ele>
    <time>2011-12-21T19:27:47.528Z</time>
    <src>GPSD tag="RMC"</src>
    <fix>3d</fix>
    <sat>10</sat>
    <hdop>0.9</hdop>
    <vdop>1.4</vdop>
    <pdop>1.7</pdop>
   </trkpt>
   <trkpt lat="-34.889130" lon="-56.148255">
    <ele>55.900000</ele>
    <time>2011-12-21T19:27:48.528Z</time>
    <src>GPSD tag="RMC"</src>
    <fix>3d</fix>
    <sat>10</sat>
    <hdop>0.9</hdop>
    <vdop>1.4</vdop>
    <pdop>1.7</pdop>
   </trkpt>
   <trkpt lat="-34.889130" lon="-56.148255">
    <ele>56.000000</ele>
    <time>2011-12-21T19:27:49.528Z</time>
    <src>GPSD tag="RMC"</src>
    <fix>3d</fix>
    <sat>10</sat>
    <hdop>0.9</hdop>
    <vdop>1.4</vdop>
    <pdop>1.7</pdop>
   </trkpt>
   <trkpt lat="-34.889130" lon="-56.148255">
    <ele>56.100000</ele>
    <time>2011-12-21T19:27:50.528Z</time>
    <src>GPSD tag="RMC"</src>
    <fix>3d</fix>
    <sat>10</sat>
    <hdop>0.9</hdop>
    <vdop>1.4</vdop>
    <pdop>1.7</pdop>
   </trkpt>
   <trkpt lat="-34.889130" lon="-56.148255">
    <ele>56.100000</ele>
    <time>2011-12-21T19:27:51.528Z</time>
    <src>GPSD tag="RMC"</src>
    <fix>3d</fix>
    <sat>10</sat>
    <hdop>0.9</hdop>
    <vdop>1.4</vdop>
    <pdop>1.7</pdop>
   </trkpt>
   <trkpt lat="-34.889130" lon="-56.148255">
    <ele>56.200000</ele>
    <time>2011-12-21T19:27:52.528Z</time>
    <src>GPSD tag="RMC"</src>
    <fix>3d</fix>
    <sat>10</sat>
    <hdop>0.9</hdop>
    <vdop>1.4</vdop>
    <pdop>1.7</pdop>
   </trkpt>
   <trkpt lat="-34.889130" lon="-56.148255">
    <ele>56.200000</ele>
    <time>2011-12-21T19:27:53.528Z</time>
    <src>GPSD tag="RMC"</src>
    <fix>3d</fix>
    <sat>10</sat>
    <hdop>0.9</hdop>
    <vdop>1.4</vdop>
    <pdop>1.7</pdop>
   </trkpt>
   <trkpt lat="-34.889130" lon="-56.148255">
    <ele>56.200000</ele>
    <time>2011-12-21T19:27:54.528Z</time>
    <src>GPSD tag="RMC"</src>
    <fix>3d</fix>
    <sat>10</sat>
    <hdop>0.9</hdop>
    <vdop>1.4</vdop>
    <pdop>1.7</pdop>
   </trkpt>
   <trkpt lat="-34.889130" lon="-56.148255">
    <ele>56.200000</ele>
    <time>2011-12-21T19:27:55.528Z</time>
    <src>GPSD tag="RMC"</src>
    <fix>3d</fix>
    <sat>10</sat>
    <hdop>0.9</hdop>
    <vdop>1.4</vdop>
    <pdop>1.7</pdop>
   </trkpt>
   <trkpt lat="-34.889130" lon="-56.148253">
    <ele>56.300000</ele>
    <time>2011-12-21T19:27:56.528Z</time>
    <src>GPSD tag="RMC"</src>
    <fix>3d</fix>
    <sat>10</sat>
    <hdop>0.9</hdop>
    <vdop>1.4</vdop>
    <pdop>1.7</pdop>
   </trkpt>
   <trkpt lat="-34.889130" lon="-56.148253">
    <ele>56.300000</ele>
    <time>2011-12-21T19:27:57.528Z</time>
    <src>GPSD tag="RMC"</src>
    <fix>3d</fix>
    <sat>10</sat>
    <hdop>0.9</hdop>
    <vdop>1.4</vdop>
    <pdop>1.7</pdop>
   </trkpt>
   <trkpt lat="-34.889130" lon="-56.148253">
    <ele>56.300000</ele>
    <time>2011-12-21T19:27:58.528Z</time>
    <src>GPSD tag="RMC"</src>
    <fix>3d</fix>
    <sat>10</sat>
    <hdop>0.9</hdop>
    <vdop>1.4</vdop>
    <pdop>1.7</pdop>
   </trkpt>
   <trkpt lat="-34.889132" lon="-56.148253">
    <ele>56.300000</ele>
    <time>2011-12-21T19:27:59.528Z</time>
    <src>GPSD tag="RMC"</src>
    <fix>3d</fix>
    <sat>10</sat>
    <hdop>0.9</hdop>
    <vdop>1.4</vdop>
    <pdop>1.7</pdop>
   </trkpt>
   <trkpt lat="-34.889132" lon="-56.148253">
    <ele>56.300000</ele>
    <time>2011-12-21T19:28:00.528Z</time>
    <src>GPSD tag="RMC"</src>
    <fix>3d</fix>
    <sat>10</sat>
    <hdop>0.9</hdop>
    <vdop>1.4</vdop>
    <pdop>1.7</pdop>
   </trkpt>
   <trkpt lat="-34.889132" lon="-56.148253">
    <ele>56.300000</ele>
    <time>2011-12-21T19:28:01.528Z</time>
    <src>GPSD tag="RMC"</src>
    <fix>3d</fix>
    <sat>10</sat>
    <hdop>0.9</hdop>
    <vdop>1.4</vdop>
    <pdop>1.7</pdop>
   </trkpt>
   <trkpt lat="-34.889132" lon="-56.148253">
    <ele>56.300000</ele>
    <time>2011-12-21T19:28:02.528Z</time>
    <src>GPSD tag="RMC"</src>
    <fix>3d</fix>
    <sat>10</sat>
    <hdop>0.9</hdop>
    <vdop>1.4</vdop>
    <pdop>1.7</pdop>
   </trkpt>
   <trkpt lat="-34.889132" lon="-56.148253">
    <ele>56.300000</ele>
    <time>2011-12-21T19:28:03.528Z</time>
    <src>GPSD tag="RMC"</src>
    <fix>3d</fix>
    <sat>10</sat>
    <hdop>0.9</hdop>
    <vdop>1.4</vdop>
    <pdop>1.7</pdop>
   </trkpt>
   <trkpt lat="-34.889133" lon="-56.148253">
    <ele>56.300000</ele>
    <time>2011-12-21T19:28:04.528Z</time>
    <src>GPSD tag="RMC"</src>
    <fix>3d</fix>
    <sat>10</sat>
    <hdop>0.9</hdop>
    <vdop>1.4</vdop>
    <pdop>1.7</pdop>
   </trkpt>
   <trkpt lat="-34.889133" lon="-56.148253">
    <ele>56.300000</ele>
    <time>2011-12-21T19:28:05.528Z</time>
    <src>GPSD tag="RMC"</src>
    <fix>3d</fix>
    <sat>10</sat>
    <hdop>0.9</hdop>
    <vdop>1.4</vdop>
    <pdop>1.7</pdop>
   </trkpt>
   <trkpt lat="-34.889132" lon="-56.148253">
    <ele>56.300000</ele>
    <time>2011-12-21T19:28:06.528Z</time>
    <src>GPSD tag="RMC"</src>
    <fix>3d</fix>
    <sat>10</sat>
    <hdop>0.9</hdop>
    <vdop>1.4</vdop>
    <pdop>1.7</pdop>
   </trkpt>
   <trkpt lat="-34.889132" lon="-56.148253">
    <ele>56.300000</ele>
    <time>2011-12-21T19:28:07.528Z</time>
    <src>GPSD tag="RMC"</src>
    <fix>3d</fix>
    <sat>10</sat>
    <hdop>0.9</hdop>
    <vdop>1.4</vdop>
    <pdop>1.7</pdop>
   </trkpt>
   <trkpt lat="-34.889132" lon="-56.148253">
    <ele>56.300000</ele>
    <time>2011-12-21T19:28:08.528Z</time>
    <src>GPSD tag="RMC"</src>
    <fix>3d</fix>
    <sat>10</sat>
    <hdop>0.9</hdop>
    <vdop>1.4</vdop>
    <pdop>1.7</pdop>
   </trkpt>
   <trkpt lat="-34.889132" lon="-56.148253">
    <ele>56.300000</ele>
    <time>2011-12-21T19:28:09.528Z</time>
    <src>GPSD tag="RMC"</src>
    <fix>3d</fix>
    <sat>10</sat>
    <hdop>0.9</hdop>
    <vdop>1.4</vdop>
    <pdop>1.7</pdop>
   </trkpt>
   <trkpt lat="-34.889132" lon="-56.148253">
    <ele>56.300000</ele>
    <time>2011-12-21T19:28:10.528Z</time>
    <src>GPSD tag="RMC"</src>
    <fix>3d</fix>
    <sat>10</sat>
    <hdop>0.9</hdop>
    <vdop>1.4</vdop>
    <pdop>1.7</pdop>
   </trkpt>
   <trkpt lat="-34.889132" lon="-56.148253">
    <ele>56.300000</ele>
    <time>2011-12-21T19:28:11.528Z</time>
    <src>GPSD tag="RMC"</src>
    <fix>3d</fix>
    <sat>10</sat>
    <hdop>0.9</hdop>
    <vdop>1.4</vdop>
    <pdop>1.7</pdop>
   </trkpt>
   <trkpt lat="-34.889132" lon="-56.148253">
    <ele>56.300000</ele>
    <time>2011-12-21T19:28:12.528Z</time>
    <src>GPSD tag="RMC"</src>
    <fix>3d</fix>
    <sat>10</sat>
    <hdop>0.9</hdop>
    <vdop>1.4</vdop>
    <pdop>1.7</pdop>
   </trkpt>
   <trkpt lat="-34.889132" lon="-56.148253">
    <ele>56.300000</ele>
    <time>2011-12-21T19:28:13.528Z</time>
    <src>GPSD tag="RMC"</src>
    <fix>3d</fix>
    <sat>10</sat>
    <hdop>0.9</hdop>
    <vdop>1.4</vdop>
    <pdop>1.7</pdop>
   </trkpt>
   <trkpt lat="-34.889132" lon="-56.148252">
    <ele>56.300000</ele>
    <time>2011-12-21T19:28:14.528Z</time>
    <src>GPSD tag="RMC"</src>
    <fix>3d</fix>
    <sat>10</sat>
    <hdop>0.9</hdop>
    <vdop>1.4</vdop>
    <pdop>1.7</pdop>
   </trkpt>
   <trkpt lat="-34.889132" lon="-56.148252">
    <ele>56.300000</ele>
    <time>2011-12-21T19:28:15.528Z</time>
    <src>GPSD tag="RMC"</src>
    <fix>3d</fix>
    <sat>10</sat>
    <hdop>0.9</hdop>
    <vdop>1.4</vdop>
    <pdop>1.7</pdop>
   </trkpt>
   <trkpt lat="-34.889132" lon="-56.148252">
    <ele>56.300000</ele>
    <time>2011-12-21T19:28:16.528Z</time>
    <src>GPSD tag="RMC"</src>
    <fix>3d</fix>
    <sat>10</sat>
    <hdop>0.9</hdop>
    <vdop>1.4</vdop>
    <pdop>1.7</pdop>
   </trkpt>
   <trkpt lat="-34.889132" lon="-56.148252">
    <ele>56.300000</ele>
    <time>2011-12-21T19:28:17.528Z</time>
    <src>GPSD tag="RMC"</src>
    <fix>3d</fix>
    <sat>10</sat>
    <hdop>0.9</hdop>
    <vdop>1.4</vdop>
    <pdop>1.7</pdop>
   </trkpt>
   <trkpt lat="-34.889132" lon="-56.148252">
    <ele>56.300000</ele>
    <time>2011-12-21T19:28:18.528Z</time>
    <src>GPSD tag="RMC"</src>
    <fix>3d</fix>
    <sat>10</sat>
    <hdop>0.9</hdop>
    <vdop>1.4</vdop>
    <pdop>1.7</pdop>
   </trkpt>
   <trkpt lat="-34.889132" lon="-56.148252">
    <ele>56.300000</ele>
    <time>2011-12-21T19:28:19.528Z</time>
    <src>GPSD tag="RMC"</src>
    <fix>3d</fix>
    <sat>10</sat>
    <hdop>0.9</hdop>
    <vdop>1.4</vdop>
    <pdop>1.7</pdop>
   </trkpt>
   <trkpt lat="-34.889132" lon="-56.148252">
    <ele>56.400000</ele>
    <time>2011-12-21T19:28:20.528Z</time>
    <src>GPSD tag="RMC"</src>
    <fix>3d</fix>
    <sat>10</sat>
    <hdop>0.9</hdop>
    <vdop>1.4</vdop>
    <pdop>1.7</pdop>
   </trkpt>
   <trkpt lat="-34.889132" lon="-56.148252">
    <ele>56.400000</ele>
    <time>2011-12-21T19:28:21.528Z</time>
    <src>GPSD tag="RMC"</src>
    <fix>3d</fix>
    <sat>10</sat>
    <hdop>0.9</hdop>
    <vdop>1.4</vdop>
    <pdop>1.7</pdop>
   </trkpt>
   <trkpt lat="-34.889132" lon="-56.148250">
    <ele>56.400000</ele>
    <time>2011-12-21T19:28:22.528Z</time>
    <src>GPSD tag="RMC"</src>
    <fix>3d</fix>
    <sat>10</sat>
    <hdop>0.9</hdop>
    <vdop>1.4</vdop>
    <pdop>1.7</pdop>
   </trkpt>
   <trkpt lat="-34.889132" lon="-56.148250">
    <ele>56.500000</ele>
    <time>2011-12-21T19:28:23.528Z</time>
    <src>GPSD tag="RMC"</src>
    <fix>3d</fix>
    <sat>10</sat>
    <hdop>0.9</hdop>
    <vdop>1.4</vdop>
    <pdop>1.7</pdop>
   </trkpt>
   <trkpt lat="-34.889132" lon="-56.148250">
    <ele>56.500000</ele>
    <time>2011-12-21T19:28:24.528Z</time>
    <src>GPSD tag="RMC"</src>
    <fix>3d</fix>
    <sat>10</sat>
    <hdop>0.9</hdop>
    <vdop>1.4</vdop>
    <pdop>1.7</pdop>
   </trkpt>
   <trkpt lat="-34.889132" lon="-56.148252">
    <ele>56.500000</ele>
    <time>2011-12-21T19:28:25.528Z</time>
    <src>GPSD tag="RMC"</src>
    <fix>3d</fix>
    <sat>10</sat>
    <hdop>0.9</hdop>
    <vdop>1.4</vdop>
    <pdop>1.7</pdop>
   </trkpt>
   <trkpt lat="-34.889132" lon="-56.148252">
    <ele>56.500000</ele>
    <time>2011-12-21T19:28:26.528Z</time>
    <src>GPSD tag="RMC"</src>
    <fix>3d</fix>
    <sat>10</sat>
    <hdop>0.9</hdop>
    <vdop>1.4</vdop>
    <pdop>1.7</pdop>
   </trkpt>
   <trkpt lat="-34.889133" lon="-56.148252">
    <ele>56.500000</ele>
    <time>2011-12-21T19:28:27.528Z</time>
    <src>GPSD tag="RMC"</src>
    <fix>3d</fix>
    <sat>10</sat>
    <hdop>0.9</hdop>
    <vdop>1.4</vdop>
    <pdop>1.7</pdop>
   </trkpt>
   <trkpt lat="-34.889133" lon="-56.148252">
    <ele>56.500000</ele>
    <time>2011-12-21T19:28:28.528Z</time>
    <src>GPSD tag="RMC"</src>
    <fix>3d</fix>
    <sat>10</sat>
    <hdop>0.9</hdop>
    <vdop>1.4</vdop>
    <pdop>1.7</pdop>
   </trkpt>
   <trkpt lat="-34.889133" lon="-56.148252">
    <ele>56.500000</ele>
    <time>2011-12-21T19:28:29.528Z</time>
    <src>GPSD tag="RMC"</src>
    <fix>3d</fix>
    <sat>10</sat>
    <hdop>0.9</hdop>
    <vdop>1.4</vdop>
    <pdop>1.7</pdop>
   </trkpt>
   <trkpt lat="-34.889133" lon="-56.148252">
    <ele>56.500000</ele>
    <time>2011-12-21T19:28:30.528Z</time>
    <src>GPSD tag="RMC"</src>
    <fix>3d</fix>
    <sat>10</sat>
    <hdop>0.9</hdop>
    <vdop>1.4</vdop>
    <pdop>1.7</pdop>
   </trkpt>
   <trkpt lat="-34.889133" lon="-56.148252">
    <ele>56.500000</ele>
    <time>2011-12-21T19:28:31.528Z</time>
    <src>GPSD tag="RMC"</src>
    <fix>3d</fix>
    <sat>10</sat>
    <hdop>0.9</hdop>
    <vdop>1.4</vdop>
    <pdop>1.7</pdop>
   </trkpt>
   <trkpt lat="-34.889133" lon="-56.148253">
    <ele>56.500000</ele>
    <time>2011-12-21T19:28:32.528Z</time>
    <src>GPSD tag="RMC"</src>
    <fix>3d</fix>
    <sat>10</sat>
    <hdop>0.9</hdop>
    <vdop>1.4</vdop>
    <pdop>1.7</pdop>
   </trkpt>
   <trkpt lat="-34.889133" lon="-56.148253">
    <ele>56.400000</ele>
    <time>2011-12-21T19:28:33.528Z</time>
    <src>GPSD tag="RMC"</src>
    <fix>3d</fix>
    <sat>10</sat>
    <hdop>0.9</hdop>
    <vdop>1.4</vdop>
    <pdop>1.7</pdop>
   </trkpt>
   <trkpt lat="-34.889133" lon="-56.148253">
    <ele>56.400000</ele>
    <time>2011-12-21T19:28:34.528Z</time>
    <src>GPSD tag="RMC"</src>
    <fix>3d</fix>
    <sat>10</sat>
    <hdop>0.9</hdop>
    <vdop>1.4</vdop>
    <pdop>1.7</pdop>
   </trkpt>
   <trkpt lat="-34.889133" lon="-56.148253">
    <ele>56.400000</ele>
    <time>2011-12-21T19:28:35.528Z</time>
    <src>GPSD tag="RMC"</src>
    <fix>3d</fix>
    <sat>10</sat>
    <hdop>0.9</hdop>
    <vdop>1.4</vdop>
    <pdop>1.7</pdop>
   </trkpt>
   <trkpt lat="-34.889133" lon="-56.148253">
    <ele>56.400000</ele>
    <time>2011-12-21T19:28:36.528Z</time>
    <src>GPSD tag="RMC"</src>
    <fix>3d</fix>
    <sat>10</sat>
    <hdop>0.9</hdop>
    <vdop>1.4</vdop>
    <pdop>1.7</pdop>
   </trkpt>
   <trkpt lat="-34.889133" lon="-56.148253">
    <ele>56.500000</ele>
    <time>2011-12-21T19:28:37.528Z</time>
    <src>GPSD tag="RMC"</src>
    <fix>3d</fix>
    <sat>10</sat>
    <hdop>0.9</hdop>
    <vdop>1.4</vdop>
    <pdop>1.7</pdop>
   </trkpt>
   <trkpt lat="-34.889133" lon="-56.148253">
    <ele>56.500000</ele>
    <time>2011-12-21T19:28:38.528Z</time>
    <src>GPSD tag="RMC"</src>
    <fix>3d</fix>
    <sat>10</sat>
    <hdop>0.9</hdop>
    <vdop>1.4</vdop>
    <pdop>1.7</pdop>
   </trkpt>
   <trkpt lat="-34.889133" lon="-56.148253">
    <ele>56.500000</ele>
    <time>2011-12-21T19:28:39.528Z</time>
    <src>GPSD tag="RMC"</src>
    <fix>3d</fix>
    <sat>10</sat>
    <hdop>0.9</hdop>
    <vdop>1.4</vdop>
    <pdop>1.7</pdop>
   </trkpt>
   <trkpt lat="-34.889133" lon="-56.148253">
    <ele>56.500000</ele>
    <time>2011-12-21T19:28:40.528Z</time>
    <src>GPSD tag="RMC"</src>
    <fix>3d</fix>
    <sat>10</sat>
    <hdop>0.9</hdop>
    <vdop>1.4</vdop>
    <pdop>1.7</pdop>
   </trkpt>
   <trkpt lat="-34.889133" lon="-56.148252">
    <ele>56.500000</ele>
    <time>2011-12-21T19:28:41.528Z</time>
    <src>GPSD tag="RMC"</src>
    <fix>3d</fix>
    <sat>10</sat>
    <hdop>0.9</hdop>
    <vdop>1.4</vdop>
    <pdop>1.7</pdop>
   </trkpt>
   <trkpt lat="-34.889133" lon="-56.148252">
    <ele>56.500000</ele>
    <time>2011-12-21T19:28:42.528Z</time>
    <src>GPSD tag="RMC"</src>
    <fix>3d</fix>
    <sat>10</sat>
    <hdop>0.9</hdop>
    <vdop>1.4</vdop>
    <pdop>1.7</pdop>
   </trkpt>
   <trkpt lat="-34.889133" lon="-56.148252">
    <ele>56.500000</ele>
    <time>2011-12-21T19:28:43.528Z</time>
    <src>GPSD tag="RMC"</src>
    <fix>3d</fix>
    <sat>10</sat>
    <hdop>0.9</hdop>
    <vdop>1.4</vdop>
    <pdop>1.7</pdop>
   </trkpt>
   <trkpt lat="-34.889135" lon="-56.148253">
    <ele>56.500000</ele>
    <time>2011-12-21T19:28:44.528Z</time>
    <src>GPSD tag="RMC"</src>
    <fix>3d</fix>
    <sat>10</sat>
    <hdop>0.9</hdop>
    <vdop>1.4</vdop>
    <pdop>1.7</pdop>
   </trkpt>
   <trkpt lat="-34.889135" lon="-56.148253">
    <ele>56.500000</ele>
    <time>2011-12-21T19:28:45.528Z</time>
    <src>GPSD tag="RMC"</src>
    <fix>3d</fix>
    <sat>10</sat>
    <hdop>0.9</hdop>
    <vdop>1.4</vdop>
    <pdop>1.7</pdop>
   </trkpt>
   <trkpt lat="-34.889135" lon="-56.148252">
    <ele>56.500000</ele>
    <time>2011-12-21T19:28:46.528Z</time>
    <src>GPSD tag="RMC"</src>
    <fix>3d</fix>
    <sat>10</sat>
    <hdop>0.9</hdop>
    <vdop>1.4</vdop>
    <pdop>1.7</pdop>
   </trkpt>
   <trkpt lat="-34.889135" lon="-56.148252">
    <ele>56.500000</ele>
    <time>2011-12-21T19:28:47.528Z</time>
    <src>GPSD tag="RMC"</src>
    <fix>3d</fix>
    <sat>10</sat>
    <hdop>0.9</hdop>
    <vdop>1.4</vdop>
    <pdop>1.7</pdop>
   </trkpt>
   <trkpt lat="-34.889135" lon="-56.148252">
    <ele>56.500000</ele>
    <time>2011-12-21T19:28:48.528Z</time>
    <src>GPSD tag="RMC"</src>
    <fix>3d</fix>
    <sat>10</sat>
    <hdop>0.9</hdop>
    <vdop>1.4</vdop>
    <pdop>1.7</pdop>
   </trkpt>
   <trkpt lat="-34.889135" lon="-56.148252">
    <ele>56.500000</ele>
    <time>2011-12-21T19:28:49.528Z</time>
    <src>GPSD tag="RMC"</src>
    <fix>3d</fix>
    <sat>10</sat>
    <hdop>0.9</hdop>
    <vdop>1.4</vdop>
    <pdop>1.7</pdop>
   </trkpt>
   <trkpt lat="-34.889135" lon="-56.148252">
    <ele>56.600000</ele>
    <time>2011-12-21T19:28:50.528Z</time>
    <src>GPSD tag="RMC"</src>
    <fix>3d</fix>
    <sat>10</sat>
    <hdop>0.9</hdop>
    <vdop>1.4</vdop>
    <pdop>1.7</pdop>
   </trkpt>
   <trkpt lat="-34.889135" lon="-56.148252">
    <ele>56.600000</ele>
    <time>2011-12-21T19:28:51.528Z</time>
    <src>GPSD tag="RMC"</src>
    <fix>3d</fix>
    <sat>10</sat>
    <hdop>0.9</hdop>
    <vdop>1.4</vdop>
    <pdop>1.7</pdop>
   </trkpt>
   <trkpt lat="-34.889135" lon="-56.148252">
    <ele>56.600000</ele>
    <time>2011-12-21T19:28:52.528Z</time>
    <src>GPSD tag="RMC"</src>
    <fix>3d</fix>
    <sat>10</sat>
    <hdop>0.9</hdop>
    <vdop>1.4</vdop>
    <pdop>1.7</pdop>
   </trkpt>
   <trkpt lat="-34.889135" lon="-56.148252">
    <ele>56.700000</ele>
    <time>2011-12-21T19:28:53.528Z</time>
    <src>GPSD tag="RMC"</src>
    <fix>3d</fix>
    <sat>10</sat>
    <hdop>0.9</hdop>
    <vdop>1.4</vdop>
    <pdop>1.7</pdop>
   </trkpt>
   <trkpt lat="-34.889135" lon="-56.148252">
    <ele>56.700000</ele>
    <time>2011-12-21T19:28:54.528Z</time>
    <src>GPSD tag="RMC"</src>
    <fix>3d</fix>
    <sat>10</sat>
    <hdop>0.9</hdop>
    <vdop>1.4</vdop>
    <pdop>1.7</pdop>
   </trkpt>
   <trkpt lat="-34.889135" lon="-56.148250">
    <ele>56.700000</ele>
    <time>2011-12-21T19:28:55.528Z</time>
    <src>GPSD tag="RMC"</src>
    <fix>3d</fix>
    <sat>10</sat>
    <hdop>0.9</hdop>
    <vdop>1.4</vdop>
    <pdop>1.7</pdop>
   </trkpt>
   <trkpt lat="-34.889135" lon="-56.148250">
    <ele>56.700000</ele>
    <time>2011-12-21T19:28:56.528Z</time>
    <src>GPSD tag="RMC"</src>
    <fix>3d</fix>
    <sat>10</sat>
    <hdop>0.9</hdop>
    <vdop>1.4</vdop>
    <pdop>1.7</pdop>
   </trkpt>
   <trkpt lat="-34.889135" lon="-56.148250">
    <ele>56.800000</ele>
    <time>2011-12-21T19:28:57.528Z</time>
    <src>GPSD tag="RMC"</src>
    <fix>3d</fix>
    <sat>10</sat>
    <hdop>0.9</hdop>
    <vdop>1.4</vdop>
    <pdop>1.7</pdop>
   </trkpt>
   <trkpt lat="-34.889135" lon="-56.148250">
    <ele>56.800000</ele>
    <time>2011-12-21T19:28:58.528Z</time>
    <src>GPSD tag="RMC"</src>
    <fix>3d</fix>
    <sat>10</sat>
    <hdop>0.9</hdop>
    <vdop>1.4</vdop>
    <pdop>1.7</pdop>
   </trkpt>
   <trkpt lat="-34.889135" lon="-56.148250">
    <ele>56.900000</ele>
    <time>2011-12-21T19:28:59.528Z</time>
    <src>GPSD tag="RMC"</src>
    <fix>3d</fix>
    <sat>10</sat>
    <hdop>0.9</hdop>
    <vdop>1.4</vdop>
    <pdop>1.7</pdop>
   </trkpt>
   <trkpt lat="-34.889135" lon="-56.148248">
    <ele>56.900000</ele>
    <time>2011-12-21T19:29:00.528Z</time>
    <src>GPSD tag="RMC"</src>
    <fix>3d</fix>
    <sat>10</sat>
    <hdop>0.9</hdop>
    <vdop>1.4</vdop>
    <pdop>1.7</pdop>
   </trkpt>
   <trkpt lat="-34.889135" lon="-56.148248">
    <ele>57.000000</ele>
    <time>2011-12-21T19:29:01.528Z</time>
    <src>GPSD tag="RMC"</src>
    <fix>3d</fix>
    <sat>10</sat>
    <hdop>0.9</hdop>
    <vdop>1.4</vdop>
    <pdop>1.7</pdop>
   </trkpt>
   <trkpt lat="-34.889135" lon="-56.148248">
    <ele>57.000000</ele>
    <time>2011-12-21T19:29:02.528Z</time>
    <src>GPSD tag="RMC"</src>
    <fix>3d</fix>
    <sat>10</sat>
    <hdop>0.9</hdop>
    <vdop>1.4</vdop>
    <pdop>1.7</pdop>
   </trkpt>
   <trkpt lat="-34.889135" lon="-56.148247">
    <ele>57.000000</ele>
    <time>2011-12-21T19:29:03.528Z</time>
    <src>GPSD tag="RMC"</src>
    <fix>3d</fix>
    <sat>10</sat>
    <hdop>0.9</hdop>
    <vdop>1.4</vdop>
    <pdop>1.7</pdop>
   </trkpt>
   <trkpt lat="-34.889135" lon="-56.148247">
    <ele>57.100000</ele>
    <time>2011-12-21T19:29:04.528Z</time>
    <src>GPSD tag="RMC"</src>
    <fix>3d</fix>
    <sat>10</sat>
    <hdop>0.9</hdop>
    <vdop>1.4</vdop>
    <pdop>1.7</pdop>
   </trkpt>
   <trkpt lat="-34.889135" lon="-56.148247">
    <ele>57.100000</ele>
    <time>2011-12-21T19:29:05.528Z</time>
    <src>GPSD tag="RMC"</src>
    <fix>3d</fix>
    <sat>10</sat>
    <hdop>0.9</hdop>
    <vdop>1.4</vdop>
    <pdop>1.7</pdop>
   </trkpt>
   <trkpt lat="-34.889135" lon="-56.148247">
    <ele>57.100000</ele>
    <time>2011-12-21T19:29:06.528Z</time>
    <src>GPSD tag="RMC"</src>
    <fix>3d</fix>
    <sat>10</sat>
    <hdop>0.9</hdop>
    <vdop>1.4</vdop>
    <pdop>1.7</pdop>
   </trkpt>
   <trkpt lat="-34.889135" lon="-56.148247">
    <ele>57.100000</ele>
    <time>2011-12-21T19:29:07.528Z</time>
    <src>GPSD tag="RMC"</src>
    <fix>3d</fix>
    <sat>10</sat>
    <hdop>0.9</hdop>
    <vdop>1.4</vdop>
    <pdop>1.7</pdop>
   </trkpt>
   <trkpt lat="-34.889135" lon="-56.148247">
    <ele>57.100000</ele>
    <time>2011-12-21T19:29:08.528Z</time>
    <src>GPSD tag="RMC"</src>
    <fix>3d</fix>
    <sat>10</sat>
    <hdop>0.9</hdop>
    <vdop>1.4</vdop>
    <pdop>1.7</pdop>
   </trkpt>
   <trkpt lat="-34.889137" lon="-56.148247">
    <ele>57.100000</ele>
    <time>2011-12-21T19:29:09.528Z</time>
    <src>GPSD tag="RMC"</src>
    <fix>3d</fix>
    <sat>10</sat>
    <hdop>0.9</hdop>
    <vdop>1.4</vdop>
    <pdop>1.7</pdop>
   </trkpt>
   <trkpt lat="-34.889137" lon="-56.148247">
    <ele>57.100000</ele>
    <time>2011-12-21T19:29:10.528Z</time>
    <src>GPSD tag="RMC"</src>
    <fix>3d</fix>
    <sat>10</sat>
    <hdop>0.9</hdop>
    <vdop>1.4</vdop>
    <pdop>1.7</pdop>
   </trkpt>
   <trkpt lat="-34.889137" lon="-56.148247">
    <ele>57.100000</ele>
    <time>2011-12-21T19:29:11.528Z</time>
    <src>GPSD tag="RMC"</src>
    <fix>3d</fix>
    <sat>10</sat>
    <hdop>0.9</hdop>
    <vdop>1.4</vdop>
    <pdop>1.7</pdop>
   </trkpt>
   <trkpt lat="-34.889137" lon="-56.148247">
    <ele>57.100000</ele>
    <time>2011-12-21T19:29:12.528Z</time>
    <src>GPSD tag="RMC"</src>
    <fix>3d</fix>
    <sat>10</sat>
    <hdop>0.9</hdop>
    <vdop>1.4</vdop>
    <pdop>1.7</pdop>
   </trkpt>
   <trkpt lat="-34.889137" lon="-56.148247">
    <ele>57.100000</ele>
    <time>2011-12-21T19:29:13.528Z</time>
    <src>GPSD tag="RMC"</src>
    <fix>3d</fix>
    <sat>10</sat>
    <hdop>0.9</hdop>
    <vdop>1.4</vdop>
    <pdop>1.7</pdop>
   </trkpt>
   <trkpt lat="-34.889137" lon="-56.148247">
    <ele>57.100000</ele>
    <time>2011-12-21T19:29:14.528Z</time>
    <src>GPSD tag="RMC"</src>
    <fix>3d</fix>
    <sat>10</sat>
    <hdop>0.9</hdop>
    <vdop>1.4</vdop>
    <pdop>1.7</pdop>
   </trkpt>
   <trkpt lat="-34.889137" lon="-56.148247">
    <ele>57.100000</ele>
    <time>2011-12-21T19:29:15.528Z</time>
    <src>GPSD tag="RMC"</src>
    <fix>3d</fix>
    <sat>10</sat>
    <hdop>0.9</hdop>
    <vdop>1.4</vdop>
    <pdop>1.7</pdop>
   </trkpt>
   <trkpt lat="-34.889137" lon="-56.148248">
    <ele>57.100000</ele>
    <time>2011-12-21T19:29:16.528Z</time>
    <src>GPSD tag="RMC"</src>
    <fix>3d</fix>
    <sat>10</sat>
    <hdop>0.9</hdop>
    <vdop>1.4</vdop>
    <pdop>1.7</pdop>
   </trkpt>
   <trkpt lat="-34.889137" lon="-56.148248">
    <ele>57.100000</ele>
    <time>2011-12-21T19:29:17.528Z</time>
    <src>GPSD tag="RMC"</src>
    <fix>3d</fix>
    <sat>10</sat>
    <hdop>0.9</hdop>
    <vdop>1.4</vdop>
    <pdop>1.7</pdop>
   </trkpt>
   <trkpt lat="-34.889137" lon="-56.148248">
    <ele>57.100000</ele>
    <time>2011-12-21T19:29:18.528Z</time>
    <src>GPSD tag="RMC"</src>
    <fix>3d</fix>
    <sat>10</sat>
    <hdop>0.9</hdop>
    <vdop>1.4</vdop>
    <pdop>1.7</pdop>
   </trkpt>
   <trkpt lat="-34.889137" lon="-56.148248">
    <ele>57.000000</ele>
    <time>2011-12-21T19:29:19.528Z</time>
    <src>GPSD tag="RMC"</src>
    <fix>3d</fix>
    <sat>10</sat>
    <hdop>0.9</hdop>
    <vdop>1.4</vdop>
    <pdop>1.7</pdop>
   </trkpt>
   <trkpt lat="-34.889137" lon="-56.148248">
    <ele>57.000000</ele>
    <time>2011-12-21T19:29:20.528Z</time>
    <src>GPSD tag="RMC"</src>
    <fix>3d</fix>
    <sat>10</sat>
    <hdop>0.9</hdop>
    <vdop>1.4</vdop>
    <pdop>1.7</pdop>
   </trkpt>
   <trkpt lat="-34.889137" lon="-56.148248">
    <ele>57.000000</ele>
    <time>2011-12-21T19:29:21.528Z</time>
    <src>GPSD tag="RMC"</src>
    <fix>3d</fix>
    <sat>10</sat>
    <hdop>0.9</hdop>
    <vdop>1.4</vdop>
    <pdop>1.7</pdop>
   </trkpt>
   <trkpt lat="-34.889137" lon="-56.148248">
    <ele>57.000000</ele>
    <time>2011-12-21T19:29:22.528Z</time>
    <src>GPSD tag="RMC"</src>
    <fix>3d</fix>
    <sat>10</sat>
    <hdop>0.9</hdop>
    <vdop>1.4</vdop>
    <pdop>1.7</pdop>
   </trkpt>
   <trkpt lat="-34.889137" lon="-56.148248">
    <ele>57.000000</ele>
    <time>2011-12-21T19:29:23.528Z</time>
    <src>GPSD tag="RMC"</src>
    <fix>3d</fix>
    <sat>10</sat>
    <hdop>0.9</hdop>
    <vdop>1.4</vdop>
    <pdop>1.7</pdop>
   </trkpt>
   <trkpt lat="-34.889137" lon="-56.148248">
    <ele>57.000000</ele>
    <time>2011-12-21T19:29:24.528Z</time>
    <src>GPSD tag="RMC"</src>
    <fix>3d</fix>
    <sat>10</sat>
    <hdop>0.9</hdop>
    <vdop>1.4</vdop>
    <pdop>1.7</pdop>
   </trkpt>
   <trkpt lat="-34.889137" lon="-56.148248">
    <ele>57.100000</ele>
    <time>2011-12-21T19:29:25.528Z</time>
    <src>GPSD tag="RMC"</src>
    <fix>3d</fix>
    <sat>10</sat>
    <hdop>0.9</hdop>
    <vdop>1.4</vdop>
    <pdop>1.7</pdop>
   </trkpt>
   <trkpt lat="-34.889135" lon="-56.148248">
    <ele>57.100000</ele>
    <time>2011-12-21T19:29:26.528Z</time>
    <src>GPSD tag="RMC"</src>
    <fix>3d</fix>
    <sat>10</sat>
    <hdop>0.9</hdop>
    <vdop>1.4</vdop>
    <pdop>1.7</pdop>
   </trkpt>
   <trkpt lat="-34.889135" lon="-56.148247">
    <ele>57.100000</ele>
    <time>2011-12-21T19:29:27.528Z</time>
    <src>GPSD tag="RMC"</src>
    <fix>3d</fix>
    <sat>10</sat>
    <hdop>0.9</hdop>
    <vdop>1.4</vdop>
    <pdop>1.7</pdop>
   </trkpt>
   <trkpt lat="-34.889135" lon="-56.148247">
    <ele>57.100000</ele>
    <time>2011-12-21T19:29:28.528Z</time>
    <src>GPSD tag="RMC"</src>
    <fix>3d</fix>
    <sat>10</sat>
    <hdop>0.9</hdop>
    <vdop>1.4</vdop>
    <pdop>1.7</pdop>
   </trkpt>
   <trkpt lat="-34.889135" lon="-56.148247">
    <ele>57.200000</ele>
    <time>2011-12-21T19:29:29.528Z</time>
    <src>GPSD tag="RMC"</src>
    <fix>3d</fix>
    <sat>10</sat>
    <hdop>0.9</hdop>
    <vdop>1.4</vdop>
    <pdop>1.7</pdop>
   </trkpt>
   <trkpt lat="-34.889135" lon="-56.148247">
    <ele>57.200000</ele>
    <time>2011-12-21T19:29:30.528Z</time>
    <src>GPSD tag="RMC"</src>
    <fix>3d</fix>
    <sat>10</sat>
    <hdop>0.9</hdop>
    <vdop>1.4</vdop>
    <pdop>1.7</pdop>
   </trkpt>
   <trkpt lat="-34.889135" lon="-56.148245">
    <ele>57.200000</ele>
    <time>2011-12-21T19:29:31.528Z</time>
    <src>GPSD tag="RMC"</src>
    <fix>3d</fix>
    <sat>10</sat>
    <hdop>0.9</hdop>
    <vdop>1.4</vdop>
    <pdop>1.7</pdop>
   </trkpt>
   <trkpt lat="-34.889133" lon="-56.148245">
    <ele>57.300000</ele>
    <time>2011-12-21T19:29:32.528Z</time>
    <src>GPSD tag="RMC"</src>
    <fix>3d</fix>
    <sat>10</sat>
    <hdop>0.9</hdop>
    <vdop>1.4</vdop>
    <pdop>1.7</pdop>
   </trkpt>
   <trkpt lat="-34.889133" lon="-56.148245">
    <ele>57.300000</ele>
    <time>2011-12-21T19:29:33.528Z</time>
    <src>GPSD tag="RMC"</src>
    <fix>3d</fix>
    <sat>10</sat>
    <hdop>0.9</hdop>
    <vdop>1.4</vdop>
    <pdop>1.7</pdop>
   </trkpt>
   <trkpt lat="-34.889133" lon="-56.148245">
    <ele>57.300000</ele>
    <time>2011-12-21T19:29:34.528Z</time>
    <src>GPSD tag="RMC"</src>
    <fix>3d</fix>
    <sat>10</sat>
    <hdop>0.9</hdop>
    <vdop>1.4</vdop>
    <pdop>1.7</pdop>
   </trkpt>
   <trkpt lat="-34.889133" lon="-56.148245">
    <ele>57.300000</ele>
    <time>2011-12-21T19:29:35.528Z</time>
    <src>GPSD tag="RMC"</src>
    <fix>3d</fix>
    <sat>10</sat>
    <hdop>0.9</hdop>
    <vdop>1.4</vdop>
    <pdop>1.7</pdop>
   </trkpt>
   <trkpt lat="-34.889133" lon="-56.148245">
    <ele>57.400000</ele>
    <time>2011-12-21T19:29:36.528Z</time>
    <src>GPSD tag="RMC"</src>
    <fix>3d</fix>
    <sat>10</sat>
    <hdop>0.9</hdop>
    <vdop>1.4</vdop>
    <pdop>1.7</pdop>
   </trkpt>
   <trkpt lat="-34.889133" lon="-56.148245">
    <ele>57.400000</ele>
    <time>2011-12-21T19:29:37.528Z</time>
    <src>GPSD tag="RMC"</src>
    <fix>3d</fix>
    <sat>10</sat>
    <hdop>0.9</hdop>
    <vdop>1.4</vdop>
    <pdop>1.7</pdop>
   </trkpt>
   <trkpt lat="-34.889133" lon="-56.148245">
    <ele>57.400000</ele>
    <time>2011-12-21T19:29:38.528Z</time>
    <src>GPSD tag="RMC"</src>
    <fix>3d</fix>
    <sat>10</sat>
    <hdop>0.9</hdop>
    <vdop>1.4</vdop>
    <pdop>1.7</pdop>
   </trkpt>
   <trkpt lat="-34.889133" lon="-56.148245">
    <ele>57.400000</ele>
    <time>2011-12-21T19:29:39.528Z</time>
    <src>GPSD tag="RMC"</src>
    <fix>3d</fix>
    <sat>10</sat>
    <hdop>0.9</hdop>
    <vdop>1.4</vdop>
    <pdop>1.7</pdop>
   </trkpt>
   <trkpt lat="-34.889133" lon="-56.148243">
    <ele>57.400000</ele>
    <time>2011-12-21T19:29:40.528Z</time>
    <src>GPSD tag="RMC"</src>
    <fix>3d</fix>
    <sat>10</sat>
    <hdop>0.9</hdop>
    <vdop>1.4</vdop>
    <pdop>1.7</pdop>
   </trkpt>
   <trkpt lat="-34.889133" lon="-56.148243">
    <ele>57.500000</ele>
    <time>2011-12-21T19:29:41.528Z</time>
    <src>GPSD tag="RMC"</src>
    <fix>3d</fix>
    <sat>10</sat>
    <hdop>0.9</hdop>
    <vdop>1.4</vdop>
    <pdop>1.7</pdop>
   </trkpt>
   <trkpt lat="-34.889133" lon="-56.148243">
    <ele>57.500000</ele>
    <time>2011-12-21T19:29:42.528Z</time>
    <src>GPSD tag="RMC"</src>
    <fix>3d</fix>
    <sat>10</sat>
    <hdop>0.9</hdop>
    <vdop>1.4</vdop>
    <pdop>1.7</pdop>
   </trkpt>
   <trkpt lat="-34.889133" lon="-56.148243">
    <ele>57.500000</ele>
    <time>2011-12-21T19:29:43.528Z</time>
    <src>GPSD tag="RMC"</src>
    <fix>3d</fix>
    <sat>10</sat>
    <hdop>0.9</hdop>
    <vdop>1.4</vdop>
    <pdop>1.7</pdop>
   </trkpt>
   <trkpt lat="-34.889133" lon="-56.148243">
    <ele>57.500000</ele>
    <time>2011-12-21T19:29:44.528Z</time>
    <src>GPSD tag="RMC"</src>
    <fix>3d</fix>
    <sat>10</sat>
    <hdop>0.9</hdop>
    <vdop>1.4</vdop>
    <pdop>1.7</pdop>
   </trkpt>
   <trkpt lat="-34.889133" lon="-56.148243">
    <ele>57.500000</ele>
    <time>2011-12-21T19:29:45.528Z</time>
    <src>GPSD tag="RMC"</src>
    <fix>3d</fix>
    <sat>10</sat>
    <hdop>0.9</hdop>
    <vdop>1.4</vdop>
    <pdop>1.7</pdop>
   </trkpt>
   <trkpt lat="-34.889133" lon="-56.148243">
    <ele>57.600000</ele>
    <time>2011-12-21T19:29:46.528Z</time>
    <src>GPSD tag="RMC"</src>
    <fix>3d</fix>
    <sat>10</sat>
    <hdop>0.9</hdop>
    <vdop>1.4</vdop>
    <pdop>1.7</pdop>
   </trkpt>
   <trkpt lat="-34.889133" lon="-56.148243">
    <ele>57.600000</ele>
    <time>2011-12-21T19:29:47.528Z</time>
    <src>GPSD tag="RMC"</src>
    <fix>3d</fix>
    <sat>10</sat>
    <hdop>0.9</hdop>
    <vdop>1.4</vdop>
    <pdop>1.7</pdop>
   </trkpt>
   <trkpt lat="-34.889133" lon="-56.148243">
    <ele>57.600000</ele>
    <time>2011-12-21T19:29:48.528Z</time>
    <src>GPSD tag="RMC"</src>
    <fix>3d</fix>
    <sat>10</sat>
    <hdop>0.9</hdop>
    <vdop>1.4</vdop>
    <pdop>1.7</pdop>
   </trkpt>
   <trkpt lat="-34.889133" lon="-56.148243">
    <ele>57.600000</ele>
    <time>2011-12-21T19:29:49.528Z</time>
    <src>GPSD tag="RMC"</src>
    <fix>3d</fix>
    <sat>10</sat>
    <hdop>0.9</hdop>
    <vdop>1.4</vdop>
    <pdop>1.7</pdop>
   </trkpt>
   <trkpt lat="-34.889133" lon="-56.148243">
    <ele>57.600000</ele>
    <time>2011-12-21T19:29:50.528Z</time>
    <src>GPSD tag="RMC"</src>
    <fix>3d</fix>
    <sat>10</sat>
    <hdop>0.9</hdop>
    <vdop>1.4</vdop>
    <pdop>1.7</pdop>
   </trkpt>
   <trkpt lat="-34.889133" lon="-56.148243">
    <ele>57.600000</ele>
    <time>2011-12-21T19:29:51.528Z</time>
    <src>GPSD tag="RMC"</src>
    <fix>3d</fix>
    <sat>10</sat>
    <hdop>0.9</hdop>
    <vdop>1.4</vdop>
    <pdop>1.7</pdop>
   </trkpt>
   <trkpt lat="-34.889133" lon="-56.148243">
    <ele>57.600000</ele>
    <time>2011-12-21T19:29:52.528Z</time>
    <src>GPSD tag="RMC"</src>
    <fix>3d</fix>
    <sat>10</sat>
    <hdop>0.9</hdop>
    <vdop>1.4</vdop>
    <pdop>1.7</pdop>
   </trkpt>
   <trkpt lat="-34.889133" lon="-56.148243">
    <ele>57.600000</ele>
    <time>2011-12-21T19:29:53.528Z</time>
    <src>GPSD tag="RMC"</src>
    <fix>3d</fix>
    <sat>10</sat>
    <hdop>0.9</hdop>
    <vdop>1.4</vdop>
    <pdop>1.7</pdop>
   </trkpt>
   <trkpt lat="-34.889133" lon="-56.148243">
    <ele>57.600000</ele>
    <time>2011-12-21T19:29:54.528Z</time>
    <src>GPSD tag="RMC"</src>
    <fix>3d</fix>
    <sat>10</sat>
    <hdop>0.9</hdop>
    <vdop>1.4</vdop>
    <pdop>1.7</pdop>
   </trkpt>
   <trkpt lat="-34.889133" lon="-56.148243">
    <ele>57.600000</ele>
    <time>2011-12-21T19:29:55.528Z</time>
    <src>GPSD tag="RMC"</src>
    <fix>3d</fix>
    <sat>10</sat>
    <hdop>0.9</hdop>
    <vdop>1.4</vdop>
    <pdop>1.7</pdop>
   </trkpt>
   <trkpt lat="-34.889132" lon="-56.148242">
    <ele>57.600000</ele>
    <time>2011-12-21T19:29:56.528Z</time>
    <src>GPSD tag="RMC"</src>
    <fix>3d</fix>
    <sat>10</sat>
    <hdop>0.9</hdop>
    <vdop>1.4</vdop>
    <pdop>1.7</pdop>
   </trkpt>
   <trkpt lat="-34.889132" lon="-56.148242">
    <ele>57.600000</ele>
    <time>2011-12-21T19:29:57.528Z</time>
    <src>GPSD tag="RMC"</src>
    <fix>3d</fix>
    <sat>10</sat>
    <hdop>0.9</hdop>
    <vdop>1.4</vdop>
    <pdop>1.7</pdop>
   </trkpt>
   <trkpt lat="-34.889132" lon="-56.148242">
    <ele>57.600000</ele>
    <time>2011-12-21T19:29:58.528Z</time>
    <src>GPSD tag="RMC"</src>
    <fix>3d</fix>
    <sat>10</sat>
    <hdop>0.9</hdop>
    <vdop>1.4</vdop>
    <pdop>1.7</pdop>
   </trkpt>
   <trkpt lat="-34.889132" lon="-56.148242">
    <ele>57.600000</ele>
    <time>2011-12-21T19:29:59.528Z</time>
    <src>GPSD tag="RMC"</src>
    <fix>3d</fix>
    <sat>10</sat>
    <hdop>0.9</hdop>
    <vdop>1.4</vdop>
    <pdop>1.7</pdop>
   </trkpt>
   <trkpt lat="-34.889130" lon="-56.148242">
    <ele>57.700000</ele>
    <time>2011-12-21T19:30:00.528Z</time>
    <src>GPSD tag="RMC"</src>
    <fix>3d</fix>
    <sat>10</sat>
    <hdop>0.9</hdop>
    <vdop>1.4</vdop>
    <pdop>1.7</pdop>
   </trkpt>
   <trkpt lat="-34.889130" lon="-56.148242">
    <ele>57.700000</ele>
    <time>2011-12-21T19:30:01.528Z</time>
    <src>GPSD tag="RMC"</src>
    <fix>3d</fix>
    <sat>10</sat>
    <hdop>0.9</hdop>
    <vdop>1.4</vdop>
    <pdop>1.7</pdop>
   </trkpt>
   <trkpt lat="-34.889130" lon="-56.148242">
    <ele>57.700000</ele>
    <time>2011-12-21T19:30:02.528Z</time>
    <src>GPSD tag="RMC"</src>
    <fix>3d</fix>
    <sat>10</sat>
    <hdop>0.9</hdop>
    <vdop>1.4</vdop>
    <pdop>1.7</pdop>
   </trkpt>
   <trkpt lat="-34.889128" lon="-56.148240">
    <ele>57.700000</ele>
    <time>2011-12-21T19:30:03.528Z</time>
    <src>GPSD tag="RMC"</src>
    <fix>3d</fix>
    <sat>10</sat>
    <hdop>0.9</hdop>
    <vdop>1.4</vdop>
    <pdop>1.7</pdop>
   </trkpt>
   <trkpt lat="-34.889128" lon="-56.148242">
    <ele>57.700000</ele>
    <time>2011-12-21T19:30:04.528Z</time>
    <src>GPSD tag="RMC"</src>
    <fix>3d</fix>
    <sat>10</sat>
    <hdop>0.9</hdop>
    <vdop>1.4</vdop>
    <pdop>1.7</pdop>
   </trkpt>
   <trkpt lat="-34.889128" lon="-56.148240">
    <ele>57.700000</ele>
    <time>2011-12-21T19:30:05.528Z</time>
    <src>GPSD tag="RMC"</src>
    <fix>3d</fix>
    <sat>10</sat>
    <hdop>0.9</hdop>
    <vdop>1.4</vdop>
    <pdop>1.7</pdop>
   </trkpt>
   <trkpt lat="-34.889128" lon="-56.148240">
    <ele>57.700000</ele>
    <time>2011-12-21T19:30:06.528Z</time>
    <src>GPSD tag="RMC"</src>
    <fix>3d</fix>
    <sat>10</sat>
    <hdop>0.9</hdop>
    <vdop>1.4</vdop>
    <pdop>1.7</pdop>
   </trkpt>
   <trkpt lat="-34.889127" lon="-56.148240">
    <ele>57.600000</ele>
    <time>2011-12-21T19:30:07.528Z</time>
    <src>GPSD tag="RMC"</src>
    <fix>3d</fix>
    <sat>10</sat>
    <hdop>0.9</hdop>
    <vdop>1.4</vdop>
    <pdop>1.7</pdop>
   </trkpt>
   <trkpt lat="-34.889127" lon="-56.148240">
    <ele>57.600000</ele>
    <time>2011-12-21T19:30:08.528Z</time>
    <src>GPSD tag="RMC"</src>
    <fix>3d</fix>
    <sat>10</sat>
    <hdop>0.9</hdop>
    <vdop>1.4</vdop>
    <pdop>1.7</pdop>
   </trkpt>
   <trkpt lat="-34.889127" lon="-56.148240">
    <ele>57.600000</ele>
    <time>2011-12-21T19:30:09.528Z</time>
    <src>GPSD tag="RMC"</src>
    <fix>3d</fix>
    <sat>10</sat>
    <hdop>0.9</hdop>
    <vdop>1.4</vdop>
    <pdop>1.7</pdop>
   </trkpt>
   <trkpt lat="-34.889127" lon="-56.148240">
    <ele>57.600000</ele>
    <time>2011-12-21T19:30:10.528Z</time>
    <src>GPSD tag="RMC"</src>
    <fix>3d</fix>
    <sat>10</sat>
    <hdop>0.9</hdop>
    <vdop>1.4</vdop>
    <pdop>1.7</pdop>
   </trkpt>
   <trkpt lat="-34.889127" lon="-56.148240">
    <ele>57.600000</ele>
    <time>2011-12-21T19:30:11.528Z</time>
    <src>GPSD tag="RMC"</src>
    <fix>3d</fix>
    <sat>10</sat>
    <hdop>0.9</hdop>
    <vdop>1.4</vdop>
    <pdop>1.7</pdop>
   </trkpt>
   <trkpt lat="-34.889127" lon="-56.148240">
    <ele>57.600000</ele>
    <time>2011-12-21T19:30:12.528Z</time>
    <src>GPSD tag="RMC"</src>
    <fix>3d</fix>
    <sat>10</sat>
    <hdop>0.9</hdop>
    <vdop>1.4</vdop>
    <pdop>1.7</pdop>
   </trkpt>
   <trkpt lat="-34.889127" lon="-56.148240">
    <ele>57.600000</ele>
    <time>2011-12-21T19:30:13.528Z</time>
    <src>GPSD tag="RMC"</src>
    <fix>3d</fix>
    <sat>10</sat>
    <hdop>0.9</hdop>
    <vdop>1.4</vdop>
    <pdop>1.7</pdop>
   </trkpt>
   <trkpt lat="-34.889125" lon="-56.148240">
    <ele>57.600000</ele>
    <time>2011-12-21T19:30:14.528Z</time>
    <src>GPSD tag="RMC"</src>
    <fix>3d</fix>
    <sat>10</sat>
    <hdop>0.9</hdop>
    <vdop>1.4</vdop>
    <pdop>1.7</pdop>
   </trkpt>
   <trkpt lat="-34.889125" lon="-56.148240">
    <ele>57.600000</ele>
    <time>2011-12-21T19:30:15.528Z</time>
    <src>GPSD tag="RMC"</src>
    <fix>3d</fix>
    <sat>10</sat>
    <hdop>0.9</hdop>
    <vdop>1.4</vdop>
    <pdop>1.7</pdop>
   </trkpt>
   <trkpt lat="-34.889125" lon="-56.148240">
    <ele>57.700000</ele>
    <time>2011-12-21T19:30:16.528Z</time>
    <src>GPSD tag="RMC"</src>
    <fix>3d</fix>
    <sat>10</sat>
    <hdop>0.9</hdop>
    <vdop>1.4</vdop>
    <pdop>1.7</pdop>
   </trkpt>
   <trkpt lat="-34.889125" lon="-56.148240">
    <ele>57.700000</ele>
    <time>2011-12-21T19:30:17.528Z</time>
    <src>GPSD tag="RMC"</src>
    <fix>3d</fix>
    <sat>10</sat>
    <hdop>0.9</hdop>
    <vdop>1.4</vdop>
    <pdop>1.7</pdop>
   </trkpt>
   <trkpt lat="-34.889125" lon="-56.148240">
    <ele>57.700000</ele>
    <time>2011-12-21T19:30:18.528Z</time>
    <src>GPSD tag="RMC"</src>
    <fix>3d</fix>
    <sat>10</sat>
    <hdop>0.9</hdop>
    <vdop>1.4</vdop>
    <pdop>1.7</pdop>
   </trkpt>
   <trkpt lat="-34.889125" lon="-56.148242">
    <ele>57.700000</ele>
    <time>2011-12-21T19:30:19.528Z</time>
    <src>GPSD tag="RMC"</src>
    <fix>3d</fix>
    <sat>10</sat>
    <hdop>0.9</hdop>
    <vdop>1.4</vdop>
    <pdop>1.7</pdop>
   </trkpt>
   <trkpt lat="-34.889125" lon="-56.148242">
    <ele>57.700000</ele>
    <time>2011-12-21T19:30:20.528Z</time>
    <src>GPSD tag="RMC"</src>
    <fix>3d</fix>
    <sat>10</sat>
    <hdop>0.9</hdop>
    <vdop>1.4</vdop>
    <pdop>1.7</pdop>
   </trkpt>
   <trkpt lat="-34.889125" lon="-56.148242">
    <ele>57.800000</ele>
    <time>2011-12-21T19:30:21.528Z</time>
    <src>GPSD tag="RMC"</src>
    <fix>3d</fix>
    <sat>10</sat>
    <hdop>0.9</hdop>
    <vdop>1.4</vdop>
    <pdop>1.7</pdop>
   </trkpt>
   <trkpt lat="-34.889125" lon="-56.148242">
    <ele>57.800000</ele>
    <time>2011-12-21T19:30:22.528Z</time>
    <src>GPSD tag="RMC"</src>
    <fix>3d</fix>
    <sat>10</sat>
    <hdop>0.9</hdop>
    <vdop>1.4</vdop>
    <pdop>1.7</pdop>
   </trkpt>
   <trkpt lat="-34.889125" lon="-56.148242">
    <ele>57.800000</ele>
    <time>2011-12-21T19:30:23.528Z</time>
    <src>GPSD tag="RMC"</src>
    <fix>3d</fix>
    <sat>10</sat>
    <hdop>0.9</hdop>
    <vdop>1.4</vdop>
    <pdop>1.7</pdop>
   </trkpt>
   <trkpt lat="-34.889123" lon="-56.148242">
    <ele>57.800000</ele>
    <time>2011-12-21T19:30:24.528Z</time>
    <src>GPSD tag="RMC"</src>
    <fix>3d</fix>
    <sat>10</sat>
    <hdop>0.9</hdop>
    <vdop>1.4</vdop>
    <pdop>1.7</pdop>
   </trkpt>
   <trkpt lat="-34.889123" lon="-56.148242">
    <ele>57.800000</ele>
    <time>2011-12-21T19:30:25.528Z</time>
    <src>GPSD tag="RMC"</src>
    <fix>3d</fix>
    <sat>10</sat>
    <hdop>0.9</hdop>
    <vdop>1.4</vdop>
    <pdop>1.7</pdop>
   </trkpt>
   <trkpt lat="-34.889123" lon="-56.148242">
    <ele>57.800000</ele>
    <time>2011-12-21T19:30:26.528Z</time>
    <src>GPSD tag="RMC"</src>
    <fix>3d</fix>
    <sat>10</sat>
    <hdop>0.9</hdop>
    <vdop>1.4</vdop>
    <pdop>1.7</pdop>
   </trkpt>
   <trkpt lat="-34.889123" lon="-56.148242">
    <ele>57.800000</ele>
    <time>2011-12-21T19:30:27.528Z</time>
    <src>GPSD tag="RMC"</src>
    <fix>3d</fix>
    <sat>10</sat>
    <hdop>0.9</hdop>
    <vdop>1.4</vdop>
    <pdop>1.7</pdop>
   </trkpt>
   <trkpt lat="-34.889123" lon="-56.148242">
    <ele>57.900000</ele>
    <time>2011-12-21T19:30:28.528Z</time>
    <src>GPSD tag="RMC"</src>
    <fix>3d</fix>
    <sat>10</sat>
    <hdop>0.9</hdop>
    <vdop>1.4</vdop>
    <pdop>1.7</pdop>
   </trkpt>
   <trkpt lat="-34.889123" lon="-56.148240">
    <ele>57.900000</ele>
    <time>2011-12-21T19:30:29.528Z</time>
    <src>GPSD tag="RMC"</src>
    <fix>3d</fix>
    <sat>10</sat>
    <hdop>0.9</hdop>
    <vdop>1.4</vdop>
    <pdop>1.7</pdop>
   </trkpt>
   <trkpt lat="-34.889123" lon="-56.148240">
    <ele>57.900000</ele>
    <time>2011-12-21T19:30:30.528Z</time>
    <src>GPSD tag="RMC"</src>
    <fix>3d</fix>
    <sat>10</sat>
    <hdop>0.9</hdop>
    <vdop>1.4</vdop>
    <pdop>1.7</pdop>
   </trkpt>
   <trkpt lat="-34.889123" lon="-56.148240">
    <ele>57.800000</ele>
    <time>2011-12-21T19:30:31.528Z</time>
    <src>GPSD tag="RMC"</src>
    <fix>3d</fix>
    <sat>10</sat>
    <hdop>0.9</hdop>
    <vdop>1.4</vdop>
    <pdop>1.7</pdop>
   </trkpt>
   <trkpt lat="-34.889125" lon="-56.148240">
    <ele>57.800000</ele>
    <time>2011-12-21T19:30:32.528Z</time>
    <src>GPSD tag="RMC"</src>
    <fix>3d</fix>
    <sat>10</sat>
    <hdop>0.9</hdop>
    <vdop>1.4</vdop>
    <pdop>1.7</pdop>
   </trkpt>
   <trkpt lat="-34.889125" lon="-56.148240">
    <ele>57.800000</ele>
    <time>2011-12-21T19:30:33.528Z</time>
    <src>GPSD tag="RMC"</src>
    <fix>3d</fix>
    <sat>10</sat>
    <hdop>0.9</hdop>
    <vdop>1.4</vdop>
    <pdop>1.7</pdop>
   </trkpt>
   <trkpt lat="-34.889125" lon="-56.148240">
    <ele>57.800000</ele>
    <time>2011-12-21T19:30:34.528Z</time>
    <src>GPSD tag="RMC"</src>
    <fix>3d</fix>
    <sat>10</sat>
    <hdop>0.9</hdop>
    <vdop>1.4</vdop>
    <pdop>1.7</pdop>
   </trkpt>
   <trkpt lat="-34.889125" lon="-56.148240">
    <ele>57.800000</ele>
    <time>2011-12-21T19:30:35.528Z</time>
    <src>GPSD tag="RMC"</src>
    <fix>3d</fix>
    <sat>10</sat>
    <hdop>0.9</hdop>
    <vdop>1.4</vdop>
    <pdop>1.7</pdop>
   </trkpt>
   <trkpt lat="-34.889125" lon="-56.148240">
    <ele>57.800000</ele>
    <time>2011-12-21T19:30:36.528Z</time>
    <src>GPSD tag="RMC"</src>
    <fix>3d</fix>
    <sat>10</sat>
    <hdop>0.9</hdop>
    <vdop>1.4</vdop>
    <pdop>1.7</pdop>
   </trkpt>
   <trkpt lat="-34.889125" lon="-56.148240">
    <ele>57.800000</ele>
    <time>2011-12-21T19:30:37.528Z</time>
    <src>GPSD tag="RMC"</src>
    <fix>3d</fix>
    <sat>10</sat>
    <hdop>0.9</hdop>
    <vdop>1.4</vdop>
    <pdop>1.7</pdop>
   </trkpt>
   <trkpt lat="-34.889125" lon="-56.148240">
    <ele>57.800000</ele>
    <time>2011-12-21T19:30:38.528Z</time>
    <src>GPSD tag="RMC"</src>
    <fix>3d</fix>
    <sat>10</sat>
    <hdop>0.9</hdop>
    <vdop>1.4</vdop>
    <pdop>1.7</pdop>
   </trkpt>
   <trkpt lat="-34.889125" lon="-56.148240">
    <ele>57.800000</ele>
    <time>2011-12-21T19:30:39.528Z</time>
    <src>GPSD tag="RMC"</src>
    <fix>3d</fix>
    <sat>10</sat>
    <hdop>0.9</hdop>
    <vdop>1.4</vdop>
    <pdop>1.7</pdop>
   </trkpt>
   <trkpt lat="-34.889125" lon="-56.148240">
    <ele>57.900000</ele>
    <time>2011-12-21T19:30:40.528Z</time>
    <src>GPSD tag="RMC"</src>
    <fix>3d</fix>
    <sat>10</sat>
    <hdop>0.9</hdop>
    <vdop>1.4</vdop>
    <pdop>1.7</pdop>
   </trkpt>
   <trkpt lat="-34.889125" lon="-56.148240">
    <ele>57.900000</ele>
    <time>2011-12-21T19:30:41.528Z</time>
    <src>GPSD tag="RMC"</src>
    <fix>3d</fix>
    <sat>10</sat>
    <hdop>0.9</hdop>
    <vdop>1.4</vdop>
    <pdop>1.7</pdop>
   </trkpt>
   <trkpt lat="-34.889125" lon="-56.148238">
    <ele>57.900000</ele>
    <time>2011-12-21T19:30:42.528Z</time>
    <src>GPSD tag="RMC"</src>
    <fix>3d</fix>
    <sat>10</sat>
    <hdop>0.9</hdop>
    <vdop>1.4</vdop>
    <pdop>1.7</pdop>
   </trkpt>
   <trkpt lat="-34.889125" lon="-56.148238">
    <ele>57.900000</ele>
    <time>2011-12-21T19:30:43.528Z</time>
    <src>GPSD tag="RMC"</src>
    <fix>3d</fix>
    <sat>10</sat>
    <hdop>0.9</hdop>
    <vdop>1.4</vdop>
    <pdop>1.7</pdop>
   </trkpt>
   <trkpt lat="-34.889125" lon="-56.148238">
    <ele>57.900000</ele>
    <time>2011-12-21T19:30:44.528Z</time>
    <src>GPSD tag="RMC"</src>
    <fix>3d</fix>
    <sat>10</sat>
    <hdop>0.9</hdop>
    <vdop>1.4</vdop>
    <pdop>1.7</pdop>
   </trkpt>
   <trkpt lat="-34.889125" lon="-56.148238">
    <ele>57.900000</ele>
    <time>2011-12-21T19:30:45.528Z</time>
    <src>GPSD tag="RMC"</src>
    <fix>3d</fix>
    <sat>10</sat>
    <hdop>0.9</hdop>
    <vdop>1.4</vdop>
    <pdop>1.7</pdop>
   </trkpt>
   <trkpt lat="-34.889125" lon="-56.148238">
    <ele>57.800000</ele>
    <time>2011-12-21T19:30:46.528Z</time>
    <src>GPSD tag="RMC"</src>
    <fix>3d</fix>
    <sat>10</sat>
    <hdop>0.9</hdop>
    <vdop>1.4</vdop>
    <pdop>1.7</pdop>
   </trkpt>
   <trkpt lat="-34.889125" lon="-56.148238">
    <ele>57.800000</ele>
    <time>2011-12-21T19:30:47.528Z</time>
    <src>GPSD tag="RMC"</src>
    <fix>3d</fix>
    <sat>10</sat>
    <hdop>0.9</hdop>
    <vdop>1.4</vdop>
    <pdop>1.7</pdop>
   </trkpt>
   <trkpt lat="-34.889125" lon="-56.148238">
    <ele>57.800000</ele>
    <time>2011-12-21T19:30:48.528Z</time>
    <src>GPSD tag="RMC"</src>
    <fix>3d</fix>
    <sat>10</sat>
    <hdop>0.9</hdop>
    <vdop>1.4</vdop>
    <pdop>1.7</pdop>
   </trkpt>
   <trkpt lat="-34.889125" lon="-56.148238">
    <ele>57.800000</ele>
    <time>2011-12-21T19:30:49.528Z</time>
    <src>GPSD tag="RMC"</src>
    <fix>3d</fix>
    <sat>10</sat>
    <hdop>0.9</hdop>
    <vdop>1.4</vdop>
    <pdop>1.7</pdop>
   </trkpt>
   <trkpt lat="-34.889125" lon="-56.148238">
    <ele>57.800000</ele>
    <time>2011-12-21T19:30:50.528Z</time>
    <src>GPSD tag="RMC"</src>
    <fix>3d</fix>
    <sat>10</sat>
    <hdop>0.9</hdop>
    <vdop>1.4</vdop>
    <pdop>1.7</pdop>
   </trkpt>
   <trkpt lat="-34.889125" lon="-56.148238">
    <ele>57.800000</ele>
    <time>2011-12-21T19:30:51.528Z</time>
    <src>GPSD tag="RMC"</src>
    <fix>3d</fix>
    <sat>10</sat>
    <hdop>0.9</hdop>
    <vdop>1.4</vdop>
    <pdop>1.7</pdop>
   </trkpt>
   <trkpt lat="-34.889125" lon="-56.148238">
    <ele>57.800000</ele>
    <time>2011-12-21T19:30:52.528Z</time>
    <src>GPSD tag="RMC"</src>
    <fix>3d</fix>
    <sat>10</sat>
    <hdop>0.9</hdop>
    <vdop>1.4</vdop>
    <pdop>1.7</pdop>
   </trkpt>
   <trkpt lat="-34.889125" lon="-56.148238">
    <ele>57.800000</ele>
    <time>2011-12-21T19:30:53.528Z</time>
    <src>GPSD tag="RMC"</src>
    <fix>3d</fix>
    <sat>10</sat>
    <hdop>0.9</hdop>
    <vdop>1.4</vdop>
    <pdop>1.7</pdop>
   </trkpt>
   <trkpt lat="-34.889125" lon="-56.148238">
    <ele>57.800000</ele>
    <time>2011-12-21T19:30:54.528Z</time>
    <src>GPSD tag="RMC"</src>
    <fix>3d</fix>
    <sat>10</sat>
    <hdop>0.9</hdop>
    <vdop>1.4</vdop>
    <pdop>1.7</pdop>
   </trkpt>
   <trkpt lat="-34.889125" lon="-56.148238">
    <ele>57.800000</ele>
    <time>2011-12-21T19:30:55.528Z</time>
    <src>GPSD tag="RMC"</src>
    <fix>3d</fix>
    <sat>10</sat>
    <hdop>0.9</hdop>
    <vdop>1.4</vdop>
    <pdop>1.7</pdop>
   </trkpt>
   <trkpt lat="-34.889125" lon="-56.148238">
    <ele>57.800000</ele>
    <time>2011-12-21T19:30:56.528Z</time>
    <src>GPSD tag="RMC"</src>
    <fix>3d</fix>
    <sat>10</sat>
    <hdop>0.9</hdop>
    <vdop>1.4</vdop>
    <pdop>1.7</pdop>
   </trkpt>
   <trkpt lat="-34.889125" lon="-56.148238">
    <ele>57.800000</ele>
    <time>2011-12-21T19:30:57.528Z</time>
    <src>GPSD tag="RMC"</src>
    <fix>3d</fix>
    <sat>10</sat>
    <hdop>0.9</hdop>
    <vdop>1.4</vdop>
    <pdop>1.7</pdop>
   </trkpt>
   <trkpt lat="-34.889125" lon="-56.148238">
    <ele>57.900000</ele>
    <time>2011-12-21T19:30:58.528Z</time>
    <src>GPSD tag="RMC"</src>
    <fix>3d</fix>
    <sat>10</sat>
    <hdop>0.9</hdop>
    <vdop>1.4</vdop>
    <pdop>1.7</pdop>
   </trkpt>
   <trkpt lat="-34.889125" lon="-56.148238">
    <ele>57.900000</ele>
    <time>2011-12-21T19:30:59.528Z</time>
    <src>GPSD tag="RMC"</src>
    <fix>3d</fix>
    <sat>10</sat>
    <hdop>0.9</hdop>
    <vdop>1.4</vdop>
    <pdop>1.7</pdop>
   </trkpt>
   <trkpt lat="-34.889125" lon="-56.148240">
    <ele>57.900000</ele>
    <time>2011-12-21T19:31:00.528Z</time>
    <src>GPSD tag="RMC"</src>
    <fix>3d</fix>
    <sat>10</sat>
    <hdop>0.9</hdop>
    <vdop>1.4</vdop>
    <pdop>1.7</pdop>
   </trkpt>
   <trkpt lat="-34.889125" lon="-56.148240">
    <ele>57.900000</ele>
    <time>2011-12-21T19:31:01.528Z</time>
    <src>GPSD tag="RMC"</src>
    <fix>3d</fix>
    <sat>10</sat>
    <hdop>0.9</hdop>
    <vdop>1.4</vdop>
    <pdop>1.7</pdop>
   </trkpt>
   <trkpt lat="-34.889127" lon="-56.148240">
    <ele>57.900000</ele>
    <time>2011-12-21T19:31:02.528Z</time>
    <src>GPSD tag="RMC"</src>
    <fix>3d</fix>
    <sat>10</sat>
    <hdop>0.9</hdop>
    <vdop>1.4</vdop>
    <pdop>1.7</pdop>
   </trkpt>
   <trkpt lat="-34.889127" lon="-56.148240">
    <ele>57.900000</ele>
    <time>2011-12-21T19:31:03.528Z</time>
    <src>GPSD tag="RMC"</src>
    <fix>3d</fix>
    <sat>10</sat>
    <hdop>0.9</hdop>
    <vdop>1.4</vdop>
    <pdop>1.7</pdop>
   </trkpt>
   <trkpt lat="-34.889127" lon="-56.148240">
    <ele>57.800000</ele>
    <time>2011-12-21T19:31:04.528Z</time>
    <src>GPSD tag="RMC"</src>
    <fix>3d</fix>
    <sat>10</sat>
    <hdop>0.9</hdop>
    <vdop>1.4</vdop>
    <pdop>1.7</pdop>
   </trkpt>
   <trkpt lat="-34.889127" lon="-56.148240">
    <ele>57.800000</ele>
    <time>2011-12-21T19:31:05.528Z</time>
    <src>GPSD tag="RMC"</src>
    <fix>3d</fix>
    <sat>10</sat>
    <hdop>0.9</hdop>
    <vdop>1.4</vdop>
    <pdop>1.7</pdop>
   </trkpt>
   <trkpt lat="-34.889127" lon="-56.148240">
    <ele>57.800000</ele>
    <time>2011-12-21T19:31:06.528Z</time>
    <src>GPSD tag="RMC"</src>
    <fix>3d</fix>
    <sat>10</sat>
    <hdop>0.9</hdop>
    <vdop>1.4</vdop>
    <pdop>1.7</pdop>
   </trkpt>
   <trkpt lat="-34.889127" lon="-56.148242">
    <ele>57.800000</ele>
    <time>2011-12-21T19:31:07.528Z</time>
    <src>GPSD tag="RMC"</src>
    <fix>3d</fix>
    <sat>10</sat>
    <hdop>0.9</hdop>
    <vdop>1.4</vdop>
    <pdop>1.7</pdop>
   </trkpt>
   <trkpt lat="-34.889127" lon="-56.148242">
    <ele>57.800000</ele>
    <time>2011-12-21T19:31:08.528Z</time>
    <src>GPSD tag="RMC"</src>
    <fix>3d</fix>
    <sat>10</sat>
    <hdop>0.9</hdop>
    <vdop>1.4</vdop>
    <pdop>1.7</pdop>
   </trkpt>
   <trkpt lat="-34.889127" lon="-56.148242">
    <ele>57.800000</ele>
    <time>2011-12-21T19:31:09.528Z</time>
    <src>GPSD tag="RMC"</src>
    <fix>3d</fix>
    <sat>10</sat>
    <hdop>0.9</hdop>
    <vdop>1.4</vdop>
    <pdop>1.7</pdop>
   </trkpt>
   <trkpt lat="-34.889127" lon="-56.148242">
    <ele>57.800000</ele>
    <time>2011-12-21T19:31:10.528Z</time>
    <src>GPSD tag="RMC"</src>
    <fix>3d</fix>
    <sat>10</sat>
    <hdop>0.9</hdop>
    <vdop>1.4</vdop>
    <pdop>1.7</pdop>
   </trkpt>
   <trkpt lat="-34.889128" lon="-56.148242">
    <ele>57.800000</ele>
    <time>2011-12-21T19:31:11.528Z</time>
    <src>GPSD tag="RMC"</src>
    <fix>3d</fix>
    <sat>10</sat>
    <hdop>0.9</hdop>
    <vdop>1.4</vdop>
    <pdop>1.7</pdop>
   </trkpt>
   <trkpt lat="-34.889128" lon="-56.148242">
    <ele>57.800000</ele>
    <time>2011-12-21T19:31:12.528Z</time>
    <src>GPSD tag="RMC"</src>
    <fix>3d</fix>
    <sat>10</sat>
    <hdop>0.9</hdop>
    <vdop>1.4</vdop>
    <pdop>1.7</pdop>
   </trkpt>
   <trkpt lat="-34.889128" lon="-56.148242">
    <ele>57.800000</ele>
    <time>2011-12-21T19:31:13.528Z</time>
    <src>GPSD tag="RMC"</src>
    <fix>3d</fix>
    <sat>10</sat>
    <hdop>0.9</hdop>
    <vdop>1.4</vdop>
    <pdop>1.7</pdop>
   </trkpt>
   <trkpt lat="-34.889128" lon="-56.148242">
    <ele>57.800000</ele>
    <time>2011-12-21T19:31:14.528Z</time>
    <src>GPSD tag="RMC"</src>
    <fix>3d</fix>
    <sat>10</sat>
    <hdop>0.9</hdop>
    <vdop>1.4</vdop>
    <pdop>1.7</pdop>
   </trkpt>
   <trkpt lat="-34.889128" lon="-56.148242">
    <ele>57.800000</ele>
    <time>2011-12-21T19:31:15.528Z</time>
    <src>GPSD tag="RMC"</src>
    <fix>3d</fix>
    <sat>9</sat>
    <hdop>1.0</hdop>
    <vdop>1.8</vdop>
    <pdop>2.0</pdop>
   </trkpt>
   <trkpt lat="-34.889127" lon="-56.148243">
    <ele>57.800000</ele>
    <time>2011-12-21T19:31:16.528Z</time>
    <src>GPSD tag="RMC"</src>
    <fix>3d</fix>
    <sat>9</sat>
    <hdop>1.0</hdop>
    <vdop>1.8</vdop>
    <pdop>2.0</pdop>
   </trkpt>
   <trkpt lat="-34.889127" lon="-56.148243">
    <ele>57.800000</ele>
    <time>2011-12-21T19:31:17.528Z</time>
    <src>GPSD tag="RMC"</src>
    <fix>3d</fix>
    <sat>9</sat>
    <hdop>1.0</hdop>
    <vdop>1.8</vdop>
    <pdop>2.0</pdop>
   </trkpt>
   <trkpt lat="-34.889127" lon="-56.148243">
    <ele>57.800000</ele>
    <time>2011-12-21T19:31:18.528Z</time>
    <src>GPSD tag="RMC"</src>
    <fix>3d</fix>
    <sat>10</sat>
    <hdop>0.9</hdop>
    <vdop>1.4</vdop>
    <pdop>1.7</pdop>
   </trkpt>
   <trkpt lat="-34.889127" lon="-56.148243">
    <ele>57.800000</ele>
    <time>2011-12-21T19:31:19.528Z</time>
    <src>GPSD tag="RMC"</src>
    <fix>3d</fix>
    <sat>10</sat>
    <hdop>0.9</hdop>
    <vdop>1.4</vdop>
    <pdop>1.7</pdop>
   </trkpt>
   <trkpt lat="-34.889127" lon="-56.148243">
    <ele>57.800000</ele>
    <time>2011-12-21T19:31:20.528Z</time>
    <src>GPSD tag="RMC"</src>
    <fix>3d</fix>
    <sat>10</sat>
    <hdop>0.9</hdop>
    <vdop>1.4</vdop>
    <pdop>1.7</pdop>
   </trkpt>
   <trkpt lat="-34.889127" lon="-56.148243">
    <ele>57.800000</ele>
    <time>2011-12-21T19:31:21.528Z</time>
    <src>GPSD tag="RMC"</src>
    <fix>3d</fix>
    <sat>10</sat>
    <hdop>0.9</hdop>
    <vdop>1.4</vdop>
    <pdop>1.7</pdop>
   </trkpt>
   <trkpt lat="-34.889127" lon="-56.148243">
    <ele>57.800000</ele>
    <time>2011-12-21T19:31:22.528Z</time>
    <src>GPSD tag="RMC"</src>
    <fix>3d</fix>
    <sat>10</sat>
    <hdop>0.9</hdop>
    <vdop>1.4</vdop>
    <pdop>1.7</pdop>
   </trkpt>
   <trkpt lat="-34.889127" lon="-56.148243">
    <ele>57.800000</ele>
    <time>2011-12-21T19:31:23.528Z</time>
    <src>GPSD tag="RMC"</src>
    <fix>3d</fix>
    <sat>10</sat>
    <hdop>0.9</hdop>
    <vdop>1.4</vdop>
    <pdop>1.7</pdop>
   </trkpt>
   <trkpt lat="-34.889127" lon="-56.148245">
    <ele>57.800000</ele>
    <time>2011-12-21T19:31:24.528Z</time>
    <src>GPSD tag="RMC"</src>
    <fix>3d</fix>
    <sat>10</sat>
    <hdop>0.9</hdop>
    <vdop>1.4</vdop>
    <pdop>1.7</pdop>
   </trkpt>
   <trkpt lat="-34.889128" lon="-56.148245">
    <ele>57.700000</ele>
    <time>2011-12-21T19:31:25.528Z</time>
    <src>GPSD tag="RMC"</src>
    <fix>3d</fix>
    <sat>10</sat>
    <hdop>0.9</hdop>
    <vdop>1.4</vdop>
    <pdop>1.7</pdop>
   </trkpt>
   <trkpt lat="-34.889128" lon="-56.148245">
    <ele>57.700000</ele>
    <time>2011-12-21T19:31:26.528Z</time>
    <src>GPSD tag="RMC"</src>
    <fix>3d</fix>
    <sat>10</sat>
    <hdop>0.9</hdop>
    <vdop>1.4</vdop>
    <pdop>1.7</pdop>
   </trkpt>
   <trkpt lat="-34.889128" lon="-56.148245">
    <ele>57.700000</ele>
    <time>2011-12-21T19:31:27.528Z</time>
    <src>GPSD tag="RMC"</src>
    <fix>3d</fix>
    <sat>10</sat>
    <hdop>0.9</hdop>
    <vdop>1.4</vdop>
    <pdop>1.7</pdop>
   </trkpt>
   <trkpt lat="-34.889128" lon="-56.148245">
    <ele>57.700000</ele>
    <time>2011-12-21T19:31:28.528Z</time>
    <src>GPSD tag="RMC"</src>
    <fix>3d</fix>
    <sat>10</sat>
    <hdop>0.9</hdop>
    <vdop>1.4</vdop>
    <pdop>1.7</pdop>
   </trkpt>
   <trkpt lat="-34.889128" lon="-56.148245">
    <ele>57.700000</ele>
    <time>2011-12-21T19:31:29.528Z</time>
    <src>GPSD tag="RMC"</src>
    <fix>3d</fix>
    <sat>10</sat>
    <hdop>0.9</hdop>
    <vdop>1.4</vdop>
    <pdop>1.7</pdop>
   </trkpt>
   <trkpt lat="-34.889128" lon="-56.148245">
    <ele>57.600000</ele>
    <time>2011-12-21T19:31:30.528Z</time>
    <src>GPSD tag="RMC"</src>
    <fix>3d</fix>
    <sat>10</sat>
    <hdop>0.9</hdop>
    <vdop>1.4</vdop>
    <pdop>1.7</pdop>
   </trkpt>
   <trkpt lat="-34.889128" lon="-56.148245">
    <ele>57.600000</ele>
    <time>2011-12-21T19:31:31.528Z</time>
    <src>GPSD tag="RMC"</src>
    <fix>3d</fix>
    <sat>10</sat>
    <hdop>0.9</hdop>
    <vdop>1.4</vdop>
    <pdop>1.7</pdop>
   </trkpt>
   <trkpt lat="-34.889128" lon="-56.148245">
    <ele>57.600000</ele>
    <time>2011-12-21T19:31:32.528Z</time>
    <src>GPSD tag="RMC"</src>
    <fix>3d</fix>
    <sat>10</sat>
    <hdop>0.9</hdop>
    <vdop>1.4</vdop>
    <pdop>1.7</pdop>
   </trkpt>
   <trkpt lat="-34.889128" lon="-56.148245">
    <ele>57.600000</ele>
    <time>2011-12-21T19:31:33.528Z</time>
    <src>GPSD tag="RMC"</src>
    <fix>3d</fix>
    <sat>10</sat>
    <hdop>0.9</hdop>
    <vdop>1.4</vdop>
    <pdop>1.7</pdop>
   </trkpt>
   <trkpt lat="-34.889128" lon="-56.148245">
    <ele>57.600000</ele>
    <time>2011-12-21T19:31:34.528Z</time>
    <src>GPSD tag="RMC"</src>
    <fix>3d</fix>
    <sat>10</sat>
    <hdop>0.9</hdop>
    <vdop>1.4</vdop>
    <pdop>1.7</pdop>
   </trkpt>
   <trkpt lat="-34.889128" lon="-56.148245">
    <ele>57.600000</ele>
    <time>2011-12-21T19:31:35.528Z</time>
    <src>GPSD tag="RMC"</src>
    <fix>3d</fix>
    <sat>10</sat>
    <hdop>0.9</hdop>
    <vdop>1.4</vdop>
    <pdop>1.7</pdop>
   </trkpt>
   <trkpt lat="-34.889128" lon="-56.148245">
    <ele>57.500000</ele>
    <time>2011-12-21T19:31:36.528Z</time>
    <src>GPSD tag="RMC"</src>
    <fix>3d</fix>
    <sat>10</sat>
    <hdop>0.9</hdop>
    <vdop>1.4</vdop>
    <pdop>1.7</pdop>
   </trkpt>
   <trkpt lat="-34.889130" lon="-56.148245">
    <ele>57.500000</ele>
    <time>2011-12-21T19:31:37.528Z</time>
    <src>GPSD tag="RMC"</src>
    <fix>3d</fix>
    <sat>10</sat>
    <hdop>0.9</hdop>
    <vdop>1.4</vdop>
    <pdop>1.7</pdop>
   </trkpt>
   <trkpt lat="-34.889130" lon="-56.148245">
    <ele>57.500000</ele>
    <time>2011-12-21T19:31:38.528Z</time>
    <src>GPSD tag="RMC"</src>
    <fix>3d</fix>
    <sat>10</sat>
    <hdop>0.9</hdop>
    <vdop>1.4</vdop>
    <pdop>1.7</pdop>
   </trkpt>
   <trkpt lat="-34.889130" lon="-56.148245">
    <ele>57.500000</ele>
    <time>2011-12-21T19:31:39.528Z</time>
    <src>GPSD tag="RMC"</src>
    <fix>3d</fix>
    <sat>10</sat>
    <hdop>0.9</hdop>
    <vdop>1.4</vdop>
    <pdop>1.7</pdop>
   </trkpt>
   <trkpt lat="-34.889130" lon="-56.148245">
    <ele>57.500000</ele>
    <time>2011-12-21T19:31:40.528Z</time>
    <src>GPSD tag="RMC"</src>
    <fix>3d</fix>
    <sat>10</sat>
    <hdop>0.9</hdop>
    <vdop>1.4</vdop>
    <pdop>1.7</pdop>
   </trkpt>
   <trkpt lat="-34.889130" lon="-56.148245">
    <ele>57.500000</ele>
    <time>2011-12-21T19:31:41.528Z</time>
    <src>GPSD tag="RMC"</src>
    <fix>3d</fix>
    <sat>10</sat>
    <hdop>0.9</hdop>
    <vdop>1.4</vdop>
    <pdop>1.7</pdop>
   </trkpt>
   <trkpt lat="-34.889130" lon="-56.148245">
    <ele>57.600000</ele>
    <time>2011-12-21T19:31:42.528Z</time>
    <src>GPSD tag="RMC"</src>
    <fix>3d</fix>
    <sat>10</sat>
    <hdop>0.9</hdop>
    <vdop>1.4</vdop>
    <pdop>1.7</pdop>
   </trkpt>
   <trkpt lat="-34.889130" lon="-56.148245">
    <ele>57.600000</ele>
    <time>2011-12-21T19:31:43.528Z</time>
    <src>GPSD tag="RMC"</src>
    <fix>3d</fix>
    <sat>10</sat>
    <hdop>0.9</hdop>
    <vdop>1.4</vdop>
    <pdop>1.7</pdop>
   </trkpt>
   <trkpt lat="-34.889130" lon="-56.148245">
    <ele>57.600000</ele>
    <time>2011-12-21T19:31:44.528Z</time>
    <src>GPSD tag="RMC"</src>
    <fix>3d</fix>
    <sat>10</sat>
    <hdop>0.9</hdop>
    <vdop>1.4</vdop>
    <pdop>1.7</pdop>
   </trkpt>
   <trkpt lat="-34.889130" lon="-56.148245">
    <ele>57.600000</ele>
    <time>2011-12-21T19:31:45.528Z</time>
    <src>GPSD tag="RMC"</src>
    <fix>3d</fix>
    <sat>10</sat>
    <hdop>0.9</hdop>
    <vdop>1.4</vdop>
    <pdop>1.7</pdop>
   </trkpt>
   <trkpt lat="-34.889130" lon="-56.148245">
    <ele>57.700000</ele>
    <time>2011-12-21T19:31:46.528Z</time>
    <src>GPSD tag="RMC"</src>
    <fix>3d</fix>
    <sat>10</sat>
    <hdop>0.9</hdop>
    <vdop>1.4</vdop>
    <pdop>1.7</pdop>
   </trkpt>
   <trkpt lat="-34.889130" lon="-56.148245">
    <ele>57.700000</ele>
    <time>2011-12-21T19:31:47.528Z</time>
    <src>GPSD tag="RMC"</src>
    <fix>3d</fix>
    <sat>10</sat>
    <hdop>0.9</hdop>
    <vdop>1.4</vdop>
    <pdop>1.7</pdop>
   </trkpt>
   <trkpt lat="-34.889128" lon="-56.148243">
    <ele>57.700000</ele>
    <time>2011-12-21T19:31:48.528Z</time>
    <src>GPSD tag="RMC"</src>
    <fix>3d</fix>
    <sat>10</sat>
    <hdop>0.9</hdop>
    <vdop>1.4</vdop>
    <pdop>1.7</pdop>
   </trkpt>
   <trkpt lat="-34.889128" lon="-56.148243">
    <ele>57.700000</ele>
    <time>2011-12-21T19:31:49.528Z</time>
    <src>GPSD tag="RMC"</src>
    <fix>3d</fix>
    <sat>10</sat>
    <hdop>0.9</hdop>
    <vdop>1.4</vdop>
    <pdop>1.7</pdop>
   </trkpt>
   <trkpt lat="-34.889128" lon="-56.148243">
    <ele>57.800000</ele>
    <time>2011-12-21T19:31:50.528Z</time>
    <src>GPSD tag="RMC"</src>
    <fix>3d</fix>
    <sat>10</sat>
    <hdop>0.9</hdop>
    <vdop>1.4</vdop>
    <pdop>1.7</pdop>
   </trkpt>
   <trkpt lat="-34.889128" lon="-56.148243">
    <ele>57.800000</ele>
    <time>2011-12-21T19:31:51.528Z</time>
    <src>GPSD tag="RMC"</src>
    <fix>3d</fix>
    <sat>10</sat>
    <hdop>0.9</hdop>
    <vdop>1.4</vdop>
    <pdop>1.7</pdop>
   </trkpt>
   <trkpt lat="-34.889128" lon="-56.148243">
    <ele>57.800000</ele>
    <time>2011-12-21T19:31:52.528Z</time>
    <src>GPSD tag="RMC"</src>
    <fix>3d</fix>
    <sat>10</sat>
    <hdop>0.9</hdop>
    <vdop>1.4</vdop>
    <pdop>1.7</pdop>
   </trkpt>
   <trkpt lat="-34.889128" lon="-56.148242">
    <ele>57.800000</ele>
    <time>2011-12-21T19:31:53.528Z</time>
    <src>GPSD tag="RMC"</src>
    <fix>3d</fix>
    <sat>10</sat>
    <hdop>0.9</hdop>
    <vdop>1.4</vdop>
    <pdop>1.7</pdop>
   </trkpt>
   <trkpt lat="-34.889128" lon="-56.148242">
    <ele>57.900000</ele>
    <time>2011-12-21T19:31:54.528Z</time>
    <src>GPSD tag="RMC"</src>
    <fix>3d</fix>
    <sat>10</sat>
    <hdop>0.9</hdop>
    <vdop>1.4</vdop>
    <pdop>1.7</pdop>
   </trkpt>
   <trkpt lat="-34.889128" lon="-56.148242">
    <ele>57.900000</ele>
    <time>2011-12-21T19:31:55.528Z</time>
    <src>GPSD tag="RMC"</src>
    <fix>3d</fix>
    <sat>10</sat>
    <hdop>0.9</hdop>
    <vdop>1.4</vdop>
    <pdop>1.7</pdop>
   </trkpt>
   <trkpt lat="-34.889128" lon="-56.148242">
    <ele>57.900000</ele>
    <time>2011-12-21T19:31:56.528Z</time>
    <src>GPSD tag="RMC"</src>
    <fix>3d</fix>
    <sat>10</sat>
    <hdop>0.9</hdop>
    <vdop>1.4</vdop>
    <pdop>1.7</pdop>
   </trkpt>
   <trkpt lat="-34.889128" lon="-56.148242">
    <ele>57.800000</ele>
    <time>2011-12-21T19:31:57.528Z</time>
    <src>GPSD tag="RMC"</src>
    <fix>3d</fix>
    <sat>10</sat>
    <hdop>0.9</hdop>
    <vdop>1.4</vdop>
    <pdop>1.7</pdop>
   </trkpt>
   <trkpt lat="-34.889128" lon="-56.148242">
    <ele>57.800000</ele>
    <time>2011-12-21T19:31:58.528Z</time>
    <src>GPSD tag="RMC"</src>
    <fix>3d</fix>
    <sat>10</sat>
    <hdop>0.9</hdop>
    <vdop>1.4</vdop>
    <pdop>1.7</pdop>
   </trkpt>
   <trkpt lat="-34.889128" lon="-56.148242">
    <ele>57.800000</ele>
    <time>2011-12-21T19:31:59.528Z</time>
    <src>GPSD tag="RMC"</src>
    <fix>3d</fix>
    <sat>10</sat>
    <hdop>0.9</hdop>
    <vdop>1.4</vdop>
    <pdop>1.7</pdop>
   </trkpt>
   <trkpt lat="-34.889128" lon="-56.148242">
    <ele>57.800000</ele>
    <time>2011-12-21T19:32:00.528Z</time>
    <src>GPSD tag="RMC"</src>
    <fix>3d</fix>
    <sat>10</sat>
    <hdop>0.9</hdop>
    <vdop>1.4</vdop>
    <pdop>1.7</pdop>
   </trkpt>
   <trkpt lat="-34.889128" lon="-56.148242">
    <ele>57.800000</ele>
    <time>2011-12-21T19:32:01.528Z</time>
    <src>GPSD tag="RMC"</src>
    <fix>3d</fix>
    <sat>10</sat>
    <hdop>0.9</hdop>
    <vdop>1.4</vdop>
    <pdop>1.7</pdop>
   </trkpt>
   <trkpt lat="-34.889128" lon="-56.148242">
    <ele>57.800000</ele>
    <time>2011-12-21T19:32:02.528Z</time>
    <src>GPSD tag="RMC"</src>
    <fix>3d</fix>
    <sat>10</sat>
    <hdop>0.9</hdop>
    <vdop>1.4</vdop>
    <pdop>1.7</pdop>
   </trkpt>
   <trkpt lat="-34.889128" lon="-56.148242">
    <ele>57.800000</ele>
    <time>2011-12-21T19:32:03.528Z</time>
    <src>GPSD tag="RMC"</src>
    <fix>3d</fix>
    <sat>10</sat>
    <hdop>0.9</hdop>
    <vdop>1.4</vdop>
    <pdop>1.7</pdop>
   </trkpt>
   <trkpt lat="-34.889128" lon="-56.148242">
    <ele>57.800000</ele>
    <time>2011-12-21T19:32:04.528Z</time>
    <src>GPSD tag="RMC"</src>
    <fix>3d</fix>
    <sat>10</sat>
    <hdop>0.9</hdop>
    <vdop>1.4</vdop>
    <pdop>1.7</pdop>
   </trkpt>
   <trkpt lat="-34.889128" lon="-56.148242">
    <ele>57.700000</ele>
    <time>2011-12-21T19:32:05.528Z</time>
    <src>GPSD tag="RMC"</src>
    <fix>3d</fix>
    <sat>10</sat>
    <hdop>0.9</hdop>
    <vdop>1.4</vdop>
    <pdop>1.7</pdop>
   </trkpt>
   <trkpt lat="-34.889127" lon="-56.148242">
    <ele>57.700000</ele>
    <time>2011-12-21T19:32:06.528Z</time>
    <src>GPSD tag="RMC"</src>
    <fix>3d</fix>
    <sat>10</sat>
    <hdop>0.9</hdop>
    <vdop>1.4</vdop>
    <pdop>1.7</pdop>
   </trkpt>
   <trkpt lat="-34.889127" lon="-56.148242">
    <ele>57.700000</ele>
    <time>2011-12-21T19:32:07.528Z</time>
    <src>GPSD tag="RMC"</src>
    <fix>3d</fix>
    <sat>10</sat>
    <hdop>0.9</hdop>
    <vdop>1.4</vdop>
    <pdop>1.7</pdop>
   </trkpt>
   <trkpt lat="-34.889127" lon="-56.148240">
    <ele>57.600000</ele>
    <time>2011-12-21T19:32:08.528Z</time>
    <src>GPSD tag="RMC"</src>
    <fix>3d</fix>
    <sat>10</sat>
    <hdop>0.9</hdop>
    <vdop>1.4</vdop>
    <pdop>1.7</pdop>
   </trkpt>
   <trkpt lat="-34.889127" lon="-56.148240">
    <ele>57.600000</ele>
    <time>2011-12-21T19:32:09.528Z</time>
    <src>GPSD tag="RMC"</src>
    <fix>3d</fix>
    <sat>10</sat>
    <hdop>0.9</hdop>
    <vdop>1.4</vdop>
    <pdop>1.7</pdop>
   </trkpt>
   <trkpt lat="-34.889127" lon="-56.148240">
    <ele>57.600000</ele>
    <time>2011-12-21T19:32:10.528Z</time>
    <src>GPSD tag="RMC"</src>
    <fix>3d</fix>
    <sat>10</sat>
    <hdop>0.9</hdop>
    <vdop>1.4</vdop>
    <pdop>1.7</pdop>
   </trkpt>
   <trkpt lat="-34.889127" lon="-56.148240">
    <ele>57.500000</ele>
    <time>2011-12-21T19:32:11.528Z</time>
    <src>GPSD tag="RMC"</src>
    <fix>3d</fix>
    <sat>10</sat>
    <hdop>0.9</hdop>
    <vdop>1.4</vdop>
    <pdop>1.7</pdop>
   </trkpt>
   <trkpt lat="-34.889127" lon="-56.148240">
    <ele>57.500000</ele>
    <time>2011-12-21T19:32:12.528Z</time>
    <src>GPSD tag="RMC"</src>
    <fix>3d</fix>
    <sat>10</sat>
    <hdop>0.9</hdop>
    <vdop>1.4</vdop>
    <pdop>1.7</pdop>
   </trkpt>
   <trkpt lat="-34.889127" lon="-56.148240">
    <ele>57.500000</ele>
    <time>2011-12-21T19:32:13.528Z</time>
    <src>GPSD tag="RMC"</src>
    <fix>3d</fix>
    <sat>10</sat>
    <hdop>0.9</hdop>
    <vdop>1.4</vdop>
    <pdop>1.7</pdop>
   </trkpt>
   <trkpt lat="-34.889127" lon="-56.148238">
    <ele>57.500000</ele>
    <time>2011-12-21T19:32:14.528Z</time>
    <src>GPSD tag="RMC"</src>
    <fix>3d</fix>
    <sat>10</sat>
    <hdop>0.9</hdop>
    <vdop>1.4</vdop>
    <pdop>1.7</pdop>
   </trkpt>
   <trkpt lat="-34.889127" lon="-56.148238">
    <ele>57.500000</ele>
    <time>2011-12-21T19:32:15.528Z</time>
    <src>GPSD tag="RMC"</src>
    <fix>3d</fix>
    <sat>10</sat>
    <hdop>0.9</hdop>
    <vdop>1.4</vdop>
    <pdop>1.7</pdop>
   </trkpt>
   <trkpt lat="-34.889127" lon="-56.148238">
    <ele>57.500000</ele>
    <time>2011-12-21T19:32:16.528Z</time>
    <src>GPSD tag="RMC"</src>
    <fix>3d</fix>
    <sat>10</sat>
    <hdop>0.9</hdop>
    <vdop>1.4</vdop>
    <pdop>1.7</pdop>
   </trkpt>
   <trkpt lat="-34.889127" lon="-56.148238">
    <ele>57.500000</ele>
    <time>2011-12-21T19:32:17.528Z</time>
    <src>GPSD tag="RMC"</src>
    <fix>3d</fix>
    <sat>10</sat>
    <hdop>0.9</hdop>
    <vdop>1.4</vdop>
    <pdop>1.7</pdop>
   </trkpt>
   <trkpt lat="-34.889127" lon="-56.148238">
    <ele>57.500000</ele>
    <time>2011-12-21T19:32:18.528Z</time>
    <src>GPSD tag="RMC"</src>
    <fix>3d</fix>
    <sat>10</sat>
    <hdop>0.9</hdop>
    <vdop>1.4</vdop>
    <pdop>1.7</pdop>
   </trkpt>
   <trkpt lat="-34.889127" lon="-56.148238">
    <ele>57.500000</ele>
    <time>2011-12-21T19:32:19.528Z</time>
    <src>GPSD tag="RMC"</src>
    <fix>3d</fix>
    <sat>10</sat>
    <hdop>0.9</hdop>
    <vdop>1.4</vdop>
    <pdop>1.7</pdop>
   </trkpt>
   <trkpt lat="-34.889127" lon="-56.148238">
    <ele>57.500000</ele>
    <time>2011-12-21T19:32:20.528Z</time>
    <src>GPSD tag="RMC"</src>
    <fix>3d</fix>
    <sat>10</sat>
    <hdop>0.9</hdop>
    <vdop>1.4</vdop>
    <pdop>1.7</pdop>
   </trkpt>
   <trkpt lat="-34.889125" lon="-56.148238">
    <ele>57.400000</ele>
    <time>2011-12-21T19:32:21.528Z</time>
    <src>GPSD tag="RMC"</src>
    <fix>3d</fix>
    <sat>10</sat>
    <hdop>0.9</hdop>
    <vdop>1.4</vdop>
    <pdop>1.7</pdop>
   </trkpt>
   <trkpt lat="-34.889125" lon="-56.148238">
    <ele>57.400000</ele>
    <time>2011-12-21T19:32:22.528Z</time>
    <src>GPSD tag="RMC"</src>
    <fix>3d</fix>
    <sat>10</sat>
    <hdop>0.9</hdop>
    <vdop>1.4</vdop>
    <pdop>1.7</pdop>
   </trkpt>
  </trkseg>
 </trk>
</gpx>
