<?xml version="1.0" encoding="utf-8"?>
<gpx version="1.1" creator="GPSD 3.4~dev - http://catb.org/gpsd"
        xmlns:xsi="http://www.w3.org/2001/XMLSchema-instance"
        xmlns="http://www.topografix.com/GPX/1/1"
        xsi:schemaLocation="http://www.topografix.com/GPX/1/1
        http://www.topografix.com/GPX/1/1/gpx.xsd">
 <metadata>
  <time>2011-12-21T19:38:57.000Z</time>
 </metadata>
 <trk>
  <src>GPSD 3.4~dev</src>
  <trkseg>
   <trkpt lat="-34.889092" lon="-56.148227">
    <ele>56.000000</ele>
    <time>2011-12-21T19:38:57.528Z</time>
    <src>GPSD tag="RMC"</src>
    <fix>3d</fix>
    <sat>9</sat>
    <hdop>0.9</hdop>
    <vdop>1.4</vdop>
    <pdop>1.6</pdop>
   </trkpt>
   <trkpt lat="-34.889092" lon="-56.148227">
    <ele>56.000000</ele>
    <time>2011-12-21T19:38:58.528Z</time>
    <src>GPSD tag="RMC"</src>
    <fix>3d</fix>
    <sat>9</sat>
    <hdop>0.9</hdop>
    <vdop>1.4</vdop>
    <pdop>1.6</pdop>
   </trkpt>
   <trkpt lat="-34.889092" lon="-56.148227">
    <ele>56.000000</ele>
    <time>2011-12-21T19:38:59.528Z</time>
    <src>GPSD tag="RMC"</src>
    <fix>3d</fix>
    <sat>9</sat>
    <hdop>0.9</hdop>
    <vdop>1.4</vdop>
    <pdop>1.6</pdop>
   </trkpt>
   <trkpt lat="-34.889092" lon="-56.148227">
    <ele>56.000000</ele>
    <time>2011-12-21T19:39:00.528Z</time>
    <src>GPSD tag="RMC"</src>
    <fix>3d</fix>
    <sat>9</sat>
    <hdop>0.9</hdop>
    <vdop>1.4</vdop>
    <pdop>1.6</pdop>
   </trkpt>
   <trkpt lat="-34.889092" lon="-56.148227">
    <ele>56.000000</ele>
    <time>2011-12-21T19:39:01.528Z</time>
    <src>GPSD tag="RMC"</src>
    <fix>3d</fix>
    <sat>9</sat>
    <hdop>0.9</hdop>
    <vdop>1.4</vdop>
    <pdop>1.6</pdop>
   </trkpt>
   <trkpt lat="-34.889092" lon="-56.148227">
    <ele>56.000000</ele>
    <time>2011-12-21T19:39:02.528Z</time>
    <src>GPSD tag="RMC"</src>
    <fix>3d</fix>
    <sat>9</sat>
    <hdop>0.9</hdop>
    <vdop>1.4</vdop>
    <pdop>1.6</pdop>
   </trkpt>
   <trkpt lat="-34.889092" lon="-56.148227">
    <ele>56.000000</ele>
    <time>2011-12-21T19:39:03.528Z</time>
    <src>GPSD tag="RMC"</src>
    <fix>3d</fix>
    <sat>10</sat>
    <hdop>0.9</hdop>
    <vdop>1.3</vdop>
    <pdop>1.6</pdop>
   </trkpt>
   <trkpt lat="-34.889093" lon="-56.148227">
    <ele>56.000000</ele>
    <time>2011-12-21T19:39:04.528Z</time>
    <src>GPSD tag="RMC"</src>
    <fix>3d</fix>
    <sat>10</sat>
    <hdop>0.9</hdop>
    <vdop>1.3</vdop>
    <pdop>1.6</pdop>
   </trkpt>
   <trkpt lat="-34.889093" lon="-56.148227">
    <ele>56.000000</ele>
    <time>2011-12-21T19:39:05.528Z</time>
    <src>GPSD tag="RMC"</src>
    <fix>3d</fix>
    <sat>10</sat>
    <hdop>0.9</hdop>
    <vdop>1.3</vdop>
    <pdop>1.6</pdop>
   </trkpt>
   <trkpt lat="-34.889093" lon="-56.148227">
    <ele>56.000000</ele>
    <time>2011-12-21T19:39:06.528Z</time>
    <src>GPSD tag="RMC"</src>
    <fix>3d</fix>
    <sat>10</sat>
    <hdop>0.9</hdop>
    <vdop>1.3</vdop>
    <pdop>1.6</pdop>
   </trkpt>
   <trkpt lat="-34.889093" lon="-56.148227">
    <ele>56.000000</ele>
    <time>2011-12-21T19:39:07.528Z</time>
    <src>GPSD tag="RMC"</src>
    <fix>3d</fix>
    <sat>10</sat>
    <hdop>0.9</hdop>
    <vdop>1.3</vdop>
    <pdop>1.6</pdop>
   </trkpt>
   <trkpt lat="-34.889093" lon="-56.148227">
    <ele>56.000000</ele>
    <time>2011-12-21T19:39:08.528Z</time>
    <src>GPSD tag="RMC"</src>
    <fix>3d</fix>
    <sat>10</sat>
    <hdop>0.9</hdop>
    <vdop>1.3</vdop>
    <pdop>1.6</pdop>
   </trkpt>
   <trkpt lat="-34.889093" lon="-56.148227">
    <ele>56.000000</ele>
    <time>2011-12-21T19:39:09.528Z</time>
    <src>GPSD tag="RMC"</src>
    <fix>3d</fix>
    <sat>10</sat>
    <hdop>0.9</hdop>
    <vdop>1.3</vdop>
    <pdop>1.6</pdop>
   </trkpt>
   <trkpt lat="-34.889093" lon="-56.148227">
    <ele>56.000000</ele>
    <time>2011-12-21T19:39:10.528Z</time>
    <src>GPSD tag="RMC"</src>
    <fix>3d</fix>
    <sat>10</sat>
    <hdop>0.9</hdop>
    <vdop>1.3</vdop>
    <pdop>1.6</pdop>
   </trkpt>
   <trkpt lat="-34.889095" lon="-56.148228">
    <ele>56.000000</ele>
    <time>2011-12-21T19:39:11.528Z</time>
    <src>GPSD tag="RMC"</src>
    <fix>3d</fix>
    <sat>10</sat>
    <hdop>0.9</hdop>
    <vdop>1.3</vdop>
    <pdop>1.6</pdop>
   </trkpt>
   <trkpt lat="-34.889095" lon="-56.148228">
    <ele>55.900000</ele>
    <time>2011-12-21T19:39:12.528Z</time>
    <src>GPSD tag="RMC"</src>
    <fix>3d</fix>
    <sat>10</sat>
    <hdop>0.9</hdop>
    <vdop>1.3</vdop>
    <pdop>1.6</pdop>
   </trkpt>
   <trkpt lat="-34.889095" lon="-56.148228">
    <ele>55.900000</ele>
    <time>2011-12-21T19:39:13.528Z</time>
    <src>GPSD tag="RMC"</src>
    <fix>3d</fix>
    <sat>10</sat>
    <hdop>0.9</hdop>
    <vdop>1.3</vdop>
    <pdop>1.6</pdop>
   </trkpt>
   <trkpt lat="-34.889095" lon="-56.148228">
    <ele>55.900000</ele>
    <time>2011-12-21T19:39:14.528Z</time>
    <src>GPSD tag="RMC"</src>
    <fix>3d</fix>
    <sat>10</sat>
    <hdop>0.9</hdop>
    <vdop>1.3</vdop>
    <pdop>1.6</pdop>
   </trkpt>
   <trkpt lat="-34.889095" lon="-56.148228">
    <ele>55.900000</ele>
    <time>2011-12-21T19:39:15.528Z</time>
    <src>GPSD tag="RMC"</src>
    <fix>3d</fix>
    <sat>10</sat>
    <hdop>0.9</hdop>
    <vdop>1.3</vdop>
    <pdop>1.6</pdop>
   </trkpt>
   <trkpt lat="-34.889095" lon="-56.148228">
    <ele>55.900000</ele>
    <time>2011-12-21T19:39:16.528Z</time>
    <src>GPSD tag="RMC"</src>
    <fix>3d</fix>
    <sat>10</sat>
    <hdop>0.9</hdop>
    <vdop>1.3</vdop>
    <pdop>1.6</pdop>
   </trkpt>
   <trkpt lat="-34.889095" lon="-56.148228">
    <ele>55.900000</ele>
    <time>2011-12-21T19:39:17.528Z</time>
    <src>GPSD tag="RMC"</src>
    <fix>3d</fix>
    <sat>10</sat>
    <hdop>0.9</hdop>
    <vdop>1.3</vdop>
    <pdop>1.6</pdop>
   </trkpt>
   <trkpt lat="-34.889095" lon="-56.148228">
    <ele>55.900000</ele>
    <time>2011-12-21T19:39:18.528Z</time>
    <src>GPSD tag="RMC"</src>
    <fix>3d</fix>
    <sat>10</sat>
    <hdop>0.9</hdop>
    <vdop>1.3</vdop>
    <pdop>1.6</pdop>
   </trkpt>
   <trkpt lat="-34.889095" lon="-56.148228">
    <ele>56.000000</ele>
    <time>2011-12-21T19:39:19.528Z</time>
    <src>GPSD tag="RMC"</src>
    <fix>3d</fix>
    <sat>10</sat>
    <hdop>0.9</hdop>
    <vdop>1.3</vdop>
    <pdop>1.6</pdop>
   </trkpt>
   <trkpt lat="-34.889095" lon="-56.148228">
    <ele>56.000000</ele>
    <time>2011-12-21T19:39:20.528Z</time>
    <src>GPSD tag="RMC"</src>
    <fix>3d</fix>
    <sat>10</sat>
    <hdop>0.9</hdop>
    <vdop>1.3</vdop>
    <pdop>1.6</pdop>
   </trkpt>
   <trkpt lat="-34.889095" lon="-56.148228">
    <ele>56.000000</ele>
    <time>2011-12-21T19:39:21.528Z</time>
    <src>GPSD tag="RMC"</src>
    <fix>3d</fix>
    <sat>10</sat>
    <hdop>0.9</hdop>
    <vdop>1.3</vdop>
    <pdop>1.6</pdop>
   </trkpt>
   <trkpt lat="-34.889095" lon="-56.148228">
    <ele>56.000000</ele>
    <time>2011-12-21T19:39:22.528Z</time>
    <src>GPSD tag="RMC"</src>
    <fix>3d</fix>
    <sat>10</sat>
    <hdop>0.9</hdop>
    <vdop>1.3</vdop>
    <pdop>1.6</pdop>
   </trkpt>
   <trkpt lat="-34.889095" lon="-56.148228">
    <ele>56.000000</ele>
    <time>2011-12-21T19:39:23.528Z</time>
    <src>GPSD tag="RMC"</src>
    <fix>3d</fix>
    <sat>10</sat>
    <hdop>0.9</hdop>
    <vdop>1.3</vdop>
    <pdop>1.6</pdop>
   </trkpt>
   <trkpt lat="-34.889095" lon="-56.148228">
    <ele>56.000000</ele>
    <time>2011-12-21T19:39:24.528Z</time>
    <src>GPSD tag="RMC"</src>
    <fix>3d</fix>
    <sat>10</sat>
    <hdop>0.9</hdop>
    <vdop>1.3</vdop>
    <pdop>1.6</pdop>
   </trkpt>
   <trkpt lat="-34.889095" lon="-56.148228">
    <ele>56.100000</ele>
    <time>2011-12-21T19:39:25.528Z</time>
    <src>GPSD tag="RMC"</src>
    <fix>3d</fix>
    <sat>10</sat>
    <hdop>0.9</hdop>
    <vdop>1.3</vdop>
    <pdop>1.6</pdop>
   </trkpt>
   <trkpt lat="-34.889095" lon="-56.148228">
    <ele>56.100000</ele>
    <time>2011-12-21T19:39:26.528Z</time>
    <src>GPSD tag="RMC"</src>
    <fix>3d</fix>
    <sat>10</sat>
    <hdop>0.9</hdop>
    <vdop>1.3</vdop>
    <pdop>1.6</pdop>
   </trkpt>
   <trkpt lat="-34.889095" lon="-56.148230">
    <ele>56.100000</ele>
    <time>2011-12-21T19:39:27.528Z</time>
    <src>GPSD tag="RMC"</src>
    <fix>3d</fix>
    <sat>10</sat>
    <hdop>0.9</hdop>
    <vdop>1.3</vdop>
    <pdop>1.6</pdop>
   </trkpt>
   <trkpt lat="-34.889095" lon="-56.148230">
    <ele>56.100000</ele>
    <time>2011-12-21T19:39:28.528Z</time>
    <src>GPSD tag="RMC"</src>
    <fix>3d</fix>
    <sat>10</sat>
    <hdop>0.9</hdop>
    <vdop>1.3</vdop>
    <pdop>1.6</pdop>
   </trkpt>
   <trkpt lat="-34.889095" lon="-56.148230">
    <ele>56.100000</ele>
    <time>2011-12-21T19:39:29.528Z</time>
    <src>GPSD tag="RMC"</src>
    <fix>3d</fix>
    <sat>10</sat>
    <hdop>0.9</hdop>
    <vdop>1.3</vdop>
    <pdop>1.6</pdop>
   </trkpt>
   <trkpt lat="-34.889095" lon="-56.148230">
    <ele>56.200000</ele>
    <time>2011-12-21T19:39:30.528Z</time>
    <src>GPSD tag="RMC"</src>
    <fix>3d</fix>
    <sat>10</sat>
    <hdop>0.9</hdop>
    <vdop>1.3</vdop>
    <pdop>1.6</pdop>
   </trkpt>
   <trkpt lat="-34.889095" lon="-56.148230">
    <ele>56.200000</ele>
    <time>2011-12-21T19:39:31.528Z</time>
    <src>GPSD tag="RMC"</src>
    <fix>3d</fix>
    <sat>10</sat>
    <hdop>0.9</hdop>
    <vdop>1.3</vdop>
    <pdop>1.6</pdop>
   </trkpt>
   <trkpt lat="-34.889095" lon="-56.148228">
    <ele>56.200000</ele>
    <time>2011-12-21T19:39:32.528Z</time>
    <src>GPSD tag="RMC"</src>
    <fix>3d</fix>
    <sat>10</sat>
    <hdop>0.9</hdop>
    <vdop>1.3</vdop>
    <pdop>1.6</pdop>
   </trkpt>
   <trkpt lat="-34.889095" lon="-56.148228">
    <ele>56.300000</ele>
    <time>2011-12-21T19:39:33.528Z</time>
    <src>GPSD tag="RMC"</src>
    <fix>3d</fix>
    <sat>10</sat>
    <hdop>0.9</hdop>
    <vdop>1.3</vdop>
    <pdop>1.6</pdop>
   </trkpt>
   <trkpt lat="-34.889095" lon="-56.148230">
    <ele>56.300000</ele>
    <time>2011-12-21T19:39:34.528Z</time>
    <src>GPSD tag="RMC"</src>
    <fix>3d</fix>
    <sat>10</sat>
    <hdop>0.9</hdop>
    <vdop>1.3</vdop>
    <pdop>1.6</pdop>
   </trkpt>
   <trkpt lat="-34.889097" lon="-56.148228">
    <ele>56.300000</ele>
    <time>2011-12-21T19:39:35.528Z</time>
    <src>GPSD tag="RMC"</src>
    <fix>3d</fix>
    <sat>10</sat>
    <hdop>0.9</hdop>
    <vdop>1.3</vdop>
    <pdop>1.6</pdop>
   </trkpt>
   <trkpt lat="-34.889097" lon="-56.148228">
    <ele>56.300000</ele>
    <time>2011-12-21T19:39:36.528Z</time>
    <src>GPSD tag="RMC"</src>
    <fix>3d</fix>
    <sat>10</sat>
    <hdop>0.9</hdop>
    <vdop>1.3</vdop>
    <pdop>1.6</pdop>
   </trkpt>
   <trkpt lat="-34.889097" lon="-56.148228">
    <ele>56.300000</ele>
    <time>2011-12-21T19:39:37.528Z</time>
    <src>GPSD tag="RMC"</src>
    <fix>3d</fix>
    <sat>10</sat>
    <hdop>0.9</hdop>
    <vdop>1.3</vdop>
    <pdop>1.6</pdop>
   </trkpt>
   <trkpt lat="-34.889097" lon="-56.148228">
    <ele>56.300000</ele>
    <time>2011-12-21T19:39:38.528Z</time>
    <src>GPSD tag="RMC"</src>
    <fix>3d</fix>
    <sat>10</sat>
    <hdop>0.9</hdop>
    <vdop>1.3</vdop>
    <pdop>1.6</pdop>
   </trkpt>
   <trkpt lat="-34.889097" lon="-56.148228">
    <ele>56.300000</ele>
    <time>2011-12-21T19:39:39.528Z</time>
    <src>GPSD tag="RMC"</src>
    <fix>3d</fix>
    <sat>10</sat>
    <hdop>0.9</hdop>
    <vdop>1.3</vdop>
    <pdop>1.6</pdop>
   </trkpt>
   <trkpt lat="-34.889097" lon="-56.148228">
    <ele>56.300000</ele>
    <time>2011-12-21T19:39:40.528Z</time>
    <src>GPSD tag="RMC"</src>
    <fix>3d</fix>
    <sat>10</sat>
    <hdop>0.9</hdop>
    <vdop>1.3</vdop>
    <pdop>1.6</pdop>
   </trkpt>
   <trkpt lat="-34.889097" lon="-56.148228">
    <ele>56.300000</ele>
    <time>2011-12-21T19:39:41.528Z</time>
    <src>GPSD tag="RMC"</src>
    <fix>3d</fix>
    <sat>10</sat>
    <hdop>0.9</hdop>
    <vdop>1.3</vdop>
    <pdop>1.6</pdop>
   </trkpt>
   <trkpt lat="-34.889097" lon="-56.148228">
    <ele>56.300000</ele>
    <time>2011-12-21T19:39:42.528Z</time>
    <src>GPSD tag="RMC"</src>
    <fix>3d</fix>
    <sat>10</sat>
    <hdop>0.9</hdop>
    <vdop>1.3</vdop>
    <pdop>1.6</pdop>
   </trkpt>
   <trkpt lat="-34.889097" lon="-56.148228">
    <ele>56.300000</ele>
    <time>2011-12-21T19:39:43.528Z</time>
    <src>GPSD tag="RMC"</src>
    <fix>3d</fix>
    <sat>10</sat>
    <hdop>0.9</hdop>
    <vdop>1.3</vdop>
    <pdop>1.6</pdop>
   </trkpt>
   <trkpt lat="-34.889097" lon="-56.148228">
    <ele>56.300000</ele>
    <time>2011-12-21T19:39:44.528Z</time>
    <src>GPSD tag="RMC"</src>
    <fix>3d</fix>
    <sat>10</sat>
    <hdop>0.9</hdop>
    <vdop>1.3</vdop>
    <pdop>1.6</pdop>
   </trkpt>
   <trkpt lat="-34.889098" lon="-56.148228">
    <ele>56.300000</ele>
    <time>2011-12-21T19:39:45.528Z</time>
    <src>GPSD tag="RMC"</src>
    <fix>3d</fix>
    <sat>10</sat>
    <hdop>0.9</hdop>
    <vdop>1.3</vdop>
    <pdop>1.6</pdop>
   </trkpt>
   <trkpt lat="-34.889098" lon="-56.148228">
    <ele>56.300000</ele>
    <time>2011-12-21T19:39:46.528Z</time>
    <src>GPSD tag="RMC"</src>
    <fix>3d</fix>
    <sat>10</sat>
    <hdop>0.9</hdop>
    <vdop>1.3</vdop>
    <pdop>1.6</pdop>
   </trkpt>
   <trkpt lat="-34.889097" lon="-56.148228">
    <ele>56.300000</ele>
    <time>2011-12-21T19:39:47.528Z</time>
    <src>GPSD tag="RMC"</src>
    <fix>3d</fix>
    <sat>10</sat>
    <hdop>0.9</hdop>
    <vdop>1.3</vdop>
    <pdop>1.6</pdop>
   </trkpt>
   <trkpt lat="-34.889097" lon="-56.148227">
    <ele>56.300000</ele>
    <time>2011-12-21T19:39:48.528Z</time>
    <src>GPSD tag="RMC"</src>
    <fix>3d</fix>
    <sat>10</sat>
    <hdop>0.9</hdop>
    <vdop>1.3</vdop>
    <pdop>1.6</pdop>
   </trkpt>
   <trkpt lat="-34.889097" lon="-56.148227">
    <ele>56.400000</ele>
    <time>2011-12-21T19:39:49.528Z</time>
    <src>GPSD tag="RMC"</src>
    <fix>3d</fix>
    <sat>10</sat>
    <hdop>0.9</hdop>
    <vdop>1.3</vdop>
    <pdop>1.6</pdop>
   </trkpt>
   <trkpt lat="-34.889097" lon="-56.148227">
    <ele>56.400000</ele>
    <time>2011-12-21T19:39:50.528Z</time>
    <src>GPSD tag="RMC"</src>
    <fix>3d</fix>
    <sat>10</sat>
    <hdop>0.9</hdop>
    <vdop>1.3</vdop>
    <pdop>1.6</pdop>
   </trkpt>
   <trkpt lat="-34.889097" lon="-56.148227">
    <ele>56.400000</ele>
    <time>2011-12-21T19:39:51.528Z</time>
    <src>GPSD tag="RMC"</src>
    <fix>3d</fix>
    <sat>10</sat>
    <hdop>0.9</hdop>
    <vdop>1.3</vdop>
    <pdop>1.6</pdop>
   </trkpt>
   <trkpt lat="-34.889097" lon="-56.148227">
    <ele>56.400000</ele>
    <time>2011-12-21T19:39:52.528Z</time>
    <src>GPSD tag="RMC"</src>
    <fix>3d</fix>
    <sat>10</sat>
    <hdop>0.9</hdop>
    <vdop>1.3</vdop>
    <pdop>1.6</pdop>
   </trkpt>
   <trkpt lat="-34.889097" lon="-56.148227">
    <ele>56.400000</ele>
    <time>2011-12-21T19:39:53.528Z</time>
    <src>GPSD tag="RMC"</src>
    <fix>3d</fix>
    <sat>10</sat>
    <hdop>0.9</hdop>
    <vdop>1.3</vdop>
    <pdop>1.6</pdop>
   </trkpt>
   <trkpt lat="-34.889097" lon="-56.148227">
    <ele>56.400000</ele>
    <time>2011-12-21T19:39:54.528Z</time>
    <src>GPSD tag="RMC"</src>
    <fix>3d</fix>
    <sat>10</sat>
    <hdop>0.9</hdop>
    <vdop>1.3</vdop>
    <pdop>1.6</pdop>
   </trkpt>
   <trkpt lat="-34.889097" lon="-56.148227">
    <ele>56.400000</ele>
    <time>2011-12-21T19:39:55.528Z</time>
    <src>GPSD tag="RMC"</src>
    <fix>3d</fix>
    <sat>10</sat>
    <hdop>0.9</hdop>
    <vdop>1.3</vdop>
    <pdop>1.6</pdop>
   </trkpt>
   <trkpt lat="-34.889097" lon="-56.148228">
    <ele>56.300000</ele>
    <time>2011-12-21T19:39:56.528Z</time>
    <src>GPSD tag="RMC"</src>
    <fix>3d</fix>
    <sat>10</sat>
    <hdop>0.9</hdop>
    <vdop>1.3</vdop>
    <pdop>1.6</pdop>
   </trkpt>
   <trkpt lat="-34.889097" lon="-56.148228">
    <ele>56.300000</ele>
    <time>2011-12-21T19:39:57.528Z</time>
    <src>GPSD tag="RMC"</src>
    <fix>3d</fix>
    <sat>10</sat>
    <hdop>0.9</hdop>
    <vdop>1.3</vdop>
    <pdop>1.6</pdop>
   </trkpt>
   <trkpt lat="-34.889097" lon="-56.148228">
    <ele>56.300000</ele>
    <time>2011-12-21T19:39:58.528Z</time>
    <src>GPSD tag="RMC"</src>
    <fix>3d</fix>
    <sat>10</sat>
    <hdop>0.9</hdop>
    <vdop>1.3</vdop>
    <pdop>1.6</pdop>
   </trkpt>
   <trkpt lat="-34.889097" lon="-56.148228">
    <ele>56.300000</ele>
    <time>2011-12-21T19:39:59.528Z</time>
    <src>GPSD tag="RMC"</src>
    <fix>3d</fix>
    <sat>10</sat>
    <hdop>0.9</hdop>
    <vdop>1.3</vdop>
    <pdop>1.6</pdop>
   </trkpt>
   <trkpt lat="-34.889097" lon="-56.148230">
    <ele>56.300000</ele>
    <time>2011-12-21T19:40:00.528Z</time>
    <src>GPSD tag="RMC"</src>
    <fix>3d</fix>
    <sat>10</sat>
    <hdop>0.9</hdop>
    <vdop>1.3</vdop>
    <pdop>1.6</pdop>
   </trkpt>
   <trkpt lat="-34.889097" lon="-56.148230">
    <ele>56.300000</ele>
    <time>2011-12-21T19:40:01.528Z</time>
    <src>GPSD tag="RMC"</src>
    <fix>3d</fix>
    <sat>10</sat>
    <hdop>0.9</hdop>
    <vdop>1.3</vdop>
    <pdop>1.6</pdop>
   </trkpt>
   <trkpt lat="-34.889097" lon="-56.148230">
    <ele>56.200000</ele>
    <time>2011-12-21T19:40:02.528Z</time>
    <src>GPSD tag="RMC"</src>
    <fix>3d</fix>
    <sat>10</sat>
    <hdop>0.9</hdop>
    <vdop>1.3</vdop>
    <pdop>1.6</pdop>
   </trkpt>
   <trkpt lat="-34.889097" lon="-56.148230">
    <ele>56.200000</ele>
    <time>2011-12-21T19:40:03.528Z</time>
    <src>GPSD tag="RMC"</src>
    <fix>3d</fix>
    <sat>10</sat>
    <hdop>0.9</hdop>
    <vdop>1.3</vdop>
    <pdop>1.6</pdop>
   </trkpt>
   <trkpt lat="-34.889097" lon="-56.148230">
    <ele>56.200000</ele>
    <time>2011-12-21T19:40:04.528Z</time>
    <src>GPSD tag="RMC"</src>
    <fix>3d</fix>
    <sat>10</sat>
    <hdop>0.9</hdop>
    <vdop>1.3</vdop>
    <pdop>1.6</pdop>
   </trkpt>
   <trkpt lat="-34.889097" lon="-56.148232">
    <ele>56.200000</ele>
    <time>2011-12-21T19:40:05.528Z</time>
    <src>GPSD tag="RMC"</src>
    <fix>3d</fix>
    <sat>10</sat>
    <hdop>0.9</hdop>
    <vdop>1.3</vdop>
    <pdop>1.6</pdop>
   </trkpt>
   <trkpt lat="-34.889097" lon="-56.148232">
    <ele>56.200000</ele>
    <time>2011-12-21T19:40:06.528Z</time>
    <src>GPSD tag="RMC"</src>
    <fix>3d</fix>
    <sat>10</sat>
    <hdop>0.9</hdop>
    <vdop>1.3</vdop>
    <pdop>1.6</pdop>
   </trkpt>
   <trkpt lat="-34.889097" lon="-56.148232">
    <ele>56.200000</ele>
    <time>2011-12-21T19:40:07.528Z</time>
    <src>GPSD tag="RMC"</src>
    <fix>3d</fix>
    <sat>10</sat>
    <hdop>0.9</hdop>
    <vdop>1.3</vdop>
    <pdop>1.6</pdop>
   </trkpt>
   <trkpt lat="-34.889097" lon="-56.148232">
    <ele>56.200000</ele>
    <time>2011-12-21T19:40:08.528Z</time>
    <src>GPSD tag="RMC"</src>
    <fix>3d</fix>
    <sat>10</sat>
    <hdop>0.9</hdop>
    <vdop>1.3</vdop>
    <pdop>1.6</pdop>
   </trkpt>
   <trkpt lat="-34.889097" lon="-56.148232">
    <ele>56.200000</ele>
    <time>2011-12-21T19:40:09.528Z</time>
    <src>GPSD tag="RMC"</src>
    <fix>3d</fix>
    <sat>10</sat>
    <hdop>0.9</hdop>
    <vdop>1.3</vdop>
    <pdop>1.6</pdop>
   </trkpt>
   <trkpt lat="-34.889097" lon="-56.148232">
    <ele>56.200000</ele>
    <time>2011-12-21T19:40:10.528Z</time>
    <src>GPSD tag="RMC"</src>
    <fix>3d</fix>
    <sat>10</sat>
    <hdop>0.9</hdop>
    <vdop>1.3</vdop>
    <pdop>1.6</pdop>
   </trkpt>
   <trkpt lat="-34.889097" lon="-56.148232">
    <ele>56.200000</ele>
    <time>2011-12-21T19:40:11.528Z</time>
    <src>GPSD tag="RMC"</src>
    <fix>3d</fix>
    <sat>10</sat>
    <hdop>0.9</hdop>
    <vdop>1.3</vdop>
    <pdop>1.6</pdop>
   </trkpt>
   <trkpt lat="-34.889097" lon="-56.148232">
    <ele>56.200000</ele>
    <time>2011-12-21T19:40:12.528Z</time>
    <src>GPSD tag="RMC"</src>
    <fix>3d</fix>
    <sat>10</sat>
    <hdop>0.9</hdop>
    <vdop>1.3</vdop>
    <pdop>1.6</pdop>
   </trkpt>
   <trkpt lat="-34.889097" lon="-56.148232">
    <ele>56.200000</ele>
    <time>2011-12-21T19:40:13.528Z</time>
    <src>GPSD tag="RMC"</src>
    <fix>3d</fix>
    <sat>10</sat>
    <hdop>0.9</hdop>
    <vdop>1.3</vdop>
    <pdop>1.6</pdop>
   </trkpt>
   <trkpt lat="-34.889097" lon="-56.148232">
    <ele>56.200000</ele>
    <time>2011-12-21T19:40:14.528Z</time>
    <src>GPSD tag="RMC"</src>
    <fix>3d</fix>
    <sat>10</sat>
    <hdop>0.9</hdop>
    <vdop>1.3</vdop>
    <pdop>1.6</pdop>
   </trkpt>
   <trkpt lat="-34.889097" lon="-56.148232">
    <ele>56.200000</ele>
    <time>2011-12-21T19:40:15.528Z</time>
    <src>GPSD tag="RMC"</src>
    <fix>3d</fix>
    <sat>10</sat>
    <hdop>0.9</hdop>
    <vdop>1.3</vdop>
    <pdop>1.6</pdop>
   </trkpt>
   <trkpt lat="-34.889097" lon="-56.148232">
    <ele>56.200000</ele>
    <time>2011-12-21T19:40:16.528Z</time>
    <src>GPSD tag="RMC"</src>
    <fix>3d</fix>
    <sat>10</sat>
    <hdop>0.9</hdop>
    <vdop>1.3</vdop>
    <pdop>1.6</pdop>
   </trkpt>
   <trkpt lat="-34.889097" lon="-56.148232">
    <ele>56.300000</ele>
    <time>2011-12-21T19:40:17.528Z</time>
    <src>GPSD tag="RMC"</src>
    <fix>3d</fix>
    <sat>10</sat>
    <hdop>0.9</hdop>
    <vdop>1.3</vdop>
    <pdop>1.6</pdop>
   </trkpt>
   <trkpt lat="-34.889097" lon="-56.148232">
    <ele>56.300000</ele>
    <time>2011-12-21T19:40:18.528Z</time>
    <src>GPSD tag="RMC"</src>
    <fix>3d</fix>
    <sat>10</sat>
    <hdop>0.9</hdop>
    <vdop>1.3</vdop>
    <pdop>1.6</pdop>
   </trkpt>
   <trkpt lat="-34.889097" lon="-56.148232">
    <ele>56.300000</ele>
    <time>2011-12-21T19:40:19.528Z</time>
    <src>GPSD tag="RMC"</src>
    <fix>3d</fix>
    <sat>10</sat>
    <hdop>0.9</hdop>
    <vdop>1.3</vdop>
    <pdop>1.6</pdop>
   </trkpt>
   <trkpt lat="-34.889097" lon="-56.148232">
    <ele>56.300000</ele>
    <time>2011-12-21T19:40:20.528Z</time>
    <src>GPSD tag="RMC"</src>
    <fix>3d</fix>
    <sat>10</sat>
    <hdop>0.9</hdop>
    <vdop>1.3</vdop>
    <pdop>1.6</pdop>
   </trkpt>
   <trkpt lat="-34.889097" lon="-56.148232">
    <ele>56.300000</ele>
    <time>2011-12-21T19:40:21.528Z</time>
    <src>GPSD tag="RMC"</src>
    <fix>3d</fix>
    <sat>10</sat>
    <hdop>0.9</hdop>
    <vdop>1.3</vdop>
    <pdop>1.6</pdop>
   </trkpt>
   <trkpt lat="-34.889097" lon="-56.148232">
    <ele>56.300000</ele>
    <time>2011-12-21T19:40:22.528Z</time>
    <src>GPSD tag="RMC"</src>
    <fix>3d</fix>
    <sat>10</sat>
    <hdop>0.9</hdop>
    <vdop>1.3</vdop>
    <pdop>1.6</pdop>
   </trkpt>
   <trkpt lat="-34.889097" lon="-56.148232">
    <ele>56.300000</ele>
    <time>2011-12-21T19:40:23.528Z</time>
    <src>GPSD tag="RMC"</src>
    <fix>3d</fix>
    <sat>10</sat>
    <hdop>0.9</hdop>
    <vdop>1.3</vdop>
    <pdop>1.6</pdop>
   </trkpt>
   <trkpt lat="-34.889097" lon="-56.148232">
    <ele>56.300000</ele>
    <time>2011-12-21T19:40:24.528Z</time>
    <src>GPSD tag="RMC"</src>
    <fix>3d</fix>
    <sat>10</sat>
    <hdop>0.9</hdop>
    <vdop>1.3</vdop>
    <pdop>1.6</pdop>
   </trkpt>
   <trkpt lat="-34.889097" lon="-56.148232">
    <ele>56.300000</ele>
    <time>2011-12-21T19:40:25.528Z</time>
    <src>GPSD tag="RMC"</src>
    <fix>3d</fix>
    <sat>10</sat>
    <hdop>0.9</hdop>
    <vdop>1.3</vdop>
    <pdop>1.6</pdop>
   </trkpt>
   <trkpt lat="-34.889097" lon="-56.148232">
    <ele>56.300000</ele>
    <time>2011-12-21T19:40:26.528Z</time>
    <src>GPSD tag="RMC"</src>
    <fix>3d</fix>
    <sat>10</sat>
    <hdop>0.9</hdop>
    <vdop>1.3</vdop>
    <pdop>1.6</pdop>
   </trkpt>
   <trkpt lat="-34.889097" lon="-56.148232">
    <ele>56.300000</ele>
    <time>2011-12-21T19:40:27.528Z</time>
    <src>GPSD tag="RMC"</src>
    <fix>3d</fix>
    <sat>10</sat>
    <hdop>0.9</hdop>
    <vdop>1.3</vdop>
    <pdop>1.6</pdop>
   </trkpt>
   <trkpt lat="-34.889097" lon="-56.148232">
    <ele>56.300000</ele>
    <time>2011-12-21T19:40:28.528Z</time>
    <src>GPSD tag="RMC"</src>
    <fix>3d</fix>
    <sat>10</sat>
    <hdop>0.9</hdop>
    <vdop>1.3</vdop>
    <pdop>1.6</pdop>
   </trkpt>
   <trkpt lat="-34.889097" lon="-56.148232">
    <ele>56.300000</ele>
    <time>2011-12-21T19:40:29.528Z</time>
    <src>GPSD tag="RMC"</src>
    <fix>3d</fix>
    <sat>10</sat>
    <hdop>0.9</hdop>
    <vdop>1.3</vdop>
    <pdop>1.6</pdop>
   </trkpt>
   <trkpt lat="-34.889097" lon="-56.148232">
    <ele>56.400000</ele>
    <time>2011-12-21T19:40:30.528Z</time>
    <src>GPSD tag="RMC"</src>
    <fix>3d</fix>
    <sat>10</sat>
    <hdop>0.9</hdop>
    <vdop>1.3</vdop>
    <pdop>1.6</pdop>
   </trkpt>
   <trkpt lat="-34.889097" lon="-56.148232">
    <ele>56.400000</ele>
    <time>2011-12-21T19:40:31.528Z</time>
    <src>GPSD tag="RMC"</src>
    <fix>3d</fix>
    <sat>10</sat>
    <hdop>0.9</hdop>
    <vdop>1.3</vdop>
    <pdop>1.6</pdop>
   </trkpt>
   <trkpt lat="-34.889097" lon="-56.148232">
    <ele>56.400000</ele>
    <time>2011-12-21T19:40:32.528Z</time>
    <src>GPSD tag="RMC"</src>
    <fix>3d</fix>
    <sat>10</sat>
    <hdop>0.9</hdop>
    <vdop>1.3</vdop>
    <pdop>1.6</pdop>
   </trkpt>
   <trkpt lat="-34.889097" lon="-56.148232">
    <ele>56.400000</ele>
    <time>2011-12-21T19:40:33.528Z</time>
    <src>GPSD tag="RMC"</src>
    <fix>3d</fix>
    <sat>10</sat>
    <hdop>0.9</hdop>
    <vdop>1.3</vdop>
    <pdop>1.5</pdop>
   </trkpt>
   <trkpt lat="-34.889097" lon="-56.148232">
    <ele>56.500000</ele>
    <time>2011-12-21T19:40:34.528Z</time>
    <src>GPSD tag="RMC"</src>
    <fix>3d</fix>
    <sat>10</sat>
    <hdop>0.9</hdop>
    <vdop>1.3</vdop>
    <pdop>1.5</pdop>
   </trkpt>
   <trkpt lat="-34.889097" lon="-56.148232">
    <ele>56.500000</ele>
    <time>2011-12-21T19:40:35.528Z</time>
    <src>GPSD tag="RMC"</src>
    <fix>3d</fix>
    <sat>10</sat>
    <hdop>0.9</hdop>
    <vdop>1.3</vdop>
    <pdop>1.5</pdop>
   </trkpt>
   <trkpt lat="-34.889097" lon="-56.148232">
    <ele>56.500000</ele>
    <time>2011-12-21T19:40:36.528Z</time>
    <src>GPSD tag="RMC"</src>
    <fix>3d</fix>
    <sat>10</sat>
    <hdop>0.9</hdop>
    <vdop>1.3</vdop>
    <pdop>1.5</pdop>
   </trkpt>
   <trkpt lat="-34.889097" lon="-56.148232">
    <ele>56.500000</ele>
    <time>2011-12-21T19:40:37.528Z</time>
    <src>GPSD tag="RMC"</src>
    <fix>3d</fix>
    <sat>10</sat>
    <hdop>0.9</hdop>
    <vdop>1.3</vdop>
    <pdop>1.5</pdop>
   </trkpt>
   <trkpt lat="-34.889097" lon="-56.148232">
    <ele>56.500000</ele>
    <time>2011-12-21T19:40:38.528Z</time>
    <src>GPSD tag="RMC"</src>
    <fix>3d</fix>
    <sat>10</sat>
    <hdop>0.9</hdop>
    <vdop>1.3</vdop>
    <pdop>1.5</pdop>
   </trkpt>
   <trkpt lat="-34.889097" lon="-56.148233">
    <ele>56.500000</ele>
    <time>2011-12-21T19:40:39.528Z</time>
    <src>GPSD tag="RMC"</src>
    <fix>3d</fix>
    <sat>10</sat>
    <hdop>0.9</hdop>
    <vdop>1.3</vdop>
    <pdop>1.5</pdop>
   </trkpt>
   <trkpt lat="-34.889097" lon="-56.148233">
    <ele>56.500000</ele>
    <time>2011-12-21T19:40:40.528Z</time>
    <src>GPSD tag="RMC"</src>
    <fix>3d</fix>
    <sat>10</sat>
    <hdop>0.9</hdop>
    <vdop>1.3</vdop>
    <pdop>1.5</pdop>
   </trkpt>
   <trkpt lat="-34.889097" lon="-56.148233">
    <ele>56.500000</ele>
    <time>2011-12-21T19:40:41.528Z</time>
    <src>GPSD tag="RMC"</src>
    <fix>3d</fix>
    <sat>10</sat>
    <hdop>0.9</hdop>
    <vdop>1.3</vdop>
    <pdop>1.5</pdop>
   </trkpt>
   <trkpt lat="-34.889097" lon="-56.148233">
    <ele>56.500000</ele>
    <time>2011-12-21T19:40:42.528Z</time>
    <src>GPSD tag="RMC"</src>
    <fix>3d</fix>
    <sat>10</sat>
    <hdop>0.9</hdop>
    <vdop>1.3</vdop>
    <pdop>1.5</pdop>
   </trkpt>
   <trkpt lat="-34.889098" lon="-56.148235">
    <ele>56.500000</ele>
    <time>2011-12-21T19:40:43.528Z</time>
    <src>GPSD tag="RMC"</src>
    <fix>3d</fix>
    <sat>10</sat>
    <hdop>0.9</hdop>
    <vdop>1.3</vdop>
    <pdop>1.5</pdop>
   </trkpt>
   <trkpt lat="-34.889098" lon="-56.148235">
    <ele>56.500000</ele>
    <time>2011-12-21T19:40:44.528Z</time>
    <src>GPSD tag="RMC"</src>
    <fix>3d</fix>
    <sat>10</sat>
    <hdop>0.9</hdop>
    <vdop>1.3</vdop>
    <pdop>1.5</pdop>
   </trkpt>
   <trkpt lat="-34.889098" lon="-56.148235">
    <ele>56.500000</ele>
    <time>2011-12-21T19:40:45.528Z</time>
    <src>GPSD tag="RMC"</src>
    <fix>3d</fix>
    <sat>10</sat>
    <hdop>0.9</hdop>
    <vdop>1.3</vdop>
    <pdop>1.5</pdop>
   </trkpt>
   <trkpt lat="-34.889098" lon="-56.148237">
    <ele>56.500000</ele>
    <time>2011-12-21T19:40:46.528Z</time>
    <src>GPSD tag="RMC"</src>
    <fix>3d</fix>
    <sat>10</sat>
    <hdop>0.9</hdop>
    <vdop>1.3</vdop>
    <pdop>1.5</pdop>
   </trkpt>
   <trkpt lat="-34.889098" lon="-56.148237">
    <ele>56.500000</ele>
    <time>2011-12-21T19:40:47.528Z</time>
    <src>GPSD tag="RMC"</src>
    <fix>3d</fix>
    <sat>10</sat>
    <hdop>0.9</hdop>
    <vdop>1.3</vdop>
    <pdop>1.5</pdop>
   </trkpt>
   <trkpt lat="-34.889098" lon="-56.148237">
    <ele>56.500000</ele>
    <time>2011-12-21T19:40:48.528Z</time>
    <src>GPSD tag="RMC"</src>
    <fix>3d</fix>
    <sat>10</sat>
    <hdop>0.9</hdop>
    <vdop>1.3</vdop>
    <pdop>1.5</pdop>
   </trkpt>
   <trkpt lat="-34.889098" lon="-56.148237">
    <ele>56.500000</ele>
    <time>2011-12-21T19:40:49.528Z</time>
    <src>GPSD tag="RMC"</src>
    <fix>3d</fix>
    <sat>10</sat>
    <hdop>0.9</hdop>
    <vdop>1.3</vdop>
    <pdop>1.5</pdop>
   </trkpt>
   <trkpt lat="-34.889100" lon="-56.148238">
    <ele>56.500000</ele>
    <time>2011-12-21T19:40:50.528Z</time>
    <src>GPSD tag="RMC"</src>
    <fix>3d</fix>
    <sat>10</sat>
    <hdop>0.9</hdop>
    <vdop>1.3</vdop>
    <pdop>1.5</pdop>
   </trkpt>
   <trkpt lat="-34.889100" lon="-56.148238">
    <ele>56.500000</ele>
    <time>2011-12-21T19:40:51.528Z</time>
    <src>GPSD tag="RMC"</src>
    <fix>3d</fix>
    <sat>10</sat>
    <hdop>0.9</hdop>
    <vdop>1.3</vdop>
    <pdop>1.5</pdop>
   </trkpt>
   <trkpt lat="-34.889100" lon="-56.148238">
    <ele>56.500000</ele>
    <time>2011-12-21T19:40:52.528Z</time>
    <src>GPSD tag="RMC"</src>
    <fix>3d</fix>
    <sat>10</sat>
    <hdop>0.9</hdop>
    <vdop>1.3</vdop>
    <pdop>1.5</pdop>
   </trkpt>
   <trkpt lat="-34.889100" lon="-56.148238">
    <ele>56.500000</ele>
    <time>2011-12-21T19:40:53.528Z</time>
    <src>GPSD tag="RMC"</src>
    <fix>3d</fix>
    <sat>10</sat>
    <hdop>0.9</hdop>
    <vdop>1.3</vdop>
    <pdop>1.5</pdop>
   </trkpt>
   <trkpt lat="-34.889100" lon="-56.148238">
    <ele>56.500000</ele>
    <time>2011-12-21T19:40:54.528Z</time>
    <src>GPSD tag="RMC"</src>
    <fix>3d</fix>
    <sat>10</sat>
    <hdop>0.9</hdop>
    <vdop>1.3</vdop>
    <pdop>1.5</pdop>
   </trkpt>
   <trkpt lat="-34.889100" lon="-56.148238">
    <ele>56.500000</ele>
    <time>2011-12-21T19:40:55.528Z</time>
    <src>GPSD tag="RMC"</src>
    <fix>3d</fix>
    <sat>10</sat>
    <hdop>0.9</hdop>
    <vdop>1.3</vdop>
    <pdop>1.5</pdop>
   </trkpt>
   <trkpt lat="-34.889100" lon="-56.148238">
    <ele>56.500000</ele>
    <time>2011-12-21T19:40:56.528Z</time>
    <src>GPSD tag="RMC"</src>
    <fix>3d</fix>
    <sat>10</sat>
    <hdop>0.9</hdop>
    <vdop>1.3</vdop>
    <pdop>1.5</pdop>
   </trkpt>
   <trkpt lat="-34.889100" lon="-56.148240">
    <ele>56.500000</ele>
    <time>2011-12-21T19:40:57.528Z</time>
    <src>GPSD tag="RMC"</src>
    <fix>3d</fix>
    <sat>10</sat>
    <hdop>0.9</hdop>
    <vdop>1.3</vdop>
    <pdop>1.5</pdop>
   </trkpt>
   <trkpt lat="-34.889100" lon="-56.148240">
    <ele>56.500000</ele>
    <time>2011-12-21T19:40:58.528Z</time>
    <src>GPSD tag="RMC"</src>
    <fix>3d</fix>
    <sat>10</sat>
    <hdop>0.9</hdop>
    <vdop>1.3</vdop>
    <pdop>1.5</pdop>
   </trkpt>
   <trkpt lat="-34.889098" lon="-56.148240">
    <ele>56.500000</ele>
    <time>2011-12-21T19:40:59.528Z</time>
    <src>GPSD tag="RMC"</src>
    <fix>3d</fix>
    <sat>10</sat>
    <hdop>0.9</hdop>
    <vdop>1.3</vdop>
    <pdop>1.5</pdop>
   </trkpt>
   <trkpt lat="-34.889098" lon="-56.148240">
    <ele>56.500000</ele>
    <time>2011-12-21T19:41:00.528Z</time>
    <src>GPSD tag="RMC"</src>
    <fix>3d</fix>
    <sat>10</sat>
    <hdop>0.9</hdop>
    <vdop>1.3</vdop>
    <pdop>1.5</pdop>
   </trkpt>
   <trkpt lat="-34.889098" lon="-56.148240">
    <ele>56.600000</ele>
    <time>2011-12-21T19:41:01.528Z</time>
    <src>GPSD tag="RMC"</src>
    <fix>3d</fix>
    <sat>10</sat>
    <hdop>0.9</hdop>
    <vdop>1.3</vdop>
    <pdop>1.5</pdop>
   </trkpt>
   <trkpt lat="-34.889098" lon="-56.148240">
    <ele>56.600000</ele>
    <time>2011-12-21T19:41:02.528Z</time>
    <src>GPSD tag="RMC"</src>
    <fix>3d</fix>
    <sat>10</sat>
    <hdop>0.9</hdop>
    <vdop>1.3</vdop>
    <pdop>1.5</pdop>
   </trkpt>
   <trkpt lat="-34.889098" lon="-56.148238">
    <ele>56.600000</ele>
    <time>2011-12-21T19:41:03.528Z</time>
    <src>GPSD tag="RMC"</src>
    <fix>3d</fix>
    <sat>10</sat>
    <hdop>0.9</hdop>
    <vdop>1.3</vdop>
    <pdop>1.5</pdop>
   </trkpt>
   <trkpt lat="-34.889098" lon="-56.148238">
    <ele>56.600000</ele>
    <time>2011-12-21T19:41:04.528Z</time>
    <src>GPSD tag="RMC"</src>
    <fix>3d</fix>
    <sat>10</sat>
    <hdop>0.9</hdop>
    <vdop>1.3</vdop>
    <pdop>1.5</pdop>
   </trkpt>
   <trkpt lat="-34.889097" lon="-56.148238">
    <ele>56.700000</ele>
    <time>2011-12-21T19:41:05.528Z</time>
    <src>GPSD tag="RMC"</src>
    <fix>3d</fix>
    <sat>10</sat>
    <hdop>0.9</hdop>
    <vdop>1.3</vdop>
    <pdop>1.5</pdop>
   </trkpt>
   <trkpt lat="-34.889097" lon="-56.148238">
    <ele>56.700000</ele>
    <time>2011-12-21T19:41:06.528Z</time>
    <src>GPSD tag="RMC"</src>
    <fix>3d</fix>
    <sat>10</sat>
    <hdop>0.9</hdop>
    <vdop>1.3</vdop>
    <pdop>1.5</pdop>
   </trkpt>
   <trkpt lat="-34.889097" lon="-56.148238">
    <ele>56.700000</ele>
    <time>2011-12-21T19:41:07.528Z</time>
    <src>GPSD tag="RMC"</src>
    <fix>3d</fix>
    <sat>10</sat>
    <hdop>0.9</hdop>
    <vdop>1.3</vdop>
    <pdop>1.5</pdop>
   </trkpt>
   <trkpt lat="-34.889097" lon="-56.148240">
    <ele>56.700000</ele>
    <time>2011-12-21T19:41:08.528Z</time>
    <src>GPSD tag="RMC"</src>
    <fix>3d</fix>
    <sat>10</sat>
    <hdop>0.9</hdop>
    <vdop>1.3</vdop>
    <pdop>1.5</pdop>
   </trkpt>
   <trkpt lat="-34.889097" lon="-56.148240">
    <ele>56.700000</ele>
    <time>2011-12-21T19:41:09.528Z</time>
    <src>GPSD tag="RMC"</src>
    <fix>3d</fix>
    <sat>10</sat>
    <hdop>0.9</hdop>
    <vdop>1.3</vdop>
    <pdop>1.5</pdop>
   </trkpt>
   <trkpt lat="-34.889097" lon="-56.148240">
    <ele>56.700000</ele>
    <time>2011-12-21T19:41:10.528Z</time>
    <src>GPSD tag="RMC"</src>
    <fix>3d</fix>
    <sat>10</sat>
    <hdop>0.9</hdop>
    <vdop>1.3</vdop>
    <pdop>1.5</pdop>
   </trkpt>
   <trkpt lat="-34.889097" lon="-56.148240">
    <ele>56.700000</ele>
    <time>2011-12-21T19:41:11.528Z</time>
    <src>GPSD tag="RMC"</src>
    <fix>3d</fix>
    <sat>10</sat>
    <hdop>0.9</hdop>
    <vdop>1.3</vdop>
    <pdop>1.5</pdop>
   </trkpt>
   <trkpt lat="-34.889097" lon="-56.148240">
    <ele>56.600000</ele>
    <time>2011-12-21T19:41:12.528Z</time>
    <src>GPSD tag="RMC"</src>
    <fix>3d</fix>
    <sat>10</sat>
    <hdop>0.9</hdop>
    <vdop>1.3</vdop>
    <pdop>1.5</pdop>
   </trkpt>
   <trkpt lat="-34.889097" lon="-56.148240">
    <ele>56.600000</ele>
    <time>2011-12-21T19:41:13.528Z</time>
    <src>GPSD tag="RMC"</src>
    <fix>3d</fix>
    <sat>10</sat>
    <hdop>0.9</hdop>
    <vdop>1.3</vdop>
    <pdop>1.5</pdop>
   </trkpt>
   <trkpt lat="-34.889097" lon="-56.148240">
    <ele>56.600000</ele>
    <time>2011-12-21T19:41:14.528Z</time>
    <src>GPSD tag="RMC"</src>
    <fix>3d</fix>
    <sat>10</sat>
    <hdop>0.9</hdop>
    <vdop>1.3</vdop>
    <pdop>1.5</pdop>
   </trkpt>
   <trkpt lat="-34.889097" lon="-56.148240">
    <ele>56.600000</ele>
    <time>2011-12-21T19:41:15.528Z</time>
    <src>GPSD tag="RMC"</src>
    <fix>3d</fix>
    <sat>10</sat>
    <hdop>0.9</hdop>
    <vdop>1.3</vdop>
    <pdop>1.5</pdop>
   </trkpt>
   <trkpt lat="-34.889097" lon="-56.148240">
    <ele>56.600000</ele>
    <time>2011-12-21T19:41:16.528Z</time>
    <src>GPSD tag="RMC"</src>
    <fix>3d</fix>
    <sat>10</sat>
    <hdop>0.9</hdop>
    <vdop>1.3</vdop>
    <pdop>1.5</pdop>
   </trkpt>
   <trkpt lat="-34.889097" lon="-56.148240">
    <ele>56.600000</ele>
    <time>2011-12-21T19:41:17.528Z</time>
    <src>GPSD tag="RMC"</src>
    <fix>3d</fix>
    <sat>10</sat>
    <hdop>0.9</hdop>
    <vdop>1.3</vdop>
    <pdop>1.5</pdop>
   </trkpt>
   <trkpt lat="-34.889098" lon="-56.148242">
    <ele>56.600000</ele>
    <time>2011-12-21T19:41:18.528Z</time>
    <src>GPSD tag="RMC"</src>
    <fix>3d</fix>
    <sat>10</sat>
    <hdop>0.9</hdop>
    <vdop>1.3</vdop>
    <pdop>1.5</pdop>
   </trkpt>
   <trkpt lat="-34.889098" lon="-56.148242">
    <ele>56.600000</ele>
    <time>2011-12-21T19:41:19.528Z</time>
    <src>GPSD tag="RMC"</src>
    <fix>3d</fix>
    <sat>10</sat>
    <hdop>0.9</hdop>
    <vdop>1.3</vdop>
    <pdop>1.5</pdop>
   </trkpt>
   <trkpt lat="-34.889100" lon="-56.148242">
    <ele>56.600000</ele>
    <time>2011-12-21T19:41:20.528Z</time>
    <src>GPSD tag="RMC"</src>
    <fix>3d</fix>
    <sat>10</sat>
    <hdop>0.9</hdop>
    <vdop>1.3</vdop>
    <pdop>1.5</pdop>
   </trkpt>
   <trkpt lat="-34.889100" lon="-56.148242">
    <ele>56.600000</ele>
    <time>2011-12-21T19:41:21.528Z</time>
    <src>GPSD tag="RMC"</src>
    <fix>3d</fix>
    <sat>10</sat>
    <hdop>0.9</hdop>
    <vdop>1.3</vdop>
    <pdop>1.5</pdop>
   </trkpt>
   <trkpt lat="-34.889100" lon="-56.148243">
    <ele>56.600000</ele>
    <time>2011-12-21T19:41:22.528Z</time>
    <src>GPSD tag="RMC"</src>
    <fix>3d</fix>
    <sat>10</sat>
    <hdop>0.9</hdop>
    <vdop>1.3</vdop>
    <pdop>1.5</pdop>
   </trkpt>
   <trkpt lat="-34.889102" lon="-56.148243">
    <ele>56.600000</ele>
    <time>2011-12-21T19:41:23.528Z</time>
    <src>GPSD tag="RMC"</src>
    <fix>3d</fix>
    <sat>10</sat>
    <hdop>0.9</hdop>
    <vdop>1.3</vdop>
    <pdop>1.5</pdop>
   </trkpt>
   <trkpt lat="-34.889102" lon="-56.148243">
    <ele>56.600000</ele>
    <time>2011-12-21T19:41:24.528Z</time>
    <src>GPSD tag="RMC"</src>
    <fix>3d</fix>
    <sat>10</sat>
    <hdop>0.9</hdop>
    <vdop>1.3</vdop>
    <pdop>1.5</pdop>
   </trkpt>
   <trkpt lat="-34.889103" lon="-56.148243">
    <ele>56.600000</ele>
    <time>2011-12-21T19:41:25.528Z</time>
    <src>GPSD tag="RMC"</src>
    <fix>3d</fix>
    <sat>10</sat>
    <hdop>0.9</hdop>
    <vdop>1.3</vdop>
    <pdop>1.5</pdop>
   </trkpt>
   <trkpt lat="-34.889103" lon="-56.148243">
    <ele>56.600000</ele>
    <time>2011-12-21T19:41:26.528Z</time>
    <src>GPSD tag="RMC"</src>
    <fix>3d</fix>
    <sat>10</sat>
    <hdop>0.9</hdop>
    <vdop>1.3</vdop>
    <pdop>1.5</pdop>
   </trkpt>
   <trkpt lat="-34.889103" lon="-56.148245">
    <ele>56.600000</ele>
    <time>2011-12-21T19:41:27.528Z</time>
    <src>GPSD tag="RMC"</src>
    <fix>3d</fix>
    <sat>10</sat>
    <hdop>0.9</hdop>
    <vdop>1.3</vdop>
    <pdop>1.5</pdop>
   </trkpt>
   <trkpt lat="-34.889103" lon="-56.148245">
    <ele>56.700000</ele>
    <time>2011-12-21T19:41:28.528Z</time>
    <src>GPSD tag="RMC"</src>
    <fix>3d</fix>
    <sat>10</sat>
    <hdop>0.9</hdop>
    <vdop>1.3</vdop>
    <pdop>1.5</pdop>
   </trkpt>
   <trkpt lat="-34.889105" lon="-56.148245">
    <ele>56.700000</ele>
    <time>2011-12-21T19:41:29.528Z</time>
    <src>GPSD tag="RMC"</src>
    <fix>3d</fix>
    <sat>10</sat>
    <hdop>0.9</hdop>
    <vdop>1.3</vdop>
    <pdop>1.5</pdop>
   </trkpt>
   <trkpt lat="-34.889105" lon="-56.148245">
    <ele>56.700000</ele>
    <time>2011-12-21T19:41:30.528Z</time>
    <src>GPSD tag="RMC"</src>
    <fix>3d</fix>
    <sat>10</sat>
    <hdop>0.9</hdop>
    <vdop>1.3</vdop>
    <pdop>1.5</pdop>
   </trkpt>
   <trkpt lat="-34.889105" lon="-56.148245">
    <ele>56.700000</ele>
    <time>2011-12-21T19:41:31.528Z</time>
    <src>GPSD tag="RMC"</src>
    <fix>3d</fix>
    <sat>10</sat>
    <hdop>0.9</hdop>
    <vdop>1.3</vdop>
    <pdop>1.5</pdop>
   </trkpt>
   <trkpt lat="-34.889105" lon="-56.148243">
    <ele>56.700000</ele>
    <time>2011-12-21T19:41:32.528Z</time>
    <src>GPSD tag="RMC"</src>
    <fix>3d</fix>
    <sat>10</sat>
    <hdop>0.9</hdop>
    <vdop>1.3</vdop>
    <pdop>1.5</pdop>
   </trkpt>
   <trkpt lat="-34.889105" lon="-56.148245">
    <ele>56.700000</ele>
    <time>2011-12-21T19:41:33.528Z</time>
    <src>GPSD tag="RMC"</src>
    <fix>3d</fix>
    <sat>10</sat>
    <hdop>0.9</hdop>
    <vdop>1.3</vdop>
    <pdop>1.5</pdop>
   </trkpt>
   <trkpt lat="-34.889105" lon="-56.148245">
    <ele>56.700000</ele>
    <time>2011-12-21T19:41:34.528Z</time>
    <src>GPSD tag="RMC"</src>
    <fix>3d</fix>
    <sat>10</sat>
    <hdop>0.9</hdop>
    <vdop>1.3</vdop>
    <pdop>1.5</pdop>
   </trkpt>
   <trkpt lat="-34.889105" lon="-56.148245">
    <ele>56.700000</ele>
    <time>2011-12-21T19:41:35.528Z</time>
    <src>GPSD tag="RMC"</src>
    <fix>3d</fix>
    <sat>10</sat>
    <hdop>0.9</hdop>
    <vdop>1.3</vdop>
    <pdop>1.5</pdop>
   </trkpt>
   <trkpt lat="-34.889105" lon="-56.148245">
    <ele>56.700000</ele>
    <time>2011-12-21T19:41:36.528Z</time>
    <src>GPSD tag="RMC"</src>
    <fix>3d</fix>
    <sat>10</sat>
    <hdop>0.9</hdop>
    <vdop>1.3</vdop>
    <pdop>1.5</pdop>
   </trkpt>
   <trkpt lat="-34.889105" lon="-56.148245">
    <ele>56.600000</ele>
    <time>2011-12-21T19:41:37.528Z</time>
    <src>GPSD tag="RMC"</src>
    <fix>3d</fix>
    <sat>10</sat>
    <hdop>0.9</hdop>
    <vdop>1.3</vdop>
    <pdop>1.5</pdop>
   </trkpt>
   <trkpt lat="-34.889105" lon="-56.148245">
    <ele>56.600000</ele>
    <time>2011-12-21T19:41:38.528Z</time>
    <src>GPSD tag="RMC"</src>
    <fix>3d</fix>
    <sat>10</sat>
    <hdop>0.9</hdop>
    <vdop>1.3</vdop>
    <pdop>1.5</pdop>
   </trkpt>
   <trkpt lat="-34.889105" lon="-56.148245">
    <ele>56.600000</ele>
    <time>2011-12-21T19:41:39.528Z</time>
    <src>GPSD tag="RMC"</src>
    <fix>3d</fix>
    <sat>10</sat>
    <hdop>0.9</hdop>
    <vdop>1.3</vdop>
    <pdop>1.5</pdop>
   </trkpt>
   <trkpt lat="-34.889105" lon="-56.148245">
    <ele>56.600000</ele>
    <time>2011-12-21T19:41:40.528Z</time>
    <src>GPSD tag="RMC"</src>
    <fix>3d</fix>
    <sat>10</sat>
    <hdop>0.9</hdop>
    <vdop>1.3</vdop>
    <pdop>1.5</pdop>
   </trkpt>
   <trkpt lat="-34.889105" lon="-56.148245">
    <ele>56.600000</ele>
    <time>2011-12-21T19:41:41.528Z</time>
    <src>GPSD tag="RMC"</src>
    <fix>3d</fix>
    <sat>10</sat>
    <hdop>0.9</hdop>
    <vdop>1.3</vdop>
    <pdop>1.5</pdop>
   </trkpt>
   <trkpt lat="-34.889105" lon="-56.148245">
    <ele>56.600000</ele>
    <time>2011-12-21T19:41:42.528Z</time>
    <src>GPSD tag="RMC"</src>
    <fix>3d</fix>
    <sat>10</sat>
    <hdop>0.9</hdop>
    <vdop>1.3</vdop>
    <pdop>1.5</pdop>
   </trkpt>
   <trkpt lat="-34.889105" lon="-56.148245">
    <ele>56.600000</ele>
    <time>2011-12-21T19:41:43.528Z</time>
    <src>GPSD tag="RMC"</src>
    <fix>3d</fix>
    <sat>10</sat>
    <hdop>0.9</hdop>
    <vdop>1.3</vdop>
    <pdop>1.5</pdop>
   </trkpt>
   <trkpt lat="-34.889105" lon="-56.148245">
    <ele>56.600000</ele>
    <time>2011-12-21T19:41:44.528Z</time>
    <src>GPSD tag="RMC"</src>
    <fix>3d</fix>
    <sat>10</sat>
    <hdop>0.9</hdop>
    <vdop>1.3</vdop>
    <pdop>1.5</pdop>
   </trkpt>
   <trkpt lat="-34.889105" lon="-56.148245">
    <ele>56.600000</ele>
    <time>2011-12-21T19:41:45.528Z</time>
    <src>GPSD tag="RMC"</src>
    <fix>3d</fix>
    <sat>10</sat>
    <hdop>0.9</hdop>
    <vdop>1.3</vdop>
    <pdop>1.5</pdop>
   </trkpt>
   <trkpt lat="-34.889105" lon="-56.148245">
    <ele>56.600000</ele>
    <time>2011-12-21T19:41:46.528Z</time>
    <src>GPSD tag="RMC"</src>
    <fix>3d</fix>
    <sat>10</sat>
    <hdop>0.9</hdop>
    <vdop>1.3</vdop>
    <pdop>1.5</pdop>
   </trkpt>
   <trkpt lat="-34.889105" lon="-56.148245">
    <ele>56.600000</ele>
    <time>2011-12-21T19:41:47.528Z</time>
    <src>GPSD tag="RMC"</src>
    <fix>3d</fix>
    <sat>10</sat>
    <hdop>0.9</hdop>
    <vdop>1.3</vdop>
    <pdop>1.5</pdop>
   </trkpt>
   <trkpt lat="-34.889105" lon="-56.148245">
    <ele>56.600000</ele>
    <time>2011-12-21T19:41:48.528Z</time>
    <src>GPSD tag="RMC"</src>
    <fix>3d</fix>
    <sat>10</sat>
    <hdop>0.9</hdop>
    <vdop>1.3</vdop>
    <pdop>1.5</pdop>
   </trkpt>
   <trkpt lat="-34.889105" lon="-56.148245">
    <ele>56.600000</ele>
    <time>2011-12-21T19:41:49.528Z</time>
    <src>GPSD tag="RMC"</src>
    <fix>3d</fix>
    <sat>10</sat>
    <hdop>0.9</hdop>
    <vdop>1.3</vdop>
    <pdop>1.5</pdop>
   </trkpt>
   <trkpt lat="-34.889105" lon="-56.148245">
    <ele>56.600000</ele>
    <time>2011-12-21T19:41:50.528Z</time>
    <src>GPSD tag="RMC"</src>
    <fix>3d</fix>
    <sat>10</sat>
    <hdop>0.9</hdop>
    <vdop>1.3</vdop>
    <pdop>1.5</pdop>
   </trkpt>
   <trkpt lat="-34.889105" lon="-56.148245">
    <ele>56.600000</ele>
    <time>2011-12-21T19:41:51.528Z</time>
    <src>GPSD tag="RMC"</src>
    <fix>3d</fix>
    <sat>10</sat>
    <hdop>0.9</hdop>
    <vdop>1.3</vdop>
    <pdop>1.5</pdop>
   </trkpt>
   <trkpt lat="-34.889105" lon="-56.148245">
    <ele>56.600000</ele>
    <time>2011-12-21T19:41:52.528Z</time>
    <src>GPSD tag="RMC"</src>
    <fix>3d</fix>
    <sat>10</sat>
    <hdop>0.9</hdop>
    <vdop>1.3</vdop>
    <pdop>1.5</pdop>
   </trkpt>
   <trkpt lat="-34.889105" lon="-56.148245">
    <ele>56.600000</ele>
    <time>2011-12-21T19:41:53.528Z</time>
    <src>GPSD tag="RMC"</src>
    <fix>3d</fix>
    <sat>10</sat>
    <hdop>0.9</hdop>
    <vdop>1.3</vdop>
    <pdop>1.5</pdop>
   </trkpt>
   <trkpt lat="-34.889105" lon="-56.148245">
    <ele>56.600000</ele>
    <time>2011-12-21T19:41:54.528Z</time>
    <src>GPSD tag="RMC"</src>
    <fix>3d</fix>
    <sat>10</sat>
    <hdop>0.9</hdop>
    <vdop>1.3</vdop>
    <pdop>1.5</pdop>
   </trkpt>
   <trkpt lat="-34.889105" lon="-56.148245">
    <ele>56.600000</ele>
    <time>2011-12-21T19:41:55.528Z</time>
    <src>GPSD tag="RMC"</src>
    <fix>3d</fix>
    <sat>10</sat>
    <hdop>0.9</hdop>
    <vdop>1.3</vdop>
    <pdop>1.5</pdop>
   </trkpt>
   <trkpt lat="-34.889105" lon="-56.148245">
    <ele>56.600000</ele>
    <time>2011-12-21T19:41:56.528Z</time>
    <src>GPSD tag="RMC"</src>
    <fix>3d</fix>
    <sat>10</sat>
    <hdop>0.9</hdop>
    <vdop>1.3</vdop>
    <pdop>1.5</pdop>
   </trkpt>
   <trkpt lat="-34.889105" lon="-56.148245">
    <ele>56.600000</ele>
    <time>2011-12-21T19:41:57.528Z</time>
    <src>GPSD tag="RMC"</src>
    <fix>3d</fix>
    <sat>10</sat>
    <hdop>0.9</hdop>
    <vdop>1.3</vdop>
    <pdop>1.5</pdop>
   </trkpt>
   <trkpt lat="-34.889105" lon="-56.148243">
    <ele>56.600000</ele>
    <time>2011-12-21T19:41:58.528Z</time>
    <src>GPSD tag="RMC"</src>
    <fix>3d</fix>
    <sat>10</sat>
    <hdop>0.9</hdop>
    <vdop>1.3</vdop>
    <pdop>1.5</pdop>
   </trkpt>
   <trkpt lat="-34.889105" lon="-56.148243">
    <ele>56.600000</ele>
    <time>2011-12-21T19:41:59.528Z</time>
    <src>GPSD tag="RMC"</src>
    <fix>3d</fix>
    <sat>10</sat>
    <hdop>0.9</hdop>
    <vdop>1.3</vdop>
    <pdop>1.5</pdop>
   </trkpt>
   <trkpt lat="-34.889105" lon="-56.148243">
    <ele>56.600000</ele>
    <time>2011-12-21T19:42:00.528Z</time>
    <src>GPSD tag="RMC"</src>
    <fix>3d</fix>
    <sat>10</sat>
    <hdop>0.9</hdop>
    <vdop>1.3</vdop>
    <pdop>1.5</pdop>
   </trkpt>
   <trkpt lat="-34.889105" lon="-56.148245">
    <ele>56.600000</ele>
    <time>2011-12-21T19:42:01.528Z</time>
    <src>GPSD tag="RMC"</src>
    <fix>3d</fix>
    <sat>10</sat>
    <hdop>0.9</hdop>
    <vdop>1.3</vdop>
    <pdop>1.5</pdop>
   </trkpt>
   <trkpt lat="-34.889105" lon="-56.148245">
    <ele>56.600000</ele>
    <time>2011-12-21T19:42:02.528Z</time>
    <src>GPSD tag="RMC"</src>
    <fix>3d</fix>
    <sat>10</sat>
    <hdop>0.9</hdop>
    <vdop>1.3</vdop>
    <pdop>1.5</pdop>
   </trkpt>
   <trkpt lat="-34.889107" lon="-56.148245">
    <ele>56.600000</ele>
    <time>2011-12-21T19:42:03.528Z</time>
    <src>GPSD tag="RMC"</src>
    <fix>3d</fix>
    <sat>10</sat>
    <hdop>0.9</hdop>
    <vdop>1.3</vdop>
    <pdop>1.5</pdop>
   </trkpt>
   <trkpt lat="-34.889107" lon="-56.148245">
    <ele>56.600000</ele>
    <time>2011-12-21T19:42:04.528Z</time>
    <src>GPSD tag="RMC"</src>
    <fix>3d</fix>
    <sat>10</sat>
    <hdop>0.9</hdop>
    <vdop>1.3</vdop>
    <pdop>1.5</pdop>
   </trkpt>
   <trkpt lat="-34.889107" lon="-56.148245">
    <ele>56.500000</ele>
    <time>2011-12-21T19:42:05.528Z</time>
    <src>GPSD tag="RMC"</src>
    <fix>3d</fix>
    <sat>10</sat>
    <hdop>0.9</hdop>
    <vdop>1.3</vdop>
    <pdop>1.5</pdop>
   </trkpt>
   <trkpt lat="-34.889107" lon="-56.148245">
    <ele>56.500000</ele>
    <time>2011-12-21T19:42:06.528Z</time>
    <src>GPSD tag="RMC"</src>
    <fix>3d</fix>
    <sat>10</sat>
    <hdop>0.9</hdop>
    <vdop>1.3</vdop>
    <pdop>1.5</pdop>
   </trkpt>
   <trkpt lat="-34.889108" lon="-56.148245">
    <ele>56.500000</ele>
    <time>2011-12-21T19:42:07.528Z</time>
    <src>GPSD tag="RMC"</src>
    <fix>3d</fix>
    <sat>10</sat>
    <hdop>0.9</hdop>
    <vdop>1.3</vdop>
    <pdop>1.5</pdop>
   </trkpt>
   <trkpt lat="-34.889108" lon="-56.148245">
    <ele>56.600000</ele>
    <time>2011-12-21T19:42:08.528Z</time>
    <src>GPSD tag="RMC"</src>
    <fix>3d</fix>
    <sat>10</sat>
    <hdop>0.9</hdop>
    <vdop>1.3</vdop>
    <pdop>1.5</pdop>
   </trkpt>
   <trkpt lat="-34.889108" lon="-56.148245">
    <ele>56.600000</ele>
    <time>2011-12-21T19:42:09.528Z</time>
    <src>GPSD tag="RMC"</src>
    <fix>3d</fix>
    <sat>10</sat>
    <hdop>0.9</hdop>
    <vdop>1.3</vdop>
    <pdop>1.5</pdop>
   </trkpt>
   <trkpt lat="-34.889108" lon="-56.148245">
    <ele>56.600000</ele>
    <time>2011-12-21T19:42:10.528Z</time>
    <src>GPSD tag="RMC"</src>
    <fix>3d</fix>
    <sat>10</sat>
    <hdop>0.9</hdop>
    <vdop>1.3</vdop>
    <pdop>1.5</pdop>
   </trkpt>
   <trkpt lat="-34.889108" lon="-56.148245">
    <ele>56.600000</ele>
    <time>2011-12-21T19:42:11.528Z</time>
    <src>GPSD tag="RMC"</src>
    <fix>3d</fix>
    <sat>10</sat>
    <hdop>0.9</hdop>
    <vdop>1.3</vdop>
    <pdop>1.5</pdop>
   </trkpt>
   <trkpt lat="-34.889110" lon="-56.148245">
    <ele>56.600000</ele>
    <time>2011-12-21T19:42:12.528Z</time>
    <src>GPSD tag="RMC"</src>
    <fix>3d</fix>
    <sat>10</sat>
    <hdop>0.9</hdop>
    <vdop>1.3</vdop>
    <pdop>1.5</pdop>
   </trkpt>
   <trkpt lat="-34.889110" lon="-56.148245">
    <ele>56.600000</ele>
    <time>2011-12-21T19:42:13.528Z</time>
    <src>GPSD tag="RMC"</src>
    <fix>3d</fix>
    <sat>10</sat>
    <hdop>0.9</hdop>
    <vdop>1.3</vdop>
    <pdop>1.5</pdop>
   </trkpt>
   <trkpt lat="-34.889110" lon="-56.148245">
    <ele>56.600000</ele>
    <time>2011-12-21T19:42:14.528Z</time>
    <src>GPSD tag="RMC"</src>
    <fix>3d</fix>
    <sat>10</sat>
    <hdop>0.9</hdop>
    <vdop>1.3</vdop>
    <pdop>1.5</pdop>
   </trkpt>
   <trkpt lat="-34.889110" lon="-56.148243">
    <ele>56.600000</ele>
    <time>2011-12-21T19:42:15.528Z</time>
    <src>GPSD tag="RMC"</src>
    <fix>3d</fix>
    <sat>10</sat>
    <hdop>0.9</hdop>
    <vdop>1.3</vdop>
    <pdop>1.5</pdop>
   </trkpt>
   <trkpt lat="-34.889110" lon="-56.148243">
    <ele>56.600000</ele>
    <time>2011-12-21T19:42:16.528Z</time>
    <src>GPSD tag="RMC"</src>
    <fix>3d</fix>
    <sat>10</sat>
    <hdop>0.9</hdop>
    <vdop>1.3</vdop>
    <pdop>1.5</pdop>
   </trkpt>
   <trkpt lat="-34.889110" lon="-56.148243">
    <ele>56.700000</ele>
    <time>2011-12-21T19:42:17.528Z</time>
    <src>GPSD tag="RMC"</src>
    <fix>3d</fix>
    <sat>10</sat>
    <hdop>0.9</hdop>
    <vdop>1.3</vdop>
    <pdop>1.5</pdop>
   </trkpt>
   <trkpt lat="-34.889110" lon="-56.148243">
    <ele>56.700000</ele>
    <time>2011-12-21T19:42:18.528Z</time>
    <src>GPSD tag="RMC"</src>
    <fix>3d</fix>
    <sat>10</sat>
    <hdop>0.9</hdop>
    <vdop>1.3</vdop>
    <pdop>1.5</pdop>
   </trkpt>
   <trkpt lat="-34.889110" lon="-56.148242">
    <ele>56.700000</ele>
    <time>2011-12-21T19:42:19.528Z</time>
    <src>GPSD tag="RMC"</src>
    <fix>3d</fix>
    <sat>10</sat>
    <hdop>0.9</hdop>
    <vdop>1.3</vdop>
    <pdop>1.5</pdop>
   </trkpt>
   <trkpt lat="-34.889110" lon="-56.148242">
    <ele>56.700000</ele>
    <time>2011-12-21T19:42:20.528Z</time>
    <src>GPSD tag="RMC"</src>
    <fix>3d</fix>
    <sat>10</sat>
    <hdop>0.9</hdop>
    <vdop>1.3</vdop>
    <pdop>1.5</pdop>
   </trkpt>
   <trkpt lat="-34.889110" lon="-56.148242">
    <ele>56.700000</ele>
    <time>2011-12-21T19:42:21.528Z</time>
    <src>GPSD tag="RMC"</src>
    <fix>3d</fix>
    <sat>10</sat>
    <hdop>0.9</hdop>
    <vdop>1.3</vdop>
    <pdop>1.5</pdop>
   </trkpt>
   <trkpt lat="-34.889110" lon="-56.148242">
    <ele>56.700000</ele>
    <time>2011-12-21T19:42:22.528Z</time>
    <src>GPSD tag="RMC"</src>
    <fix>3d</fix>
    <sat>10</sat>
    <hdop>0.9</hdop>
    <vdop>1.3</vdop>
    <pdop>1.5</pdop>
   </trkpt>
   <trkpt lat="-34.889112" lon="-56.148240">
    <ele>56.800000</ele>
    <time>2011-12-21T19:42:23.528Z</time>
    <src>GPSD tag="RMC"</src>
    <fix>3d</fix>
    <sat>10</sat>
    <hdop>0.9</hdop>
    <vdop>1.3</vdop>
    <pdop>1.5</pdop>
   </trkpt>
   <trkpt lat="-34.889112" lon="-56.148240">
    <ele>56.800000</ele>
    <time>2011-12-21T19:42:24.528Z</time>
    <src>GPSD tag="RMC"</src>
    <fix>3d</fix>
    <sat>10</sat>
    <hdop>0.9</hdop>
    <vdop>1.3</vdop>
    <pdop>1.5</pdop>
   </trkpt>
   <trkpt lat="-34.889112" lon="-56.148240">
    <ele>56.800000</ele>
    <time>2011-12-21T19:42:25.528Z</time>
    <src>GPSD tag="RMC"</src>
    <fix>3d</fix>
    <sat>10</sat>
    <hdop>0.9</hdop>
    <vdop>1.3</vdop>
    <pdop>1.5</pdop>
   </trkpt>
   <trkpt lat="-34.889112" lon="-56.148240">
    <ele>56.800000</ele>
    <time>2011-12-21T19:42:26.528Z</time>
    <src>GPSD tag="RMC"</src>
    <fix>3d</fix>
    <sat>10</sat>
    <hdop>0.9</hdop>
    <vdop>1.3</vdop>
    <pdop>1.5</pdop>
   </trkpt>
   <trkpt lat="-34.889112" lon="-56.148240">
    <ele>56.800000</ele>
    <time>2011-12-21T19:42:27.528Z</time>
    <src>GPSD tag="RMC"</src>
    <fix>3d</fix>
    <sat>10</sat>
    <hdop>0.9</hdop>
    <vdop>1.3</vdop>
    <pdop>1.5</pdop>
   </trkpt>
   <trkpt lat="-34.889112" lon="-56.148242">
    <ele>56.800000</ele>
    <time>2011-12-21T19:42:28.528Z</time>
    <src>GPSD tag="RMC"</src>
    <fix>3d</fix>
    <sat>10</sat>
    <hdop>0.9</hdop>
    <vdop>1.3</vdop>
    <pdop>1.5</pdop>
   </trkpt>
   <trkpt lat="-34.889112" lon="-56.148242">
    <ele>56.800000</ele>
    <time>2011-12-21T19:42:29.528Z</time>
    <src>GPSD tag="RMC"</src>
    <fix>3d</fix>
    <sat>10</sat>
    <hdop>0.9</hdop>
    <vdop>1.3</vdop>
    <pdop>1.5</pdop>
   </trkpt>
   <trkpt lat="-34.889112" lon="-56.148242">
    <ele>56.800000</ele>
    <time>2011-12-21T19:42:30.528Z</time>
    <src>GPSD tag="RMC"</src>
    <fix>3d</fix>
    <sat>10</sat>
    <hdop>0.9</hdop>
    <vdop>1.3</vdop>
    <pdop>1.5</pdop>
   </trkpt>
   <trkpt lat="-34.889112" lon="-56.148242">
    <ele>56.800000</ele>
    <time>2011-12-21T19:42:31.528Z</time>
    <src>GPSD tag="RMC"</src>
    <fix>3d</fix>
    <sat>10</sat>
    <hdop>0.9</hdop>
    <vdop>1.3</vdop>
    <pdop>1.5</pdop>
   </trkpt>
   <trkpt lat="-34.889112" lon="-56.148242">
    <ele>56.800000</ele>
    <time>2011-12-21T19:42:32.528Z</time>
    <src>GPSD tag="RMC"</src>
    <fix>3d</fix>
    <sat>10</sat>
    <hdop>0.9</hdop>
    <vdop>1.3</vdop>
    <pdop>1.5</pdop>
   </trkpt>
   <trkpt lat="-34.889113" lon="-56.148242">
    <ele>56.800000</ele>
    <time>2011-12-21T19:42:33.528Z</time>
    <src>GPSD tag="RMC"</src>
    <fix>3d</fix>
    <sat>10</sat>
    <hdop>0.9</hdop>
    <vdop>1.3</vdop>
    <pdop>1.5</pdop>
   </trkpt>
   <trkpt lat="-34.889113" lon="-56.148242">
    <ele>56.700000</ele>
    <time>2011-12-21T19:42:34.528Z</time>
    <src>GPSD tag="RMC"</src>
    <fix>3d</fix>
    <sat>10</sat>
    <hdop>0.9</hdop>
    <vdop>1.3</vdop>
    <pdop>1.5</pdop>
   </trkpt>
   <trkpt lat="-34.889113" lon="-56.148242">
    <ele>56.700000</ele>
    <time>2011-12-21T19:42:35.528Z</time>
    <src>GPSD tag="RMC"</src>
    <fix>3d</fix>
    <sat>10</sat>
    <hdop>0.9</hdop>
    <vdop>1.3</vdop>
    <pdop>1.5</pdop>
   </trkpt>
   <trkpt lat="-34.889113" lon="-56.148242">
    <ele>56.700000</ele>
    <time>2011-12-21T19:42:36.528Z</time>
    <src>GPSD tag="RMC"</src>
    <fix>3d</fix>
    <sat>10</sat>
    <hdop>0.9</hdop>
    <vdop>1.3</vdop>
    <pdop>1.5</pdop>
   </trkpt>
   <trkpt lat="-34.889113" lon="-56.148242">
    <ele>56.700000</ele>
    <time>2011-12-21T19:42:37.528Z</time>
    <src>GPSD tag="RMC"</src>
    <fix>3d</fix>
    <sat>10</sat>
    <hdop>0.9</hdop>
    <vdop>1.3</vdop>
    <pdop>1.5</pdop>
   </trkpt>
   <trkpt lat="-34.889113" lon="-56.148243">
    <ele>56.700000</ele>
    <time>2011-12-21T19:42:38.528Z</time>
    <src>GPSD tag="RMC"</src>
    <fix>3d</fix>
    <sat>10</sat>
    <hdop>0.9</hdop>
    <vdop>1.3</vdop>
    <pdop>1.5</pdop>
   </trkpt>
   <trkpt lat="-34.889113" lon="-56.148243">
    <ele>56.700000</ele>
    <time>2011-12-21T19:42:39.528Z</time>
    <src>GPSD tag="RMC"</src>
    <fix>3d</fix>
    <sat>10</sat>
    <hdop>0.9</hdop>
    <vdop>1.3</vdop>
    <pdop>1.5</pdop>
   </trkpt>
   <trkpt lat="-34.889115" lon="-56.148243">
    <ele>56.600000</ele>
    <time>2011-12-21T19:42:40.528Z</time>
    <src>GPSD tag="RMC"</src>
    <fix>3d</fix>
    <sat>10</sat>
    <hdop>0.9</hdop>
    <vdop>1.3</vdop>
    <pdop>1.5</pdop>
   </trkpt>
   <trkpt lat="-34.889115" lon="-56.148243">
    <ele>56.600000</ele>
    <time>2011-12-21T19:42:41.528Z</time>
    <src>GPSD tag="RMC"</src>
    <fix>3d</fix>
    <sat>10</sat>
    <hdop>0.9</hdop>
    <vdop>1.3</vdop>
    <pdop>1.5</pdop>
   </trkpt>
   <trkpt lat="-34.889115" lon="-56.148243">
    <ele>56.600000</ele>
    <time>2011-12-21T19:42:42.528Z</time>
    <src>GPSD tag="RMC"</src>
    <fix>3d</fix>
    <sat>10</sat>
    <hdop>0.9</hdop>
    <vdop>1.3</vdop>
    <pdop>1.5</pdop>
   </trkpt>
   <trkpt lat="-34.889115" lon="-56.148243">
    <ele>56.600000</ele>
    <time>2011-12-21T19:42:43.528Z</time>
    <src>GPSD tag="RMC"</src>
    <fix>3d</fix>
    <sat>10</sat>
    <hdop>0.9</hdop>
    <vdop>1.3</vdop>
    <pdop>1.5</pdop>
   </trkpt>
  </trkseg>
 </trk>
</gpx>
