<?xml version="1.0" encoding="utf-8"?>
<gpx version="1.1" creator="GPSD 3.4~dev - http://catb.org/gpsd"
        xmlns:xsi="http://www.w3.org/2001/XMLSchema-instance"
        xmlns="http://www.topografix.com/GPX/1/1"
        xsi:schemaLocation="http://www.topografix.com/GPX/1/1
        http://www.topografix.com/GPX/1/1/gpx.xsd">
 <metadata>
  <time>2011-12-29T20:08:37.000Z</time>
 </metadata>
 <trk>
  <src>GPSD 3.4~dev</src>
  <trkseg>
   <trkpt lat="-31.456223" lon="-64.172737">
    <ele>457.700000</ele>
    <time>2011-12-29T20:08:37.671Z</time>
    <src>GPSD tag="RMC"</src>
    <fix>3d</fix>
    <sat>6</sat>
    <hdop>1.8</hdop>
    <vdop>3.1</vdop>
    <pdop>3.6</pdop>
   </trkpt>
   <trkpt lat="-31.456223" lon="-64.172738">
    <ele>457.800000</ele>
    <time>2011-12-29T20:08:38.671Z</time>
    <src>GPSD tag="RMC"</src>
    <fix>3d</fix>
    <sat>6</sat>
    <hdop>1.8</hdop>
    <vdop>3.1</vdop>
    <pdop>3.6</pdop>
   </trkpt>
   <trkpt lat="-31.456223" lon="-64.172738">
    <ele>457.900000</ele>
    <time>2011-12-29T20:08:39.671Z</time>
    <src>GPSD tag="RMC"</src>
    <fix>3d</fix>
    <sat>6</sat>
    <hdop>1.8</hdop>
    <vdop>3.1</vdop>
    <pdop>3.6</pdop>
   </trkpt>
   <trkpt lat="-31.456223" lon="-64.172740">
    <ele>458.000000</ele>
    <time>2011-12-29T20:08:40.671Z</time>
    <src>GPSD tag="RMC"</src>
    <fix>3d</fix>
    <sat>6</sat>
    <hdop>1.8</hdop>
    <vdop>3.1</vdop>
    <pdop>3.6</pdop>
   </trkpt>
   <trkpt lat="-31.456223" lon="-64.172742">
    <ele>458.100000</ele>
    <time>2011-12-29T20:08:41.671Z</time>
    <src>GPSD tag="RMC"</src>
    <fix>3d</fix>
    <sat>6</sat>
    <hdop>1.8</hdop>
    <vdop>3.1</vdop>
    <pdop>3.6</pdop>
   </trkpt>
   <trkpt lat="-31.456222" lon="-64.172743">
    <ele>458.100000</ele>
    <time>2011-12-29T20:08:42.671Z</time>
    <src>GPSD tag="RMC"</src>
    <fix>3d</fix>
    <sat>6</sat>
    <hdop>1.8</hdop>
    <vdop>3.1</vdop>
    <pdop>3.6</pdop>
   </trkpt>
   <trkpt lat="-31.456222" lon="-64.172743">
    <ele>458.200000</ele>
    <time>2011-12-29T20:08:43.671Z</time>
    <src>GPSD tag="RMC"</src>
    <fix>3d</fix>
    <sat>6</sat>
    <hdop>1.8</hdop>
    <vdop>3.1</vdop>
    <pdop>3.6</pdop>
   </trkpt>
   <trkpt lat="-31.456222" lon="-64.172745">
    <ele>458.100000</ele>
    <time>2011-12-29T20:08:44.671Z</time>
    <src>GPSD tag="RMC"</src>
    <fix>3d</fix>
    <sat>6</sat>
    <hdop>1.8</hdop>
    <vdop>3.1</vdop>
    <pdop>3.6</pdop>
   </trkpt>
   <trkpt lat="-31.456222" lon="-64.172745">
    <ele>458.100000</ele>
    <time>2011-12-29T20:08:45.671Z</time>
    <src>GPSD tag="RMC"</src>
    <fix>3d</fix>
    <sat>6</sat>
    <hdop>1.8</hdop>
    <vdop>3.1</vdop>
    <pdop>3.6</pdop>
   </trkpt>
   <trkpt lat="-31.456220" lon="-64.172745">
    <ele>458.100000</ele>
    <time>2011-12-29T20:08:46.671Z</time>
    <src>GPSD tag="RMC"</src>
    <fix>3d</fix>
    <sat>6</sat>
    <hdop>1.8</hdop>
    <vdop>3.1</vdop>
    <pdop>3.6</pdop>
   </trkpt>
   <trkpt lat="-31.456220" lon="-64.172747">
    <ele>458.100000</ele>
    <time>2011-12-29T20:08:47.671Z</time>
    <src>GPSD tag="RMC"</src>
    <fix>3d</fix>
    <sat>6</sat>
    <hdop>1.8</hdop>
    <vdop>3.1</vdop>
    <pdop>3.6</pdop>
   </trkpt>
   <trkpt lat="-31.456220" lon="-64.172747">
    <ele>458.100000</ele>
    <time>2011-12-29T20:08:48.671Z</time>
    <src>GPSD tag="RMC"</src>
    <fix>3d</fix>
    <sat>6</sat>
    <hdop>1.8</hdop>
    <vdop>3.1</vdop>
    <pdop>3.6</pdop>
   </trkpt>
   <trkpt lat="-31.456218" lon="-64.172747">
    <ele>458.100000</ele>
    <time>2011-12-29T20:08:49.671Z</time>
    <src>GPSD tag="RMC"</src>
    <fix>3d</fix>
    <sat>6</sat>
    <hdop>1.8</hdop>
    <vdop>3.1</vdop>
    <pdop>3.6</pdop>
   </trkpt>
   <trkpt lat="-31.456218" lon="-64.172747">
    <ele>458.100000</ele>
    <time>2011-12-29T20:08:50.671Z</time>
    <src>GPSD tag="RMC"</src>
    <fix>3d</fix>
    <sat>6</sat>
    <hdop>1.8</hdop>
    <vdop>3.1</vdop>
    <pdop>3.6</pdop>
   </trkpt>
   <trkpt lat="-31.456218" lon="-64.172747">
    <ele>457.900000</ele>
    <time>2011-12-29T20:08:51.671Z</time>
    <src>GPSD tag="RMC"</src>
    <fix>3d</fix>
    <sat>6</sat>
    <hdop>1.8</hdop>
    <vdop>3.1</vdop>
    <pdop>3.6</pdop>
   </trkpt>
   <trkpt lat="-31.456217" lon="-64.172747">
    <ele>457.800000</ele>
    <time>2011-12-29T20:08:52.671Z</time>
    <src>GPSD tag="RMC"</src>
    <fix>3d</fix>
    <sat>6</sat>
    <hdop>1.8</hdop>
    <vdop>3.1</vdop>
    <pdop>3.6</pdop>
   </trkpt>
   <trkpt lat="-31.456217" lon="-64.172747">
    <ele>457.700000</ele>
    <time>2011-12-29T20:08:53.671Z</time>
    <src>GPSD tag="RMC"</src>
    <fix>3d</fix>
    <sat>6</sat>
    <hdop>1.8</hdop>
    <vdop>3.1</vdop>
    <pdop>3.6</pdop>
   </trkpt>
   <trkpt lat="-31.456217" lon="-64.172747">
    <ele>457.600000</ele>
    <time>2011-12-29T20:08:54.671Z</time>
    <src>GPSD tag="RMC"</src>
    <fix>3d</fix>
    <sat>6</sat>
    <hdop>1.8</hdop>
    <vdop>3.1</vdop>
    <pdop>3.6</pdop>
   </trkpt>
   <trkpt lat="-31.456215" lon="-64.172747">
    <ele>457.600000</ele>
    <time>2011-12-29T20:08:55.671Z</time>
    <src>GPSD tag="RMC"</src>
    <fix>3d</fix>
    <sat>6</sat>
    <hdop>1.8</hdop>
    <vdop>3.1</vdop>
    <pdop>3.6</pdop>
   </trkpt>
   <trkpt lat="-31.456215" lon="-64.172748">
    <ele>457.500000</ele>
    <time>2011-12-29T20:08:56.671Z</time>
    <src>GPSD tag="RMC"</src>
    <fix>3d</fix>
    <sat>6</sat>
    <hdop>1.8</hdop>
    <vdop>3.1</vdop>
    <pdop>3.6</pdop>
   </trkpt>
   <trkpt lat="-31.456215" lon="-64.172748">
    <ele>457.500000</ele>
    <time>2011-12-29T20:08:57.671Z</time>
    <src>GPSD tag="RMC"</src>
    <fix>3d</fix>
    <sat>6</sat>
    <hdop>1.8</hdop>
    <vdop>3.1</vdop>
    <pdop>3.6</pdop>
   </trkpt>
   <trkpt lat="-31.456215" lon="-64.172748">
    <ele>457.400000</ele>
    <time>2011-12-29T20:08:58.671Z</time>
    <src>GPSD tag="RMC"</src>
    <fix>3d</fix>
    <sat>6</sat>
    <hdop>1.8</hdop>
    <vdop>3.1</vdop>
    <pdop>3.6</pdop>
   </trkpt>
   <trkpt lat="-31.456217" lon="-64.172748">
    <ele>457.500000</ele>
    <time>2011-12-29T20:08:59.671Z</time>
    <src>GPSD tag="RMC"</src>
    <fix>3d</fix>
    <sat>6</sat>
    <hdop>1.8</hdop>
    <vdop>3.1</vdop>
    <pdop>3.6</pdop>
   </trkpt>
   <trkpt lat="-31.456217" lon="-64.172748">
    <ele>457.500000</ele>
    <time>2011-12-29T20:09:00.671Z</time>
    <src>GPSD tag="RMC"</src>
    <fix>3d</fix>
    <sat>6</sat>
    <hdop>1.8</hdop>
    <vdop>3.1</vdop>
    <pdop>3.6</pdop>
   </trkpt>
   <trkpt lat="-31.456217" lon="-64.172748">
    <ele>457.600000</ele>
    <time>2011-12-29T20:09:01.671Z</time>
    <src>GPSD tag="RMC"</src>
    <fix>3d</fix>
    <sat>6</sat>
    <hdop>1.8</hdop>
    <vdop>3.1</vdop>
    <pdop>3.6</pdop>
   </trkpt>
   <trkpt lat="-31.456217" lon="-64.172747">
    <ele>457.800000</ele>
    <time>2011-12-29T20:09:02.671Z</time>
    <src>GPSD tag="RMC"</src>
    <fix>3d</fix>
    <sat>6</sat>
    <hdop>1.8</hdop>
    <vdop>3.1</vdop>
    <pdop>3.6</pdop>
   </trkpt>
   <trkpt lat="-31.456217" lon="-64.172747">
    <ele>457.900000</ele>
    <time>2011-12-29T20:09:03.671Z</time>
    <src>GPSD tag="RMC"</src>
    <fix>3d</fix>
    <sat>6</sat>
    <hdop>1.8</hdop>
    <vdop>3.1</vdop>
    <pdop>3.6</pdop>
   </trkpt>
   <trkpt lat="-31.456218" lon="-64.172747">
    <ele>458.000000</ele>
    <time>2011-12-29T20:09:04.671Z</time>
    <src>GPSD tag="RMC"</src>
    <fix>3d</fix>
    <sat>6</sat>
    <hdop>1.8</hdop>
    <vdop>3.1</vdop>
    <pdop>3.6</pdop>
   </trkpt>
   <trkpt lat="-31.456218" lon="-64.172745">
    <ele>458.000000</ele>
    <time>2011-12-29T20:09:05.671Z</time>
    <src>GPSD tag="RMC"</src>
    <fix>3d</fix>
    <sat>6</sat>
    <hdop>1.8</hdop>
    <vdop>3.1</vdop>
    <pdop>3.6</pdop>
   </trkpt>
   <trkpt lat="-31.456218" lon="-64.172745">
    <ele>458.100000</ele>
    <time>2011-12-29T20:09:06.671Z</time>
    <src>GPSD tag="RMC"</src>
    <fix>3d</fix>
    <sat>6</sat>
    <hdop>1.8</hdop>
    <vdop>3.1</vdop>
    <pdop>3.6</pdop>
   </trkpt>
   <trkpt lat="-31.456218" lon="-64.172745">
    <ele>458.100000</ele>
    <time>2011-12-29T20:09:07.671Z</time>
    <src>GPSD tag="RMC"</src>
    <fix>3d</fix>
    <sat>6</sat>
    <hdop>1.8</hdop>
    <vdop>3.1</vdop>
    <pdop>3.6</pdop>
   </trkpt>
   <trkpt lat="-31.456220" lon="-64.172745">
    <ele>458.200000</ele>
    <time>2011-12-29T20:09:08.671Z</time>
    <src>GPSD tag="RMC"</src>
    <fix>3d</fix>
    <sat>6</sat>
    <hdop>1.8</hdop>
    <vdop>3.1</vdop>
    <pdop>3.6</pdop>
   </trkpt>
   <trkpt lat="-31.456222" lon="-64.172745">
    <ele>458.300000</ele>
    <time>2011-12-29T20:09:09.671Z</time>
    <src>GPSD tag="RMC"</src>
    <fix>3d</fix>
    <sat>6</sat>
    <hdop>1.8</hdop>
    <vdop>3.1</vdop>
    <pdop>3.6</pdop>
   </trkpt>
   <trkpt lat="-31.456222" lon="-64.172745">
    <ele>458.400000</ele>
    <time>2011-12-29T20:09:10.671Z</time>
    <src>GPSD tag="RMC"</src>
    <fix>3d</fix>
    <sat>6</sat>
    <hdop>1.8</hdop>
    <vdop>3.1</vdop>
    <pdop>3.6</pdop>
   </trkpt>
   <trkpt lat="-31.456222" lon="-64.172747">
    <ele>458.400000</ele>
    <time>2011-12-29T20:09:11.671Z</time>
    <src>GPSD tag="RMC"</src>
    <fix>3d</fix>
    <sat>6</sat>
    <hdop>1.8</hdop>
    <vdop>3.1</vdop>
    <pdop>3.6</pdop>
   </trkpt>
   <trkpt lat="-31.456223" lon="-64.172747">
    <ele>458.400000</ele>
    <time>2011-12-29T20:09:12.671Z</time>
    <src>GPSD tag="RMC"</src>
    <fix>3d</fix>
    <sat>6</sat>
    <hdop>1.8</hdop>
    <vdop>3.1</vdop>
    <pdop>3.6</pdop>
   </trkpt>
   <trkpt lat="-31.456225" lon="-64.172748">
    <ele>458.400000</ele>
    <time>2011-12-29T20:09:13.671Z</time>
    <src>GPSD tag="RMC"</src>
    <fix>3d</fix>
    <sat>6</sat>
    <hdop>1.8</hdop>
    <vdop>3.1</vdop>
    <pdop>3.6</pdop>
   </trkpt>
   <trkpt lat="-31.456227" lon="-64.172748">
    <ele>458.500000</ele>
    <time>2011-12-29T20:09:14.671Z</time>
    <src>GPSD tag="RMC"</src>
    <fix>3d</fix>
    <sat>6</sat>
    <hdop>1.8</hdop>
    <vdop>3.1</vdop>
    <pdop>3.6</pdop>
   </trkpt>
   <trkpt lat="-31.456227" lon="-64.172750">
    <ele>458.500000</ele>
    <time>2011-12-29T20:09:15.671Z</time>
    <src>GPSD tag="RMC"</src>
    <fix>3d</fix>
    <sat>6</sat>
    <hdop>1.8</hdop>
    <vdop>3.1</vdop>
    <pdop>3.6</pdop>
   </trkpt>
   <trkpt lat="-31.456228" lon="-64.172750">
    <ele>458.500000</ele>
    <time>2011-12-29T20:09:16.671Z</time>
    <src>GPSD tag="RMC"</src>
    <fix>3d</fix>
    <sat>6</sat>
    <hdop>1.8</hdop>
    <vdop>3.1</vdop>
    <pdop>3.6</pdop>
   </trkpt>
   <trkpt lat="-31.456230" lon="-64.172752">
    <ele>458.500000</ele>
    <time>2011-12-29T20:09:17.671Z</time>
    <src>GPSD tag="RMC"</src>
    <fix>3d</fix>
    <sat>6</sat>
    <hdop>1.8</hdop>
    <vdop>3.1</vdop>
    <pdop>3.6</pdop>
   </trkpt>
   <trkpt lat="-31.456230" lon="-64.172752">
    <ele>458.600000</ele>
    <time>2011-12-29T20:09:18.671Z</time>
    <src>GPSD tag="RMC"</src>
    <fix>3d</fix>
    <sat>6</sat>
    <hdop>1.8</hdop>
    <vdop>3.1</vdop>
    <pdop>3.6</pdop>
   </trkpt>
   <trkpt lat="-31.456232" lon="-64.172753">
    <ele>458.600000</ele>
    <time>2011-12-29T20:09:19.671Z</time>
    <src>GPSD tag="RMC"</src>
    <fix>3d</fix>
    <sat>6</sat>
    <hdop>1.8</hdop>
    <vdop>3.1</vdop>
    <pdop>3.6</pdop>
   </trkpt>
   <trkpt lat="-31.456232" lon="-64.172753">
    <ele>458.600000</ele>
    <time>2011-12-29T20:09:20.671Z</time>
    <src>GPSD tag="RMC"</src>
    <fix>3d</fix>
    <sat>6</sat>
    <hdop>1.8</hdop>
    <vdop>3.1</vdop>
    <pdop>3.6</pdop>
   </trkpt>
   <trkpt lat="-31.456233" lon="-64.172753">
    <ele>458.600000</ele>
    <time>2011-12-29T20:09:21.671Z</time>
    <src>GPSD tag="RMC"</src>
    <fix>3d</fix>
    <sat>6</sat>
    <hdop>1.8</hdop>
    <vdop>3.1</vdop>
    <pdop>3.6</pdop>
   </trkpt>
   <trkpt lat="-31.456233" lon="-64.172755">
    <ele>458.600000</ele>
    <time>2011-12-29T20:09:22.671Z</time>
    <src>GPSD tag="RMC"</src>
    <fix>3d</fix>
    <sat>7</sat>
    <hdop>1.6</hdop>
    <vdop>2.4</vdop>
    <pdop>2.9</pdop>
   </trkpt>
   <trkpt lat="-31.456235" lon="-64.172755">
    <ele>458.500000</ele>
    <time>2011-12-29T20:09:23.671Z</time>
    <src>GPSD tag="RMC"</src>
    <fix>3d</fix>
    <sat>7</sat>
    <hdop>1.6</hdop>
    <vdop>2.4</vdop>
    <pdop>2.9</pdop>
   </trkpt>
   <trkpt lat="-31.456235" lon="-64.172755">
    <ele>458.500000</ele>
    <time>2011-12-29T20:09:24.671Z</time>
    <src>GPSD tag="RMC"</src>
    <fix>3d</fix>
    <sat>7</sat>
    <hdop>1.6</hdop>
    <vdop>2.4</vdop>
    <pdop>2.9</pdop>
   </trkpt>
   <trkpt lat="-31.456237" lon="-64.172757">
    <ele>458.600000</ele>
    <time>2011-12-29T20:09:25.671Z</time>
    <src>GPSD tag="RMC"</src>
    <fix>3d</fix>
    <sat>7</sat>
    <hdop>1.6</hdop>
    <vdop>2.4</vdop>
    <pdop>2.9</pdop>
   </trkpt>
   <trkpt lat="-31.456237" lon="-64.172757">
    <ele>458.600000</ele>
    <time>2011-12-29T20:09:26.671Z</time>
    <src>GPSD tag="RMC"</src>
    <fix>3d</fix>
    <sat>7</sat>
    <hdop>1.6</hdop>
    <vdop>2.4</vdop>
    <pdop>2.9</pdop>
   </trkpt>
   <trkpt lat="-31.456237" lon="-64.172758">
    <ele>458.600000</ele>
    <time>2011-12-29T20:09:27.671Z</time>
    <src>GPSD tag="RMC"</src>
    <fix>3d</fix>
    <sat>7</sat>
    <hdop>1.6</hdop>
    <vdop>2.4</vdop>
    <pdop>2.9</pdop>
   </trkpt>
   <trkpt lat="-31.456238" lon="-64.172760">
    <ele>458.600000</ele>
    <time>2011-12-29T20:09:28.671Z</time>
    <src>GPSD tag="RMC"</src>
    <fix>3d</fix>
    <sat>7</sat>
    <hdop>1.6</hdop>
    <vdop>2.4</vdop>
    <pdop>2.9</pdop>
   </trkpt>
   <trkpt lat="-31.456238" lon="-64.172760">
    <ele>458.500000</ele>
    <time>2011-12-29T20:09:29.671Z</time>
    <src>GPSD tag="RMC"</src>
    <fix>3d</fix>
    <sat>7</sat>
    <hdop>1.6</hdop>
    <vdop>2.4</vdop>
    <pdop>2.9</pdop>
   </trkpt>
   <trkpt lat="-31.456237" lon="-64.172762">
    <ele>458.400000</ele>
    <time>2011-12-29T20:09:30.671Z</time>
    <src>GPSD tag="RMC"</src>
    <fix>3d</fix>
    <sat>7</sat>
    <hdop>1.6</hdop>
    <vdop>2.4</vdop>
    <pdop>2.9</pdop>
   </trkpt>
   <trkpt lat="-31.456237" lon="-64.172762">
    <ele>458.300000</ele>
    <time>2011-12-29T20:09:31.671Z</time>
    <src>GPSD tag="RMC"</src>
    <fix>3d</fix>
    <sat>7</sat>
    <hdop>1.6</hdop>
    <vdop>2.4</vdop>
    <pdop>2.9</pdop>
   </trkpt>
   <trkpt lat="-31.456235" lon="-64.172763">
    <ele>458.300000</ele>
    <time>2011-12-29T20:09:32.671Z</time>
    <src>GPSD tag="RMC"</src>
    <fix>3d</fix>
    <sat>7</sat>
    <hdop>1.6</hdop>
    <vdop>2.4</vdop>
    <pdop>2.9</pdop>
   </trkpt>
   <trkpt lat="-31.456235" lon="-64.172763">
    <ele>458.300000</ele>
    <time>2011-12-29T20:09:33.671Z</time>
    <src>GPSD tag="RMC"</src>
    <fix>3d</fix>
    <sat>7</sat>
    <hdop>1.6</hdop>
    <vdop>2.4</vdop>
    <pdop>2.9</pdop>
   </trkpt>
   <trkpt lat="-31.456235" lon="-64.172765">
    <ele>458.400000</ele>
    <time>2011-12-29T20:09:34.671Z</time>
    <src>GPSD tag="RMC"</src>
    <fix>3d</fix>
    <sat>7</sat>
    <hdop>1.6</hdop>
    <vdop>2.4</vdop>
    <pdop>2.9</pdop>
   </trkpt>
   <trkpt lat="-31.456235" lon="-64.172765">
    <ele>458.300000</ele>
    <time>2011-12-29T20:09:35.671Z</time>
    <src>GPSD tag="RMC"</src>
    <fix>3d</fix>
    <sat>7</sat>
    <hdop>1.6</hdop>
    <vdop>2.4</vdop>
    <pdop>2.9</pdop>
   </trkpt>
   <trkpt lat="-31.456237" lon="-64.172765">
    <ele>458.400000</ele>
    <time>2011-12-29T20:09:36.671Z</time>
    <src>GPSD tag="RMC"</src>
    <fix>3d</fix>
    <sat>7</sat>
    <hdop>1.6</hdop>
    <vdop>2.4</vdop>
    <pdop>2.9</pdop>
   </trkpt>
   <trkpt lat="-31.456235" lon="-64.172765">
    <ele>458.400000</ele>
    <time>2011-12-29T20:09:37.671Z</time>
    <src>GPSD tag="RMC"</src>
    <fix>3d</fix>
    <sat>7</sat>
    <hdop>1.6</hdop>
    <vdop>2.4</vdop>
    <pdop>2.9</pdop>
   </trkpt>
   <trkpt lat="-31.456235" lon="-64.172767">
    <ele>458.400000</ele>
    <time>2011-12-29T20:09:38.671Z</time>
    <src>GPSD tag="RMC"</src>
    <fix>3d</fix>
    <sat>7</sat>
    <hdop>1.6</hdop>
    <vdop>2.4</vdop>
    <pdop>2.9</pdop>
   </trkpt>
   <trkpt lat="-31.456235" lon="-64.172768">
    <ele>458.400000</ele>
    <time>2011-12-29T20:09:39.671Z</time>
    <src>GPSD tag="RMC"</src>
    <fix>3d</fix>
    <sat>7</sat>
    <hdop>1.6</hdop>
    <vdop>2.4</vdop>
    <pdop>2.9</pdop>
   </trkpt>
   <trkpt lat="-31.456235" lon="-64.172770">
    <ele>458.500000</ele>
    <time>2011-12-29T20:09:40.671Z</time>
    <src>GPSD tag="RMC"</src>
    <fix>3d</fix>
    <sat>7</sat>
    <hdop>1.6</hdop>
    <vdop>2.4</vdop>
    <pdop>2.9</pdop>
   </trkpt>
   <trkpt lat="-31.456235" lon="-64.172770">
    <ele>458.600000</ele>
    <time>2011-12-29T20:09:41.671Z</time>
    <src>GPSD tag="RMC"</src>
    <fix>3d</fix>
    <sat>7</sat>
    <hdop>1.6</hdop>
    <vdop>2.4</vdop>
    <pdop>2.9</pdop>
   </trkpt>
   <trkpt lat="-31.456235" lon="-64.172772">
    <ele>458.700000</ele>
    <time>2011-12-29T20:09:42.671Z</time>
    <src>GPSD tag="RMC"</src>
    <fix>3d</fix>
    <sat>7</sat>
    <hdop>1.6</hdop>
    <vdop>2.4</vdop>
    <pdop>2.9</pdop>
   </trkpt>
   <trkpt lat="-31.456235" lon="-64.172772">
    <ele>458.800000</ele>
    <time>2011-12-29T20:09:43.671Z</time>
    <src>GPSD tag="RMC"</src>
    <fix>3d</fix>
    <sat>7</sat>
    <hdop>1.6</hdop>
    <vdop>2.4</vdop>
    <pdop>2.9</pdop>
   </trkpt>
   <trkpt lat="-31.456233" lon="-64.172772">
    <ele>459.000000</ele>
    <time>2011-12-29T20:09:44.671Z</time>
    <src>GPSD tag="RMC"</src>
    <fix>3d</fix>
    <sat>7</sat>
    <hdop>1.6</hdop>
    <vdop>2.4</vdop>
    <pdop>2.9</pdop>
   </trkpt>
   <trkpt lat="-31.456233" lon="-64.172773">
    <ele>459.000000</ele>
    <time>2011-12-29T20:09:45.671Z</time>
    <src>GPSD tag="RMC"</src>
    <fix>3d</fix>
    <sat>7</sat>
    <hdop>1.6</hdop>
    <vdop>2.4</vdop>
    <pdop>2.9</pdop>
   </trkpt>
   <trkpt lat="-31.456232" lon="-64.172773">
    <ele>459.200000</ele>
    <time>2011-12-29T20:09:46.671Z</time>
    <src>GPSD tag="RMC"</src>
    <fix>3d</fix>
    <sat>7</sat>
    <hdop>1.6</hdop>
    <vdop>2.4</vdop>
    <pdop>2.9</pdop>
   </trkpt>
   <trkpt lat="-31.456232" lon="-64.172773">
    <ele>459.300000</ele>
    <time>2011-12-29T20:09:47.671Z</time>
    <src>GPSD tag="RMC"</src>
    <fix>3d</fix>
    <sat>7</sat>
    <hdop>1.6</hdop>
    <vdop>2.4</vdop>
    <pdop>2.9</pdop>
   </trkpt>
   <trkpt lat="-31.456232" lon="-64.172773">
    <ele>459.500000</ele>
    <time>2011-12-29T20:09:48.671Z</time>
    <src>GPSD tag="RMC"</src>
    <fix>3d</fix>
    <sat>7</sat>
    <hdop>1.6</hdop>
    <vdop>2.4</vdop>
    <pdop>2.9</pdop>
   </trkpt>
   <trkpt lat="-31.456232" lon="-64.172772">
    <ele>459.500000</ele>
    <time>2011-12-29T20:09:49.671Z</time>
    <src>GPSD tag="RMC"</src>
    <fix>3d</fix>
    <sat>7</sat>
    <hdop>1.6</hdop>
    <vdop>2.4</vdop>
    <pdop>2.9</pdop>
   </trkpt>
   <trkpt lat="-31.456232" lon="-64.172773">
    <ele>459.700000</ele>
    <time>2011-12-29T20:09:50.671Z</time>
    <src>GPSD tag="RMC"</src>
    <fix>3d</fix>
    <sat>7</sat>
    <hdop>1.6</hdop>
    <vdop>2.4</vdop>
    <pdop>2.9</pdop>
   </trkpt>
   <trkpt lat="-31.456232" lon="-64.172775">
    <ele>459.800000</ele>
    <time>2011-12-29T20:09:51.671Z</time>
    <src>GPSD tag="RMC"</src>
    <fix>3d</fix>
    <sat>7</sat>
    <hdop>1.6</hdop>
    <vdop>2.4</vdop>
    <pdop>2.9</pdop>
   </trkpt>
   <trkpt lat="-31.456232" lon="-64.172775">
    <ele>459.800000</ele>
    <time>2011-12-29T20:09:52.671Z</time>
    <src>GPSD tag="RMC"</src>
    <fix>3d</fix>
    <sat>7</sat>
    <hdop>1.6</hdop>
    <vdop>2.4</vdop>
    <pdop>2.9</pdop>
   </trkpt>
   <trkpt lat="-31.456230" lon="-64.172775">
    <ele>460.000000</ele>
    <time>2011-12-29T20:09:53.671Z</time>
    <src>GPSD tag="RMC"</src>
    <fix>3d</fix>
    <sat>7</sat>
    <hdop>1.6</hdop>
    <vdop>2.4</vdop>
    <pdop>2.9</pdop>
   </trkpt>
  </trkseg>
 </trk>
</gpx>
