<?xml version="1.0" encoding="utf-8"?>
<gpx version="1.1" creator="GPSD 3.4~dev - http://catb.org/gpsd"
        xmlns:xsi="http://www.w3.org/2001/XMLSchema-instance"
        xmlns="http://www.topografix.com/GPX/1/1"
        xsi:schemaLocation="http://www.topografix.com/GPX/1/1
        http://www.topografix.com/GPX/1/1/gpx.xsd">
 <metadata>
  <time>2011-12-29T20:09:58.000Z</time>
 </metadata>
 <trk>
  <src>GPSD 3.4~dev</src>
  <trkseg>
   <trkpt lat="-31.456228" lon="-64.172775">
    <ele>460.700000</ele>
    <time>2011-12-29T20:09:58.671Z</time>
    <src>GPSD tag="RMC"</src>
    <fix>3d</fix>
    <sat>7</sat>
    <hdop>1.6</hdop>
    <vdop>2.4</vdop>
    <pdop>2.9</pdop>
   </trkpt>
   <trkpt lat="-31.456228" lon="-64.172775">
    <ele>460.800000</ele>
    <time>2011-12-29T20:09:59.671Z</time>
    <src>GPSD tag="RMC"</src>
    <fix>3d</fix>
    <sat>7</sat>
    <hdop>1.6</hdop>
    <vdop>2.4</vdop>
    <pdop>2.9</pdop>
   </trkpt>
   <trkpt lat="-31.456228" lon="-64.172773">
    <ele>460.900000</ele>
    <time>2011-12-29T20:10:00.671Z</time>
    <src>GPSD tag="RMC"</src>
    <fix>3d</fix>
    <sat>7</sat>
    <hdop>1.6</hdop>
    <vdop>2.4</vdop>
    <pdop>2.9</pdop>
   </trkpt>
   <trkpt lat="-31.456228" lon="-64.172773">
    <ele>461.100000</ele>
    <time>2011-12-29T20:10:01.671Z</time>
    <src>GPSD tag="RMC"</src>
    <fix>3d</fix>
    <sat>7</sat>
    <hdop>1.6</hdop>
    <vdop>2.4</vdop>
    <pdop>2.9</pdop>
   </trkpt>
   <trkpt lat="-31.456230" lon="-64.172772">
    <ele>461.200000</ele>
    <time>2011-12-29T20:10:02.671Z</time>
    <src>GPSD tag="RMC"</src>
    <fix>3d</fix>
    <sat>7</sat>
    <hdop>1.6</hdop>
    <vdop>2.4</vdop>
    <pdop>2.9</pdop>
   </trkpt>
   <trkpt lat="-31.456232" lon="-64.172772">
    <ele>461.300000</ele>
    <time>2011-12-29T20:10:03.671Z</time>
    <src>GPSD tag="RMC"</src>
    <fix>3d</fix>
    <sat>7</sat>
    <hdop>1.6</hdop>
    <vdop>2.4</vdop>
    <pdop>2.9</pdop>
   </trkpt>
   <trkpt lat="-31.456233" lon="-64.172770">
    <ele>461.600000</ele>
    <time>2011-12-29T20:10:04.671Z</time>
    <src>GPSD tag="RMC"</src>
    <fix>3d</fix>
    <sat>7</sat>
    <hdop>1.6</hdop>
    <vdop>2.4</vdop>
    <pdop>2.9</pdop>
   </trkpt>
   <trkpt lat="-31.456235" lon="-64.172770">
    <ele>461.800000</ele>
    <time>2011-12-29T20:10:05.671Z</time>
    <src>GPSD tag="RMC"</src>
    <fix>3d</fix>
    <sat>7</sat>
    <hdop>1.6</hdop>
    <vdop>2.4</vdop>
    <pdop>2.9</pdop>
   </trkpt>
   <trkpt lat="-31.456237" lon="-64.172768">
    <ele>462.000000</ele>
    <time>2011-12-29T20:10:06.671Z</time>
    <src>GPSD tag="RMC"</src>
    <fix>3d</fix>
    <sat>7</sat>
    <hdop>1.6</hdop>
    <vdop>2.4</vdop>
    <pdop>2.9</pdop>
   </trkpt>
   <trkpt lat="-31.456240" lon="-64.172768">
    <ele>462.100000</ele>
    <time>2011-12-29T20:10:07.671Z</time>
    <src>GPSD tag="RMC"</src>
    <fix>3d</fix>
    <sat>7</sat>
    <hdop>1.6</hdop>
    <vdop>2.4</vdop>
    <pdop>2.9</pdop>
   </trkpt>
   <trkpt lat="-31.456243" lon="-64.172767">
    <ele>462.300000</ele>
    <time>2011-12-29T20:10:08.671Z</time>
    <src>GPSD tag="RMC"</src>
    <fix>3d</fix>
    <sat>7</sat>
    <hdop>1.6</hdop>
    <vdop>2.4</vdop>
    <pdop>2.9</pdop>
   </trkpt>
   <trkpt lat="-31.456245" lon="-64.172767">
    <ele>462.400000</ele>
    <time>2011-12-29T20:10:09.671Z</time>
    <src>GPSD tag="RMC"</src>
    <fix>3d</fix>
    <sat>7</sat>
    <hdop>1.6</hdop>
    <vdop>2.4</vdop>
    <pdop>2.9</pdop>
   </trkpt>
   <trkpt lat="-31.456248" lon="-64.172765">
    <ele>462.500000</ele>
    <time>2011-12-29T20:10:10.671Z</time>
    <src>GPSD tag="RMC"</src>
    <fix>3d</fix>
    <sat>7</sat>
    <hdop>1.6</hdop>
    <vdop>2.4</vdop>
    <pdop>2.9</pdop>
   </trkpt>
   <trkpt lat="-31.456250" lon="-64.172765">
    <ele>462.600000</ele>
    <time>2011-12-29T20:10:11.671Z</time>
    <src>GPSD tag="RMC"</src>
    <fix>3d</fix>
    <sat>7</sat>
    <hdop>1.6</hdop>
    <vdop>2.4</vdop>
    <pdop>2.9</pdop>
   </trkpt>
   <trkpt lat="-31.456252" lon="-64.172765">
    <ele>462.700000</ele>
    <time>2011-12-29T20:10:12.671Z</time>
    <src>GPSD tag="RMC"</src>
    <fix>3d</fix>
    <sat>7</sat>
    <hdop>1.6</hdop>
    <vdop>2.4</vdop>
    <pdop>2.9</pdop>
   </trkpt>
   <trkpt lat="-31.456253" lon="-64.172765">
    <ele>462.800000</ele>
    <time>2011-12-29T20:10:13.671Z</time>
    <src>GPSD tag="RMC"</src>
    <fix>3d</fix>
    <sat>7</sat>
    <hdop>1.6</hdop>
    <vdop>2.4</vdop>
    <pdop>2.9</pdop>
   </trkpt>
   <trkpt lat="-31.456255" lon="-64.172765">
    <ele>462.800000</ele>
    <time>2011-12-29T20:10:14.671Z</time>
    <src>GPSD tag="RMC"</src>
    <fix>3d</fix>
    <sat>7</sat>
    <hdop>1.6</hdop>
    <vdop>2.4</vdop>
    <pdop>2.9</pdop>
   </trkpt>
   <trkpt lat="-31.456258" lon="-64.172763">
    <ele>462.900000</ele>
    <time>2011-12-29T20:10:15.671Z</time>
    <src>GPSD tag="RMC"</src>
    <fix>3d</fix>
    <sat>7</sat>
    <hdop>1.6</hdop>
    <vdop>2.4</vdop>
    <pdop>2.9</pdop>
   </trkpt>
   <trkpt lat="-31.456258" lon="-64.172763">
    <ele>463.100000</ele>
    <time>2011-12-29T20:10:16.671Z</time>
    <src>GPSD tag="RMC"</src>
    <fix>3d</fix>
    <sat>7</sat>
    <hdop>1.6</hdop>
    <vdop>2.4</vdop>
    <pdop>2.9</pdop>
   </trkpt>
   <trkpt lat="-31.456260" lon="-64.172763">
    <ele>463.200000</ele>
    <time>2011-12-29T20:10:17.671Z</time>
    <src>GPSD tag="RMC"</src>
    <fix>3d</fix>
    <sat>7</sat>
    <hdop>1.6</hdop>
    <vdop>2.4</vdop>
    <pdop>2.9</pdop>
   </trkpt>
   <trkpt lat="-31.456262" lon="-64.172762">
    <ele>463.300000</ele>
    <time>2011-12-29T20:10:18.671Z</time>
    <src>GPSD tag="RMC"</src>
    <fix>3d</fix>
    <sat>7</sat>
    <hdop>1.6</hdop>
    <vdop>2.4</vdop>
    <pdop>2.9</pdop>
   </trkpt>
   <trkpt lat="-31.456263" lon="-64.172763">
    <ele>463.400000</ele>
    <time>2011-12-29T20:10:19.671Z</time>
    <src>GPSD tag="RMC"</src>
    <fix>3d</fix>
    <sat>7</sat>
    <hdop>1.6</hdop>
    <vdop>2.4</vdop>
    <pdop>2.9</pdop>
   </trkpt>
   <trkpt lat="-31.456265" lon="-64.172762">
    <ele>463.500000</ele>
    <time>2011-12-29T20:10:20.671Z</time>
    <src>GPSD tag="RMC"</src>
    <fix>3d</fix>
    <sat>7</sat>
    <hdop>1.6</hdop>
    <vdop>2.4</vdop>
    <pdop>2.9</pdop>
   </trkpt>
   <trkpt lat="-31.456267" lon="-64.172762">
    <ele>463.500000</ele>
    <time>2011-12-29T20:10:21.671Z</time>
    <src>GPSD tag="RMC"</src>
    <fix>3d</fix>
    <sat>7</sat>
    <hdop>1.6</hdop>
    <vdop>2.4</vdop>
    <pdop>2.9</pdop>
   </trkpt>
   <trkpt lat="-31.456268" lon="-64.172762">
    <ele>463.600000</ele>
    <time>2011-12-29T20:10:22.671Z</time>
    <src>GPSD tag="RMC"</src>
    <fix>3d</fix>
    <sat>7</sat>
    <hdop>1.6</hdop>
    <vdop>2.4</vdop>
    <pdop>2.9</pdop>
   </trkpt>
   <trkpt lat="-31.456270" lon="-64.172763">
    <ele>463.700000</ele>
    <time>2011-12-29T20:10:23.671Z</time>
    <src>GPSD tag="RMC"</src>
    <fix>3d</fix>
    <sat>7</sat>
    <hdop>1.6</hdop>
    <vdop>2.4</vdop>
    <pdop>2.9</pdop>
   </trkpt>
   <trkpt lat="-31.456270" lon="-64.172763">
    <ele>463.800000</ele>
    <time>2011-12-29T20:10:24.671Z</time>
    <src>GPSD tag="RMC"</src>
    <fix>3d</fix>
    <sat>7</sat>
    <hdop>1.6</hdop>
    <vdop>2.4</vdop>
    <pdop>2.9</pdop>
   </trkpt>
   <trkpt lat="-31.456272" lon="-64.172763">
    <ele>463.800000</ele>
    <time>2011-12-29T20:10:25.671Z</time>
    <src>GPSD tag="RMC"</src>
    <fix>3d</fix>
    <sat>7</sat>
    <hdop>1.6</hdop>
    <vdop>2.4</vdop>
    <pdop>2.9</pdop>
   </trkpt>
   <trkpt lat="-31.456273" lon="-64.172763">
    <ele>463.900000</ele>
    <time>2011-12-29T20:10:26.671Z</time>
    <src>GPSD tag="RMC"</src>
    <fix>3d</fix>
    <sat>7</sat>
    <hdop>1.6</hdop>
    <vdop>2.4</vdop>
    <pdop>2.9</pdop>
   </trkpt>
   <trkpt lat="-31.456273" lon="-64.172763">
    <ele>464.000000</ele>
    <time>2011-12-29T20:10:27.671Z</time>
    <src>GPSD tag="RMC"</src>
    <fix>3d</fix>
    <sat>7</sat>
    <hdop>1.6</hdop>
    <vdop>2.4</vdop>
    <pdop>2.9</pdop>
   </trkpt>
   <trkpt lat="-31.456275" lon="-64.172763">
    <ele>464.200000</ele>
    <time>2011-12-29T20:10:28.671Z</time>
    <src>GPSD tag="RMC"</src>
    <fix>3d</fix>
    <sat>7</sat>
    <hdop>1.6</hdop>
    <vdop>2.4</vdop>
    <pdop>2.9</pdop>
   </trkpt>
   <trkpt lat="-31.456275" lon="-64.172763">
    <ele>464.300000</ele>
    <time>2011-12-29T20:10:29.671Z</time>
    <src>GPSD tag="RMC"</src>
    <fix>3d</fix>
    <sat>7</sat>
    <hdop>1.6</hdop>
    <vdop>2.4</vdop>
    <pdop>2.9</pdop>
   </trkpt>
   <trkpt lat="-31.456273" lon="-64.172762">
    <ele>464.300000</ele>
    <time>2011-12-29T20:10:30.671Z</time>
    <src>GPSD tag="RMC"</src>
    <fix>3d</fix>
    <sat>7</sat>
    <hdop>1.6</hdop>
    <vdop>2.4</vdop>
    <pdop>2.9</pdop>
   </trkpt>
   <trkpt lat="-31.456272" lon="-64.172762">
    <ele>464.400000</ele>
    <time>2011-12-29T20:10:31.671Z</time>
    <src>GPSD tag="RMC"</src>
    <fix>3d</fix>
    <sat>7</sat>
    <hdop>1.6</hdop>
    <vdop>2.4</vdop>
    <pdop>2.9</pdop>
   </trkpt>
   <trkpt lat="-31.456272" lon="-64.172760">
    <ele>464.600000</ele>
    <time>2011-12-29T20:10:32.671Z</time>
    <src>GPSD tag="RMC"</src>
    <fix>3d</fix>
    <sat>7</sat>
    <hdop>1.6</hdop>
    <vdop>2.4</vdop>
    <pdop>2.9</pdop>
   </trkpt>
   <trkpt lat="-31.456272" lon="-64.172760">
    <ele>464.700000</ele>
    <time>2011-12-29T20:10:33.671Z</time>
    <src>GPSD tag="RMC"</src>
    <fix>3d</fix>
    <sat>7</sat>
    <hdop>1.6</hdop>
    <vdop>2.4</vdop>
    <pdop>2.9</pdop>
   </trkpt>
   <trkpt lat="-31.456272" lon="-64.172757">
    <ele>464.900000</ele>
    <time>2011-12-29T20:10:34.671Z</time>
    <src>GPSD tag="RMC"</src>
    <fix>3d</fix>
    <sat>7</sat>
    <hdop>1.6</hdop>
    <vdop>2.4</vdop>
    <pdop>2.8</pdop>
   </trkpt>
   <trkpt lat="-31.456272" lon="-64.172757">
    <ele>465.000000</ele>
    <time>2011-12-29T20:10:35.671Z</time>
    <src>GPSD tag="RMC"</src>
    <fix>3d</fix>
    <sat>7</sat>
    <hdop>1.6</hdop>
    <vdop>2.4</vdop>
    <pdop>2.8</pdop>
   </trkpt>
   <trkpt lat="-31.456270" lon="-64.172755">
    <ele>465.200000</ele>
    <time>2011-12-29T20:10:36.671Z</time>
    <src>GPSD tag="RMC"</src>
    <fix>3d</fix>
    <sat>7</sat>
    <hdop>1.6</hdop>
    <vdop>2.4</vdop>
    <pdop>2.8</pdop>
   </trkpt>
   <trkpt lat="-31.456268" lon="-64.172755">
    <ele>465.300000</ele>
    <time>2011-12-29T20:10:37.671Z</time>
    <src>GPSD tag="RMC"</src>
    <fix>3d</fix>
    <sat>7</sat>
    <hdop>1.6</hdop>
    <vdop>2.4</vdop>
    <pdop>2.8</pdop>
   </trkpt>
   <trkpt lat="-31.456268" lon="-64.172753">
    <ele>465.400000</ele>
    <time>2011-12-29T20:10:38.671Z</time>
    <src>GPSD tag="RMC"</src>
    <fix>3d</fix>
    <sat>7</sat>
    <hdop>1.6</hdop>
    <vdop>2.4</vdop>
    <pdop>2.8</pdop>
   </trkpt>
   <trkpt lat="-31.456268" lon="-64.172755">
    <ele>465.500000</ele>
    <time>2011-12-29T20:10:39.671Z</time>
    <src>GPSD tag="RMC"</src>
    <fix>3d</fix>
    <sat>7</sat>
    <hdop>1.6</hdop>
    <vdop>2.4</vdop>
    <pdop>2.8</pdop>
   </trkpt>
   <trkpt lat="-31.456268" lon="-64.172755">
    <ele>465.600000</ele>
    <time>2011-12-29T20:10:40.671Z</time>
    <src>GPSD tag="RMC"</src>
    <fix>3d</fix>
    <sat>7</sat>
    <hdop>1.1</hdop>
    <vdop>2.1</vdop>
    <pdop>2.4</pdop>
   </trkpt>
   <trkpt lat="-31.456268" lon="-64.172755">
    <ele>465.700000</ele>
    <time>2011-12-29T20:10:41.671Z</time>
    <src>GPSD tag="RMC"</src>
    <fix>3d</fix>
    <sat>7</sat>
    <hdop>1.1</hdop>
    <vdop>2.1</vdop>
    <pdop>2.4</pdop>
   </trkpt>
   <trkpt lat="-31.456270" lon="-64.172755">
    <ele>465.800000</ele>
    <time>2011-12-29T20:10:42.671Z</time>
    <src>GPSD tag="RMC"</src>
    <fix>3d</fix>
    <sat>7</sat>
    <hdop>1.1</hdop>
    <vdop>2.1</vdop>
    <pdop>2.4</pdop>
   </trkpt>
   <trkpt lat="-31.456270" lon="-64.172757">
    <ele>465.800000</ele>
    <time>2011-12-29T20:10:43.671Z</time>
    <src>GPSD tag="RMC"</src>
    <fix>3d</fix>
    <sat>7</sat>
    <hdop>1.1</hdop>
    <vdop>2.1</vdop>
    <pdop>2.4</pdop>
   </trkpt>
   <trkpt lat="-31.456270" lon="-64.172757">
    <ele>466.100000</ele>
    <time>2011-12-29T20:10:44.671Z</time>
    <src>GPSD tag="RMC"</src>
    <fix>3d</fix>
    <sat>7</sat>
    <hdop>1.1</hdop>
    <vdop>2.1</vdop>
    <pdop>2.4</pdop>
   </trkpt>
   <trkpt lat="-31.456270" lon="-64.172758">
    <ele>466.300000</ele>
    <time>2011-12-29T20:10:45.671Z</time>
    <src>GPSD tag="RMC"</src>
    <fix>3d</fix>
    <sat>7</sat>
    <hdop>1.1</hdop>
    <vdop>2.1</vdop>
    <pdop>2.4</pdop>
   </trkpt>
   <trkpt lat="-31.456270" lon="-64.172758">
    <ele>466.400000</ele>
    <time>2011-12-29T20:10:46.671Z</time>
    <src>GPSD tag="RMC"</src>
    <fix>3d</fix>
    <sat>7</sat>
    <hdop>1.1</hdop>
    <vdop>2.1</vdop>
    <pdop>2.4</pdop>
   </trkpt>
   <trkpt lat="-31.456270" lon="-64.172760">
    <ele>466.500000</ele>
    <time>2011-12-29T20:10:47.671Z</time>
    <src>GPSD tag="RMC"</src>
    <fix>3d</fix>
    <sat>7</sat>
    <hdop>1.1</hdop>
    <vdop>2.1</vdop>
    <pdop>2.4</pdop>
   </trkpt>
   <trkpt lat="-31.456270" lon="-64.172760">
    <ele>466.600000</ele>
    <time>2011-12-29T20:10:48.671Z</time>
    <src>GPSD tag="RMC"</src>
    <fix>3d</fix>
    <sat>7</sat>
    <hdop>1.1</hdop>
    <vdop>2.1</vdop>
    <pdop>2.4</pdop>
   </trkpt>
   <trkpt lat="-31.456272" lon="-64.172760">
    <ele>466.700000</ele>
    <time>2011-12-29T20:10:49.671Z</time>
    <src>GPSD tag="RMC"</src>
    <fix>3d</fix>
    <sat>7</sat>
    <hdop>1.1</hdop>
    <vdop>2.1</vdop>
    <pdop>2.4</pdop>
   </trkpt>
   <trkpt lat="-31.456272" lon="-64.172762">
    <ele>466.800000</ele>
    <time>2011-12-29T20:10:50.671Z</time>
    <src>GPSD tag="RMC"</src>
    <fix>3d</fix>
    <sat>7</sat>
    <hdop>1.1</hdop>
    <vdop>2.1</vdop>
    <pdop>2.4</pdop>
   </trkpt>
   <trkpt lat="-31.456273" lon="-64.172760">
    <ele>467.300000</ele>
    <time>2011-12-29T20:10:51.671Z</time>
    <src>GPSD tag="RMC"</src>
    <fix>3d</fix>
    <sat>7</sat>
    <hdop>1.1</hdop>
    <vdop>2.1</vdop>
    <pdop>2.4</pdop>
   </trkpt>
   <trkpt lat="-31.456273" lon="-64.172760">
    <ele>467.400000</ele>
    <time>2011-12-29T20:10:52.671Z</time>
    <src>GPSD tag="RMC"</src>
    <fix>3d</fix>
    <sat>7</sat>
    <hdop>1.1</hdop>
    <vdop>2.1</vdop>
    <pdop>2.4</pdop>
   </trkpt>
   <trkpt lat="-31.456273" lon="-64.172760">
    <ele>467.400000</ele>
    <time>2011-12-29T20:10:53.672Z</time>
    <src>GPSD tag="RMC"</src>
    <fix>3d</fix>
    <sat>7</sat>
    <hdop>1.1</hdop>
    <vdop>2.1</vdop>
    <pdop>2.4</pdop>
   </trkpt>
   <trkpt lat="-31.456273" lon="-64.172760">
    <ele>467.500000</ele>
    <time>2011-12-29T20:10:54.672Z</time>
    <src>GPSD tag="RMC"</src>
    <fix>3d</fix>
    <sat>7</sat>
    <hdop>1.1</hdop>
    <vdop>2.1</vdop>
    <pdop>2.4</pdop>
   </trkpt>
   <trkpt lat="-31.456273" lon="-64.172760">
    <ele>467.500000</ele>
    <time>2011-12-29T20:10:55.672Z</time>
    <src>GPSD tag="RMC"</src>
    <fix>3d</fix>
    <sat>7</sat>
    <hdop>1.1</hdop>
    <vdop>2.1</vdop>
    <pdop>2.4</pdop>
   </trkpt>
   <trkpt lat="-31.456273" lon="-64.172760">
    <ele>467.500000</ele>
    <time>2011-12-29T20:10:56.672Z</time>
    <src>GPSD tag="RMC"</src>
    <fix>3d</fix>
    <sat>7</sat>
    <hdop>1.1</hdop>
    <vdop>2.1</vdop>
    <pdop>2.4</pdop>
   </trkpt>
   <trkpt lat="-31.456273" lon="-64.172760">
    <ele>467.500000</ele>
    <time>2011-12-29T20:10:57.672Z</time>
    <src>GPSD tag="RMC"</src>
    <fix>3d</fix>
    <sat>7</sat>
    <hdop>1.1</hdop>
    <vdop>2.1</vdop>
    <pdop>2.4</pdop>
   </trkpt>
   <trkpt lat="-31.456273" lon="-64.172760">
    <ele>467.600000</ele>
    <time>2011-12-29T20:10:58.672Z</time>
    <src>GPSD tag="RMC"</src>
    <fix>3d</fix>
    <sat>7</sat>
    <hdop>1.1</hdop>
    <vdop>2.1</vdop>
    <pdop>2.4</pdop>
   </trkpt>
   <trkpt lat="-31.456273" lon="-64.172760">
    <ele>467.700000</ele>
    <time>2011-12-29T20:10:59.672Z</time>
    <src>GPSD tag="RMC"</src>
    <fix>3d</fix>
    <sat>7</sat>
    <hdop>1.1</hdop>
    <vdop>2.1</vdop>
    <pdop>2.4</pdop>
   </trkpt>
   <trkpt lat="-31.456273" lon="-64.172760">
    <ele>467.700000</ele>
    <time>2011-12-29T20:11:00.672Z</time>
    <src>GPSD tag="RMC"</src>
    <fix>3d</fix>
    <sat>7</sat>
    <hdop>1.1</hdop>
    <vdop>2.1</vdop>
    <pdop>2.4</pdop>
   </trkpt>
   <trkpt lat="-31.456273" lon="-64.172760">
    <ele>467.700000</ele>
    <time>2011-12-29T20:11:01.672Z</time>
    <src>GPSD tag="RMC"</src>
    <fix>3d</fix>
    <sat>7</sat>
    <hdop>1.1</hdop>
    <vdop>2.1</vdop>
    <pdop>2.4</pdop>
   </trkpt>
   <trkpt lat="-31.456273" lon="-64.172762">
    <ele>467.800000</ele>
    <time>2011-12-29T20:11:02.672Z</time>
    <src>GPSD tag="RMC"</src>
    <fix>3d</fix>
    <sat>7</sat>
    <hdop>1.1</hdop>
    <vdop>2.1</vdop>
    <pdop>2.4</pdop>
   </trkpt>
   <trkpt lat="-31.456273" lon="-64.172762">
    <ele>467.800000</ele>
    <time>2011-12-29T20:11:03.672Z</time>
    <src>GPSD tag="RMC"</src>
    <fix>3d</fix>
    <sat>7</sat>
    <hdop>1.1</hdop>
    <vdop>2.1</vdop>
    <pdop>2.4</pdop>
   </trkpt>
   <trkpt lat="-31.456272" lon="-64.172762">
    <ele>467.900000</ele>
    <time>2011-12-29T20:11:04.672Z</time>
    <src>GPSD tag="RMC"</src>
    <fix>3d</fix>
    <sat>7</sat>
    <hdop>1.1</hdop>
    <vdop>2.1</vdop>
    <pdop>2.4</pdop>
   </trkpt>
   <trkpt lat="-31.456272" lon="-64.172763">
    <ele>468.000000</ele>
    <time>2011-12-29T20:11:05.672Z</time>
    <src>GPSD tag="RMC"</src>
    <fix>3d</fix>
    <sat>7</sat>
    <hdop>1.1</hdop>
    <vdop>2.1</vdop>
    <pdop>2.4</pdop>
   </trkpt>
   <trkpt lat="-31.456272" lon="-64.172763">
    <ele>468.000000</ele>
    <time>2011-12-29T20:11:06.672Z</time>
    <src>GPSD tag="RMC"</src>
    <fix>3d</fix>
    <sat>7</sat>
    <hdop>1.1</hdop>
    <vdop>2.1</vdop>
    <pdop>2.4</pdop>
   </trkpt>
   <trkpt lat="-31.456273" lon="-64.172763">
    <ele>468.000000</ele>
    <time>2011-12-29T20:11:07.672Z</time>
    <src>GPSD tag="RMC"</src>
    <fix>3d</fix>
    <sat>7</sat>
    <hdop>1.1</hdop>
    <vdop>2.1</vdop>
    <pdop>2.4</pdop>
   </trkpt>
   <trkpt lat="-31.456272" lon="-64.172763">
    <ele>468.000000</ele>
    <time>2011-12-29T20:11:08.672Z</time>
    <src>GPSD tag="RMC"</src>
    <fix>3d</fix>
    <sat>7</sat>
    <hdop>1.1</hdop>
    <vdop>2.1</vdop>
    <pdop>2.4</pdop>
   </trkpt>
   <trkpt lat="-31.456273" lon="-64.172763">
    <ele>468.100000</ele>
    <time>2011-12-29T20:11:09.672Z</time>
    <src>GPSD tag="RMC"</src>
    <fix>3d</fix>
    <sat>7</sat>
    <hdop>1.1</hdop>
    <vdop>2.1</vdop>
    <pdop>2.4</pdop>
   </trkpt>
   <trkpt lat="-31.456273" lon="-64.172763">
    <ele>468.100000</ele>
    <time>2011-12-29T20:11:10.672Z</time>
    <src>GPSD tag="RMC"</src>
    <fix>3d</fix>
    <sat>7</sat>
    <hdop>1.1</hdop>
    <vdop>2.1</vdop>
    <pdop>2.4</pdop>
   </trkpt>
   <trkpt lat="-31.456273" lon="-64.172765">
    <ele>468.100000</ele>
    <time>2011-12-29T20:11:11.672Z</time>
    <src>GPSD tag="RMC"</src>
    <fix>3d</fix>
    <sat>7</sat>
    <hdop>1.1</hdop>
    <vdop>2.1</vdop>
    <pdop>2.4</pdop>
   </trkpt>
   <trkpt lat="-31.456273" lon="-64.172765">
    <ele>468.200000</ele>
    <time>2011-12-29T20:11:12.672Z</time>
    <src>GPSD tag="RMC"</src>
    <fix>3d</fix>
    <sat>7</sat>
    <hdop>1.1</hdop>
    <vdop>2.1</vdop>
    <pdop>2.4</pdop>
   </trkpt>
   <trkpt lat="-31.456273" lon="-64.172763">
    <ele>468.200000</ele>
    <time>2011-12-29T20:11:13.672Z</time>
    <src>GPSD tag="RMC"</src>
    <fix>3d</fix>
    <sat>7</sat>
    <hdop>1.1</hdop>
    <vdop>2.1</vdop>
    <pdop>2.4</pdop>
   </trkpt>
  </trkseg>
 </trk>
</gpx>
