<?xml version="1.0" encoding="utf-8"?>
<gpx version="1.1" creator="GPSD 3.4~dev - http://catb.org/gpsd"
        xmlns:xsi="http://www.w3.org/2001/XMLSchema-instance"
        xmlns="http://www.topografix.com/GPX/1/1"
        xsi:schemaLocation="http://www.topografix.com/GPX/1/1
        http://www.topografix.com/GPX/1/1/gpx.xsd">
 <metadata>
  <time>2011-12-29T20:12:24.000Z</time>
 </metadata>
 <trk>
  <src>GPSD 3.4~dev</src>
  <trkseg>
   <trkpt lat="-31.456273" lon="-64.172717">
    <ele>471.100000</ele>
    <time>2011-12-29T20:12:24.672Z</time>
    <src>GPSD tag="RMC"</src>
    <fix>3d</fix>
   </trkpt>
   <trkpt lat="-31.456273" lon="-64.172718">
    <ele>471.100000</ele>
    <time>2011-12-29T20:12:25.672Z</time>
    <src>GPSD tag="RMC"</src>
    <fix>3d</fix>
    <sat>7</sat>
    <hdop>1.1</hdop>
    <vdop>2.1</vdop>
    <pdop>2.4</pdop>
   </trkpt>
   <trkpt lat="-31.456273" lon="-64.172718">
    <ele>471.100000</ele>
    <time>2011-12-29T20:12:26.672Z</time>
    <src>GPSD tag="RMC"</src>
    <fix>3d</fix>
    <sat>7</sat>
    <hdop>1.1</hdop>
    <vdop>2.1</vdop>
    <pdop>2.4</pdop>
   </trkpt>
   <trkpt lat="-31.456273" lon="-64.172720">
    <ele>471.200000</ele>
    <time>2011-12-29T20:12:27.672Z</time>
    <src>GPSD tag="RMC"</src>
    <fix>3d</fix>
    <sat>7</sat>
    <hdop>1.1</hdop>
    <vdop>2.1</vdop>
    <pdop>2.4</pdop>
   </trkpt>
   <trkpt lat="-31.456275" lon="-64.172722">
    <ele>471.300000</ele>
    <time>2011-12-29T20:12:28.672Z</time>
    <src>GPSD tag="RMC"</src>
    <fix>3d</fix>
    <sat>7</sat>
    <hdop>1.1</hdop>
    <vdop>2.1</vdop>
    <pdop>2.4</pdop>
   </trkpt>
   <trkpt lat="-31.456275" lon="-64.172722">
    <ele>471.300000</ele>
    <time>2011-12-29T20:12:29.672Z</time>
    <src>GPSD tag="RMC"</src>
    <fix>3d</fix>
    <sat>7</sat>
    <hdop>1.1</hdop>
    <vdop>2.1</vdop>
    <pdop>2.4</pdop>
   </trkpt>
   <trkpt lat="-31.456275" lon="-64.172723">
    <ele>471.300000</ele>
    <time>2011-12-29T20:12:30.672Z</time>
    <src>GPSD tag="RMC"</src>
    <fix>3d</fix>
    <sat>7</sat>
    <hdop>1.1</hdop>
    <vdop>2.1</vdop>
    <pdop>2.4</pdop>
   </trkpt>
   <trkpt lat="-31.456275" lon="-64.172723">
    <ele>471.400000</ele>
    <time>2011-12-29T20:12:31.672Z</time>
    <src>GPSD tag="RMC"</src>
    <fix>3d</fix>
    <sat>7</sat>
    <hdop>1.1</hdop>
    <vdop>2.1</vdop>
    <pdop>2.4</pdop>
   </trkpt>
   <trkpt lat="-31.456275" lon="-64.172725">
    <ele>471.400000</ele>
    <time>2011-12-29T20:12:32.672Z</time>
    <src>GPSD tag="RMC"</src>
    <fix>3d</fix>
    <sat>7</sat>
    <hdop>1.1</hdop>
    <vdop>2.1</vdop>
    <pdop>2.4</pdop>
   </trkpt>
   <trkpt lat="-31.456277" lon="-64.172725">
    <ele>471.300000</ele>
    <time>2011-12-29T20:12:33.672Z</time>
    <src>GPSD tag="RMC"</src>
    <fix>3d</fix>
    <sat>7</sat>
    <hdop>1.1</hdop>
    <vdop>2.1</vdop>
    <pdop>2.4</pdop>
   </trkpt>
   <trkpt lat="-31.456278" lon="-64.172727">
    <ele>471.400000</ele>
    <time>2011-12-29T20:12:34.672Z</time>
    <src>GPSD tag="RMC"</src>
    <fix>3d</fix>
    <sat>7</sat>
    <hdop>1.1</hdop>
    <vdop>2.1</vdop>
    <pdop>2.4</pdop>
   </trkpt>
   <trkpt lat="-31.456280" lon="-64.172727">
    <ele>471.300000</ele>
    <time>2011-12-29T20:12:35.672Z</time>
    <src>GPSD tag="RMC"</src>
    <fix>3d</fix>
    <sat>7</sat>
    <hdop>1.1</hdop>
    <vdop>2.1</vdop>
    <pdop>2.4</pdop>
   </trkpt>
   <trkpt lat="-31.456280" lon="-64.172727">
    <ele>471.300000</ele>
    <time>2011-12-29T20:12:36.672Z</time>
    <src>GPSD tag="RMC"</src>
    <fix>3d</fix>
    <sat>7</sat>
    <hdop>1.1</hdop>
    <vdop>2.1</vdop>
    <pdop>2.4</pdop>
   </trkpt>
   <trkpt lat="-31.456280" lon="-64.172725">
    <ele>471.300000</ele>
    <time>2011-12-29T20:12:37.672Z</time>
    <src>GPSD tag="RMC"</src>
    <fix>3d</fix>
    <sat>7</sat>
    <hdop>1.1</hdop>
    <vdop>2.1</vdop>
    <pdop>2.4</pdop>
   </trkpt>
   <trkpt lat="-31.456282" lon="-64.172725">
    <ele>471.300000</ele>
    <time>2011-12-29T20:12:38.672Z</time>
    <src>GPSD tag="RMC"</src>
    <fix>3d</fix>
    <sat>7</sat>
    <hdop>1.1</hdop>
    <vdop>2.1</vdop>
    <pdop>2.4</pdop>
   </trkpt>
   <trkpt lat="-31.456282" lon="-64.172725">
    <ele>471.300000</ele>
    <time>2011-12-29T20:12:39.672Z</time>
    <src>GPSD tag="RMC"</src>
    <fix>3d</fix>
    <sat>7</sat>
    <hdop>1.1</hdop>
    <vdop>2.1</vdop>
    <pdop>2.4</pdop>
   </trkpt>
   <trkpt lat="-31.456282" lon="-64.172727">
    <ele>471.400000</ele>
    <time>2011-12-29T20:12:40.672Z</time>
    <src>GPSD tag="RMC"</src>
    <fix>3d</fix>
    <sat>7</sat>
    <hdop>1.1</hdop>
    <vdop>2.1</vdop>
    <pdop>2.4</pdop>
   </trkpt>
   <trkpt lat="-31.456282" lon="-64.172725">
    <ele>471.400000</ele>
    <time>2011-12-29T20:12:41.672Z</time>
    <src>GPSD tag="RMC"</src>
    <fix>3d</fix>
    <sat>7</sat>
    <hdop>1.1</hdop>
    <vdop>2.1</vdop>
    <pdop>2.4</pdop>
   </trkpt>
   <trkpt lat="-31.456282" lon="-64.172725">
    <ele>471.500000</ele>
    <time>2011-12-29T20:12:42.672Z</time>
    <src>GPSD tag="RMC"</src>
    <fix>3d</fix>
    <sat>7</sat>
    <hdop>1.1</hdop>
    <vdop>2.1</vdop>
    <pdop>2.4</pdop>
   </trkpt>
   <trkpt lat="-31.456282" lon="-64.172725">
    <ele>471.600000</ele>
    <time>2011-12-29T20:12:43.672Z</time>
    <src>GPSD tag="RMC"</src>
    <fix>3d</fix>
    <sat>7</sat>
    <hdop>1.1</hdop>
    <vdop>2.1</vdop>
    <pdop>2.4</pdop>
   </trkpt>
   <trkpt lat="-31.456282" lon="-64.172725">
    <ele>471.800000</ele>
    <time>2011-12-29T20:12:44.672Z</time>
    <src>GPSD tag="RMC"</src>
    <fix>3d</fix>
    <sat>7</sat>
    <hdop>1.1</hdop>
    <vdop>2.1</vdop>
    <pdop>2.4</pdop>
   </trkpt>
   <trkpt lat="-31.456282" lon="-64.172725">
    <ele>471.900000</ele>
    <time>2011-12-29T20:12:45.672Z</time>
    <src>GPSD tag="RMC"</src>
    <fix>3d</fix>
    <sat>7</sat>
    <hdop>1.1</hdop>
    <vdop>2.1</vdop>
    <pdop>2.4</pdop>
   </trkpt>
   <trkpt lat="-31.456280" lon="-64.172723">
    <ele>472.000000</ele>
    <time>2011-12-29T20:12:46.672Z</time>
    <src>GPSD tag="RMC"</src>
    <fix>3d</fix>
    <sat>7</sat>
    <hdop>1.1</hdop>
    <vdop>2.1</vdop>
    <pdop>2.4</pdop>
   </trkpt>
   <trkpt lat="-31.456280" lon="-64.172723">
    <ele>472.100000</ele>
    <time>2011-12-29T20:12:47.672Z</time>
    <src>GPSD tag="RMC"</src>
    <fix>3d</fix>
    <sat>7</sat>
    <hdop>1.1</hdop>
    <vdop>2.1</vdop>
    <pdop>2.4</pdop>
   </trkpt>
   <trkpt lat="-31.456280" lon="-64.172723">
    <ele>472.100000</ele>
    <time>2011-12-29T20:12:48.672Z</time>
    <src>GPSD tag="RMC"</src>
    <fix>3d</fix>
    <sat>7</sat>
    <hdop>1.1</hdop>
    <vdop>2.1</vdop>
    <pdop>2.4</pdop>
   </trkpt>
   <trkpt lat="-31.456280" lon="-64.172722">
    <ele>472.200000</ele>
    <time>2011-12-29T20:12:49.672Z</time>
    <src>GPSD tag="RMC"</src>
    <fix>3d</fix>
    <sat>7</sat>
    <hdop>1.1</hdop>
    <vdop>2.1</vdop>
    <pdop>2.4</pdop>
   </trkpt>
   <trkpt lat="-31.456278" lon="-64.172722">
    <ele>472.300000</ele>
    <time>2011-12-29T20:12:50.672Z</time>
    <src>GPSD tag="RMC"</src>
    <fix>3d</fix>
    <sat>7</sat>
    <hdop>1.1</hdop>
    <vdop>2.1</vdop>
    <pdop>2.4</pdop>
   </trkpt>
   <trkpt lat="-31.456278" lon="-64.172722">
    <ele>472.400000</ele>
    <time>2011-12-29T20:12:51.672Z</time>
    <src>GPSD tag="RMC"</src>
    <fix>3d</fix>
    <sat>7</sat>
    <hdop>1.1</hdop>
    <vdop>2.1</vdop>
    <pdop>2.4</pdop>
   </trkpt>
   <trkpt lat="-31.456278" lon="-64.172720">
    <ele>472.400000</ele>
    <time>2011-12-29T20:12:52.672Z</time>
    <src>GPSD tag="RMC"</src>
    <fix>3d</fix>
    <sat>7</sat>
    <hdop>1.1</hdop>
    <vdop>2.1</vdop>
    <pdop>2.4</pdop>
   </trkpt>
   <trkpt lat="-31.456277" lon="-64.172718">
    <ele>472.400000</ele>
    <time>2011-12-29T20:12:53.672Z</time>
    <src>GPSD tag="RMC"</src>
    <fix>3d</fix>
    <sat>7</sat>
    <hdop>1.1</hdop>
    <vdop>2.1</vdop>
    <pdop>2.4</pdop>
   </trkpt>
   <trkpt lat="-31.456277" lon="-64.172715">
    <ele>472.700000</ele>
    <time>2011-12-29T20:12:54.672Z</time>
    <src>GPSD tag="RMC"</src>
    <fix>3d</fix>
    <sat>7</sat>
    <hdop>1.1</hdop>
    <vdop>2.1</vdop>
    <pdop>2.4</pdop>
   </trkpt>
   <trkpt lat="-31.456277" lon="-64.172713">
    <ele>472.700000</ele>
    <time>2011-12-29T20:12:55.672Z</time>
    <src>GPSD tag="RMC"</src>
    <fix>3d</fix>
    <sat>7</sat>
    <hdop>1.1</hdop>
    <vdop>2.1</vdop>
    <pdop>2.4</pdop>
   </trkpt>
   <trkpt lat="-31.456275" lon="-64.172712">
    <ele>472.800000</ele>
    <time>2011-12-29T20:12:56.672Z</time>
    <src>GPSD tag="RMC"</src>
    <fix>3d</fix>
    <sat>7</sat>
    <hdop>1.1</hdop>
    <vdop>2.1</vdop>
    <pdop>2.4</pdop>
   </trkpt>
   <trkpt lat="-31.456275" lon="-64.172710">
    <ele>472.800000</ele>
    <time>2011-12-29T20:12:57.672Z</time>
    <src>GPSD tag="RMC"</src>
    <fix>3d</fix>
    <sat>7</sat>
    <hdop>1.1</hdop>
    <vdop>2.1</vdop>
    <pdop>2.4</pdop>
   </trkpt>
   <trkpt lat="-31.456273" lon="-64.172710">
    <ele>472.900000</ele>
    <time>2011-12-29T20:12:58.672Z</time>
    <src>GPSD tag="RMC"</src>
    <fix>3d</fix>
    <sat>7</sat>
    <hdop>1.1</hdop>
    <vdop>2.1</vdop>
    <pdop>2.4</pdop>
   </trkpt>
   <trkpt lat="-31.456273" lon="-64.172710">
    <ele>472.900000</ele>
    <time>2011-12-29T20:12:59.672Z</time>
    <src>GPSD tag="RMC"</src>
    <fix>3d</fix>
    <sat>7</sat>
    <hdop>1.1</hdop>
    <vdop>2.1</vdop>
    <pdop>2.4</pdop>
   </trkpt>
   <trkpt lat="-31.456273" lon="-64.172708">
    <ele>472.900000</ele>
    <time>2011-12-29T20:13:00.672Z</time>
    <src>GPSD tag="RMC"</src>
    <fix>3d</fix>
    <sat>7</sat>
    <hdop>1.1</hdop>
    <vdop>2.1</vdop>
    <pdop>2.4</pdop>
   </trkpt>
   <trkpt lat="-31.456273" lon="-64.172708">
    <ele>472.900000</ele>
    <time>2011-12-29T20:13:01.672Z</time>
    <src>GPSD tag="RMC"</src>
    <fix>3d</fix>
    <sat>7</sat>
    <hdop>1.1</hdop>
    <vdop>2.1</vdop>
    <pdop>2.4</pdop>
   </trkpt>
   <trkpt lat="-31.456272" lon="-64.172708">
    <ele>472.900000</ele>
    <time>2011-12-29T20:13:02.672Z</time>
    <src>GPSD tag="RMC"</src>
    <fix>3d</fix>
    <sat>7</sat>
    <hdop>1.1</hdop>
    <vdop>2.1</vdop>
    <pdop>2.4</pdop>
   </trkpt>
   <trkpt lat="-31.456272" lon="-64.172707">
    <ele>473.000000</ele>
    <time>2011-12-29T20:13:03.672Z</time>
    <src>GPSD tag="RMC"</src>
    <fix>3d</fix>
    <sat>7</sat>
    <hdop>1.1</hdop>
    <vdop>2.1</vdop>
    <pdop>2.4</pdop>
   </trkpt>
   <trkpt lat="-31.456272" lon="-64.172707">
    <ele>473.100000</ele>
    <time>2011-12-29T20:13:04.672Z</time>
    <src>GPSD tag="RMC"</src>
    <fix>3d</fix>
    <sat>7</sat>
    <hdop>1.1</hdop>
    <vdop>2.1</vdop>
    <pdop>2.4</pdop>
   </trkpt>
   <trkpt lat="-31.456272" lon="-64.172707">
    <ele>473.200000</ele>
    <time>2011-12-29T20:13:05.672Z</time>
    <src>GPSD tag="RMC"</src>
    <fix>3d</fix>
    <sat>7</sat>
    <hdop>1.1</hdop>
    <vdop>2.1</vdop>
    <pdop>2.4</pdop>
   </trkpt>
   <trkpt lat="-31.456272" lon="-64.172707">
    <ele>473.300000</ele>
    <time>2011-12-29T20:13:06.672Z</time>
    <src>GPSD tag="RMC"</src>
    <fix>3d</fix>
    <sat>7</sat>
    <hdop>1.1</hdop>
    <vdop>2.1</vdop>
    <pdop>2.4</pdop>
   </trkpt>
   <trkpt lat="-31.456272" lon="-64.172707">
    <ele>473.500000</ele>
    <time>2011-12-29T20:13:07.672Z</time>
    <src>GPSD tag="RMC"</src>
    <fix>3d</fix>
    <sat>7</sat>
    <hdop>1.1</hdop>
    <vdop>2.1</vdop>
    <pdop>2.4</pdop>
   </trkpt>
   <trkpt lat="-31.456272" lon="-64.172705">
    <ele>473.600000</ele>
    <time>2011-12-29T20:13:08.672Z</time>
    <src>GPSD tag="RMC"</src>
    <fix>3d</fix>
    <sat>7</sat>
    <hdop>1.1</hdop>
    <vdop>2.1</vdop>
    <pdop>2.4</pdop>
   </trkpt>
   <trkpt lat="-31.456272" lon="-64.172705">
    <ele>473.800000</ele>
    <time>2011-12-29T20:13:09.672Z</time>
    <src>GPSD tag="RMC"</src>
    <fix>3d</fix>
    <sat>7</sat>
    <hdop>1.1</hdop>
    <vdop>2.1</vdop>
    <pdop>2.4</pdop>
   </trkpt>
   <trkpt lat="-31.456273" lon="-64.172705">
    <ele>473.900000</ele>
    <time>2011-12-29T20:13:10.672Z</time>
    <src>GPSD tag="RMC"</src>
    <fix>3d</fix>
    <sat>7</sat>
    <hdop>1.1</hdop>
    <vdop>2.1</vdop>
    <pdop>2.4</pdop>
   </trkpt>
   <trkpt lat="-31.456273" lon="-64.172705">
    <ele>474.000000</ele>
    <time>2011-12-29T20:13:11.672Z</time>
    <src>GPSD tag="RMC"</src>
    <fix>3d</fix>
    <sat>7</sat>
    <hdop>1.1</hdop>
    <vdop>2.1</vdop>
    <pdop>2.4</pdop>
   </trkpt>
   <trkpt lat="-31.456273" lon="-64.172703">
    <ele>474.200000</ele>
    <time>2011-12-29T20:13:12.672Z</time>
    <src>GPSD tag="RMC"</src>
    <fix>3d</fix>
    <sat>7</sat>
    <hdop>1.1</hdop>
    <vdop>2.1</vdop>
    <pdop>2.4</pdop>
   </trkpt>
   <trkpt lat="-31.456273" lon="-64.172703">
    <ele>474.300000</ele>
    <time>2011-12-29T20:13:13.672Z</time>
    <src>GPSD tag="RMC"</src>
    <fix>3d</fix>
    <sat>6</sat>
    <hdop>1.7</hdop>
    <vdop>3.2</vdop>
    <pdop>3.6</pdop>
   </trkpt>
   <trkpt lat="-31.456273" lon="-64.172702">
    <ele>474.400000</ele>
    <time>2011-12-29T20:13:14.672Z</time>
    <src>GPSD tag="RMC"</src>
    <fix>3d</fix>
    <sat>6</sat>
    <hdop>1.7</hdop>
    <vdop>3.2</vdop>
    <pdop>3.6</pdop>
   </trkpt>
   <trkpt lat="-31.456273" lon="-64.172700">
    <ele>474.400000</ele>
    <time>2011-12-29T20:13:15.672Z</time>
    <src>GPSD tag="RMC"</src>
    <fix>3d</fix>
    <sat>6</sat>
    <hdop>1.7</hdop>
    <vdop>3.2</vdop>
    <pdop>3.6</pdop>
   </trkpt>
   <trkpt lat="-31.456273" lon="-64.172700">
    <ele>474.500000</ele>
    <time>2011-12-29T20:13:16.672Z</time>
    <src>GPSD tag="RMC"</src>
    <fix>3d</fix>
    <sat>6</sat>
    <hdop>1.7</hdop>
    <vdop>3.2</vdop>
    <pdop>3.6</pdop>
   </trkpt>
   <trkpt lat="-31.456273" lon="-64.172698">
    <ele>474.600000</ele>
    <time>2011-12-29T20:13:17.672Z</time>
    <src>GPSD tag="RMC"</src>
    <fix>3d</fix>
    <sat>6</sat>
    <hdop>1.7</hdop>
    <vdop>3.2</vdop>
    <pdop>3.6</pdop>
   </trkpt>
   <trkpt lat="-31.456273" lon="-64.172698">
    <ele>474.600000</ele>
    <time>2011-12-29T20:13:18.672Z</time>
    <src>GPSD tag="RMC"</src>
    <fix>3d</fix>
    <sat>6</sat>
    <hdop>1.7</hdop>
    <vdop>3.2</vdop>
    <pdop>3.6</pdop>
   </trkpt>
   <trkpt lat="-31.456272" lon="-64.172698">
    <ele>474.600000</ele>
    <time>2011-12-29T20:13:19.672Z</time>
    <src>GPSD tag="RMC"</src>
    <fix>3d</fix>
    <sat>7</sat>
    <hdop>1.1</hdop>
    <vdop>2.1</vdop>
    <pdop>2.4</pdop>
   </trkpt>
   <trkpt lat="-31.456272" lon="-64.172698">
    <ele>474.500000</ele>
    <time>2011-12-29T20:13:20.672Z</time>
    <src>GPSD tag="RMC"</src>
    <fix>3d</fix>
    <sat>7</sat>
    <hdop>1.1</hdop>
    <vdop>2.1</vdop>
    <pdop>2.4</pdop>
   </trkpt>
   <trkpt lat="-31.456272" lon="-64.172698">
    <ele>474.500000</ele>
    <time>2011-12-29T20:13:21.672Z</time>
    <src>GPSD tag="RMC"</src>
    <fix>3d</fix>
    <sat>7</sat>
    <hdop>1.1</hdop>
    <vdop>2.1</vdop>
    <pdop>2.4</pdop>
   </trkpt>
   <trkpt lat="-31.456270" lon="-64.172700">
    <ele>474.400000</ele>
    <time>2011-12-29T20:13:22.672Z</time>
    <src>GPSD tag="RMC"</src>
    <fix>3d</fix>
    <sat>7</sat>
    <hdop>1.1</hdop>
    <vdop>2.1</vdop>
    <pdop>2.4</pdop>
   </trkpt>
   <trkpt lat="-31.456270" lon="-64.172700">
    <ele>474.400000</ele>
    <time>2011-12-29T20:13:23.672Z</time>
    <src>GPSD tag="RMC"</src>
    <fix>3d</fix>
    <sat>7</sat>
    <hdop>1.1</hdop>
    <vdop>2.1</vdop>
    <pdop>2.4</pdop>
   </trkpt>
   <trkpt lat="-31.456268" lon="-64.172702">
    <ele>474.400000</ele>
    <time>2011-12-29T20:13:24.672Z</time>
    <src>GPSD tag="RMC"</src>
    <fix>3d</fix>
    <sat>7</sat>
    <hdop>1.1</hdop>
    <vdop>2.1</vdop>
    <pdop>2.4</pdop>
   </trkpt>
   <trkpt lat="-31.456268" lon="-64.172702">
    <ele>474.300000</ele>
    <time>2011-12-29T20:13:25.672Z</time>
    <src>GPSD tag="RMC"</src>
    <fix>3d</fix>
    <sat>7</sat>
    <hdop>1.1</hdop>
    <vdop>2.1</vdop>
    <pdop>2.4</pdop>
   </trkpt>
   <trkpt lat="-31.456267" lon="-64.172702">
    <ele>474.200000</ele>
    <time>2011-12-29T20:13:26.672Z</time>
    <src>GPSD tag="RMC"</src>
    <fix>3d</fix>
    <sat>7</sat>
    <hdop>1.1</hdop>
    <vdop>2.1</vdop>
    <pdop>2.4</pdop>
   </trkpt>
   <trkpt lat="-31.456265" lon="-64.172702">
    <ele>474.100000</ele>
    <time>2011-12-29T20:13:27.672Z</time>
    <src>GPSD tag="RMC"</src>
    <fix>3d</fix>
    <sat>7</sat>
    <hdop>1.1</hdop>
    <vdop>2.1</vdop>
    <pdop>2.4</pdop>
   </trkpt>
   <trkpt lat="-31.456265" lon="-64.172703">
    <ele>474.000000</ele>
    <time>2011-12-29T20:13:28.672Z</time>
    <src>GPSD tag="RMC"</src>
    <fix>3d</fix>
    <sat>7</sat>
    <hdop>1.1</hdop>
    <vdop>2.1</vdop>
    <pdop>2.4</pdop>
   </trkpt>
   <trkpt lat="-31.456265" lon="-64.172705">
    <ele>473.900000</ele>
    <time>2011-12-29T20:13:29.672Z</time>
    <src>GPSD tag="RMC"</src>
    <fix>3d</fix>
    <sat>7</sat>
    <hdop>1.1</hdop>
    <vdop>2.1</vdop>
    <pdop>2.4</pdop>
   </trkpt>
   <trkpt lat="-31.456265" lon="-64.172705">
    <ele>473.800000</ele>
    <time>2011-12-29T20:13:30.672Z</time>
    <src>GPSD tag="RMC"</src>
    <fix>3d</fix>
    <sat>7</sat>
    <hdop>1.1</hdop>
    <vdop>2.1</vdop>
    <pdop>2.4</pdop>
   </trkpt>
   <trkpt lat="-31.456265" lon="-64.172707">
    <ele>473.600000</ele>
    <time>2011-12-29T20:13:31.672Z</time>
    <src>GPSD tag="RMC"</src>
    <fix>3d</fix>
    <sat>7</sat>
    <hdop>1.1</hdop>
    <vdop>2.1</vdop>
    <pdop>2.4</pdop>
   </trkpt>
  </trkseg>
 </trk>
</gpx>
