<?xml version="1.0" encoding="utf-8"?>
<gpx version="1.1" creator="GPSD 3.4~dev - http://catb.org/gpsd"
        xmlns:xsi="http://www.w3.org/2001/XMLSchema-instance"
        xmlns="http://www.topografix.com/GPX/1/1"
        xsi:schemaLocation="http://www.topografix.com/GPX/1/1
        http://www.topografix.com/GPX/1/1/gpx.xsd">
 <metadata>
  <time>2011-12-29T20:15:34.000Z</time>
 </metadata>
 <trk>
  <src>GPSD 3.4~dev</src>
  <trkseg>
   <trkpt lat="-31.456228" lon="-64.172728">
    <ele>461.200000</ele>
    <time>2011-12-29T20:15:34.672Z</time>
    <src>GPSD tag="RMC"</src>
    <fix>3d</fix>
    <sat>7</sat>
    <hdop>1.1</hdop>
    <vdop>2.2</vdop>
    <pdop>2.4</pdop>
   </trkpt>
   <trkpt lat="-31.456228" lon="-64.172728">
    <ele>461.100000</ele>
    <time>2011-12-29T20:15:35.672Z</time>
    <src>GPSD tag="RMC"</src>
    <fix>3d</fix>
    <sat>7</sat>
    <hdop>1.1</hdop>
    <vdop>2.2</vdop>
    <pdop>2.4</pdop>
   </trkpt>
   <trkpt lat="-31.456228" lon="-64.172728">
    <ele>461.000000</ele>
    <time>2011-12-29T20:15:36.672Z</time>
    <src>GPSD tag="RMC"</src>
    <fix>3d</fix>
    <sat>7</sat>
    <hdop>1.1</hdop>
    <vdop>2.2</vdop>
    <pdop>2.4</pdop>
   </trkpt>
   <trkpt lat="-31.456228" lon="-64.172728">
    <ele>461.000000</ele>
    <time>2011-12-29T20:15:37.672Z</time>
    <src>GPSD tag="RMC"</src>
    <fix>3d</fix>
    <sat>7</sat>
    <hdop>1.1</hdop>
    <vdop>2.2</vdop>
    <pdop>2.4</pdop>
   </trkpt>
   <trkpt lat="-31.456228" lon="-64.172728">
    <ele>461.000000</ele>
    <time>2011-12-29T20:15:38.672Z</time>
    <src>GPSD tag="RMC"</src>
    <fix>3d</fix>
    <sat>7</sat>
    <hdop>1.1</hdop>
    <vdop>2.2</vdop>
    <pdop>2.4</pdop>
   </trkpt>
   <trkpt lat="-31.456228" lon="-64.172728">
    <ele>461.000000</ele>
    <time>2011-12-29T20:15:39.672Z</time>
    <src>GPSD tag="RMC"</src>
    <fix>3d</fix>
    <sat>7</sat>
    <hdop>1.1</hdop>
    <vdop>2.2</vdop>
    <pdop>2.4</pdop>
   </trkpt>
   <trkpt lat="-31.456228" lon="-64.172728">
    <ele>460.800000</ele>
    <time>2011-12-29T20:15:40.672Z</time>
    <src>GPSD tag="RMC"</src>
    <fix>3d</fix>
    <sat>7</sat>
    <hdop>1.1</hdop>
    <vdop>2.2</vdop>
    <pdop>2.4</pdop>
   </trkpt>
   <trkpt lat="-31.456227" lon="-64.172728">
    <ele>460.800000</ele>
    <time>2011-12-29T20:15:41.672Z</time>
    <src>GPSD tag="RMC"</src>
    <fix>3d</fix>
    <sat>7</sat>
    <hdop>1.1</hdop>
    <vdop>2.2</vdop>
    <pdop>2.4</pdop>
   </trkpt>
   <trkpt lat="-31.456227" lon="-64.172730">
    <ele>460.700000</ele>
    <time>2011-12-29T20:15:42.672Z</time>
    <src>GPSD tag="RMC"</src>
    <fix>3d</fix>
    <sat>7</sat>
    <hdop>1.1</hdop>
    <vdop>2.2</vdop>
    <pdop>2.4</pdop>
   </trkpt>
   <trkpt lat="-31.456225" lon="-64.172730">
    <ele>460.500000</ele>
    <time>2011-12-29T20:15:43.672Z</time>
    <src>GPSD tag="RMC"</src>
    <fix>3d</fix>
    <sat>7</sat>
    <hdop>1.1</hdop>
    <vdop>2.2</vdop>
    <pdop>2.4</pdop>
   </trkpt>
   <trkpt lat="-31.456225" lon="-64.172732">
    <ele>460.500000</ele>
    <time>2011-12-29T20:15:44.672Z</time>
    <src>GPSD tag="RMC"</src>
    <fix>3d</fix>
    <sat>7</sat>
    <hdop>1.1</hdop>
    <vdop>2.2</vdop>
    <pdop>2.4</pdop>
   </trkpt>
   <trkpt lat="-31.456225" lon="-64.172733">
    <ele>460.300000</ele>
    <time>2011-12-29T20:15:45.672Z</time>
    <src>GPSD tag="RMC"</src>
    <fix>3d</fix>
    <sat>7</sat>
    <hdop>1.1</hdop>
    <vdop>2.2</vdop>
    <pdop>2.4</pdop>
   </trkpt>
   <trkpt lat="-31.456225" lon="-64.172733">
    <ele>460.300000</ele>
    <time>2011-12-29T20:15:46.672Z</time>
    <src>GPSD tag="RMC"</src>
    <fix>3d</fix>
    <sat>7</sat>
    <hdop>1.1</hdop>
    <vdop>2.2</vdop>
    <pdop>2.4</pdop>
   </trkpt>
   <trkpt lat="-31.456223" lon="-64.172735">
    <ele>460.100000</ele>
    <time>2011-12-29T20:15:47.672Z</time>
    <src>GPSD tag="RMC"</src>
    <fix>3d</fix>
    <sat>7</sat>
    <hdop>1.1</hdop>
    <vdop>2.2</vdop>
    <pdop>2.4</pdop>
   </trkpt>
   <trkpt lat="-31.456223" lon="-64.172737">
    <ele>460.100000</ele>
    <time>2011-12-29T20:15:48.672Z</time>
    <src>GPSD tag="RMC"</src>
    <fix>3d</fix>
    <sat>7</sat>
    <hdop>1.1</hdop>
    <vdop>2.2</vdop>
    <pdop>2.4</pdop>
   </trkpt>
   <trkpt lat="-31.456223" lon="-64.172738">
    <ele>460.000000</ele>
    <time>2011-12-29T20:15:49.672Z</time>
    <src>GPSD tag="RMC"</src>
    <fix>3d</fix>
    <sat>7</sat>
    <hdop>1.1</hdop>
    <vdop>2.2</vdop>
    <pdop>2.4</pdop>
   </trkpt>
   <trkpt lat="-31.456223" lon="-64.172738">
    <ele>459.900000</ele>
    <time>2011-12-29T20:15:50.672Z</time>
    <src>GPSD tag="RMC"</src>
    <fix>3d</fix>
    <sat>7</sat>
    <hdop>1.1</hdop>
    <vdop>2.2</vdop>
    <pdop>2.4</pdop>
   </trkpt>
   <trkpt lat="-31.456223" lon="-64.172740">
    <ele>459.700000</ele>
    <time>2011-12-29T20:15:51.672Z</time>
    <src>GPSD tag="RMC"</src>
    <fix>3d</fix>
    <sat>7</sat>
    <hdop>1.1</hdop>
    <vdop>2.2</vdop>
    <pdop>2.4</pdop>
   </trkpt>
   <trkpt lat="-31.456225" lon="-64.172742">
    <ele>459.700000</ele>
    <time>2011-12-29T20:15:52.672Z</time>
    <src>GPSD tag="RMC"</src>
    <fix>3d</fix>
    <sat>7</sat>
    <hdop>1.1</hdop>
    <vdop>2.2</vdop>
    <pdop>2.4</pdop>
   </trkpt>
   <trkpt lat="-31.456225" lon="-64.172743">
    <ele>459.600000</ele>
    <time>2011-12-29T20:15:53.672Z</time>
    <src>GPSD tag="RMC"</src>
    <fix>3d</fix>
    <sat>7</sat>
    <hdop>1.1</hdop>
    <vdop>2.2</vdop>
    <pdop>2.4</pdop>
   </trkpt>
   <trkpt lat="-31.456225" lon="-64.172743">
    <ele>459.600000</ele>
    <time>2011-12-29T20:15:54.672Z</time>
    <src>GPSD tag="RMC"</src>
    <fix>3d</fix>
    <sat>7</sat>
    <hdop>1.1</hdop>
    <vdop>2.2</vdop>
    <pdop>2.4</pdop>
   </trkpt>
   <trkpt lat="-31.456225" lon="-64.172745">
    <ele>459.600000</ele>
    <time>2011-12-29T20:15:55.672Z</time>
    <src>GPSD tag="RMC"</src>
    <fix>3d</fix>
    <sat>7</sat>
    <hdop>1.1</hdop>
    <vdop>2.2</vdop>
    <pdop>2.5</pdop>
   </trkpt>
   <trkpt lat="-31.456225" lon="-64.172745">
    <ele>459.500000</ele>
    <time>2011-12-29T20:15:56.672Z</time>
    <src>GPSD tag="RMC"</src>
    <fix>3d</fix>
    <sat>7</sat>
    <hdop>1.1</hdop>
    <vdop>2.2</vdop>
    <pdop>2.5</pdop>
   </trkpt>
   <trkpt lat="-31.456227" lon="-64.172745">
    <ele>459.600000</ele>
    <time>2011-12-29T20:15:57.672Z</time>
    <src>GPSD tag="RMC"</src>
    <fix>3d</fix>
    <sat>7</sat>
    <hdop>1.1</hdop>
    <vdop>2.2</vdop>
    <pdop>2.5</pdop>
   </trkpt>
   <trkpt lat="-31.456227" lon="-64.172745">
    <ele>459.700000</ele>
    <time>2011-12-29T20:15:58.672Z</time>
    <src>GPSD tag="RMC"</src>
    <fix>3d</fix>
    <sat>7</sat>
    <hdop>1.1</hdop>
    <vdop>2.2</vdop>
    <pdop>2.5</pdop>
   </trkpt>
   <trkpt lat="-31.456227" lon="-64.172747">
    <ele>459.700000</ele>
    <time>2011-12-29T20:15:59.672Z</time>
    <src>GPSD tag="RMC"</src>
    <fix>3d</fix>
    <sat>7</sat>
    <hdop>1.1</hdop>
    <vdop>2.2</vdop>
    <pdop>2.5</pdop>
   </trkpt>
   <trkpt lat="-31.456228" lon="-64.172747">
    <ele>459.800000</ele>
    <time>2011-12-29T20:16:00.672Z</time>
    <src>GPSD tag="RMC"</src>
    <fix>3d</fix>
    <sat>7</sat>
    <hdop>1.1</hdop>
    <vdop>2.2</vdop>
    <pdop>2.5</pdop>
   </trkpt>
   <trkpt lat="-31.456228" lon="-64.172747">
    <ele>459.800000</ele>
    <time>2011-12-29T20:16:01.672Z</time>
    <src>GPSD tag="RMC"</src>
    <fix>3d</fix>
    <sat>7</sat>
    <hdop>1.1</hdop>
    <vdop>2.2</vdop>
    <pdop>2.5</pdop>
   </trkpt>
   <trkpt lat="-31.456230" lon="-64.172748">
    <ele>459.900000</ele>
    <time>2011-12-29T20:16:02.672Z</time>
    <src>GPSD tag="RMC"</src>
    <fix>3d</fix>
    <sat>7</sat>
    <hdop>1.1</hdop>
    <vdop>2.2</vdop>
    <pdop>2.5</pdop>
   </trkpt>
   <trkpt lat="-31.456230" lon="-64.172748">
    <ele>460.000000</ele>
    <time>2011-12-29T20:16:03.672Z</time>
    <src>GPSD tag="RMC"</src>
    <fix>3d</fix>
    <sat>7</sat>
    <hdop>1.1</hdop>
    <vdop>2.2</vdop>
    <pdop>2.5</pdop>
   </trkpt>
   <trkpt lat="-31.456232" lon="-64.172747">
    <ele>460.300000</ele>
    <time>2011-12-29T20:16:04.672Z</time>
    <src>GPSD tag="RMC"</src>
    <fix>3d</fix>
    <sat>7</sat>
    <hdop>1.1</hdop>
    <vdop>2.2</vdop>
    <pdop>2.5</pdop>
   </trkpt>
   <trkpt lat="-31.456233" lon="-64.172745">
    <ele>460.500000</ele>
    <time>2011-12-29T20:16:05.672Z</time>
    <src>GPSD tag="RMC"</src>
    <fix>3d</fix>
    <sat>7</sat>
    <hdop>1.1</hdop>
    <vdop>2.2</vdop>
    <pdop>2.5</pdop>
   </trkpt>
   <trkpt lat="-31.456235" lon="-64.172745">
    <ele>460.700000</ele>
    <time>2011-12-29T20:16:06.672Z</time>
    <src>GPSD tag="RMC"</src>
    <fix>3d</fix>
    <sat>7</sat>
    <hdop>1.1</hdop>
    <vdop>2.2</vdop>
    <pdop>2.5</pdop>
   </trkpt>
   <trkpt lat="-31.456235" lon="-64.172745">
    <ele>460.900000</ele>
    <time>2011-12-29T20:16:07.672Z</time>
    <src>GPSD tag="RMC"</src>
    <fix>3d</fix>
    <sat>7</sat>
    <hdop>1.1</hdop>
    <vdop>2.2</vdop>
    <pdop>2.5</pdop>
   </trkpt>
   <trkpt lat="-31.456235" lon="-64.172745">
    <ele>460.900000</ele>
    <time>2011-12-29T20:16:08.672Z</time>
    <src>GPSD tag="RMC"</src>
    <fix>3d</fix>
    <sat>7</sat>
    <hdop>1.1</hdop>
    <vdop>2.2</vdop>
    <pdop>2.5</pdop>
   </trkpt>
   <trkpt lat="-31.456237" lon="-64.172747">
    <ele>460.900000</ele>
    <time>2011-12-29T20:16:09.672Z</time>
    <src>GPSD tag="RMC"</src>
    <fix>3d</fix>
    <sat>7</sat>
    <hdop>1.1</hdop>
    <vdop>2.2</vdop>
    <pdop>2.5</pdop>
   </trkpt>
   <trkpt lat="-31.456238" lon="-64.172747">
    <ele>460.900000</ele>
    <time>2011-12-29T20:16:10.672Z</time>
    <src>GPSD tag="RMC"</src>
    <fix>3d</fix>
    <sat>7</sat>
    <hdop>1.1</hdop>
    <vdop>2.2</vdop>
    <pdop>2.5</pdop>
   </trkpt>
   <trkpt lat="-31.456238" lon="-64.172747">
    <ele>460.900000</ele>
    <time>2011-12-29T20:16:11.672Z</time>
    <src>GPSD tag="RMC"</src>
    <fix>3d</fix>
    <sat>7</sat>
    <hdop>1.1</hdop>
    <vdop>2.2</vdop>
    <pdop>2.5</pdop>
   </trkpt>
   <trkpt lat="-31.456240" lon="-64.172747">
    <ele>461.000000</ele>
    <time>2011-12-29T20:16:12.672Z</time>
    <src>GPSD tag="RMC"</src>
    <fix>3d</fix>
    <sat>7</sat>
    <hdop>1.1</hdop>
    <vdop>2.2</vdop>
    <pdop>2.5</pdop>
   </trkpt>
   <trkpt lat="-31.456240" lon="-64.172747">
    <ele>461.100000</ele>
    <time>2011-12-29T20:16:13.672Z</time>
    <src>GPSD tag="RMC"</src>
    <fix>3d</fix>
    <sat>7</sat>
    <hdop>1.1</hdop>
    <vdop>2.2</vdop>
    <pdop>2.5</pdop>
   </trkpt>
   <trkpt lat="-31.456242" lon="-64.172747">
    <ele>461.100000</ele>
    <time>2011-12-29T20:16:14.672Z</time>
    <src>GPSD tag="RMC"</src>
    <fix>3d</fix>
    <sat>7</sat>
    <hdop>1.1</hdop>
    <vdop>2.2</vdop>
    <pdop>2.5</pdop>
   </trkpt>
   <trkpt lat="-31.456242" lon="-64.172747">
    <ele>461.200000</ele>
    <time>2011-12-29T20:16:15.672Z</time>
    <src>GPSD tag="RMC"</src>
    <fix>3d</fix>
    <sat>7</sat>
    <hdop>1.1</hdop>
    <vdop>2.2</vdop>
    <pdop>2.5</pdop>
   </trkpt>
   <trkpt lat="-31.456243" lon="-64.172747">
    <ele>461.200000</ele>
    <time>2011-12-29T20:16:16.672Z</time>
    <src>GPSD tag="RMC"</src>
    <fix>3d</fix>
    <sat>7</sat>
    <hdop>1.1</hdop>
    <vdop>2.2</vdop>
    <pdop>2.5</pdop>
   </trkpt>
   <trkpt lat="-31.456245" lon="-64.172745">
    <ele>461.300000</ele>
    <time>2011-12-29T20:16:17.672Z</time>
    <src>GPSD tag="RMC"</src>
    <fix>3d</fix>
    <sat>7</sat>
    <hdop>1.1</hdop>
    <vdop>2.2</vdop>
    <pdop>2.5</pdop>
   </trkpt>
   <trkpt lat="-31.456245" lon="-64.172745">
    <ele>461.400000</ele>
    <time>2011-12-29T20:16:18.672Z</time>
    <src>GPSD tag="RMC"</src>
    <fix>3d</fix>
    <sat>7</sat>
    <hdop>1.1</hdop>
    <vdop>2.2</vdop>
    <pdop>2.5</pdop>
   </trkpt>
   <trkpt lat="-31.456247" lon="-64.172743">
    <ele>461.500000</ele>
    <time>2011-12-29T20:16:19.672Z</time>
    <src>GPSD tag="RMC"</src>
    <fix>3d</fix>
    <sat>7</sat>
    <hdop>1.1</hdop>
    <vdop>2.2</vdop>
    <pdop>2.5</pdop>
   </trkpt>
   <trkpt lat="-31.456247" lon="-64.172743">
    <ele>461.600000</ele>
    <time>2011-12-29T20:16:20.672Z</time>
    <src>GPSD tag="RMC"</src>
    <fix>3d</fix>
    <sat>7</sat>
    <hdop>1.1</hdop>
    <vdop>2.2</vdop>
    <pdop>2.5</pdop>
   </trkpt>
   <trkpt lat="-31.456248" lon="-64.172743">
    <ele>461.700000</ele>
    <time>2011-12-29T20:16:21.672Z</time>
    <src>GPSD tag="RMC"</src>
    <fix>3d</fix>
    <sat>7</sat>
    <hdop>1.1</hdop>
    <vdop>2.2</vdop>
    <pdop>2.5</pdop>
   </trkpt>
   <trkpt lat="-31.456248" lon="-64.172743">
    <ele>461.700000</ele>
    <time>2011-12-29T20:16:22.672Z</time>
    <src>GPSD tag="RMC"</src>
    <fix>3d</fix>
    <sat>7</sat>
    <hdop>1.1</hdop>
    <vdop>2.2</vdop>
    <pdop>2.5</pdop>
   </trkpt>
   <trkpt lat="-31.456250" lon="-64.172743">
    <ele>461.700000</ele>
    <time>2011-12-29T20:16:23.672Z</time>
    <src>GPSD tag="RMC"</src>
    <fix>3d</fix>
    <sat>7</sat>
    <hdop>1.1</hdop>
    <vdop>2.2</vdop>
    <pdop>2.5</pdop>
   </trkpt>
   <trkpt lat="-31.456252" lon="-64.172743">
    <ele>461.700000</ele>
    <time>2011-12-29T20:16:24.672Z</time>
    <src>GPSD tag="RMC"</src>
    <fix>3d</fix>
    <sat>7</sat>
    <hdop>1.1</hdop>
    <vdop>2.2</vdop>
    <pdop>2.5</pdop>
   </trkpt>
   <trkpt lat="-31.456252" lon="-64.172743">
    <ele>461.700000</ele>
    <time>2011-12-29T20:16:25.672Z</time>
    <src>GPSD tag="RMC"</src>
    <fix>3d</fix>
    <sat>7</sat>
    <hdop>1.1</hdop>
    <vdop>2.2</vdop>
    <pdop>2.5</pdop>
   </trkpt>
   <trkpt lat="-31.456253" lon="-64.172743">
    <ele>461.700000</ele>
    <time>2011-12-29T20:16:26.672Z</time>
    <src>GPSD tag="RMC"</src>
    <fix>3d</fix>
    <sat>7</sat>
    <hdop>1.1</hdop>
    <vdop>2.2</vdop>
    <pdop>2.5</pdop>
   </trkpt>
   <trkpt lat="-31.456253" lon="-64.172743">
    <ele>461.700000</ele>
    <time>2011-12-29T20:16:27.672Z</time>
    <src>GPSD tag="RMC"</src>
    <fix>3d</fix>
    <sat>7</sat>
    <hdop>1.1</hdop>
    <vdop>2.2</vdop>
    <pdop>2.5</pdop>
   </trkpt>
   <trkpt lat="-31.456255" lon="-64.172742">
    <ele>461.700000</ele>
    <time>2011-12-29T20:16:28.672Z</time>
    <src>GPSD tag="RMC"</src>
    <fix>3d</fix>
    <sat>7</sat>
    <hdop>1.1</hdop>
    <vdop>2.2</vdop>
    <pdop>2.5</pdop>
   </trkpt>
   <trkpt lat="-31.456255" lon="-64.172742">
    <ele>461.800000</ele>
    <time>2011-12-29T20:16:29.672Z</time>
    <src>GPSD tag="RMC"</src>
    <fix>3d</fix>
    <sat>7</sat>
    <hdop>1.1</hdop>
    <vdop>2.2</vdop>
    <pdop>2.5</pdop>
   </trkpt>
   <trkpt lat="-31.456257" lon="-64.172742">
    <ele>461.800000</ele>
    <time>2011-12-29T20:16:30.672Z</time>
    <src>GPSD tag="RMC"</src>
    <fix>3d</fix>
    <sat>7</sat>
    <hdop>1.1</hdop>
    <vdop>2.2</vdop>
    <pdop>2.5</pdop>
   </trkpt>
   <trkpt lat="-31.456257" lon="-64.172742">
    <ele>462.000000</ele>
    <time>2011-12-29T20:16:31.672Z</time>
    <src>GPSD tag="RMC"</src>
    <fix>3d</fix>
    <sat>7</sat>
    <hdop>1.1</hdop>
    <vdop>2.2</vdop>
    <pdop>2.5</pdop>
   </trkpt>
   <trkpt lat="-31.456258" lon="-64.172742">
    <ele>462.100000</ele>
    <time>2011-12-29T20:16:32.672Z</time>
    <src>GPSD tag="RMC"</src>
    <fix>3d</fix>
    <sat>7</sat>
    <hdop>1.1</hdop>
    <vdop>2.2</vdop>
    <pdop>2.5</pdop>
   </trkpt>
   <trkpt lat="-31.456258" lon="-64.172740">
    <ele>462.200000</ele>
    <time>2011-12-29T20:16:33.672Z</time>
    <src>GPSD tag="RMC"</src>
    <fix>3d</fix>
    <sat>7</sat>
    <hdop>1.1</hdop>
    <vdop>2.2</vdop>
    <pdop>2.5</pdop>
   </trkpt>
   <trkpt lat="-31.456260" lon="-64.172740">
    <ele>462.300000</ele>
    <time>2011-12-29T20:16:34.672Z</time>
    <src>GPSD tag="RMC"</src>
    <fix>3d</fix>
    <sat>7</sat>
    <hdop>1.1</hdop>
    <vdop>2.2</vdop>
    <pdop>2.5</pdop>
   </trkpt>
   <trkpt lat="-31.456260" lon="-64.172740">
    <ele>462.400000</ele>
    <time>2011-12-29T20:16:35.672Z</time>
    <src>GPSD tag="RMC"</src>
    <fix>3d</fix>
    <sat>7</sat>
    <hdop>1.1</hdop>
    <vdop>2.2</vdop>
    <pdop>2.5</pdop>
   </trkpt>
   <trkpt lat="-31.456260" lon="-64.172740">
    <ele>462.500000</ele>
    <time>2011-12-29T20:16:36.672Z</time>
    <src>GPSD tag="RMC"</src>
    <fix>3d</fix>
    <sat>7</sat>
    <hdop>1.1</hdop>
    <vdop>2.2</vdop>
    <pdop>2.5</pdop>
   </trkpt>
   <trkpt lat="-31.456260" lon="-64.172738">
    <ele>462.700000</ele>
    <time>2011-12-29T20:16:37.672Z</time>
    <src>GPSD tag="RMC"</src>
    <fix>3d</fix>
    <sat>7</sat>
    <hdop>1.1</hdop>
    <vdop>2.2</vdop>
    <pdop>2.5</pdop>
   </trkpt>
   <trkpt lat="-31.456260" lon="-64.172737">
    <ele>462.900000</ele>
    <time>2011-12-29T20:16:38.672Z</time>
    <src>GPSD tag="RMC"</src>
    <fix>3d</fix>
    <sat>7</sat>
    <hdop>1.1</hdop>
    <vdop>2.2</vdop>
    <pdop>2.5</pdop>
   </trkpt>
   <trkpt lat="-31.456260" lon="-64.172737">
    <ele>463.000000</ele>
    <time>2011-12-29T20:16:39.672Z</time>
    <src>GPSD tag="RMC"</src>
    <fix>3d</fix>
    <sat>7</sat>
    <hdop>1.1</hdop>
    <vdop>2.2</vdop>
    <pdop>2.5</pdop>
   </trkpt>
   <trkpt lat="-31.456262" lon="-64.172735">
    <ele>463.100000</ele>
    <time>2011-12-29T20:16:40.672Z</time>
    <src>GPSD tag="RMC"</src>
    <fix>3d</fix>
    <sat>7</sat>
    <hdop>1.1</hdop>
    <vdop>2.2</vdop>
    <pdop>2.5</pdop>
   </trkpt>
   <trkpt lat="-31.456262" lon="-64.172735">
    <ele>463.200000</ele>
    <time>2011-12-29T20:16:41.672Z</time>
    <src>GPSD tag="RMC"</src>
    <fix>3d</fix>
    <sat>7</sat>
    <hdop>1.1</hdop>
    <vdop>2.2</vdop>
    <pdop>2.5</pdop>
   </trkpt>
   <trkpt lat="-31.456260" lon="-64.172733">
    <ele>463.300000</ele>
    <time>2011-12-29T20:16:42.672Z</time>
    <src>GPSD tag="RMC"</src>
    <fix>3d</fix>
    <sat>7</sat>
    <hdop>1.1</hdop>
    <vdop>2.2</vdop>
    <pdop>2.5</pdop>
   </trkpt>
   <trkpt lat="-31.456260" lon="-64.172732">
    <ele>463.500000</ele>
    <time>2011-12-29T20:16:43.672Z</time>
    <src>GPSD tag="RMC"</src>
    <fix>3d</fix>
    <sat>7</sat>
    <hdop>1.1</hdop>
    <vdop>2.2</vdop>
    <pdop>2.5</pdop>
   </trkpt>
   <trkpt lat="-31.456260" lon="-64.172730">
    <ele>463.700000</ele>
    <time>2011-12-29T20:16:44.672Z</time>
    <src>GPSD tag="RMC"</src>
    <fix>3d</fix>
    <sat>7</sat>
    <hdop>1.1</hdop>
    <vdop>2.2</vdop>
    <pdop>2.5</pdop>
   </trkpt>
   <trkpt lat="-31.456260" lon="-64.172730">
    <ele>463.900000</ele>
    <time>2011-12-29T20:16:45.672Z</time>
    <src>GPSD tag="RMC"</src>
    <fix>3d</fix>
    <sat>7</sat>
    <hdop>1.1</hdop>
    <vdop>2.2</vdop>
    <pdop>2.5</pdop>
   </trkpt>
   <trkpt lat="-31.456262" lon="-64.172728">
    <ele>464.100000</ele>
    <time>2011-12-29T20:16:46.672Z</time>
    <src>GPSD tag="RMC"</src>
    <fix>3d</fix>
    <sat>7</sat>
    <hdop>1.1</hdop>
    <vdop>2.2</vdop>
    <pdop>2.5</pdop>
   </trkpt>
   <trkpt lat="-31.456263" lon="-64.172728">
    <ele>464.200000</ele>
    <time>2011-12-29T20:16:47.672Z</time>
    <src>GPSD tag="RMC"</src>
    <fix>3d</fix>
    <sat>7</sat>
    <hdop>1.1</hdop>
    <vdop>2.2</vdop>
    <pdop>2.5</pdop>
   </trkpt>
  </trkseg>
 </trk>
</gpx>
