<?xml version="1.0" encoding="utf-8"?>
<gpx version="1.1" creator="GPSD 3.4~dev - http://catb.org/gpsd"
        xmlns:xsi="http://www.w3.org/2001/XMLSchema-instance"
        xmlns="http://www.topografix.com/GPX/1/1"
        xsi:schemaLocation="http://www.topografix.com/GPX/1/1
        http://www.topografix.com/GPX/1/1/gpx.xsd">
 <metadata>
  <time>2011-12-29T20:16:50.000Z</time>
 </metadata>
 <trk>
  <src>GPSD 3.4~dev</src>
  <trkseg>
   <trkpt lat="-31.456267" lon="-64.172727">
    <ele>464.600000</ele>
    <time>2011-12-29T20:16:50.672Z</time>
    <src>GPSD tag="RMC"</src>
    <fix>3d</fix>
   </trkpt>
   <trkpt lat="-31.456268" lon="-64.172725">
    <ele>464.700000</ele>
    <time>2011-12-29T20:16:51.672Z</time>
    <src>GPSD tag="RMC"</src>
    <fix>3d</fix>
   </trkpt>
   <trkpt lat="-31.456270" lon="-64.172725">
    <ele>464.800000</ele>
    <time>2011-12-29T20:16:52.672Z</time>
    <src>GPSD tag="RMC"</src>
    <fix>3d</fix>
    <sat>7</sat>
    <hdop>1.1</hdop>
    <vdop>2.2</vdop>
    <pdop>2.5</pdop>
   </trkpt>
   <trkpt lat="-31.456272" lon="-64.172723">
    <ele>464.900000</ele>
    <time>2011-12-29T20:16:53.672Z</time>
    <src>GPSD tag="RMC"</src>
    <fix>3d</fix>
    <sat>7</sat>
    <hdop>1.1</hdop>
    <vdop>2.2</vdop>
    <pdop>2.5</pdop>
   </trkpt>
   <trkpt lat="-31.456273" lon="-64.172722">
    <ele>465.100000</ele>
    <time>2011-12-29T20:16:54.672Z</time>
    <src>GPSD tag="RMC"</src>
    <fix>3d</fix>
    <sat>7</sat>
    <hdop>1.1</hdop>
    <vdop>2.2</vdop>
    <pdop>2.5</pdop>
   </trkpt>
   <trkpt lat="-31.456275" lon="-64.172722">
    <ele>465.200000</ele>
    <time>2011-12-29T20:16:55.672Z</time>
    <src>GPSD tag="RMC"</src>
    <fix>3d</fix>
    <sat>7</sat>
    <hdop>1.1</hdop>
    <vdop>2.2</vdop>
    <pdop>2.5</pdop>
   </trkpt>
   <trkpt lat="-31.456277" lon="-64.172720">
    <ele>465.300000</ele>
    <time>2011-12-29T20:16:56.672Z</time>
    <src>GPSD tag="RMC"</src>
    <fix>3d</fix>
    <sat>7</sat>
    <hdop>1.1</hdop>
    <vdop>2.2</vdop>
    <pdop>2.5</pdop>
   </trkpt>
   <trkpt lat="-31.456277" lon="-64.172718">
    <ele>465.500000</ele>
    <time>2011-12-29T20:16:57.672Z</time>
    <src>GPSD tag="RMC"</src>
    <fix>3d</fix>
    <sat>7</sat>
    <hdop>1.1</hdop>
    <vdop>2.2</vdop>
    <pdop>2.5</pdop>
   </trkpt>
   <trkpt lat="-31.456278" lon="-64.172718">
    <ele>465.600000</ele>
    <time>2011-12-29T20:16:58.672Z</time>
    <src>GPSD tag="RMC"</src>
    <fix>3d</fix>
    <sat>7</sat>
    <hdop>1.1</hdop>
    <vdop>2.2</vdop>
    <pdop>2.5</pdop>
   </trkpt>
   <trkpt lat="-31.456278" lon="-64.172718">
    <ele>465.700000</ele>
    <time>2011-12-29T20:16:59.672Z</time>
    <src>GPSD tag="RMC"</src>
    <fix>3d</fix>
    <sat>7</sat>
    <hdop>1.1</hdop>
    <vdop>2.2</vdop>
    <pdop>2.5</pdop>
   </trkpt>
   <trkpt lat="-31.456278" lon="-64.172717">
    <ele>465.800000</ele>
    <time>2011-12-29T20:17:00.672Z</time>
    <src>GPSD tag="RMC"</src>
    <fix>3d</fix>
    <sat>7</sat>
    <hdop>1.1</hdop>
    <vdop>2.2</vdop>
    <pdop>2.5</pdop>
   </trkpt>
   <trkpt lat="-31.456278" lon="-64.172717">
    <ele>466.100000</ele>
    <time>2011-12-29T20:17:01.672Z</time>
    <src>GPSD tag="RMC"</src>
    <fix>3d</fix>
    <sat>7</sat>
    <hdop>1.1</hdop>
    <vdop>2.2</vdop>
    <pdop>2.5</pdop>
   </trkpt>
   <trkpt lat="-31.456277" lon="-64.172715">
    <ele>466.200000</ele>
    <time>2011-12-29T20:17:02.672Z</time>
    <src>GPSD tag="RMC"</src>
    <fix>3d</fix>
    <sat>7</sat>
    <hdop>1.1</hdop>
    <vdop>2.2</vdop>
    <pdop>2.5</pdop>
   </trkpt>
   <trkpt lat="-31.456277" lon="-64.172715">
    <ele>466.400000</ele>
    <time>2011-12-29T20:17:03.672Z</time>
    <src>GPSD tag="RMC"</src>
    <fix>3d</fix>
    <sat>7</sat>
    <hdop>1.1</hdop>
    <vdop>2.2</vdop>
    <pdop>2.5</pdop>
   </trkpt>
   <trkpt lat="-31.456277" lon="-64.172713">
    <ele>466.600000</ele>
    <time>2011-12-29T20:17:04.672Z</time>
    <src>GPSD tag="RMC"</src>
    <fix>3d</fix>
    <sat>7</sat>
    <hdop>1.1</hdop>
    <vdop>2.2</vdop>
    <pdop>2.5</pdop>
   </trkpt>
   <trkpt lat="-31.456277" lon="-64.172713">
    <ele>466.700000</ele>
    <time>2011-12-29T20:17:05.672Z</time>
    <src>GPSD tag="RMC"</src>
    <fix>3d</fix>
    <sat>7</sat>
    <hdop>1.1</hdop>
    <vdop>2.2</vdop>
    <pdop>2.5</pdop>
   </trkpt>
   <trkpt lat="-31.456278" lon="-64.172713">
    <ele>467.000000</ele>
    <time>2011-12-29T20:17:06.672Z</time>
    <src>GPSD tag="RMC"</src>
    <fix>3d</fix>
    <sat>7</sat>
    <hdop>1.1</hdop>
    <vdop>2.2</vdop>
    <pdop>2.5</pdop>
   </trkpt>
   <trkpt lat="-31.456278" lon="-64.172715">
    <ele>467.200000</ele>
    <time>2011-12-29T20:17:07.672Z</time>
    <src>GPSD tag="RMC"</src>
    <fix>3d</fix>
    <sat>7</sat>
    <hdop>1.1</hdop>
    <vdop>2.2</vdop>
    <pdop>2.5</pdop>
   </trkpt>
   <trkpt lat="-31.456280" lon="-64.172715">
    <ele>467.300000</ele>
    <time>2011-12-29T20:17:08.672Z</time>
    <src>GPSD tag="RMC"</src>
    <fix>3d</fix>
    <sat>7</sat>
    <hdop>1.1</hdop>
    <vdop>2.2</vdop>
    <pdop>2.5</pdop>
   </trkpt>
   <trkpt lat="-31.456280" lon="-64.172713">
    <ele>467.500000</ele>
    <time>2011-12-29T20:17:09.672Z</time>
    <src>GPSD tag="RMC"</src>
    <fix>3d</fix>
    <sat>7</sat>
    <hdop>1.1</hdop>
    <vdop>2.2</vdop>
    <pdop>2.5</pdop>
   </trkpt>
   <trkpt lat="-31.456282" lon="-64.172713">
    <ele>467.600000</ele>
    <time>2011-12-29T20:17:10.672Z</time>
    <src>GPSD tag="RMC"</src>
    <fix>3d</fix>
    <sat>7</sat>
    <hdop>1.1</hdop>
    <vdop>2.2</vdop>
    <pdop>2.5</pdop>
   </trkpt>
   <trkpt lat="-31.456282" lon="-64.172713">
    <ele>467.800000</ele>
    <time>2011-12-29T20:17:11.672Z</time>
    <src>GPSD tag="RMC"</src>
    <fix>3d</fix>
    <sat>7</sat>
    <hdop>1.1</hdop>
    <vdop>2.2</vdop>
    <pdop>2.5</pdop>
   </trkpt>
   <trkpt lat="-31.456283" lon="-64.172713">
    <ele>467.900000</ele>
    <time>2011-12-29T20:17:12.672Z</time>
    <src>GPSD tag="RMC"</src>
    <fix>3d</fix>
    <sat>7</sat>
    <hdop>1.1</hdop>
    <vdop>2.2</vdop>
    <pdop>2.5</pdop>
   </trkpt>
   <trkpt lat="-31.456285" lon="-64.172713">
    <ele>468.100000</ele>
    <time>2011-12-29T20:17:13.672Z</time>
    <src>GPSD tag="RMC"</src>
    <fix>3d</fix>
    <sat>7</sat>
    <hdop>1.1</hdop>
    <vdop>2.2</vdop>
    <pdop>2.5</pdop>
   </trkpt>
   <trkpt lat="-31.456285" lon="-64.172713">
    <ele>468.200000</ele>
    <time>2011-12-29T20:17:14.672Z</time>
    <src>GPSD tag="RMC"</src>
    <fix>3d</fix>
    <sat>7</sat>
    <hdop>1.1</hdop>
    <vdop>2.2</vdop>
    <pdop>2.5</pdop>
   </trkpt>
   <trkpt lat="-31.456285" lon="-64.172713">
    <ele>468.400000</ele>
    <time>2011-12-29T20:17:15.672Z</time>
    <src>GPSD tag="RMC"</src>
    <fix>3d</fix>
    <sat>7</sat>
    <hdop>1.1</hdop>
    <vdop>2.2</vdop>
    <pdop>2.5</pdop>
   </trkpt>
   <trkpt lat="-31.456287" lon="-64.172713">
    <ele>468.500000</ele>
    <time>2011-12-29T20:17:16.672Z</time>
    <src>GPSD tag="RMC"</src>
    <fix>3d</fix>
    <sat>7</sat>
    <hdop>1.1</hdop>
    <vdop>2.2</vdop>
    <pdop>2.5</pdop>
   </trkpt>
   <trkpt lat="-31.456287" lon="-64.172713">
    <ele>468.700000</ele>
    <time>2011-12-29T20:17:17.672Z</time>
    <src>GPSD tag="RMC"</src>
    <fix>3d</fix>
    <sat>7</sat>
    <hdop>1.1</hdop>
    <vdop>2.2</vdop>
    <pdop>2.5</pdop>
   </trkpt>
   <trkpt lat="-31.456287" lon="-64.172713">
    <ele>468.900000</ele>
    <time>2011-12-29T20:17:18.672Z</time>
    <src>GPSD tag="RMC"</src>
    <fix>3d</fix>
    <sat>7</sat>
    <hdop>1.1</hdop>
    <vdop>2.2</vdop>
    <pdop>2.5</pdop>
   </trkpt>
   <trkpt lat="-31.456287" lon="-64.172713">
    <ele>468.900000</ele>
    <time>2011-12-29T20:17:19.672Z</time>
    <src>GPSD tag="RMC"</src>
    <fix>3d</fix>
    <sat>7</sat>
    <hdop>1.1</hdop>
    <vdop>2.2</vdop>
    <pdop>2.5</pdop>
   </trkpt>
   <trkpt lat="-31.456288" lon="-64.172713">
    <ele>469.000000</ele>
    <time>2011-12-29T20:17:20.672Z</time>
    <src>GPSD tag="RMC"</src>
    <fix>3d</fix>
    <sat>7</sat>
    <hdop>1.1</hdop>
    <vdop>2.2</vdop>
    <pdop>2.5</pdop>
   </trkpt>
   <trkpt lat="-31.456288" lon="-64.172713">
    <ele>469.100000</ele>
    <time>2011-12-29T20:17:21.672Z</time>
    <src>GPSD tag="RMC"</src>
    <fix>3d</fix>
    <sat>7</sat>
    <hdop>1.1</hdop>
    <vdop>2.2</vdop>
    <pdop>2.5</pdop>
   </trkpt>
   <trkpt lat="-31.456288" lon="-64.172713">
    <ele>469.200000</ele>
    <time>2011-12-29T20:17:22.672Z</time>
    <src>GPSD tag="RMC"</src>
    <fix>3d</fix>
    <sat>7</sat>
    <hdop>1.1</hdop>
    <vdop>2.2</vdop>
    <pdop>2.5</pdop>
   </trkpt>
   <trkpt lat="-31.456290" lon="-64.172715">
    <ele>469.300000</ele>
    <time>2011-12-29T20:17:23.672Z</time>
    <src>GPSD tag="RMC"</src>
    <fix>3d</fix>
    <sat>7</sat>
    <hdop>1.1</hdop>
    <vdop>2.2</vdop>
    <pdop>2.5</pdop>
   </trkpt>
   <trkpt lat="-31.456290" lon="-64.172717">
    <ele>469.300000</ele>
    <time>2011-12-29T20:17:24.672Z</time>
    <src>GPSD tag="RMC"</src>
    <fix>3d</fix>
    <sat>7</sat>
    <hdop>1.1</hdop>
    <vdop>2.2</vdop>
    <pdop>2.5</pdop>
   </trkpt>
   <trkpt lat="-31.456292" lon="-64.172717">
    <ele>469.400000</ele>
    <time>2011-12-29T20:17:25.672Z</time>
    <src>GPSD tag="RMC"</src>
    <fix>3d</fix>
    <sat>7</sat>
    <hdop>1.1</hdop>
    <vdop>2.2</vdop>
    <pdop>2.5</pdop>
   </trkpt>
   <trkpt lat="-31.456293" lon="-64.172718">
    <ele>469.400000</ele>
    <time>2011-12-29T20:17:26.672Z</time>
    <src>GPSD tag="RMC"</src>
    <fix>3d</fix>
    <sat>7</sat>
    <hdop>1.1</hdop>
    <vdop>2.2</vdop>
    <pdop>2.5</pdop>
   </trkpt>
   <trkpt lat="-31.456293" lon="-64.172720">
    <ele>469.400000</ele>
    <time>2011-12-29T20:17:27.672Z</time>
    <src>GPSD tag="RMC"</src>
    <fix>3d</fix>
    <sat>7</sat>
    <hdop>1.1</hdop>
    <vdop>2.2</vdop>
    <pdop>2.5</pdop>
   </trkpt>
   <trkpt lat="-31.456295" lon="-64.172722">
    <ele>469.500000</ele>
    <time>2011-12-29T20:17:28.672Z</time>
    <src>GPSD tag="RMC"</src>
    <fix>3d</fix>
    <sat>7</sat>
    <hdop>1.1</hdop>
    <vdop>2.2</vdop>
    <pdop>2.5</pdop>
   </trkpt>
   <trkpt lat="-31.456295" lon="-64.172722">
    <ele>469.500000</ele>
    <time>2011-12-29T20:17:29.672Z</time>
    <src>GPSD tag="RMC"</src>
    <fix>3d</fix>
    <sat>7</sat>
    <hdop>1.1</hdop>
    <vdop>2.2</vdop>
    <pdop>2.5</pdop>
   </trkpt>
   <trkpt lat="-31.456297" lon="-64.172723">
    <ele>469.600000</ele>
    <time>2011-12-29T20:17:30.672Z</time>
    <src>GPSD tag="RMC"</src>
    <fix>3d</fix>
    <sat>7</sat>
    <hdop>1.1</hdop>
    <vdop>2.2</vdop>
    <pdop>2.5</pdop>
   </trkpt>
   <trkpt lat="-31.456297" lon="-64.172723">
    <ele>469.700000</ele>
    <time>2011-12-29T20:17:31.672Z</time>
    <src>GPSD tag="RMC"</src>
    <fix>3d</fix>
    <sat>7</sat>
    <hdop>1.1</hdop>
    <vdop>2.2</vdop>
    <pdop>2.5</pdop>
   </trkpt>
   <trkpt lat="-31.456298" lon="-64.172725">
    <ele>469.700000</ele>
    <time>2011-12-29T20:17:32.672Z</time>
    <src>GPSD tag="RMC"</src>
    <fix>3d</fix>
    <sat>7</sat>
    <hdop>1.1</hdop>
    <vdop>2.2</vdop>
    <pdop>2.5</pdop>
   </trkpt>
   <trkpt lat="-31.456298" lon="-64.172725">
    <ele>469.800000</ele>
    <time>2011-12-29T20:17:33.672Z</time>
    <src>GPSD tag="RMC"</src>
    <fix>3d</fix>
    <sat>7</sat>
    <hdop>1.1</hdop>
    <vdop>2.2</vdop>
    <pdop>2.5</pdop>
   </trkpt>
   <trkpt lat="-31.456298" lon="-64.172727">
    <ele>469.800000</ele>
    <time>2011-12-29T20:17:34.672Z</time>
    <src>GPSD tag="RMC"</src>
    <fix>3d</fix>
    <sat>7</sat>
    <hdop>1.1</hdop>
    <vdop>2.2</vdop>
    <pdop>2.5</pdop>
   </trkpt>
   <trkpt lat="-31.456298" lon="-64.172727">
    <ele>469.700000</ele>
    <time>2011-12-29T20:17:35.672Z</time>
    <src>GPSD tag="RMC"</src>
    <fix>3d</fix>
    <sat>7</sat>
    <hdop>1.1</hdop>
    <vdop>2.2</vdop>
    <pdop>2.5</pdop>
   </trkpt>
   <trkpt lat="-31.456298" lon="-64.172727">
    <ele>469.700000</ele>
    <time>2011-12-29T20:17:36.672Z</time>
    <src>GPSD tag="RMC"</src>
    <fix>3d</fix>
    <sat>7</sat>
    <hdop>1.1</hdop>
    <vdop>2.2</vdop>
    <pdop>2.5</pdop>
   </trkpt>
   <trkpt lat="-31.456298" lon="-64.172727">
    <ele>469.700000</ele>
    <time>2011-12-29T20:17:37.672Z</time>
    <src>GPSD tag="RMC"</src>
    <fix>3d</fix>
    <sat>7</sat>
    <hdop>1.1</hdop>
    <vdop>2.2</vdop>
    <pdop>2.5</pdop>
   </trkpt>
   <trkpt lat="-31.456298" lon="-64.172727">
    <ele>469.600000</ele>
    <time>2011-12-29T20:17:38.672Z</time>
    <src>GPSD tag="RMC"</src>
    <fix>3d</fix>
    <sat>7</sat>
    <hdop>1.1</hdop>
    <vdop>2.2</vdop>
    <pdop>2.5</pdop>
   </trkpt>
   <trkpt lat="-31.456298" lon="-64.172727">
    <ele>469.600000</ele>
    <time>2011-12-29T20:17:39.672Z</time>
    <src>GPSD tag="RMC"</src>
    <fix>3d</fix>
    <sat>7</sat>
    <hdop>1.1</hdop>
    <vdop>2.2</vdop>
    <pdop>2.5</pdop>
   </trkpt>
   <trkpt lat="-31.456298" lon="-64.172727">
    <ele>469.600000</ele>
    <time>2011-12-29T20:17:40.672Z</time>
    <src>GPSD tag="RMC"</src>
    <fix>3d</fix>
    <sat>7</sat>
    <hdop>1.1</hdop>
    <vdop>2.2</vdop>
    <pdop>2.5</pdop>
   </trkpt>
   <trkpt lat="-31.456297" lon="-64.172728">
    <ele>469.500000</ele>
    <time>2011-12-29T20:17:41.672Z</time>
    <src>GPSD tag="RMC"</src>
    <fix>3d</fix>
    <sat>7</sat>
    <hdop>1.1</hdop>
    <vdop>2.2</vdop>
    <pdop>2.5</pdop>
   </trkpt>
   <trkpt lat="-31.456297" lon="-64.172728">
    <ele>469.400000</ele>
    <time>2011-12-29T20:17:42.672Z</time>
    <src>GPSD tag="RMC"</src>
    <fix>3d</fix>
    <sat>7</sat>
    <hdop>1.1</hdop>
    <vdop>2.2</vdop>
    <pdop>2.5</pdop>
   </trkpt>
   <trkpt lat="-31.456295" lon="-64.172730">
    <ele>469.300000</ele>
    <time>2011-12-29T20:17:43.672Z</time>
    <src>GPSD tag="RMC"</src>
    <fix>3d</fix>
    <sat>7</sat>
    <hdop>1.1</hdop>
    <vdop>2.2</vdop>
    <pdop>2.5</pdop>
   </trkpt>
   <trkpt lat="-31.456293" lon="-64.172730">
    <ele>469.100000</ele>
    <time>2011-12-29T20:17:44.672Z</time>
    <src>GPSD tag="RMC"</src>
    <fix>3d</fix>
    <sat>7</sat>
    <hdop>1.1</hdop>
    <vdop>2.2</vdop>
    <pdop>2.5</pdop>
   </trkpt>
   <trkpt lat="-31.456293" lon="-64.172733">
    <ele>469.000000</ele>
    <time>2011-12-29T20:17:45.672Z</time>
    <src>GPSD tag="RMC"</src>
    <fix>3d</fix>
    <sat>7</sat>
    <hdop>1.1</hdop>
    <vdop>2.2</vdop>
    <pdop>2.5</pdop>
   </trkpt>
   <trkpt lat="-31.456292" lon="-64.172733">
    <ele>468.800000</ele>
    <time>2011-12-29T20:17:46.672Z</time>
    <src>GPSD tag="RMC"</src>
    <fix>3d</fix>
    <sat>7</sat>
    <hdop>1.1</hdop>
    <vdop>2.2</vdop>
    <pdop>2.5</pdop>
   </trkpt>
   <trkpt lat="-31.456290" lon="-64.172733">
    <ele>468.700000</ele>
    <time>2011-12-29T20:17:47.672Z</time>
    <src>GPSD tag="RMC"</src>
    <fix>3d</fix>
    <sat>7</sat>
    <hdop>1.1</hdop>
    <vdop>2.2</vdop>
    <pdop>2.5</pdop>
   </trkpt>
   <trkpt lat="-31.456288" lon="-64.172733">
    <ele>468.600000</ele>
    <time>2011-12-29T20:17:48.672Z</time>
    <src>GPSD tag="RMC"</src>
    <fix>3d</fix>
    <sat>7</sat>
    <hdop>1.1</hdop>
    <vdop>2.2</vdop>
    <pdop>2.5</pdop>
   </trkpt>
   <trkpt lat="-31.456287" lon="-64.172733">
    <ele>468.500000</ele>
    <time>2011-12-29T20:17:49.672Z</time>
    <src>GPSD tag="RMC"</src>
    <fix>3d</fix>
    <sat>7</sat>
    <hdop>1.1</hdop>
    <vdop>2.2</vdop>
    <pdop>2.5</pdop>
   </trkpt>
   <trkpt lat="-31.456287" lon="-64.172733">
    <ele>468.400000</ele>
    <time>2011-12-29T20:17:50.672Z</time>
    <src>GPSD tag="RMC"</src>
    <fix>3d</fix>
    <sat>7</sat>
    <hdop>1.1</hdop>
    <vdop>2.2</vdop>
    <pdop>2.5</pdop>
   </trkpt>
   <trkpt lat="-31.456285" lon="-64.172733">
    <ele>468.300000</ele>
    <time>2011-12-29T20:17:51.672Z</time>
    <src>GPSD tag="RMC"</src>
    <fix>3d</fix>
    <sat>7</sat>
    <hdop>1.1</hdop>
    <vdop>2.2</vdop>
    <pdop>2.5</pdop>
   </trkpt>
   <trkpt lat="-31.456285" lon="-64.172733">
    <ele>468.200000</ele>
    <time>2011-12-29T20:17:52.672Z</time>
    <src>GPSD tag="RMC"</src>
    <fix>3d</fix>
    <sat>7</sat>
    <hdop>1.1</hdop>
    <vdop>2.2</vdop>
    <pdop>2.5</pdop>
   </trkpt>
   <trkpt lat="-31.456285" lon="-64.172733">
    <ele>468.000000</ele>
    <time>2011-12-29T20:17:53.672Z</time>
    <src>GPSD tag="RMC"</src>
    <fix>3d</fix>
    <sat>7</sat>
    <hdop>1.1</hdop>
    <vdop>2.2</vdop>
    <pdop>2.5</pdop>
   </trkpt>
   <trkpt lat="-31.456283" lon="-64.172735">
    <ele>468.000000</ele>
    <time>2011-12-29T20:17:54.672Z</time>
    <src>GPSD tag="RMC"</src>
    <fix>3d</fix>
    <sat>7</sat>
    <hdop>1.1</hdop>
    <vdop>2.2</vdop>
    <pdop>2.5</pdop>
   </trkpt>
   <trkpt lat="-31.456283" lon="-64.172733">
    <ele>467.900000</ele>
    <time>2011-12-29T20:17:55.672Z</time>
    <src>GPSD tag="RMC"</src>
    <fix>3d</fix>
    <sat>7</sat>
    <hdop>1.1</hdop>
    <vdop>2.2</vdop>
    <pdop>2.5</pdop>
   </trkpt>
   <trkpt lat="-31.456282" lon="-64.172733">
    <ele>467.900000</ele>
    <time>2011-12-29T20:17:56.672Z</time>
    <src>GPSD tag="RMC"</src>
    <fix>3d</fix>
    <sat>7</sat>
    <hdop>1.1</hdop>
    <vdop>2.2</vdop>
    <pdop>2.5</pdop>
   </trkpt>
   <trkpt lat="-31.456282" lon="-64.172735">
    <ele>467.900000</ele>
    <time>2011-12-29T20:17:57.672Z</time>
    <src>GPSD tag="RMC"</src>
    <fix>3d</fix>
    <sat>7</sat>
    <hdop>1.1</hdop>
    <vdop>2.2</vdop>
    <pdop>2.5</pdop>
   </trkpt>
   <trkpt lat="-31.456282" lon="-64.172735">
    <ele>467.900000</ele>
    <time>2011-12-29T20:17:58.672Z</time>
    <src>GPSD tag="RMC"</src>
    <fix>3d</fix>
    <sat>7</sat>
    <hdop>1.1</hdop>
    <vdop>2.2</vdop>
    <pdop>2.5</pdop>
   </trkpt>
   <trkpt lat="-31.456282" lon="-64.172735">
    <ele>467.900000</ele>
    <time>2011-12-29T20:17:59.672Z</time>
    <src>GPSD tag="RMC"</src>
    <fix>3d</fix>
    <sat>7</sat>
    <hdop>1.1</hdop>
    <vdop>2.2</vdop>
    <pdop>2.5</pdop>
   </trkpt>
   <trkpt lat="-31.456282" lon="-64.172737">
    <ele>467.800000</ele>
    <time>2011-12-29T20:18:00.672Z</time>
    <src>GPSD tag="RMC"</src>
    <fix>3d</fix>
    <sat>7</sat>
    <hdop>1.1</hdop>
    <vdop>2.2</vdop>
    <pdop>2.5</pdop>
   </trkpt>
   <trkpt lat="-31.456282" lon="-64.172735">
    <ele>467.900000</ele>
    <time>2011-12-29T20:18:01.672Z</time>
    <src>GPSD tag="RMC"</src>
    <fix>3d</fix>
    <sat>7</sat>
    <hdop>1.1</hdop>
    <vdop>2.2</vdop>
    <pdop>2.5</pdop>
   </trkpt>
   <trkpt lat="-31.456283" lon="-64.172735">
    <ele>467.900000</ele>
    <time>2011-12-29T20:18:02.672Z</time>
    <src>GPSD tag="RMC"</src>
    <fix>3d</fix>
    <sat>7</sat>
    <hdop>1.1</hdop>
    <vdop>2.2</vdop>
    <pdop>2.5</pdop>
   </trkpt>
   <trkpt lat="-31.456283" lon="-64.172733">
    <ele>468.000000</ele>
    <time>2011-12-29T20:18:03.672Z</time>
    <src>GPSD tag="RMC"</src>
    <fix>3d</fix>
    <sat>7</sat>
    <hdop>1.1</hdop>
    <vdop>2.2</vdop>
    <pdop>2.5</pdop>
   </trkpt>
   <trkpt lat="-31.456285" lon="-64.172732">
    <ele>468.000000</ele>
    <time>2011-12-29T20:18:04.672Z</time>
    <src>GPSD tag="RMC"</src>
    <fix>3d</fix>
    <sat>7</sat>
    <hdop>1.1</hdop>
    <vdop>2.2</vdop>
    <pdop>2.5</pdop>
   </trkpt>
   <trkpt lat="-31.456287" lon="-64.172730">
    <ele>468.000000</ele>
    <time>2011-12-29T20:18:05.672Z</time>
    <src>GPSD tag="RMC"</src>
    <fix>3d</fix>
    <sat>7</sat>
    <hdop>1.1</hdop>
    <vdop>2.2</vdop>
    <pdop>2.5</pdop>
   </trkpt>
   <trkpt lat="-31.456287" lon="-64.172730">
    <ele>468.000000</ele>
    <time>2011-12-29T20:18:06.672Z</time>
    <src>GPSD tag="RMC"</src>
    <fix>3d</fix>
    <sat>7</sat>
    <hdop>1.1</hdop>
    <vdop>2.2</vdop>
    <pdop>2.5</pdop>
   </trkpt>
   <trkpt lat="-31.456287" lon="-64.172730">
    <ele>468.000000</ele>
    <time>2011-12-29T20:18:07.672Z</time>
    <src>GPSD tag="RMC"</src>
    <fix>3d</fix>
    <sat>7</sat>
    <hdop>1.1</hdop>
    <vdop>2.2</vdop>
    <pdop>2.5</pdop>
   </trkpt>
   <trkpt lat="-31.456287" lon="-64.172728">
    <ele>467.900000</ele>
    <time>2011-12-29T20:18:08.672Z</time>
    <src>GPSD tag="RMC"</src>
    <fix>3d</fix>
    <sat>7</sat>
    <hdop>1.1</hdop>
    <vdop>2.2</vdop>
    <pdop>2.5</pdop>
   </trkpt>
   <trkpt lat="-31.456287" lon="-64.172728">
    <ele>467.900000</ele>
    <time>2011-12-29T20:18:09.672Z</time>
    <src>GPSD tag="RMC"</src>
    <fix>3d</fix>
    <sat>7</sat>
    <hdop>1.1</hdop>
    <vdop>2.2</vdop>
    <pdop>2.5</pdop>
   </trkpt>
   <trkpt lat="-31.456287" lon="-64.172728">
    <ele>467.900000</ele>
    <time>2011-12-29T20:18:10.672Z</time>
    <src>GPSD tag="RMC"</src>
    <fix>3d</fix>
    <sat>7</sat>
    <hdop>1.1</hdop>
    <vdop>2.2</vdop>
    <pdop>2.5</pdop>
   </trkpt>
   <trkpt lat="-31.456287" lon="-64.172728">
    <ele>468.000000</ele>
    <time>2011-12-29T20:18:11.672Z</time>
    <src>GPSD tag="RMC"</src>
    <fix>3d</fix>
    <sat>7</sat>
    <hdop>1.1</hdop>
    <vdop>2.2</vdop>
    <pdop>2.5</pdop>
   </trkpt>
   <trkpt lat="-31.456287" lon="-64.172727">
    <ele>468.000000</ele>
    <time>2011-12-29T20:18:12.672Z</time>
    <src>GPSD tag="RMC"</src>
    <fix>3d</fix>
    <sat>7</sat>
    <hdop>1.1</hdop>
    <vdop>2.2</vdop>
    <pdop>2.5</pdop>
   </trkpt>
   <trkpt lat="-31.456287" lon="-64.172725">
    <ele>468.000000</ele>
    <time>2011-12-29T20:18:13.672Z</time>
    <src>GPSD tag="RMC"</src>
    <fix>3d</fix>
    <sat>7</sat>
    <hdop>1.1</hdop>
    <vdop>2.2</vdop>
    <pdop>2.5</pdop>
   </trkpt>
   <trkpt lat="-31.456287" lon="-64.172725">
    <ele>468.100000</ele>
    <time>2011-12-29T20:18:14.672Z</time>
    <src>GPSD tag="RMC"</src>
    <fix>3d</fix>
    <sat>7</sat>
    <hdop>1.1</hdop>
    <vdop>2.2</vdop>
    <pdop>2.5</pdop>
   </trkpt>
  </trkseg>
 </trk>
</gpx>
