<?xml version="1.0" encoding="utf-8"?>
<gpx version="1.1" creator="GPSD 3.4~dev - http://catb.org/gpsd"
        xmlns:xsi="http://www.w3.org/2001/XMLSchema-instance"
        xmlns="http://www.topografix.com/GPX/1/1"
        xsi:schemaLocation="http://www.topografix.com/GPX/1/1
        http://www.topografix.com/GPX/1/1/gpx.xsd">
 <metadata>
  <time>2011-12-29T20:18:20.000Z</time>
 </metadata>
 <trk>
  <src>GPSD 3.4~dev</src>
  <trkseg>
   <trkpt lat="-31.456283" lon="-64.172720">
    <ele>468.200000</ele>
    <time>2011-12-29T20:18:20.672Z</time>
    <src>GPSD tag="RMC"</src>
    <fix>3d</fix>
   </trkpt>
   <trkpt lat="-31.456283" lon="-64.172718">
    <ele>468.200000</ele>
    <time>2011-12-29T20:18:21.672Z</time>
    <src>GPSD tag="RMC"</src>
    <fix>3d</fix>
   </trkpt>
   <trkpt lat="-31.456282" lon="-64.172717">
    <ele>468.200000</ele>
    <time>2011-12-29T20:18:22.672Z</time>
    <src>GPSD tag="RMC"</src>
    <fix>3d</fix>
    <sat>7</sat>
    <hdop>1.1</hdop>
    <vdop>2.2</vdop>
    <pdop>2.5</pdop>
   </trkpt>
   <trkpt lat="-31.456282" lon="-64.172715">
    <ele>468.200000</ele>
    <time>2011-12-29T20:18:23.672Z</time>
    <src>GPSD tag="RMC"</src>
    <fix>3d</fix>
    <sat>7</sat>
    <hdop>1.1</hdop>
    <vdop>2.2</vdop>
    <pdop>2.5</pdop>
   </trkpt>
   <trkpt lat="-31.456282" lon="-64.172713">
    <ele>468.300000</ele>
    <time>2011-12-29T20:18:24.672Z</time>
    <src>GPSD tag="RMC"</src>
    <fix>3d</fix>
    <sat>7</sat>
    <hdop>1.1</hdop>
    <vdop>2.2</vdop>
    <pdop>2.5</pdop>
   </trkpt>
   <trkpt lat="-31.456282" lon="-64.172712">
    <ele>468.300000</ele>
    <time>2011-12-29T20:18:25.672Z</time>
    <src>GPSD tag="RMC"</src>
    <fix>3d</fix>
    <sat>7</sat>
    <hdop>1.1</hdop>
    <vdop>2.2</vdop>
    <pdop>2.5</pdop>
   </trkpt>
   <trkpt lat="-31.456282" lon="-64.172710">
    <ele>468.300000</ele>
    <time>2011-12-29T20:18:26.672Z</time>
    <src>GPSD tag="RMC"</src>
    <fix>3d</fix>
    <sat>7</sat>
    <hdop>1.1</hdop>
    <vdop>2.2</vdop>
    <pdop>2.5</pdop>
   </trkpt>
   <trkpt lat="-31.456282" lon="-64.172710">
    <ele>468.300000</ele>
    <time>2011-12-29T20:18:27.672Z</time>
    <src>GPSD tag="RMC"</src>
    <fix>3d</fix>
    <sat>7</sat>
    <hdop>1.1</hdop>
    <vdop>2.2</vdop>
    <pdop>2.5</pdop>
   </trkpt>
   <trkpt lat="-31.456282" lon="-64.172710">
    <ele>468.300000</ele>
    <time>2011-12-29T20:18:28.672Z</time>
    <src>GPSD tag="RMC"</src>
    <fix>3d</fix>
    <sat>7</sat>
    <hdop>1.1</hdop>
    <vdop>2.2</vdop>
    <pdop>2.5</pdop>
   </trkpt>
   <trkpt lat="-31.456282" lon="-64.172710">
    <ele>468.300000</ele>
    <time>2011-12-29T20:18:29.672Z</time>
    <src>GPSD tag="RMC"</src>
    <fix>3d</fix>
    <sat>7</sat>
    <hdop>1.1</hdop>
    <vdop>2.2</vdop>
    <pdop>2.5</pdop>
   </trkpt>
   <trkpt lat="-31.456282" lon="-64.172708">
    <ele>468.300000</ele>
    <time>2011-12-29T20:18:30.672Z</time>
    <src>GPSD tag="RMC"</src>
    <fix>3d</fix>
    <sat>7</sat>
    <hdop>1.1</hdop>
    <vdop>2.2</vdop>
    <pdop>2.5</pdop>
   </trkpt>
   <trkpt lat="-31.456282" lon="-64.172708">
    <ele>468.300000</ele>
    <time>2011-12-29T20:18:31.672Z</time>
    <src>GPSD tag="RMC"</src>
    <fix>3d</fix>
    <sat>7</sat>
    <hdop>1.1</hdop>
    <vdop>2.2</vdop>
    <pdop>2.5</pdop>
   </trkpt>
   <trkpt lat="-31.456280" lon="-64.172708">
    <ele>468.300000</ele>
    <time>2011-12-29T20:18:32.672Z</time>
    <src>GPSD tag="RMC"</src>
    <fix>3d</fix>
    <sat>7</sat>
    <hdop>1.1</hdop>
    <vdop>2.2</vdop>
    <pdop>2.5</pdop>
   </trkpt>
   <trkpt lat="-31.456280" lon="-64.172708">
    <ele>468.300000</ele>
    <time>2011-12-29T20:18:33.672Z</time>
    <src>GPSD tag="RMC"</src>
    <fix>3d</fix>
    <sat>7</sat>
    <hdop>1.1</hdop>
    <vdop>2.2</vdop>
    <pdop>2.5</pdop>
   </trkpt>
   <trkpt lat="-31.456282" lon="-64.172710">
    <ele>468.300000</ele>
    <time>2011-12-29T20:18:34.672Z</time>
    <src>GPSD tag="RMC"</src>
    <fix>3d</fix>
    <sat>7</sat>
    <hdop>1.1</hdop>
    <vdop>2.2</vdop>
    <pdop>2.5</pdop>
   </trkpt>
   <trkpt lat="-31.456280" lon="-64.172710">
    <ele>468.300000</ele>
    <time>2011-12-29T20:18:35.672Z</time>
    <src>GPSD tag="RMC"</src>
    <fix>3d</fix>
    <sat>7</sat>
    <hdop>1.1</hdop>
    <vdop>2.2</vdop>
    <pdop>2.5</pdop>
   </trkpt>
   <trkpt lat="-31.456280" lon="-64.172710">
    <ele>468.400000</ele>
    <time>2011-12-29T20:18:36.672Z</time>
    <src>GPSD tag="RMC"</src>
    <fix>3d</fix>
    <sat>7</sat>
    <hdop>1.1</hdop>
    <vdop>2.2</vdop>
    <pdop>2.5</pdop>
   </trkpt>
   <trkpt lat="-31.456280" lon="-64.172710">
    <ele>468.400000</ele>
    <time>2011-12-29T20:18:37.672Z</time>
    <src>GPSD tag="RMC"</src>
    <fix>3d</fix>
    <sat>7</sat>
    <hdop>1.1</hdop>
    <vdop>2.2</vdop>
    <pdop>2.5</pdop>
   </trkpt>
   <trkpt lat="-31.456280" lon="-64.172710">
    <ele>468.400000</ele>
    <time>2011-12-29T20:18:38.672Z</time>
    <src>GPSD tag="RMC"</src>
    <fix>3d</fix>
    <sat>7</sat>
    <hdop>1.1</hdop>
    <vdop>2.2</vdop>
    <pdop>2.5</pdop>
   </trkpt>
   <trkpt lat="-31.456278" lon="-64.172712">
    <ele>468.300000</ele>
    <time>2011-12-29T20:18:39.672Z</time>
    <src>GPSD tag="RMC"</src>
    <fix>3d</fix>
    <sat>7</sat>
    <hdop>1.1</hdop>
    <vdop>2.2</vdop>
    <pdop>2.5</pdop>
   </trkpt>
   <trkpt lat="-31.456278" lon="-64.172712">
    <ele>468.300000</ele>
    <time>2011-12-29T20:18:40.672Z</time>
    <src>GPSD tag="RMC"</src>
    <fix>3d</fix>
    <sat>7</sat>
    <hdop>1.1</hdop>
    <vdop>2.2</vdop>
    <pdop>2.5</pdop>
   </trkpt>
   <trkpt lat="-31.456277" lon="-64.172712">
    <ele>468.300000</ele>
    <time>2011-12-29T20:18:41.672Z</time>
    <src>GPSD tag="RMC"</src>
    <fix>3d</fix>
    <sat>7</sat>
    <hdop>1.1</hdop>
    <vdop>2.2</vdop>
    <pdop>2.5</pdop>
   </trkpt>
   <trkpt lat="-31.456277" lon="-64.172712">
    <ele>468.200000</ele>
    <time>2011-12-29T20:18:42.672Z</time>
    <src>GPSD tag="RMC"</src>
    <fix>3d</fix>
    <sat>7</sat>
    <hdop>1.1</hdop>
    <vdop>2.2</vdop>
    <pdop>2.5</pdop>
   </trkpt>
   <trkpt lat="-31.456275" lon="-64.172712">
    <ele>468.100000</ele>
    <time>2011-12-29T20:18:43.672Z</time>
    <src>GPSD tag="RMC"</src>
    <fix>3d</fix>
    <sat>7</sat>
    <hdop>1.1</hdop>
    <vdop>2.2</vdop>
    <pdop>2.5</pdop>
   </trkpt>
   <trkpt lat="-31.456273" lon="-64.172712">
    <ele>468.100000</ele>
    <time>2011-12-29T20:18:44.672Z</time>
    <src>GPSD tag="RMC"</src>
    <fix>3d</fix>
    <sat>7</sat>
    <hdop>1.1</hdop>
    <vdop>2.2</vdop>
    <pdop>2.5</pdop>
   </trkpt>
   <trkpt lat="-31.456272" lon="-64.172712">
    <ele>468.000000</ele>
    <time>2011-12-29T20:18:45.672Z</time>
    <src>GPSD tag="RMC"</src>
    <fix>3d</fix>
    <sat>7</sat>
    <hdop>1.1</hdop>
    <vdop>2.2</vdop>
    <pdop>2.5</pdop>
   </trkpt>
   <trkpt lat="-31.456270" lon="-64.172712">
    <ele>467.900000</ele>
    <time>2011-12-29T20:18:46.672Z</time>
    <src>GPSD tag="RMC"</src>
    <fix>3d</fix>
    <sat>7</sat>
    <hdop>1.1</hdop>
    <vdop>2.2</vdop>
    <pdop>2.5</pdop>
   </trkpt>
   <trkpt lat="-31.456270" lon="-64.172712">
    <ele>467.800000</ele>
    <time>2011-12-29T20:18:47.672Z</time>
    <src>GPSD tag="RMC"</src>
    <fix>3d</fix>
    <sat>7</sat>
    <hdop>1.1</hdop>
    <vdop>2.2</vdop>
    <pdop>2.5</pdop>
   </trkpt>
   <trkpt lat="-31.456268" lon="-64.172712">
    <ele>467.800000</ele>
    <time>2011-12-29T20:18:48.672Z</time>
    <src>GPSD tag="RMC"</src>
    <fix>3d</fix>
    <sat>7</sat>
    <hdop>1.1</hdop>
    <vdop>2.2</vdop>
    <pdop>2.5</pdop>
   </trkpt>
   <trkpt lat="-31.456268" lon="-64.172712">
    <ele>467.800000</ele>
    <time>2011-12-29T20:18:49.672Z</time>
    <src>GPSD tag="RMC"</src>
    <fix>3d</fix>
    <sat>7</sat>
    <hdop>1.1</hdop>
    <vdop>2.2</vdop>
    <pdop>2.5</pdop>
   </trkpt>
   <trkpt lat="-31.456267" lon="-64.172712">
    <ele>467.700000</ele>
    <time>2011-12-29T20:18:50.672Z</time>
    <src>GPSD tag="RMC"</src>
    <fix>3d</fix>
    <sat>7</sat>
    <hdop>1.1</hdop>
    <vdop>2.2</vdop>
    <pdop>2.5</pdop>
   </trkpt>
   <trkpt lat="-31.456267" lon="-64.172713">
    <ele>467.600000</ele>
    <time>2011-12-29T20:18:51.672Z</time>
    <src>GPSD tag="RMC"</src>
    <fix>3d</fix>
    <sat>7</sat>
    <hdop>1.1</hdop>
    <vdop>2.2</vdop>
    <pdop>2.5</pdop>
   </trkpt>
   <trkpt lat="-31.456265" lon="-64.172713">
    <ele>467.500000</ele>
    <time>2011-12-29T20:18:52.672Z</time>
    <src>GPSD tag="RMC"</src>
    <fix>3d</fix>
    <sat>7</sat>
    <hdop>1.1</hdop>
    <vdop>2.2</vdop>
    <pdop>2.5</pdop>
   </trkpt>
   <trkpt lat="-31.456263" lon="-64.172713">
    <ele>467.400000</ele>
    <time>2011-12-29T20:18:53.672Z</time>
    <src>GPSD tag="RMC"</src>
    <fix>3d</fix>
    <sat>7</sat>
    <hdop>1.1</hdop>
    <vdop>2.2</vdop>
    <pdop>2.5</pdop>
   </trkpt>
   <trkpt lat="-31.456262" lon="-64.172715">
    <ele>467.300000</ele>
    <time>2011-12-29T20:18:54.672Z</time>
    <src>GPSD tag="RMC"</src>
    <fix>3d</fix>
    <sat>7</sat>
    <hdop>1.1</hdop>
    <vdop>2.2</vdop>
    <pdop>2.5</pdop>
   </trkpt>
   <trkpt lat="-31.456262" lon="-64.172715">
    <ele>467.200000</ele>
    <time>2011-12-29T20:18:55.672Z</time>
    <src>GPSD tag="RMC"</src>
    <fix>3d</fix>
    <sat>7</sat>
    <hdop>1.1</hdop>
    <vdop>2.2</vdop>
    <pdop>2.5</pdop>
   </trkpt>
   <trkpt lat="-31.456262" lon="-64.172717">
    <ele>467.200000</ele>
    <time>2011-12-29T20:18:56.672Z</time>
    <src>GPSD tag="RMC"</src>
    <fix>3d</fix>
    <sat>7</sat>
    <hdop>1.1</hdop>
    <vdop>2.2</vdop>
    <pdop>2.5</pdop>
   </trkpt>
   <trkpt lat="-31.456262" lon="-64.172718">
    <ele>467.200000</ele>
    <time>2011-12-29T20:18:57.672Z</time>
    <src>GPSD tag="RMC"</src>
    <fix>3d</fix>
    <sat>7</sat>
    <hdop>1.1</hdop>
    <vdop>2.2</vdop>
    <pdop>2.5</pdop>
   </trkpt>
   <trkpt lat="-31.456260" lon="-64.172718">
    <ele>467.100000</ele>
    <time>2011-12-29T20:18:58.672Z</time>
    <src>GPSD tag="RMC"</src>
    <fix>3d</fix>
    <sat>7</sat>
    <hdop>1.1</hdop>
    <vdop>2.2</vdop>
    <pdop>2.5</pdop>
   </trkpt>
   <trkpt lat="-31.456260" lon="-64.172718">
    <ele>467.100000</ele>
    <time>2011-12-29T20:18:59.672Z</time>
    <src>GPSD tag="RMC"</src>
    <fix>3d</fix>
    <sat>7</sat>
    <hdop>1.1</hdop>
    <vdop>2.2</vdop>
    <pdop>2.5</pdop>
   </trkpt>
   <trkpt lat="-31.456260" lon="-64.172720">
    <ele>466.900000</ele>
    <time>2011-12-29T20:19:00.672Z</time>
    <src>GPSD tag="RMC"</src>
    <fix>3d</fix>
    <sat>7</sat>
    <hdop>1.1</hdop>
    <vdop>2.2</vdop>
    <pdop>2.5</pdop>
   </trkpt>
   <trkpt lat="-31.456260" lon="-64.172720">
    <ele>466.700000</ele>
    <time>2011-12-29T20:19:01.672Z</time>
    <src>GPSD tag="RMC"</src>
    <fix>3d</fix>
    <sat>7</sat>
    <hdop>1.1</hdop>
    <vdop>2.2</vdop>
    <pdop>2.5</pdop>
   </trkpt>
   <trkpt lat="-31.456258" lon="-64.172720">
    <ele>466.500000</ele>
    <time>2011-12-29T20:19:02.672Z</time>
    <src>GPSD tag="RMC"</src>
    <fix>3d</fix>
    <sat>7</sat>
    <hdop>1.1</hdop>
    <vdop>2.2</vdop>
    <pdop>2.5</pdop>
   </trkpt>
   <trkpt lat="-31.456258" lon="-64.172722">
    <ele>466.300000</ele>
    <time>2011-12-29T20:19:03.672Z</time>
    <src>GPSD tag="RMC"</src>
    <fix>3d</fix>
    <sat>7</sat>
    <hdop>1.1</hdop>
    <vdop>2.2</vdop>
    <pdop>2.5</pdop>
   </trkpt>
   <trkpt lat="-31.456258" lon="-64.172723">
    <ele>466.100000</ele>
    <time>2011-12-29T20:19:04.672Z</time>
    <src>GPSD tag="RMC"</src>
    <fix>3d</fix>
    <sat>7</sat>
    <hdop>1.1</hdop>
    <vdop>2.2</vdop>
    <pdop>2.5</pdop>
   </trkpt>
   <trkpt lat="-31.456257" lon="-64.172723">
    <ele>465.900000</ele>
    <time>2011-12-29T20:19:05.672Z</time>
    <src>GPSD tag="RMC"</src>
    <fix>3d</fix>
    <sat>7</sat>
    <hdop>1.1</hdop>
    <vdop>2.2</vdop>
    <pdop>2.5</pdop>
   </trkpt>
   <trkpt lat="-31.456257" lon="-64.172725">
    <ele>465.700000</ele>
    <time>2011-12-29T20:19:06.672Z</time>
    <src>GPSD tag="RMC"</src>
    <fix>3d</fix>
    <sat>7</sat>
    <hdop>1.1</hdop>
    <vdop>2.2</vdop>
    <pdop>2.5</pdop>
   </trkpt>
   <trkpt lat="-31.456255" lon="-64.172725">
    <ele>465.500000</ele>
    <time>2011-12-29T20:19:07.672Z</time>
    <src>GPSD tag="RMC"</src>
    <fix>3d</fix>
    <sat>7</sat>
    <hdop>1.1</hdop>
    <vdop>2.2</vdop>
    <pdop>2.5</pdop>
   </trkpt>
   <trkpt lat="-31.456255" lon="-64.172727">
    <ele>465.300000</ele>
    <time>2011-12-29T20:19:08.672Z</time>
    <src>GPSD tag="RMC"</src>
    <fix>3d</fix>
    <sat>7</sat>
    <hdop>1.1</hdop>
    <vdop>2.2</vdop>
    <pdop>2.5</pdop>
   </trkpt>
   <trkpt lat="-31.456253" lon="-64.172728">
    <ele>465.100000</ele>
    <time>2011-12-29T20:19:09.672Z</time>
    <src>GPSD tag="RMC"</src>
    <fix>3d</fix>
    <sat>7</sat>
    <hdop>1.1</hdop>
    <vdop>2.2</vdop>
    <pdop>2.5</pdop>
   </trkpt>
   <trkpt lat="-31.456253" lon="-64.172728">
    <ele>465.000000</ele>
    <time>2011-12-29T20:19:10.672Z</time>
    <src>GPSD tag="RMC"</src>
    <fix>3d</fix>
    <sat>7</sat>
    <hdop>1.1</hdop>
    <vdop>2.2</vdop>
    <pdop>2.5</pdop>
   </trkpt>
   <trkpt lat="-31.456253" lon="-64.172730">
    <ele>464.900000</ele>
    <time>2011-12-29T20:19:11.672Z</time>
    <src>GPSD tag="RMC"</src>
    <fix>3d</fix>
    <sat>7</sat>
    <hdop>1.1</hdop>
    <vdop>2.2</vdop>
    <pdop>2.5</pdop>
   </trkpt>
   <trkpt lat="-31.456253" lon="-64.172730">
    <ele>464.800000</ele>
    <time>2011-12-29T20:19:12.672Z</time>
    <src>GPSD tag="RMC"</src>
    <fix>3d</fix>
    <sat>7</sat>
    <hdop>1.1</hdop>
    <vdop>2.2</vdop>
    <pdop>2.5</pdop>
   </trkpt>
   <trkpt lat="-31.456253" lon="-64.172732">
    <ele>464.700000</ele>
    <time>2011-12-29T20:19:13.672Z</time>
    <src>GPSD tag="RMC"</src>
    <fix>3d</fix>
    <sat>7</sat>
    <hdop>1.1</hdop>
    <vdop>2.2</vdop>
    <pdop>2.5</pdop>
   </trkpt>
   <trkpt lat="-31.456255" lon="-64.172732">
    <ele>464.500000</ele>
    <time>2011-12-29T20:19:14.672Z</time>
    <src>GPSD tag="RMC"</src>
    <fix>3d</fix>
    <sat>7</sat>
    <hdop>1.1</hdop>
    <vdop>2.2</vdop>
    <pdop>2.5</pdop>
   </trkpt>
   <trkpt lat="-31.456255" lon="-64.172732">
    <ele>464.500000</ele>
    <time>2011-12-29T20:19:15.672Z</time>
    <src>GPSD tag="RMC"</src>
    <fix>3d</fix>
    <sat>7</sat>
    <hdop>1.1</hdop>
    <vdop>2.2</vdop>
    <pdop>2.5</pdop>
   </trkpt>
   <trkpt lat="-31.456257" lon="-64.172732">
    <ele>464.400000</ele>
    <time>2011-12-29T20:19:16.672Z</time>
    <src>GPSD tag="RMC"</src>
    <fix>3d</fix>
    <sat>7</sat>
    <hdop>1.1</hdop>
    <vdop>2.2</vdop>
    <pdop>2.5</pdop>
   </trkpt>
   <trkpt lat="-31.456258" lon="-64.172732">
    <ele>464.400000</ele>
    <time>2011-12-29T20:19:17.672Z</time>
    <src>GPSD tag="RMC"</src>
    <fix>3d</fix>
    <sat>7</sat>
    <hdop>1.1</hdop>
    <vdop>2.2</vdop>
    <pdop>2.5</pdop>
   </trkpt>
   <trkpt lat="-31.456260" lon="-64.172732">
    <ele>464.400000</ele>
    <time>2011-12-29T20:19:18.672Z</time>
    <src>GPSD tag="RMC"</src>
    <fix>3d</fix>
    <sat>7</sat>
    <hdop>1.1</hdop>
    <vdop>2.2</vdop>
    <pdop>2.5</pdop>
   </trkpt>
   <trkpt lat="-31.456262" lon="-64.172732">
    <ele>464.300000</ele>
    <time>2011-12-29T20:19:19.672Z</time>
    <src>GPSD tag="RMC"</src>
    <fix>3d</fix>
    <sat>7</sat>
    <hdop>1.1</hdop>
    <vdop>2.2</vdop>
    <pdop>2.5</pdop>
   </trkpt>
   <trkpt lat="-31.456262" lon="-64.172732">
    <ele>464.200000</ele>
    <time>2011-12-29T20:19:20.672Z</time>
    <src>GPSD tag="RMC"</src>
    <fix>3d</fix>
    <sat>7</sat>
    <hdop>1.1</hdop>
    <vdop>2.2</vdop>
    <pdop>2.5</pdop>
   </trkpt>
   <trkpt lat="-31.456263" lon="-64.172730">
    <ele>464.100000</ele>
    <time>2011-12-29T20:19:21.672Z</time>
    <src>GPSD tag="RMC"</src>
    <fix>3d</fix>
    <sat>7</sat>
    <hdop>1.1</hdop>
    <vdop>2.2</vdop>
    <pdop>2.5</pdop>
   </trkpt>
   <trkpt lat="-31.456265" lon="-64.172732">
    <ele>464.100000</ele>
    <time>2011-12-29T20:19:22.672Z</time>
    <src>GPSD tag="RMC"</src>
    <fix>3d</fix>
    <sat>7</sat>
    <hdop>1.1</hdop>
    <vdop>2.2</vdop>
    <pdop>2.5</pdop>
   </trkpt>
   <trkpt lat="-31.456267" lon="-64.172732">
    <ele>464.100000</ele>
    <time>2011-12-29T20:19:23.672Z</time>
    <src>GPSD tag="RMC"</src>
    <fix>3d</fix>
    <sat>7</sat>
    <hdop>1.1</hdop>
    <vdop>2.2</vdop>
    <pdop>2.5</pdop>
   </trkpt>
   <trkpt lat="-31.456268" lon="-64.172732">
    <ele>464.100000</ele>
    <time>2011-12-29T20:19:24.672Z</time>
    <src>GPSD tag="RMC"</src>
    <fix>3d</fix>
    <sat>7</sat>
    <hdop>1.1</hdop>
    <vdop>2.2</vdop>
    <pdop>2.5</pdop>
   </trkpt>
   <trkpt lat="-31.456268" lon="-64.172732">
    <ele>464.200000</ele>
    <time>2011-12-29T20:19:25.672Z</time>
    <src>GPSD tag="RMC"</src>
    <fix>3d</fix>
    <sat>7</sat>
    <hdop>1.1</hdop>
    <vdop>2.2</vdop>
    <pdop>2.5</pdop>
   </trkpt>
   <trkpt lat="-31.456270" lon="-64.172730">
    <ele>464.200000</ele>
    <time>2011-12-29T20:19:26.672Z</time>
    <src>GPSD tag="RMC"</src>
    <fix>3d</fix>
    <sat>7</sat>
    <hdop>1.1</hdop>
    <vdop>2.2</vdop>
    <pdop>2.5</pdop>
   </trkpt>
   <trkpt lat="-31.456272" lon="-64.172730">
    <ele>464.300000</ele>
    <time>2011-12-29T20:19:27.672Z</time>
    <src>GPSD tag="RMC"</src>
    <fix>3d</fix>
    <sat>7</sat>
    <hdop>1.1</hdop>
    <vdop>2.2</vdop>
    <pdop>2.5</pdop>
   </trkpt>
  </trkseg>
 </trk>
</gpx>
